Loading required package: methods

Attaching package: 'igraph'

The following objects are masked from 'package:stats':

    decompose, spectrum

The following object is masked from 'package:base':

    union


Attaching package: 'dplyr'

The following objects are masked from 'package:igraph':

    %>%, as_data_frame, groups, union

The following objects are masked from 'package:stats':

    filter, lag

The following objects are masked from 'package:base':

    intersect, setdiff, setequal, union

R version 3.2.2 (2015-08-14)
Platform: x86_64-pc-linux-gnu (64-bit)
Running under: CentOS release 6.3 (Final)

locale:
[1] C

attached base packages:
[1] parallel  methods   stats     graphics  grDevices utils     datasets 
[8] base     

other attached packages:
[1] lazyeval_0.1.10 dplyr_0.4.3     igraph_1.0.1   

loaded via a namespace (and not attached):
[1] R6_2.1.2       assertthat_0.1 magrittr_1.5   tools_3.2.2    DBI_0.4-1     
[6] Rcpp_0.12.0   
[1] "is_run_locally =  FALSE"
[1] "proportion_of_original_network_size_gi_network = 0.3"
Source: local data frame [1 x 1]

Source: local data frame [1 x 1]

  count
  (int)
1 20767
Source: local data frame [1 x 1]

ource: local data frame [1 x 1]
Source: local data frame [1 x 1]

  count
  (int)
1 21063
Source: local data frame [1 x 1]

  count
  (int)
1 20902
Source: local data frame [1 x 1]

  count
  (int)
1 20989
  count
  (int)
1 20713
 [1 x 1]

Source: local data frame [1 x 1]

  count
  (int)
1 21178
  count
  (int)
1 20830
Source: local data frame [1 x 1]

  count
  (int)
1 21061
Source: local data frame [1 x 1]

Source: local data frame [1 x 1]

S count
  (int)
1 20690
 [1 x 1]

  count
  (int)
1 20627
Source: local data frame [1 x 1]

Source: local data frame [1 x 1]

  count
  (int)
1 21201
  count
  (int)
1 21264
  count
  (int)
1 20792
Source: local data frame [1 x 1]

  count
  (int)
1 20800
  count
  (int)
1 21099
Source: local data frame [1 x 1]

  count
  (int)
1 21091
Source: local data frame [1 x 1]

Source: local data frame [1 x 1]

  count
  (int)
1 20792
 [1 x 1]

  count
  (int)
1 20683
Source: local data frame [1 x 1]

S count
  (int)
1 20711
Source: local data frame [1 x 1]

Source: local data frame  count
 
  count
  (int)
1 21180
Source: local data frame [1 x 1]

  count
  (int)
1 20638
Source: local data frame [1 x 1]

  count
  (int)
1 21253
Source: local data frame [1 x 1]

[1] "rewire_genetic_interactions_network = 41882"
[1] "rewire_genetic_interactions_network = 41884"
  count
  (int)
1 20731
Source: local data frame [1 x 1]

  count
  (int)
1 21160
[1] "rewire_genetic_interactions_network = 41885"
[1] "rewire_genetic_interactions_network = 41884"
[1] "rewire_genetic_interactions_network = 41884"
[1] "rewire_genetic_interactions_network = 41886"
[1] "rewire_genetic_interactions_network = 41885"
[1] "rewire_genetic_interactions_network = 41886"
[1] "rewire_genetic_interactions_network = 41890"
[1] "rewire_genetic_interactions_network = 41885"
[1] "rewire_genetic_interactions_network = 41878"
[1] "rewire_genetic_interactions_network = 41885"
[1] "rewire_genetic_interactions_network = 41884"
[1] "rewire_graph: num_iterations = 41882"
[1] "rewire_graph: Mode degree distribution"
[1] "rewire_graph: num_iterations = 41884"
[1] "rewire_graph: Mode degree distribution"
[1] "rewire_graph: num_iterations = 41880"
[1] "rewire_graph: Mode degree distribution"
[1] "rewire_graph: num_iterations = 41884"
[1] "rewire_graph: Mode degree distribution"
[1] "rewire_graph: num_iterations = 41885"
[1] "rewire_graph: Mode degree distribution"
[1] "rewire_graph: num_iterations = 41884"
[1] "rewire_graph: Mode degree distribution"
[1] "rewire_graph: num_iterations = 41885"
[1] "rewire_graph: Mode degree distribution"
[1] "rewire_graph: num_iterations = 41883"
[1] "rewire_graph: Mode degree distribution"
[1] "rewire_graph: num_iterations = 41886"
[1] "rewire_graph: Mode degree distribution"
[1] "rewire_graph: num_iterations = 41885"
[1] "rewire_graph: Mode degree distribution"
[1] "rewire_genetic_interactions_network = [1] "rewire_graph: Mode degree distribution"
[1] "rewire_graph: num_iterations = 41878"
[1] "rewire_graph: Mode degree distribution"
[1] "rewire_graph: num_iterations = 41885"
[1] "rewire_graph: Mode degree distribution"
[1] "rewire_graph: num_iterations = 41884"
[1] "rewire_graph: Mode degree distribution"
[1] "rewire_graph: num_iterations = 41890"
[1] "rewire_graph: Mode degree distribution"
[1] "rewired_kinase_network = 2259"
[1] "rewire_graph: num_iterations = 2259"
[1] "rewire_graph: Mode degree distribution"
[1] "rewired_ppi_network = 13301"
[1] "rewire_graph: num_iterations = 13292"
[1] "rewire_graph: Mode degree distribution"
[1] "rewired_kinase_network = 2259"
[1] "rewire_graph: num_iterations = 2259"
[1] "rewire_graph: Mode degree distribution"
[1] "rewired_ppi_network = 13301"
[1] "rewire_graph: num_iterations = 13292"
[1] "rewire_graph: Mode degree distribution"
[1] "rewired_kinase_network = 2259"
[1] "rewired_kinase_network = 2259"
[1] "rewire_graph: num_iterations = 2259"
[1] "rewire_graph: Mode degree distribution"
[1] "rewire_graph: num_iterations = 2259"
[1] "rewire_graph: Mode degree distribution"
[1] "rewired_kinase_network = 2259"
[1] "rewired_kinase_network = 2259"
[1] "rewire_graph: num_iterations = 2259"
[1] "rewire_graph: Mode degree distribution"
[1] "rewire_graph: num_iterations = 2259"
[1] "rewire_graph: Mode degree distribution"
[1] "rewired_ppi_network = 13301"
[1] "rewired_ppi_network = 13301"
[1] "rewire_graph: num_iterations = 13292"
[1] "rewire_graph: Mode degree distribution"
[1] "rewired_kinase_network = 2259"
[1] "rewire_graph: num_iterations = 13292"
[1] "rewire_graph: Mode degree distribution"
[1] "rewired_kinase_network = 2259"
[1] "rewire_graph: num_iterations = 2259"
[1] "rewire_graph: Mode degree distribution"
[1] "rewire_graph: num_iterations = 2259"
[1] "rewire_graph: Mode degree distribution"
[1] "rewired_ppi_network = 13301"
[1] "rewired_ppi_network = 13301"
[1] "rewire_graph: num_iterations = 13292"
[1] "rewire_graph: Mode degree distribution"
[1] "rewire_graph: num_iterations = 13292"
[1] "rewire_graph: Mode degree distribution"
[1] "rewired_ppi_network = 13301"
[1] "rewired_ppi_network = 13301"
[1] "rewired_kinase_network = 2259"
[1] "rewire_graph: num_iterations = 13292"
[1] "rewire_graph: Mode degree distribution"
[1] "rewire_graph: num_iterations = 13292"
[1] "rewire_graph: Mode degree distribution"
[1] "rewire_graph: num_iterations = 2259"
[1] "rewire_graph: Mode degree distribution"
[1] "rewired_kinase_network = 2259"
[1] "rewire_graph: num_iterations = 2259"
[1] "rewire_graph: Mode degree distribution"
[1] "rewired_ppi_network = 13301"
[1] "rewire_graph: num_iterations = 13292"
[1] "rewire_graph: Mode degree distribution"
[1] "rewired_kinase_network = 2259"
[1] "rewire_graph: num_iterations = 2259"
[1] "rewire_graph: Mode degree distribution"
[1] "rewired_ppi_network = 13301"
[1] "rewire_graph: num_iterations = 13292"
[1] "rewire_graph: Mode degree distribution"
[1] "rewired_kinase_network = 2259"
[1] "rewire_graph: num_iterations = 2259"
[1] "rewire_graph: Mode degree distribution"
[1] "rewired_ppi_network = 13301"
[1] "rewire_graph: num_iterations = 13292"
[1] "rewire_graph: Mode degree distribution"
[1] "rewired_kinase_network = 2259"
[1] "rewire_graph: num_iterations = 2259"
[1] "rewire_graph: Mode degree distribution"
[1] "rewired_ppi_network = 13301"
[1] "rewired_kinase_network = 2259"
[1] "rewire_graph: num_iterations = 13292"
[1] "rewire_graph: Mode degree distribution"
[1] "rewire_graph: num_iterations = 2259"
[1] "rewire_graph: Mode degree distribution"
[1] "rewired_ppi_network = 13301"
[1] "rewire_graph: num_iterations = 13292"
[1] "rewire_graph: Mode degree distribution"
[1] "rewired_ppi_network = 13301"
[1] "rewire_graph: num_iterations = 13292"
[1] "rewire_graph: Mode degree distribution"
[1] "rewired_kinase_network = 2259"
[1] "rewire_graph: num_iterations = 2259"
[1] "rewire_graph: Mode degree distribution"
[1] "rewired_kinase_network = 2259"
[1] "rewire_graph: num_iterations = 2259"
[1] "rewire_graph: Mode degree distribution"
[1] "rewired_ppi_network = 13301"
[1] "rewire_graph: num_iterations = 13292"
[1] "rewire_graph: Mode degree distribution"
[1] "rewired_ppi_network = 13301"
[1] "rewire_graph: num_iterations = 13292"
[1] "rewire_graph: Mode degree distribution"
[1] "rewired_tf_network = 6117"
[1] "rewire_graph: num_iterations = 6117"
[1] "rewire_graph: Mode degree distribution"
[1] "rewired_tf_network = 6117"
[1] "rewire_graph: num_iterations = 6117"
[1] "rewire_graph: Mode degree distribution"
[1] "rewired_tf_network = 6117"
[1] "rewire_graph: num_iterations = 6117"
[1] "rewire_graph: Mode degree distribution"
[1] "rewired_tf_network = 6117"
[1] "rewire_graph: num_iterations = 6117"
[1] "rewire_graph: Mode degree distribution"
[1] "rewired_tf_network = 6117"
[1] "rewire_graph: num_iterations = 6117"
[1] "rewire_graph: Mode degree distribution"
[1] "rewired_tf_network = 6117"
[1] "rewire_graph: num_iterations = 6117"
[1] "rewire_graph: Mode degree distribution"
[1] "rewired_tf_network = 6117"
[1] "rewired_tf_network = 6117"
[1] "rewired_tf_network = 6117"
[1] "rewire_graph: num_iterations = 6117"
[1] "rewire_graph: Mode degree distribution"
[1] "rewire_graph: num_iterations = 6117"
[1] "rewire_graph: Mode degree distribution"
[1] "rewire_graph: num_iterations = 6117"
[1] "rewire_graph: Mode degree distribution"
[1] "rewired_tf_network = 6117"
[1] "rewire_graph: num_iterations = 6117"
[1] "rewire_graph: Mode degree distribution"
[1] "rewired_tf_network = 6117"
[1] "rewire_graph: num_iterations = 6117"
[1] "rewire_graph: Mode degree distribution"
[1] "rewired_tf_network = 6117"
[1] "rewire_graph: num_iterations = 6117"
[1] "rewire_graph: Mode degree distribution"
[1] "rewired_tf_network = 6117"
[1] "rewire_graph: num_iterations = 6117"
[1] "rewire_graph: Mode degree distribution"
[1] "rewired_tf_network = 6117"
[1] "rewire_graph: num_iterations = 6117"
[1] "rewire_graph: Mode degree distribution"
[1] "rewired_tf_network = 6117"
[1] "rewire_graph: num_iterations = 6117"
[1] "rewire_graph: Mode degree distribution"
Source: local data frame [1 x 1]

  count
  (int)
1 20685
Source: local data frame [1 x 1]

  count
  (int)
1 21206
[1] "rewire_genetic_interactions_network = 41886"
[1] "rewired_tf_network = 6117"
[1] "rewire_graph: num_iterations = 41886"
[1] "rewire_graph: Mode degree distribution"
[1] "rewire_graph: num_iterations = 6117"
[1] "rewire_graph: Mode degree distribution"
Source: local data frame [1 x 1]

  count
  (int)
1 20854
Source: local data frame [1 x 1]

  count
  (int)
1 21037
[1] "rewire_genetic_interactions_network = 41889"
[1] "rewire_graph: num_iterations = 41889"
[1] "rewire_graph: Mode degree distribution"
Source: local data frame [1 x 1]

  count
  (int)
1 20651
Source: local data frame [1 x 1]

  count
  (int)
1 21240
[1] "rewire_genetic_interactions_network = 41886"
[1] "rewire_graph: num_iterations = 41886"
[1] "rewire_graph: Mode degree distribution"
Source: local data frame [1 x 1]

  count
  (int)
1 20848
Source: local data frame [1 x 1]

  count
  (int)
1 21043
[1] "rewire_genetic_interactions_network = 41883"
[1] "rewire_graph: num_iterations = 41883"
[1] "rewire_graph: Mode degree distribution"
Source: local data frame [1 x 1]

  count
  (int)
1 20963
Source: local data frame [1 x 1]

  count
  (int)
1 20928
[1] "rewire_genetic_interactions_network = 41886"
[1] "rewire_graph: num_iterations = 41886"
[1] "rewire_graph: Mode degree distribution"
Source: local data frame [1 x 1]

  count
  (int)
1 20800
Source: local data frame [1 x 1]

  count
  (int)
1 21091
[1] "rewire_genetic_interactions_network = 41885"
[1] "rewire_graph: num_iterations = 41885"
[1] "rewire_graph: Mode degree distribution"
Source: local data frame [1 x 1]

  count
  (int)
1 20917
Source: local data frame [1 x 1]

  count
  (int)
1 20974
Source: local data frame [1 x 1]

  count
  (int)
1 20670
Source: local data frame [1 x 1]

  count
  (int)
1 21221
[1] "rewire_genetic_interactions_network = 41886"
Source: local data frame [1 x 1]

  count
  (int)
1 20776
Source: local data frame [1 x 1]

  count
  (int)
1 21115
[1] "rewire_genetic_interactions_network = 41889"
[1] "rewire_graph: num_iterations = 41886"
[1] "rewire_graph: Mode degree distribution"
[1] "rewire_graph: num_iterations = 41889"
[1] "rewire_graph: Mode degree distribution"
[1] "rewire_genetic_interactions_network = 41881"
[1] "rewire_graph: num_iterations = 41881"
[1] "rewire_graph: Mode degree distribution"
Source: local data frame [1 x 1]

  count
  (int)
1 20867
Source: local data frame [1 x 1]

  count
  (int)
1 21024
Source: local data frame [1 x 1]

[1] "rewire_genetic_interactions_network = 41884"
  count
  (int)
1 20616
Source: local data frame [1 x 1]

  count
  (int)
1 21275
[1] "rewire_graph: num_iterations = 41884"
[1] "rewire_graph: Mode degree distribution"
[1] "rewire_genetic_interactions_network = 41889"
[1] "rewire_graph: num_iterations = 41889"
[1] "rewire_graph: Mode degree distribution"
Source: local data frame [1 x 1]

  count
  (int)
1 20762
Source: local data frame [1 x 1]

  count
  (int)
1 21129
[1] "rewire_genetic_interactions_network = 41886"
[1] "rewire_graph: num_iterations = 41886"
[1] "rewire_graph: Mode degree distribution"
Source: local data frame [1 x 1]

  count
  (int)
1 20795
Source: local data frame [1 x 1]

  count
  (int)
1 21096
[1] "rewire_genetic_interactions_network = 41888"
[1] "rewire_graph: num_iterations = 41888"
[1] "rewire_graph: Mode degree distribution"
Source: local data frame [1 x 1]

  count
  (int)
1 20819
Source: local data frame [1 x 1]

  count
  (int)
1 21072
[1] "rewire_genetic_interactions_network = 41885"
[1] "rewire_graph: num_iterations = 41885"
[1] "rewire_graph: Mode degree distribution"
Source: local data frame [1 x 1]

  count
  (int)
1 20729
Source: local data frame [1 x 1]

  count
  (int)
1 21162
[1] "rewire_genetic_interactions_network = 41886"
[1] "rewire_graph: num_iterations = 41886"
[1] "rewire_graph: Mode degree distribution"
Source: local data frame [1 x 1]

  count
  (int)
1 21045
Source: local data frame [1 x 1]

  count
  (int)
1 20846
[1] "rewire_genetic_interactions_network = 41887"
[1] "rewire_graph: num_iterations = 41887"
[1] "rewire_graph: Mode degree distribution"
[1] "rewired_kinase_network = 2259"
[1] "rewire_graph: num_iterations = 2259"
[1] "rewire_graph: Mode degree distribution"
[1] "rewired_ppi_network = 13301"
[1] "rewire_graph: num_iterations = 13292"
[1] "rewire_graph: Mode degree distribution"
[1] "rewired_kinase_network = 2259"
[1] "rewire_graph: num_iterations = 2259"
[1] "rewire_graph: Mode degree distribution"
[1] "rewired_ppi_network = 13301"
[1] "rewire_graph: num_iterations = 13292"
[1] "rewire_graph: Mode degree distribution"
[1] "rewired_kinase_network = 2259"
[1] "rewire_graph: num_iterations = 2259"
[1] "rewire_graph: Mode degree distribution"
[1] "rewired_ppi_network = 13301"
[1] "rewire_graph: num_iterations = 13292"
[1] "rewire_graph: Mode degree distribution"
[1] "rewired_kinase_network = 2259"
[1] "rewire_graph: num_iterations = 2259"
[1] "rewire_graph: Mode degree distribution"
[1] "rewired_ppi_network = 13301"
[1] "rewire_graph: num_iterations = 13292"
[1] "rewire_graph: Mode degree distribution"
[1] "rewired_kinase_network = 2259"
[1] "rewire_graph: num_iterations = 2259"
[1] "rewire_graph: Mode degree distribution"
[1] "rewired_ppi_network = 13301"
[1] "rewire_graph: num_iterations = 13292"
[1] "rewire_graph: Mode degree distribution"
[1] "rewired_kinase_network = 2259"
[1] "rewire_graph: num_iterations = 2259"
[1] "rewire_graph: Mode degree distribution"
[1] "rewired_kinase_network = 2259"
[1] "rewire_graph: num_iterations = 2259"
[1] "rewire_graph: Mode degree distribution"
[1] "rewired_kinase_network = 2259"
[1] "rewire_graph: num_iterations = 2259"
[1] "rewire_graph: Mode degree distribution"
[1] "rewired_ppi_network = 13301"
[1] "rewire_graph: num_iterations = 13292"
[1] "rewire_graph: Mode degree distribution"
[1] "rewired_ppi_network = 13301"
[1] "rewire_graph: num_iterations = 13292"
[1] "rewire_graph: Mode degree distribution"
[1] "rewired_ppi_network = 13301"
[1] "rewire_graph: num_iterations = 13292"
[1] "rewire_graph: Mode degree distribution"
[1] "rewired_kinase_network = 2259"
[1] "rewire_graph: num_iterations = 2259"
[1] "rewire_graph: Mode degree distribution"
[1] "rewired_kinase_network = 2259"
[1] "rewire_graph: num_iterations = 2259"
[1] "rewire_graph: Mode degree distribution"
[1] "rewired_ppi_network = 13301"
[1] "rewire_graph: num_iterations = 13292"
[1] "rewire_graph: Mode degree distribution"
[1] "rewired_kinase_network = 2259"
[1] "rewire_graph: num_iterations = 2259"
[1] "rewire_graph: Mode degree distribution"
[1] "rewired_ppi_network = 13301"
[1] "rewire_graph: num_iterations = 13292"
[1] "rewire_graph: Mode degree distribution"
[1] "rewired_ppi_network = 13301"
[1] "rewire_graph: num_iterations = 13292"
[1] "rewire_graph: Mode degree distribution"
[1] "rewired_kinase_network = 2259"
[1] "rewired_kinase_network = 2259"
[1] "rewire_graph: num_iterations = 2259"
[1] "rewire_graph: Mode degree distribution"
[1] "rewire_graph: num_iterations = 2259"
[1] "rewire_graph: Mode degree distribution"
[1] "rewired_ppi_network = 13301"
[1] "rewired_ppi_network = 13301"
[1] "rewire_graph: num_iterations = 13292"
[1] "rewire_graph: Mode degree distribution"
[1] "rewire_graph: num_iterations = 13292"
[1] "rewire_graph: Mode degree distribution"
[1] "rewired_kinase_network = 2259"
[1] "rewire_graph: num_iterations = 2259"
[1] "rewire_graph: Mode degree distribution"
[1] "rewired_kinase_network = 2259"
[1] "rewire_graph: num_iterations = 2259"
[1] "rewire_graph: Mode degree distribution"
[1] "rewired_ppi_network = 13301"
[1] "rewire_graph: num_iterations = 13292"
[1] "rewire_graph: Mode degree distribution"
[1] "rewired_ppi_network = 13301"
[1] "rewire_graph: num_iterations = 13292"
[1] "rewire_graph: Mode degree distribution"
[1] "rewired_kinase_network = 2259"
[1] "rewire_graph: num_iterations = 2259"
[1] "rewire_graph: Mode degree distribution"
[1] "rewired_ppi_network = 13301"
[1] "rewire_graph: num_iterations = 13292"
[1] "rewire_graph: Mode degree distribution"
[1] "rewired_tf_network = 6117"
[1] "rewire_graph: num_iterations = 6117"
[1] "rewire_graph: Mode degree distribution"
[1] "rewired_tf_network = 6117"
[1] "rewire_graph: num_iterations = 6117"
[1] "rewire_graph: Mode degree distribution"
[1] "rewired_tf_network = 6117"
[1] "rewire_graph: num_iterations = 6117"
[1] "rewire_graph: Mode degree distribution"
Source: local data frame [1 x 1]

  count
  (int)
1 20852
Source: local data frame [1 x 1]

  count
  (int)
1 21039
[1] "rewire_genetic_interactions_network = 41884"
[1] "rewire_graph: num_iterations = 41884"
[1] "rewire_graph: Mode degree distribution"
[1] "rewired_tf_network = 6117"
[1] "rewire_graph: num_iterations = 6117"
[1] "rewire_graph: Mode degree distribution"
Source: local data frame [1 x 1]

  count
  (int)
1 20736
Source: local data frame [1 x 1]

  count
  (int)
1 21155
[1] "rewire_genetic_interactions_network = 41882"
[1] "rewire_graph: num_iterations = 41882"
[1] "rewire_graph: Mode degree distribution"
[1] "rewired_tf_network = 6117"
[1] "rewire_graph: num_iterations = 6117"
[1] "rewire_graph: Mode degree distribution"
Source: local data frame [1 x 1]

  count
  (int)
1 20761
Source: local data frame [1 x 1]

  count
  (int)
1 21130
[1] "rewire_genetic_interactions_network = 41886"
[1] "rewire_graph: num_iterations = 41886"
[1] "rewire_graph: Mode degree distribution"
[1] "rewired_tf_network = 6117"
[1] "rewire_graph: num_iterations = 6117"
[1] "rewire_graph: Mode degree distribution"
[1] "rewired_tf_network = 6117"
[1] "rewire_graph: num_iterations = 6117"
[1] "rewire_graph: Mode degree distribution"
[1] "rewired_tf_network = 6117"
[1] "rewire_graph: num_iterations = 6117"
[1] "rewire_graph: Mode degree distribution"
[1] "rewired_tf_network = 6117"
[1] "rewire_graph: num_iterations = 6117"
[1] "rewire_graph: Mode degree distribution"
[1] "rewired_tf_network = 6117"
[1] "rewire_graph: num_iterations = 6117"
[1] "rewire_graph: Mode degree distribution"
[1] "rewired_tf_network = 6117"
[1] "rewire_graph: num_iterations = 6117"
[1] "rewire_graph: Mode degree distribution"
[1] "rewired_tf_network = 6117"
[1] "rewire_graph: num_iterations = 6117"
[1] "rewire_graph: Mode degree distribution"
[1] "rewired_tf_network = 6117"
[1] "rewire_graph: num_iterations = 6117"
[1] "rewire_graph: Mode degree distribution"
Source: local data frame [1 x 1]

  count
  (int)
1 20830
Source: local data frame [1 x 1]

  count
  (int)
1 21061
[1] "rewire_genetic_interactions_network = 41885"
[1] "rewire_graph: num_iterations = 41885"
[1] "rewire_graph: Mode degree distribution"
[1] "rewired_tf_network = 6117"
[1] "rewire_graph: num_iterations = 6117"
[1] "rewire_graph: Mode degree distribution"
[1] "rewired_tf_network = 6117"
[1] "rewire_graph: num_iterations = 6117"
[1] "rewire_graph: Mode degree distribution"
Source: local data frame [1 x 1]

  count
  (int)
1 20660
Source: local data frame [1 x 1]

  count
  (int)
1 21231
[1] "rewire_genetic_interactions_network = 41887"
[1] "rewire_graph: num_iterations = 41887"
[1] "rewire_graph: Mode degree distribution"
Source: local data frame [1 x 1]

  count
  (int)
1 20689
Source: local data frame [1 x 1]

  count
  (int)
1 21202
Source: local data frame [1 x 1]

  count
  (int)
1 20832
Source: local data frame [1 x 1]

  count
  (int)
1 21059
[1] "rewire_genetic_interactions_network = 41886"
Source: local data frame [1 x 1]

  count
  (int)
1 20853
Source: local data frame [1 x 1]

  count
  (int)
1 21038
[1] "rewire_genetic_interactions_network = 41883"
[1] "rewire_graph: num_iterations = 41886"
[1] "rewire_graph: Mode degree distribution"
[1] "rewire_graph: num_iterations = 41883"
[1] "rewire_graph: Mode degree distribution"
[1] "rewire_genetic_interactions_network = 41886"
[1] "rewire_graph: num_iterations = 41886"
[1] "rewire_graph: Mode degree distribution"
Source: local data frame [1 x 1]

  count
  (int)
1 20791
Source: local data frame [1 x 1]

  count
  (int)
1 21100
[1] "rewire_genetic_interactions_network = 41887"
[1] "rewire_graph: num_iterations = 41887"
[1] "rewire_graph: Mode degree distribution"
Source: local data frame [1 x 1]

  count
  (int)
1 20777
Source: local data frame [1 x 1]

  count
  (int)
1 21114
[1] "rewire_genetic_interactions_network = 41887"
[1] "rewire_graph: num_iterations = 41887"
[1] "rewire_graph: Mode degree distribution"
Source: local data frame [1 x 1]

  count
  (int)
1 20812
Source: local data frame [1 x 1]

  count
  (int)
1 21079
[1] "rewire_genetic_interactions_network = 41884"
[1] "rewire_graph: num_iterations = 41884"
[1] "rewire_graph: Mode degree distribution"
[1] "rewired_tf_network = 6117"
[1] "rewire_graph: num_iterations = 6117"
[1] "rewire_graph: Mode degree distribution"
Source: local data frame [1 x 1]

  count
  (int)
1 20675
Source: local data frame [1 x 1]

  count
  (int)
1 21216
Source: local data frame [1 x 1]

  count
  (int)
1 20708
Source: local data frame [1 x 1]

  count
  (int)
1 21183
[1] "rewire_genetic_interactions_network = 41882"
[1] "rewire_graph: num_iterations = 41882"
[1] "rewire_graph: Mode degree distribution"
[1] "rewire_genetic_interactions_network = 41886"
[1] "rewire_graph: num_iterations = 41886"
[1] "rewire_graph: Mode degree distribution"
Source: local data frame [1 x 1]

  count
  (int)
1 20746
Source: local data frame [1 x 1]

  count
  (int)
1 21145
[1] "rewire_genetic_interactions_network = 41884"
[1] "rewire_graph: num_iterations = 41884"
[1] "rewire_graph: Mode degree distribution"
Source: local data frame [1 x 1]

  count
  (int)
1 20811
Source: local data frame [1 x 1]

  count
  (int)
1 21080
[1] "rewire_genetic_interactions_network = 41883"
[1] "rewire_graph: num_iterations = 41883"
[1] "rewire_graph: Mode degree distribution"
Source: local data frame [1 x 1]

  count
  (int)
1 20852
Source: local data frame [1 x 1]

  count
  (int)
1 21039
[1] "rewire_genetic_interactions_network = 41885"
[1] "rewire_graph: num_iterations = 41885"
[1] "rewire_graph: Mode degree distribution"
[1] "rewired_kinase_network = 2259"
[1] "rewire_graph: num_iterations = 2259"
[1] "rewire_graph: Mode degree distribution"
[1] "rewired_ppi_network = 13301"
[1] "rewire_graph: num_iterations = 13292"
[1] "rewire_graph: Mode degree distribution"
[1] "rewired_kinase_network = 2259"
[1] "rewire_graph: num_iterations = 2259"
[1] "rewire_graph: Mode degree distribution"
[1] "rewired_ppi_network = 13301"
[1] "rewire_graph: num_iterations = 13292"
[1] "rewire_graph: Mode degree distribution"
[1] "rewired_kinase_network = 2259"
[1] "rewire_graph: num_iterations = 2259"
[1] "rewire_graph: Mode degree distribution"
[1] "rewired_ppi_network = 13301"
[1] "rewire_graph: num_iterations = 13292"
[1] "rewire_graph: Mode degree distribution"
[1] "rewired_kinase_network = 2259"
[1] "rewire_graph: num_iterations = 2259"
[1] "rewire_graph: Mode degree distribution"
[1] "rewired_ppi_network = 13301"
[1] "rewire_graph: num_iterations = 13292"
[1] "rewire_graph: Mode degree distribution"
[1] "rewired_kinase_network = 2259"
[1] "rewire_graph: num_iterations = 2259"
[1] "rewire_graph: Mode degree distribution"
[1] "rewired_kinase_network = 2259"
[1] "rewire_graph: num_iterations = 2259"
[1] "rewire_graph: Mode degree distribution"
[1] "rewired_ppi_network = 13301"
[1] "rewire_graph: num_iterations = 13292"
[1] "rewire_graph: Mode degree distribution"
[1] "rewired_ppi_network = 13301"
[1] "rewire_graph: num_iterations = 13292"
[1] "rewire_graph: Mode degree distribution"
[1] "rewired_kinase_network = 2259"
[1] "rewire_graph: num_iterations = 2259"
[1] "rewire_graph: Mode degree distribution"
[1] "rewired_kinase_network = 2259"
[1] "rewired_kinase_network = 2259"
[1] "rewire_graph: num_iterations = 2259"
[1] "rewire_graph: Mode degree distribution"
[1] "rewire_graph: num_iterations = 2259"
[1] "rewire_graph: Mode degree distribution"
[1] "rewired_ppi_network = 13301"
[1] "rewire_graph: num_iterations = 13292"
[1] "rewire_graph: Mode degree distribution"
[1] "rewired_ppi_network = 13301"
[1] "rewired_ppi_network = 13301"
[1] "rewire_graph: num_iterations = 13292"
[1] "rewire_graph: Mode degree distribution"
[1] "rewire_graph: num_iterations = 13292"
[1] "rewire_graph: Mode degree distribution"
[1] "rewired_kinase_network = 2259"
[1] "rewire_graph: num_iterations = 2259"
[1] "rewire_graph: Mode degree distribution"
[1] "rewired_ppi_network = 13301"
[1] "rewire_graph: num_iterations = 13292"
[1] "rewire_graph: Mode degree distribution"
[1] "rewired_kinase_network = 2259"
[1] "rewire_graph: num_iterations = 2259"
[1] "rewire_graph: Mode degree distribution"
[1] "rewired_ppi_network = 13301"
[1] "rewire_graph: num_iterations = 13292"
[1] "rewire_graph: Mode degree distribution"
[1] "rewired_kinase_network = 2259"
[1] "rewire_graph: num_iterations = 2259"
[1] "rewire_graph: Mode degree distribution"
[1] "rewired_ppi_network = 13301"
[1] "rewire_graph: num_iterations = 13292"
[1] "rewire_graph: Mode degree distribution"
[1] "rewired_kinase_network = 2259"
[1] "rewired_kinase_network = 2259"
[1] "rewire_graph: num_iterations = 2259"
[1] "rewire_graph: Mode degree distribution"
[1] "rewired_ppi_network = 13301"
[1] "rewired_ppi_network = 13301"
[1] "rewire_graph: num_iterations = 13292"
[1] "rewire_graph: Mode degree distribution"
[1] "rewire_graph: num_iterations = 13292"
[1] "rewire_graph: Mode degree distribution"
[1] "rewired_kinase_network = 2259"
[1] "rewire_graph: num_iterations = 2259"
[1] "rewire_graph: Mode degree distribution"
[1] "rewired_ppi_network = 13301"
[1] "rewire_graph: num_iterations = 13292"
[1] "rewire_graph: Mode degree distribution"
[1] "rewired_tf_network = 6117"
[1] "rewire_graph: num_iterations = 6117"
[1] "rewire_graph: Mode degree distribution"
[1] "rewired_tf_network = 6117"
[1] "rewire_graph: num_iterations = 6117"
[1] "rewire_graph: Mode degree distribution"
[1] "rewired_kinase_network = 2259"
[1] "rewire_graph: num_iterations = 2259"
[1] "rewire_graph: Mode degree distribution"
[1] "rewired_ppi_network = 13301"
[1] "rewire_graph: num_iterations = 13292"
[1] "rewire_graph: Mode degree distribution"
Source: local data frame [1 x 1]

  count
  (int)
1 20636
Source: local data frame [1 x 1]

  count
  (int)
1 21255
[1] "rewire_genetic_interactions_network = 41886"
[1] "rewire_graph: num_iterations = 41886"
[1] "rewire_graph: Mode degree distribution"
Source: local data frame [1 x 1]

  count
  (int)
1 20759
Source: local data frame [1 x 1]

  count
  (int)
1 21132
[1] "rewire_genetic_interactions_network = 41886"
[1] "rewire_graph: num_iterations = 41886"
[1] "rewire_graph: Mode degree distribution"
[1] "rewired_tf_network = 6117"
[1] "rewire_graph: num_iterations = 6117"
[1] "rewire_graph: Mode degree distribution"
[1] "rewired_tf_network = 6117"
[1] "rewire_graph: num_iterations = 6117"
[1] "rewire_graph: Mode degree distribution"
[1] "rewired_tf_network = 6117"
[1] "rewire_graph: num_iterations = 6117"
[1] "rewire_graph: Mode degree distribution"
[1] "rewired_tf_network = 6117"
[1] "rewire_graph: num_iterations = 6117"
[1] "rewire_graph: Mode degree distribution"
[1] "rewired_tf_network = 6117"
[1] "rewire_graph: num_iterations = 6117"
[1] "rewire_graph: Mode degree distribution"
[1] "rewired_tf_network = 6117"
[1] "rewire_graph: num_iterations = 6117"
[1] "rewire_graph: Mode degree distribution"
[1] "rewired_tf_network = 6117"
[1] "rewire_graph: num_iterations = 6117"
[1] "rewire_graph: Mode degree distribution"
[1] "rewired_tf_network = 6117"
[1] "rewire_graph: num_iterations = 6117"
[1] "rewire_graph: Mode degree distribution"
[1] "rewired_tf_network = 6117"
[1] "rewire_graph: num_iterations = 6117"
[1] "rewire_graph: Mode degree distribution"
Source: local data frame [1 x 1]

  count
  (int)
1 20737
Source: local data frame [1 x 1]

  count
  (int)
1 21154
[1] "rewire_genetic_interactions_network = 41882"
[1] "rewire_graph: num_iterations = 41882"
[1] "rewire_graph: Mode degree distribution"
[1] "rewired_tf_network = 6117"
[1] "rewire_graph: num_iterations = 6117"
[1] "rewire_graph: Mode degree distribution"
[1] "rewired_tf_network = 6117"
[1] "rewire_graph: num_iterations = 6117"
[1] "rewire_graph: Mode degree distribution"
[1] "rewired_tf_network = 6117"
Source: local data frame [1 x 1]

  count
  (int)
1 20759
Source: local data frame [1 x 1]

  count
  (int)
1 21132
[1] "rewire_graph: num_iterations = 6117"
[1] "rewire_graph: Mode degree distribution"
[1] "rewire_genetic_interactions_network = 41887"
[1] "rewire_graph: num_iterations = 41887"
[1] "rewire_graph: Mode degree distribution"
Source: local data frame [1 x 1]

  count
  (int)
1 20786
Source: local data frame [1 x 1]

  count
  (int)
1 21105
[1] "rewire_genetic_interactions_network = 41884"
[1] "rewire_graph: num_iterations = 41884"
[1] "rewire_graph: Mode degree distribution"
[1] "rewired_tf_network = 6117"
[1] "rewire_graph: num_iterations = 6117"
[1] "rewire_graph: Mode degree distribution"
Source: local data frame [1 x 1]

  count
  (int)
1 20798
Source: local data frame [1 x 1]

  count
  (int)
1 21093
[1] "rewire_genetic_interactions_network = 41886"
[1] "rewire_graph: num_iterations = 41886"
[1] "rewire_graph: Mode degree distribution"
Source: local data frame [1 x 1]

  count
  (int)
1 20803
Source: local data frame [1 x 1]

  count
  (int)
1 21088
[1] "rewire_genetic_interactions_network = 41887"
[1] "rewire_graph: num_iterations = 41887"
[1] "rewire_graph: Mode degree distribution"
Source: local data frame [1 x 1]

  count
  (int)
1 20704
Source: local data frame [1 x 1]

  count
  (int)
1 21187
[1] "rewire_genetic_interactions_network = 41888"
[1] "rewire_graph: num_iterations = 41888"
[1] "rewire_graph: Mode degree distribution"
Source: local data frame [1 x 1]

  count
  (int)
1 20677
Source: local data frame [1 x 1]

  count
  (int)
1 21214
[1] "rewire_genetic_interactions_network = 41883"
[1] "rewire_graph: num_iterations = 41883"
[1] "rewire_graph: Mode degree distribution"
Source: local data frame [1 x 1]

  count
  (int)
1 20781
Source: local data frame [1 x 1]

  count
  (int)
1 21110
Source: local data frame [1 x 1]

  count
  (int)
1 20809
Source: local data frame [1 x 1]

  count
  (int)
1 21082
[1] "rewire_genetic_interactions_network = 41889"
[1] "rewire_genetic_interactions_network = 41889"
[1] "rewire_graph: num_iterations = 41889"
[1] "rewire_graph: Mode degree distribution"
[1] "rewire_graph: num_iterations = 41889"
[1] "rewire_graph: Mode degree distribution"
Source: local data frame [1 x 1]

  count
  (int)
1 20951
Source: local data frame [1 x 1]

  count
  (int)
1 20940
[1] "rewire_genetic_interactions_network = 41885"
[1] "rewire_graph: num_iterations = 41885"
[1] "rewire_graph: Mode degree distribution"
[1] "rewired_tf_network = 6117"
[1] "rewire_graph: num_iterations = 6117"
[1] "rewire_graph: Mode degree distribution"
Source: local data frame [1 x 1]

  count
  (int)
1 20881
Source: local data frame [1 x 1]

  count
  (int)
1 21010
[1] "rewire_genetic_interactions_network = 41887"
[1] "rewire_graph: num_iterations = 41887"
[1] "rewire_graph: Mode degree distribution"
Source: local data frame [1 x 1]

  count
  (int)
1 20670
Source: local data frame [1 x 1]

  count
  (int)
1 21221
[1] "rewire_genetic_interactions_network = 41886"
[1] "rewire_graph: num_iterations = 41886"
[1] "rewire_graph: Mode degree distribution"
Source: local data frame [1 x 1]

  count
  (int)
1 20838
Source: local data frame [1 x 1]

  count
  (int)
1 21053
[1] "rewire_genetic_interactions_network = 41888"
[1] "rewire_graph: num_iterations = 41888"
[1] "rewire_graph: Mode degree distribution"
Source: local data frame [1 x 1]

  count
  (int)
1 20836
Source: local data frame [1 x 1]

  count
  (int)
1 21055
[1] "rewire_genetic_interactions_network = 41889"
[1] "rewire_graph: num_iterations = 41889"
[1] "rewire_graph: Mode degree distribution"
[1] "rewired_kinase_network = 2259"
[1] "rewire_graph: num_iterations = 2259"
[1] "rewire_graph: Mode degree distribution"
[1] "rewired_ppi_network = 13301"
[1] "rewire_graph: num_iterations = 13292"
[1] "rewire_graph: Mode degree distribution"
[1] "rewired_kinase_network = 2259"
[1] "rewire_graph: num_iterations = 2259"
[1] "rewire_graph: Mode degree distribution"
[1] "rewired_ppi_network = 13301"
[1] "rewire_graph: num_iterations = 13292"
[1] "rewire_graph: Mode degree distribution"
[1] "rewired_kinase_network = 2259"
[1] "rewire_graph: num_iterations = 2259"
[1] "rewire_graph: Mode degree distribution"
[1] "rewired_ppi_network = 13301"
[1] "rewire_graph: num_iterations = 13292"
[1] "rewire_graph: Mode degree distribution"
[1] "rewired_kinase_network = 2259"
[1] "rewire_graph: num_iterations = 2259"
[1] "rewire_graph: Mode degree distribution"
[1] "rewired_kinase_network = 2259"
[1] "rewire_graph: num_iterations = 2259"
[1] "rewire_graph: Mode degree distribution"
[1] "rewired_ppi_network = 13301"
[1] "rewire_graph: num_iterations = 13292"
[1] "rewire_graph: Mode degree distribution"
[1] "rewired_ppi_network = 13301"
[1] "rewire_graph: num_iterations = 13292"
[1] "rewire_graph: Mode degree distribution"
[1] "rewired_kinase_network = 2259"
[1] "rewire_graph: num_iterations = 2259"
[1] "rewire_graph: Mode degree distribution"
[1] "rewired_ppi_network = 13301"
[1] "rewire_graph: num_iterations = 13292"
[1] "rewire_graph: Mode degree distribution"
[1] "rewired_kinase_network = 2259"
[1] "rewire_graph: num_iterations = 2259"
[1] "rewire_graph: Mode degree distribution"
[1] "rewired_ppi_network = 13301"
[1] "rewire_graph: num_iterations = 13292"
[1] "rewire_graph: Mode degree distribution"
[1] "rewired_tf_network = 6117"
[1] "rewire_graph: num_iterations = 6117"
[1] "rewire_graph: Mode degree distribution"
[1] "rewired_kinase_network = 2259"
[1] "rewire_graph: num_iterations = 2259"
[1] "rewire_graph: Mode degree distribution"
[1] "rewired_ppi_network = 13301"
[1] "rewire_graph: num_iterations = 13292"
[1] "rewire_graph: Mode degree distribution"
[1] "rewired_kinase_network = 2259"
[1] "rewire_graph: num_iterations = 2259"
[1] "rewire_graph: Mode degree distribution"
[1] "rewired_kinase_network = 2259"
[1] "rewire_graph: num_iterations = 2259"
[1] "rewire_graph: Mode degree distribution"
[1] "rewired_kinase_network = 2259"
[1] "rewired_ppi_network = 13301"
[1] "rewire_graph: num_iterations = 2259"
[1] "rewire_graph: Mode degree distribution"
[1] "rewire_graph: num_iterations = 13292"
[1] "rewire_graph: Mode degree distribution"
[1] "rewired_ppi_network = 13301"
[1] "rewire_graph: num_iterations = 13292"
[1] "rewire_graph: Mode degree distribution"
[1] "rewired_ppi_network = 13301"
[1] "rewire_graph: num_iterations = 13292"
[1] "rewire_graph: Mode degree distribution"
[1] "rewired_kinase_network = 2259"
[1] "rewire_graph: num_iterations = 2259"
[1] "rewire_graph: Mode degree distribution"
[1] "rewired_ppi_network = 13301"
[1] "rewire_graph: num_iterations = 13292"
[1] "rewire_graph: Mode degree distribution"
[1] "rewired_kinase_network = 2259"
[1] "rewire_graph: num_iterations = 2259"
[1] "rewire_graph: Mode degree distribution"
[1] "rewired_ppi_network = 13301"
[1] "rewire_graph: num_iterations = 13292"
[1] "rewire_graph: Mode degree distribution"
Source: local data frame [1 x 1]

  count
  (int)
1 20848
Source: local data frame [1 x 1]

  count
  (int)
1 21043
[1] "rewire_genetic_interactions_network = 41887"
[1] "rewire_graph: num_iterations = 41887"
[1] "rewire_graph: Mode degree distribution"
[1] "rewired_kinase_network = 2259"
[1] "rewire_graph: num_iterations = 2259"
[1] "rewire_graph: Mode degree distribution"
[1] "rewired_ppi_network = 13301"
[1] "rewire_graph: num_iterations = 13292"
[1] "rewire_graph: Mode degree distribution"
[1] "rewired_kinase_network = 2259"
[1] "rewire_graph: num_iterations = 2259"
[1] "rewire_graph: Mode degree distribution"
[1] "rewired_tf_network = 6117"
[1] "rewire_graph: num_iterations = 6117"
[1] "rewire_graph: Mode degree distribution"
[1] "rewired_kinase_network = 2259"
[1] "rewire_graph: num_iterations = 2259"
[1] "rewire_graph: Mode degree distribution"
[1] "rewired_ppi_network = 13301"
[1] "rewire_graph: num_iterations = 13292"
[1] "rewire_graph: Mode degree distribution"
[1] "rewired_ppi_network = 13301"
[1] "rewire_graph: num_iterations = 13292"
[1] "rewire_graph: Mode degree distribution"
[1] "rewired_tf_network = 6117"
[1] "rewire_graph: num_iterations = 6117"
[1] "rewire_graph: Mode degree distribution"
[1] "rewired_tf_network = 6117"
[1] "rewire_graph: num_iterations = 6117"
[1] "rewire_graph: Mode degree distribution"
[1] "rewired_tf_network = 6117"
[1] "rewire_graph: num_iterations = 6117"
[1] "rewire_graph: Mode degree distribution"
Source: local data frame [1 x 1]

  count
  (int)
1 20649
Source: local data frame [1 x 1]

  count
  (int)
1 21242
[1] "rewire_genetic_interactions_network = 41887"
[1] "rewire_graph: num_iterations = 41887"
[1] "rewire_graph: Mode degree distribution"
Source: local data frame [1 x 1]

  count
  (int)
1 20826
Source: local data frame [1 x 1]

  count
  (int)
1 21065
[1] "rewired_tf_network = 6117"
[1] "rewire_graph: num_iterations = 6117"
[1] "rewire_graph: Mode degree distribution"
[1] "rewire_genetic_interactions_network = 41879"
[1] "rewire_graph: num_iterations = 41879"
[1] "rewire_graph: Mode degree distribution"
[1] "rewired_tf_network = 6117"
[1] "rewire_graph: num_iterations = 6117"
[1] "rewire_graph: Mode degree distribution"
[1] "rewired_tf_network = 6117"
[1] "rewire_graph: num_iterations = 6117"
[1] "rewire_graph: Mode degree distribution"
[1] "rewired_tf_network = 6117"
[1] "rewire_graph: num_iterations = 6117"
[1] "rewire_graph: Mode degree distribution"
[1] "rewired_tf_network = 6117"
[1] "rewire_graph: num_iterations = 6117"
[1] "rewire_graph: Mode degree distribution"
[1] "rewired_tf_network = 6117"
Source: local data frame [1 x 1]

  count
  (int)
1 20720
Source: local data frame [1 x 1]

  count
  (int)
1 21171
[1] "rewire_graph: num_iterations = 6117"
[1] "rewire_graph: Mode degree distribution"
[1] "rewire_genetic_interactions_network = 41884"
[1] "rewire_graph: num_iterations = 41884"
[1] "rewire_graph: Mode degree distribution"
Source: local data frame [1 x 1]

  count
  (int)
1 20895
Source: local data frame [1 x 1]

  count
  (int)
1 20996
[1] "rewire_genetic_interactions_network = 41886"
[1] "rewire_graph: num_iterations = 41886"
[1] "rewire_graph: Mode degree distribution"
[1] "rewired_tf_network = 6117"
[1] "rewire_graph: num_iterations = 6117"
[1] "rewire_graph: Mode degree distribution"
Source: local data frame [1 x 1]

  count
  (int)
1 20695
Source: local data frame [1 x 1]

  count
  (int)
1 21196
[1] "rewire_genetic_interactions_network = 41889"
[1] "rewire_graph: num_iterations = 41889"
[1] "rewire_graph: Mode degree distribution"
Source: local data frame [1 x 1]

  count
  (int)
1 20704
Source: local data frame [1 x 1]

  count
  (int)
1 21187
[1] "rewire_genetic_interactions_network = 41881"
[1] "rewire_graph: num_iterations = 41881"
[1] "rewire_graph: Mode degree distribution"
[1] "rewired_tf_network = 6117"
[1] "rewire_graph: num_iterations = 6117"
[1] "rewire_graph: Mode degree distribution"
Source: local data frame [1 x 1]

  count
  (int)
1 20742
Source: local data frame [1 x 1]

  count
  (int)
1 21149
[1] "rewire_genetic_interactions_network = 41886"
[1] "rewire_graph: num_iterations = 41886"
[1] "rewire_graph: Mode degree distribution"
[1] "rewired_tf_network = 6117"
[1] "rewire_graph: num_iterations = 6117"
[1] "rewire_graph: Mode degree distribution"
Source: local data frame [1 x 1]

  count
  (int)
1 20651
Source: local data frame [1 x 1]

  count
  (int)
1 21240
[1] "rewire_genetic_interactions_network = 41886"
[1] "rewire_graph: num_iterations = 41886"
[1] "rewire_graph: Mode degree distribution"
Source: local data frame [1 x 1]

  count
  (int)
1 20807
Source: local data frame [1 x 1]

  count
  (int)
1 21084
Source: local data frame [1 x 1]

  count
  (int)
1 20823
Source: local data frame [1 x 1]

  count
  (int)
1 21068
[1] "rewire_genetic_interactions_network = 41886"
[1] "rewire_graph: num_iterations = 41886"
[1] "rewire_graph: Mode degree distribution"
[1] "rewire_genetic_interactions_network = 41887"
[1] "rewire_graph: num_iterations = 41887"
[1] "rewire_graph: Mode degree distribution"
Source: local data frame [1 x 1]

  count
  (int)
1 20753
Source: local data frame [1 x 1]

  count
  (int)
1 21138
[1] "rewire_genetic_interactions_network = 41888"
[1] "rewire_graph: num_iterations = 41888"
[1] "rewire_graph: Mode degree distribution"
Source: local data frame [1 x 1]

  count
  (int)
1 20785
Source: local data frame [1 x 1]

  count
  (int)
1 21106
[1] "rewire_genetic_interactions_network = 41887"
[1] "rewire_graph: num_iterations = 41887"
[1] "rewire_graph: Mode degree distribution"
[1] "rewired_tf_network = 6117"
[1] "rewired_tf_network = 6117"
[1] "rewire_graph: num_iterations = 6117"
[1] "rewire_graph: Mode degree distribution"
[1] "rewire_graph: num_iterations = 6117"
[1] "rewire_graph: Mode degree distribution"
Source: local data frame [1 x 1]

  count
  (int)
1 20832
Source: local data frame [1 x 1]

  count
  (int)
1 21059
[1] "rewire_genetic_interactions_network = 41883"
[1] "rewire_graph: num_iterations = 41883"
[1] "rewire_graph: Mode degree distribution"
Source: local data frame [1 x 1]

  count
  (int)
1 20860
Source: local data frame [1 x 1]

  count
  (int)
1 21031
[1] "rewire_genetic_interactions_network = 41883"
Source: local data frame [1 x 1]

  count
  (int)
1 20747
Source: local data frame [1 x 1]

  count
  (int)
1 21144
[1] "rewire_graph: num_iterations = 41883"
[1] "rewire_graph: Mode degree distribution"
[1] "rewire_genetic_interactions_network = 41887"
[1] "rewire_graph: num_iterations = 41887"
[1] "rewire_graph: Mode degree distribution"
[1] "rewired_kinase_network = 2259"
[1] "rewire_graph: num_iterations = 2259"
[1] "rewire_graph: Mode degree distribution"
[1] "rewired_ppi_network = 13301"
[1] "rewire_graph: num_iterations = 13292"
[1] "rewire_graph: Mode degree distribution"
[1] "rewired_kinase_network = 2259"
[1] "rewire_graph: num_iterations = 2259"
[1] "rewire_graph: Mode degree distribution"
[1] "rewired_ppi_network = 13301"
[1] "rewire_graph: num_iterations = 13292"
[1] "rewire_graph: Mode degree distribution"
[1] "rewired_kinase_network = 2259"
[1] "rewire_graph: num_iterations = 2259"
[1] "rewire_graph: Mode degree distribution"
[1] "rewired_ppi_network = 13301"
[1] "rewire_graph: num_iterations = 13292"
[1] "rewire_graph: Mode degree distribution"
[1] "rewired_kinase_network = 2259"
[1] "rewire_graph: num_iterations = 2259"
[1] "rewire_graph: Mode degree distribution"
[1] "rewired_ppi_network = 13301"
[1] "rewire_graph: num_iterations = 13292"
[1] "rewire_graph: Mode degree distribution"
[1] "rewired_kinase_network = 2259"
[1] "rewire_graph: num_iterations = 2259"
[1] "rewire_graph: Mode degree distribution"
[1] "rewired_ppi_network = 13301"
[1] "rewire_graph: num_iterations = 13292"
[1] "rewire_graph: Mode degree distribution"
[1] "rewired_kinase_network = 2259"
[1] "rewire_graph: num_iterations = 2259"
[1] "rewire_graph: Mode degree distribution"
[1] "rewired_ppi_network = 13301"
[1] "rewire_graph: num_iterations = 13292"
[1] "rewire_graph: Mode degree distribution"
[1] "rewired_kinase_network = 2259"
[1] "rewire_graph: num_iterations = 2259"
[1] "rewire_graph: Mode degree distribution"
[1] "rewired_ppi_network = 13301"
[1] "rewire_graph: num_iterations = 13292"
[1] "rewire_graph: Mode degree distribution"
[1] "rewired_kinase_network = 2259"
[1] "rewire_graph: num_iterations = 2259"
[1] "rewire_graph: Mode degree distribution"
[1] "rewired_ppi_network = 13301"
[1] "rewire_graph: num_iterations = 13292"
[1] "rewire_graph: Mode degree distribution"
[1] "rewired_tf_network = 6117"
[1] "rewire_graph: num_iterations = 6117"
[1] "rewire_graph: Mode degree distribution"
[1] "rewired_kinase_network = 2259"
[1] "rewire_graph: num_iterations = 2259"
[1] "rewire_graph: Mode degree distribution"
[1] "rewired_ppi_network = 13301"
[1] "rewire_graph: num_iterations = 13292"
[1] "rewire_graph: Mode degree distribution"
[1] "rewired_kinase_network = 2259"
[1] "rewire_graph: num_iterations = 2259"
[1] "rewire_graph: Mode degree distribution"
[1] "rewired_ppi_network = 13301"
[1] "rewire_graph: num_iterations = 13292"
[1] "rewire_graph: Mode degree distribution"
[1] "rewired_kinase_network = 2259"
[1] "rewire_graph: num_iterations = 2259"
[1] "rewire_graph: Mode degree distribution"
[1] "rewired_ppi_network = 13301"
[1] "rewire_graph: num_iterations = 13292"
[1] "rewire_graph: Mode degree distribution"
[1] "rewired_kinase_network = 2259"
[1] "rewire_graph: num_iterations = 2259"
[1] "rewire_graph: Mode degree distribution"
[1] "rewired_ppi_network = 13301"
[1] "rewired_kinase_network = 2259"
[1] "rewire_graph: num_iterations = 2259"
[1] "rewire_graph: Mode degree distribution"
[1] "rewire_graph: num_iterations = 13292"
[1] "rewire_graph: Mode degree distribution"
[1] "rewired_kinase_network = 2259"
[1] "rewired_ppi_network = 13301"
[1] "rewire_graph: num_iterations = 2259"
[1] "rewire_graph: Mode degree distribution"
[1] "rewire_graph: num_iterations = 13292"
[1] "rewire_graph: Mode degree distribution"
[1] "rewired_ppi_network = 13301"
[1] "rewire_graph: num_iterations = 13292"
[1] "rewire_graph: Mode degree distribution"
Source: local data frame [1 x 1]

  count
  (int)
1 21021
Source: local data frame [1 x 1]

  count
  (int)
1 20870
[1] "rewire_genetic_interactions_network = 41887"
[1] "rewire_graph: num_iterations = 41887"
[1] "rewire_graph: Mode degree distribution"
[1] "rewired_tf_network = 6117"
[1] "rewire_graph: num_iterations = 6117"
[1] "rewire_graph: Mode degree distribution"
[1] "rewired_kinase_network = 2259"
[1] "rewire_graph: num_iterations = 2259"
[1] "rewire_graph: Mode degree distribution"
[1] "rewired_kinase_network = 2259"
[1] "rewired_ppi_network = 13301"
[1] "rewire_graph: num_iterations = 2259"
[1] "rewire_graph: Mode degree distribution"
[1] "rewire_graph: num_iterations = 13292"
[1] "rewire_graph: Mode degree distribution"
[1] "rewired_ppi_network = 13301"
[1] "rewire_graph: num_iterations = 13292"
[1] "rewire_graph: Mode degree distribution"
Source: local data frame [1 x 1]

  count
  (int)
1 20673
Source: local data frame [1 x 1]

  count
  (int)
1 21218
[1] "rewire_genetic_interactions_network = 41889"
[1] "rewire_graph: num_iterations = 41889"
[1] "rewire_graph: Mode degree distribution"
[1] "rewired_tf_network = 6117"
[1] "rewire_graph: num_iterations = 6117"
[1] "rewire_graph: Mode degree distribution"
[1] "rewired_tf_network = 6117"
[1] "rewire_graph: num_iterations = 6117"
[1] "rewire_graph: Mode degree distribution"
[1] "rewired_tf_network = 6117"
[1] "rewire_graph: num_iterations = 6117"
[1] "rewire_graph: Mode degree distribution"
[1] "rewired_tf_network = 6117"
[1] "rewire_graph: num_iterations = 6117"
[1] "rewire_graph: Mode degree distribution"
Source: local data frame [1 x 1]

  count
  (int)
1 20688
Source: local data frame [1 x 1]

  count
  (int)
1 21203
[1] "rewire_genetic_interactions_network = 41887"
[1] "rewire_graph: num_iterations = 41887"
[1] "rewire_graph: Mode degree distribution"
[1] "rewired_tf_network = 6117"
[1] "rewire_graph: num_iterations = 6117"
[1] "rewire_graph: Mode degree distribution"
[1] "rewired_tf_network = 6117"
[1] "rewire_graph: num_iterations = 6117"
[1] "rewire_graph: Mode degree distribution"
Source: local data frame [1 x 1]

  count
  (int)
1 20786
Source: local data frame [1 x 1]

  count
  (int)
1 21105
[1] "rewire_genetic_interactions_network = 41886"
[1] "rewire_graph: num_iterations = 41886"
[1] "rewire_graph: Mode degree distribution"
[1] "rewired_tf_network = 6117"
[1] "rewire_graph: num_iterations = 6117"
[1] "rewire_graph: Mode degree distribution"
[1] "rewired_tf_network = 6117"
[1] "rewire_graph: num_iterations = 6117"
[1] "rewire_graph: Mode degree distribution"
Source: local data frame [1 x 1]

  count
  (int)
1 20929
Source: local data frame [1 x 1]

  count
  (int)
1 20962
[1] "rewire_genetic_interactions_network = 41884"
[1] "rewire_graph: num_iterations = 41884"
[1] "rewire_graph: Mode degree distribution"
Source: local data frame [1 x 1]

  count
  (int)
1 20765
Source: local data frame [1 x 1]

  count
  (int)
1 21126
[1] "rewire_genetic_interactions_network = 41885"
[1] "rewire_graph: num_iterations = 41885"
[1] "rewire_graph: Mode degree distribution"
[1] "rewired_tf_network = 6117"
[1] "rewire_graph: num_iterations = 6117"
[1] "rewire_graph: Mode degree distribution"
Source: local data frame [1 x 1]

  count
  (int)
1 20831
Source: local data frame [1 x 1]

  count
  (int)
1 21060
[1] "rewire_genetic_interactions_network = 41885"
[1] "rewire_graph: num_iterations = 41885"
[1] "rewire_graph: Mode degree distribution"
[1] "rewired_tf_network = 6117"
[1] "rewire_graph: num_iterations = 6117"
[1] "rewire_graph: Mode degree distribution"
[1] "rewired_tf_network = 6117"
[1] "rewire_graph: num_iterations = 6117"
[1] "rewire_graph: Mode degree distribution"
Source: local data frame [1 x 1]

  count
  (int)
1 20653
Source: local data frame [1 x 1]

  count
  (int)
1 21238
[1] "rewire_genetic_interactions_network = 41886"
[1] "rewire_graph: num_iterations = 41886"
[1] "rewire_graph: Mode degree distribution"
[1] "rewired_tf_network = 6117"
[1] "rewire_graph: num_iterations = 6117"
[1] "rewire_graph: Mode degree distribution"
Source: local data frame [1 x 1]

  count
  (int)
1 20935
Source: local data frame [1 x 1]

  count
  (int)
1 20956
[1] "rewire_genetic_interactions_network = 41884"
[1] "rewire_graph: num_iterations = 41884"
[1] "rewire_graph: Mode degree distribution"
Source: local data frame [1 x 1]

  count
  (int)
1 20746
Source: local data frame [1 x 1]

  count
  (int)
1 21145
[1] "rewire_genetic_interactions_network = 41880"
[1] "rewire_graph: num_iterations = 41880"
[1] "rewire_graph: Mode degree distribution"
[1] "rewired_tf_network = 6117"
[1] "rewire_graph: num_iterations = 6117"
[1] "rewire_graph: Mode degree distribution"
[1] "rewired_tf_network = 6117"
[1] "rewire_graph: num_iterations = 6117"
[1] "rewire_graph: Mode degree distribution"
Source: local data frame [1 x 1]

  count
  (int)
1 20794
Source: local data frame [1 x 1]

  count
  (int)
1 21097
[1] "rewire_genetic_interactions_network = 41882"
[1] "rewire_graph: num_iterations = 41882"
[1] "rewire_graph: Mode degree distribution"
Source: local data frame [1 x 1]

  count
  (int)
1 20719
Source: local data frame [1 x 1]

  count
  (int)
1 21172
[1] "rewire_genetic_interactions_network = 41883"
[1] "rewire_graph: num_iterations = 41883"
[1] "rewire_graph: Mode degree distribution"
Source: local data frame [1 x 1]

  count
  (int)
1 20771
Source: local data frame [1 x 1]

  count
  (int)
1 21120
[1] "rewire_genetic_interactions_network = 41886"
[1] "rewire_graph: num_iterations = 41886"
[1] "rewire_graph: Mode degree distribution"
Source: local data frame [1 x 1]

  count
  (int)
1 20728
Source: local data frame [1 x 1]

  count
  (int)
1 21163
[1] "rewire_genetic_interactions_network = 41886"
[1] "rewire_graph: num_iterations = 41886"
[1] "rewire_graph: Mode degree distribution"
Source: local data frame [1 x 1]

  count
  (int)
1 20603
Source: local data frame [1 x 1]

  count
  (int)
1 21288
[1] "rewire_genetic_interactions_network = 41882"
[1] "rewire_graph: num_iterations = 41882"
[1] "rewire_graph: Mode degree distribution"
Source: local data frame [1 x 1]

  count
  (int)
1 20885
Source: local data frame [1 x 1]

  count
  (int)
1 21006
[1] "rewire_genetic_interactions_network = 41887"
[1] "rewire_graph: num_iterations = 41887"
[1] "rewire_graph: Mode degree distribution"
[1] "rewired_kinase_network = 2259"
[1] "rewire_graph: num_iterations = 2259"
[1] "rewire_graph: Mode degree distribution"
[1] "rewired_ppi_network = 13301"
[1] "rewire_graph: num_iterations = 13292"
[1] "rewire_graph: Mode degree distribution"
[1] "rewired_kinase_network = 2259"
[1] "rewire_graph: num_iterations = 2259"
[1] "rewire_graph: Mode degree distribution"
[1] "rewired_ppi_network = 13301"
[1] "rewire_graph: num_iterations = 13292"
[1] "rewire_graph: Mode degree distribution"
[1] "rewired_kinase_network = 2259"
[1] "rewire_graph: num_iterations = 2259"
[1] "rewire_graph: Mode degree distribution"
[1] "rewired_ppi_network = 13301"
[1] "rewire_graph: num_iterations = 13292"
[1] "rewire_graph: Mode degree distribution"
[1] "rewired_tf_network = 6117"
[1] "rewire_graph: num_iterations = 6117"
[1] "rewire_graph: Mode degree distribution"
[1] "rewired_kinase_network = 2259"
[1] "rewire_graph: num_iterations = 2259"
[1] "rewire_graph: Mode degree distribution"
[1] "rewired_ppi_network = 13301"
[1] "rewire_graph: num_iterations = 13292"
[1] "rewire_graph: Mode degree distribution"
[1] "rewired_kinase_network = 2259"
[1] "rewire_graph: num_iterations = 2259"
[1] "rewire_graph: Mode degree distribution"
[1] "rewired_ppi_network = 13301"
[1] "rewire_graph: num_iterations = 13292"
[1] "rewire_graph: Mode degree distribution"
[1] "rewired_kinase_network = 2259"
[1] "rewire_graph: num_iterations = 2259"
[1] "rewire_graph: Mode degree distribution"
[1] "rewired_kinase_network = 2259"
[1] "rewired_ppi_network = 13301"
[1] "rewire_graph: num_iterations = 2259"
[1] "rewire_graph: Mode degree distribution"
[1] "rewired_kinase_network = 2259"
[1] "rewire_graph: num_iterations = 2259"
[1] "rewire_graph: Mode degree distribution"
[1] "rewire_graph: num_iterations = 13292"
[1] "rewire_graph: Mode degree distribution"
[1] "rewired_ppi_network = 13301"
[1] "rewired_ppi_network = 13301"
[1] "rewire_graph: num_iterations = 13292"
[1] "rewire_graph: Mode degree distribution"
[1] "rewire_graph: num_iterations = 13292"
[1] "rewire_graph: Mode degree distribution"
Source: local data frame [1 x 1]

  count
  (int)
1 20777
Source: local data frame [1 x 1]

  count
  (int)
1 21114
[1] "rewire_genetic_interactions_network = 41885"
[1] "rewire_graph: num_iterations = 41885"
[1] "rewire_graph: Mode degree distribution"
[1] "rewired_kinase_network = 2259"
[1] "rewire_graph: num_iterations = 2259"
[1] "rewire_graph: Mode degree distribution"
[1] "rewired_kinase_network = 2259"
[1] "rewire_graph: num_iterations = 2259"
[1] "rewire_graph: Mode degree distribution"
[1] "rewired_ppi_network = 13301"
[1] "rewire_graph: num_iterations = 13292"
[1] "rewire_graph: Mode degree distribution"
[1] "rewired_ppi_network = 13301"
[1] "rewire_graph: num_iterations = 13292"
[1] "rewire_graph: Mode degree distribution"
[1] "rewired_kinase_network = 2259"
[1] "rewire_graph: num_iterations = 2259"
[1] "rewire_graph: Mode degree distribution"
[1] "rewired_tf_network = 6117"
[1] "rewire_graph: num_iterations = 6117"
[1] "rewire_graph: Mode degree distribution"
[1] "rewired_ppi_network = 13301"
[1] "rewire_graph: num_iterations = 13292"
[1] "rewire_graph: Mode degree distribution"
[1] "rewired_kinase_network = 2259"
[1] "rewire_graph: num_iterations = 2259"
[1] "rewire_graph: Mode degree distribution"
[1] "rewired_kinase_network = 2259"
[1] "rewire_graph: num_iterations = 2259"
[1] "rewire_graph: Mode degree distribution"
[1] "rewired_ppi_network = 13301"
[1] "rewire_graph: num_iterations = 13292"
[1] "rewire_graph: Mode degree distribution"
[1] "rewired_ppi_network = 13301"
[1] "rewire_graph: num_iterations = 13292"
[1] "rewire_graph: Mode degree distribution"
[1] "rewired_kinase_network = 2259"
[1] "rewire_graph: num_iterations = 2259"
[1] "rewire_graph: Mode degree distribution"
[1] "rewired_ppi_network = 13301"
[1] "rewire_graph: num_iterations = 13292"
[1] "rewire_graph: Mode degree distribution"
Source: local data frame [1 x 1]

  count
  (int)
1 20715
Source: local data frame [1 x 1]

  count
  (int)
1 21176
[1] "rewire_genetic_interactions_network = 41889"
[1] "rewire_graph: num_iterations = 41889"
[1] "rewire_graph: Mode degree distribution"
[1] "rewired_kinase_network = 2259"
[1] "rewire_graph: num_iterations = 2259"
[1] "rewire_graph: Mode degree distribution"
[1] "rewired_ppi_network = 13301"
[1] "rewire_graph: num_iterations = 13292"
[1] "rewire_graph: Mode degree distribution"
[1] "rewired_kinase_network = 2259"
[1] "rewire_graph: num_iterations = 2259"
[1] "rewire_graph: Mode degree distribution"
[1] "rewired_tf_network = 6117"
[1] "rewire_graph: num_iterations = 6117"
[1] "rewire_graph: Mode degree distribution"
[1] "rewired_ppi_network = 13301"
[1] "rewire_graph: num_iterations = 13292"
[1] "rewire_graph: Mode degree distribution"
[1] "rewired_tf_network = 6117"
[1] "rewire_graph: num_iterations = 6117"
[1] "rewire_graph: Mode degree distribution"
[1] "rewired_tf_network = 6117"
[1] "rewire_graph: num_iterations = 6117"
[1] "rewire_graph: Mode degree distribution"
Source: local data frame [1 x 1]

  count
  (int)
1 20870
Source: local data frame [1 x 1]

  count
  (int)
1 21021
[1] "rewire_genetic_interactions_network = 41884"
[1] "rewire_graph: num_iterations = 41884"
[1] "rewire_graph: Mode degree distribution"
[1] "rewired_tf_network = 6117"
[1] "rewire_graph: num_iterations = 6117"
[1] "rewire_graph: Mode degree distribution"
[1] "rewired_tf_network = 6117"
[1] "rewire_graph: num_iterations = 6117"
[1] "rewire_graph: Mode degree distribution"
[1] "rewired_tf_network = 6117"
[1] "rewire_graph: num_iterations = 6117"
[1] "rewire_graph: Mode degree distribution"
[1] "rewired_tf_network = 6117"
[1] "rewire_graph: num_iterations = 6117"
[1] "rewire_graph: Mode degree distribution"
Source: local data frame [1 x 1]

  count
  (int)
1 20831
Source: local data frame [1 x 1]

  count
  (int)
1 21060
[1] "rewired_tf_network = 6117"
[1] "rewire_graph: num_iterations = 6117"
[1] "rewire_graph: Mode degree distribution"
[1] "rewire_genetic_interactions_network = 41888"
[1] "rewire_graph: num_iterations = 41888"
[1] "rewire_graph: Mode degree distribution"
[1] "rewired_tf_network = 6117"
[1] "rewire_graph: num_iterations = 6117"
[1] "rewire_graph: Mode degree distribution"
[1] "rewired_tf_network = 6117"
[1] "rewire_graph: num_iterations = 6117"
[1] "rewire_graph: Mode degree distribution"
[1] "rewired_tf_network = 6117"
[1] "rewire_graph: num_iterations = 6117"
[1] "rewire_graph: Mode degree distribution"
[1] "rewired_tf_network = 6117"
[1] "rewire_graph: num_iterations = 6117"
[1] "rewire_graph: Mode degree distribution"
[1] "rewired_tf_network = 6117"
[1] "rewire_graph: num_iterations = 6117"
[1] "rewire_graph: Mode degree distribution"
[1] "rewired_tf_network = 6117"
[1] "rewire_graph: num_iterations = 6117"
[1] "rewire_graph: Mode degree distribution"
[1] "rewired_kinase_network = 2259"
[1] "rewire_graph: num_iterations = 2259"
[1] "rewire_graph: Mode degree distribution"
[1] "rewired_ppi_network = 13301"
[1] "rewire_graph: num_iterations = 13292"
[1] "rewire_graph: Mode degree distribution"
[1] "rewired_kinase_network = 2259"
[1] "rewire_graph: num_iterations = 2259"
[1] "rewire_graph: Mode degree distribution"
[1] "rewired_ppi_network = 13301"
[1] "rewire_graph: num_iterations = 13292"
[1] "rewire_graph: Mode degree distribution"
[1] "rewired_tf_network = 6117"
[1] "rewire_graph: num_iterations = 6117"
[1] "rewire_graph: Mode degree distribution"
[1] "rewired_kinase_network = 2259"
[1] "rewire_graph: num_iterations = 2259"
[1] "rewire_graph: Mode degree distribution"
[1] "rewired_ppi_network = 13301"
[1] "rewire_graph: num_iterations = 13292"
[1] "rewire_graph: Mode degree distribution"
[1] "rewired_kinase_network = 2259"
[1] "rewire_graph: num_iterations = 2259"
[1] "rewire_graph: Mode degree distribution"
[1] "rewired_ppi_network = 13301"
[1] "rewire_graph: num_iterations = 13292"
[1] "rewire_graph: Mode degree distribution"
[1] "rewired_tf_network = 6117"
[1] "rewire_graph: num_iterations = 6117"
[1] "rewire_graph: Mode degree distribution"
[1] "rewired_tf_network = 6117"
[1] "rewire_graph: num_iterations = 6117"
[1] "rewire_graph: Mode degree distribution"
[1] "rewired_tf_network = 6117"
[1] "rewire_graph: num_iterations = 6117"
[1] "rewire_graph: Mode degree distribution"
