Loading required package: methods

Attaching package: 'igraph'

The following objects are masked from 'package:stats':

    decompose, spectrum

The following object is masked from 'package:base':

    union


Attaching package: 'dplyr'

The following objects are masked from 'package:igraph':

    %>%, as_data_frame, groups, union

The following objects are masked from 'package:stats':

    filter, lag

The following objects are masked from 'package:base':

    intersect, setdiff, setequal, union

R version 3.2.2 (2015-08-14)
Platform: x86_64-pc-linux-gnu (64-bit)
Running under: CentOS release 6.3 (Final)

locale:
[1] C

attached base packages:
[1] parallel  methods   stats     graphics  grDevices utils     datasets 
[8] base     

other attached packages:
[1] lazyeval_0.1.10 dplyr_0.4.3     igraph_1.0.1   

loaded via a namespace (and not attached):
[1] R6_2.1.2       assertthat_0.1 magrittr_1.5   tools_3.2.2    DBI_0.4-1     
[6] Rcpp_0.12.0   
[1] "is_run_locally =  FALSE"
[1] "proportion_of_original_network_size_gi_network = 1.3"
Source: local data frame [1 x 1]

  count
  (int)
1 90442
Source: local data frame [1 x 1]

  count
  (int)
1 91211
Source: local data frame [1 x 1]

  count
  (int)
1 90284
Source: local data frame [1 x 1]

  count
  (int)
1 91369
Source: local data frame [1 x 1]

  count
  (int)
1 90423
Source: local data frame [1 x 1]

  count
  (int)
1 91230
Source: local data frame [1 x 1]

  count
  (int)
1 90308
Source: local data frame [1 x 1]

  count
  (int)
1 91345
Source: local data frame [1 x 1]

  count
  (int)
1 90060
Source: local data frame [1 x 1]

  count
  (int)
1 91593
  count
  (int)
1 90344
Source: local data frame [1 x 1]

  count
  (int)
1 91309
Source: local data frame [1 x 1]

  count
  (int)
1 90383
Source: local data frame [1 x 1]

  count
  (int)
1 91270
Source: local data frame [1 x 1]

  count
  (int)
1 90459
Source: local data frame [1 x 1]

  count
  (int)
1 91194
Source: local data frame [1 x 1]

  count
  (int)
1 90110
Source: local data frame [1 x 1]

  count
  (int)
1 91543
[1] "rewire_genetic_interactions_network = 181590"
[1] "rewire_genetic_interactions_network = 181590"
[1] "rewire_genetic_interactions_network = 181590"
[1] "rewire_genetic_interactions_network = 181590"
[1] "rewire_genetic_interactions_network = 181590"
[1] "rewire_graph: num_iterations = 181590"
[1] "rewire_graph: Mode degree distribution"
[1] "rewire_genetic_interactions_network = 181590"
[1] "rewire_genetic_interactions_network = 181590"
[1] "rewire_graph: num_iterations = 181590"
[1] "rewire_graph: Mode degree distribution"
[1] "rewire_graph: num_iterations = 181590"
[1] "rewire_graph: Mode degree distribution"
[1] "rewire_genetic_interactions_network = 181590"
[1] "rewire_graph: num_iterations = 181590"
[1] "rewire_graph: Mode degree distribution"
[1] "rewire_genetic_interactions_network = 181590"
[1] "rewire_graph: num_iterations = 181590"
[1] "rewire_graph: Mode degree distribution"
[1] "rewire_graph: num_iterations = 181590"
[1] "rewire_graph: Mode degree distribution"
[1] "rewire_graph: num_iterations = 181590"
[1] "rewire_graph: Mode degree distribution"
[1] "rewire_graph: num_iterations = 181590"
[1] "rewire_graph: Mode degree distribution"
[1] "rewire_graph: num_iterations = 181590"
[1] "rewire_graph: Mode degree distribution"
Source: local data frame [1 x 1]

  count
  (int)
1 90346
Source: local data frame [1 x 1]

  count
  (int)
1 91307
Source: local data frame [1 x 1]

  count
  (int)
1 90197
Source: local data frame [1 x 1]

  count
  (int)
1 91456
Source: local data frame [1 x 1]

  count
  (int)
1 90395
Source: local data frame [1 x 1]

  count
  (int)
1 91258
Source: local data frame [1 x 1]

  count
  (int)
1 90363
Source: local data frame [1 x 1]

  count
  (int)
1 91290
Source: local data frame [1 x 1]

Source: local data frame [1 x 1]

  count
  (int)
1 90250
Source: local data frame [1 x 1]

  count
  (int)
1 90230
Source: local data frame [1 x 1]

  count
  (int)
1 91423
[1] "rewire_genetic_interactions_network = 181590"
[1] "rewire_genetic_interactions_network = 181590"
[1] "rewire_genetic_interactions_network = 181590"
[1] "rewire_genetic_interactions_network = 181590"
[1] "rewire_genetic_interactions_network = 181590"
[1] "rewire_graph: num_iterations = 181590"
[1] "rewire_graph: Mode degree distribution"
[1] "rewire_genetic_interactions_network = 181590"
[1] "rewire_graph: num_iterations = 181590"
[1] "rewire_graph: Mode degree distribution"
[1] "rewire_graph: num_iterations = 181590"
[1] "rewire_graph: Mode degree distribution"
[1] "rewire_graph: num_iterations = 181590"
[1] "rewire_graph: Mode degree distribution"
Source: local data frame [1 x 1]

  count
  (int)
1 90164
Source: local data frame [1 x 1]

  count
  (int)
1 91489
[1] "rewire_graph: num_iterations = 181590"
[1] "rewire_graph: Mode degree distribution"
[1] "rewire_graph: num_iterations = 181590"
[1] "rewire_graph: Mode degree distribution"
[1] "rewire_genetic_interactions_network = 181590"
[1] "rewire_graph: num_iterations = 181590"
[1] "rewire_graph: Mode degree distribution"
[1] "rewired_kinase_network = 2259"
[1] "rewire_graph: num_iterations = 2259"
[1] "rewire_graph: Mode degree distribution"
[1] "rewired_ppi_network = 13301"
[1] "rewire_graph: num_iterations = 13292"
[1] "rewire_graph: Mode degree distribution"
[1] "rewired_kinase_network = 2259"
[1] "rewire_graph: num_iterations = 2259"
[1] "rewire_graph: Mode degree distribution"
[1] "rewired_ppi_network = 13301"
[1] "rewire_graph: num_iterations = 13292"
[1] "rewire_graph: Mode degree distribution"
[1] "rewired_kinase_network = 2259"
[1] "rewire_graph: num_iterations = 2259"
[1] "rewire_graph: Mode degree distribution"
[1] "rewired_ppi_network = 13301"
[1] "rewire_graph: num_iterations = 13292"
[1] "rewire_graph: Mode degree distribution"
[1] "rewired_kinase_network = 2259"
[1] "rewire_graph: num_iterations = 2259"
[1] "rewire_graph: Mode degree distribution"
[1] "rewired_kinase_network = 2259"
[1] "rewired_ppi_network = 13301"
[1] "rewire_graph: num_iterations = 2259"
[1] "rewire_graph: Mode degree distribution"
[1] "rewire_graph: num_iterations = 13292"
[1] "rewire_graph: Mode degree distribution"
[1] "rewired_ppi_network = 13301"
[1] "rewire_graph: num_iterations = 13292"
[1] "rewire_graph: Mode degree distribution"
[1] "rewired_tf_network = 6117"
[1] "rewire_graph: num_iterations = 6117"
[1] "rewire_graph: Mode degree distribution"
[1] "rewired_kinase_network = 2259"
[1] "rewire_graph: num_iterations = 2259"
[1] "rewire_graph: Mode degree distribution"
[1] "rewired_ppi_network = 13301"
[1] "rewire_graph: num_iterations = 13292"
[1] "rewire_graph: Mode degree distribution"
[1] "rewired_tf_network = 6117"
[1] "rewire_graph: num_iterations = 6117"
[1] "rewire_graph: Mode degree distribution"
[1] "rewired_kinase_network = 2259"
[1] "rewire_graph: num_iterations = 2259"
[1] "rewire_graph: Mode degree distribution"
[1] "rewired_ppi_network = 13301"
[1] "rewire_graph: num_iterations = 13292"
[1] "rewire_graph: Mode degree distribution"
[1] "rewired_tf_network = 6117"
[1] "rewire_graph: num_iterations = 6117"
[1] "rewire_graph: Mode degree distribution"
Source: local data frame [1 x 1]

  count
  (int)
1 90123
Source: local data frame [1 x 1]

  count
  (int)
1 91530
[1] "rewire_genetic_interactions_network = 181590"
[1] "rewire_graph: num_iterations = 181590"
[1] "rewire_graph: Mode degree distribution"
[1] "rewired_tf_network = 6117"
[1] "rewire_graph: num_iterations = 6117"
[1] "rewire_graph: Mode degree distribution"
[1] "rewired_tf_network = 6117"
[1] "rewire_graph: num_iterations = 6117"
[1] "rewire_graph: Mode degree distribution"
Source: local data frame [1 x 1]

  count
  (int)
1 90355
Source: local data frame [1 x 1]

  count
  (int)
1 91298
[1] "rewire_genetic_interactions_network = 181590"
Source: local data frame [1 x 1]

  count
  (int)
1 90085
Source: local data frame [1 x 1]

  count
  (int)
1 91568
[1] "rewire_graph: num_iterations = 181590"
[1] "rewire_graph: Mode degree distribution"
[1] "rewire_genetic_interactions_network = 181590"
[1] "rewire_graph: num_iterations = 181590"
[1] "rewire_graph: Mode degree distribution"
[1] "rewired_tf_network = 6117"
[1] "rewire_graph: num_iterations = 6117"
[1] "rewire_graph: Mode degree distribution"
[1] "rewired_tf_network = 6117"
[1] "rewire_graph: num_iterations = 6117"
[1] "rewire_graph: Mode degree distribution"
Source: local data frame [1 x 1]

  count
  (int)
1 90334
Source: local data frame [1 x 1]

  count
  (int)
1 91319
[1] "rewire_genetic_interactions_network = 181590"
[1] "rewire_graph: num_iterations = 181590"
[1] "rewire_graph: Mode degree distribution"
Source: local data frame [1 x 1]

  count
  (int)
1 90469
Source: local data frame [1 x 1]

  count
  (int)
1 91184
[1] "rewire_genetic_interactions_network = 181590"
[1] "rewire_graph: num_iterations = 181590"
[1] "rewire_graph: Mode degree distribution"
[1] "rewired_kinase_network = 2259"
[1] "rewire_graph: num_iterations = 2259"
[1] "rewire_graph: Mode degree distribution"
[1] "rewired_ppi_network = 13301"
[1] "rewire_graph: num_iterations = 13292"
[1] "rewire_graph: Mode degree distribution"
[1] "rewired_kinase_network = 2259"
[1] "rewire_graph: num_iterations = 2259"
[1] "rewire_graph: Mode degree distribution"
[1] "rewired_ppi_network = 13301"
[1] "rewire_graph: num_iterations = 13292"
[1] "rewire_graph: Mode degree distribution"
Source: local data frame [1 x 1]

  count
  (int)
1 90434
Source: local data frame [1 x 1]

  count
  (int)
1 91219
Source: local data frame [1 x 1]

  count
  (int)
1 90424
Source: local data frame [1 x 1]

  count
  (int)
1 91229
[1] "rewire_genetic_interactions_network = 181590"
[1] "rewire_graph: num_iterations = 181590"
[1] "rewire_graph: Mode degree distribution"
[1] "rewire_genetic_interactions_network = 181590"
[1] "rewire_graph: num_iterations = 181590"
[1] "rewire_graph: Mode degree distribution"
[1] "rewired_tf_network = 6117"
[1] "rewire_graph: num_iterations = 6117"
[1] "rewire_graph: Mode degree distribution"
[1] "rewired_tf_network = 6117"
[1] "rewire_graph: num_iterations = 6117"
[1] "rewire_graph: Mode degree distribution"
[1] "rewired_kinase_network = 2259"
[1] "rewire_graph: num_iterations = 2259"
[1] "rewire_graph: Mode degree distribution"
[1] "rewired_ppi_network = 13301"
[1] "rewire_graph: num_iterations = 13292"
[1] "rewire_graph: Mode degree distribution"
[1] "rewired_kinase_network = 2259"
[1] "rewire_graph: num_iterations = 2259"
[1] "rewire_graph: Mode degree distribution"
[1] "rewired_ppi_network = 13301"
[1] "rewire_graph: num_iterations = 13292"
[1] "rewire_graph: Mode degree distribution"
Source: local data frame [1 x 1]

  count
  (int)
1 90294
Source: local data frame [1 x 1]

  count
  (int)
1 91359
[1] "rewire_genetic_interactions_network = 181590"
[1] "rewire_graph: num_iterations = 181590"
[1] "rewire_graph: Mode degree distribution"
Source: local data frame [1 x 1]

  count
  (int)
1 90260
Source: local data frame [1 x 1]

  count
  (int)
1 91393
[1] "rewire_genetic_interactions_network = 181590"
[1] "rewire_graph: num_iterations = 181590"
[1] "rewire_graph: Mode degree distribution"
[1] "rewired_kinase_network = 2259"
[1] "rewire_graph: num_iterations = 2259"
[1] "rewire_graph: Mode degree distribution"
[1] "rewired_ppi_network = 13301"
[1] "rewire_graph: num_iterations = 13292"
[1] "rewire_graph: Mode degree distribution"
[1] "rewired_tf_network = 6117"
[1] "rewire_graph: num_iterations = 6117"
[1] "rewire_graph: Mode degree distribution"
[1] "rewired_kinase_network = 2259"
[1] "rewire_graph: num_iterations = 2259"
[1] "rewire_graph: Mode degree distribution"
[1] "rewired_ppi_network = 13301"
[1] "rewire_graph: num_iterations = 13292"
[1] "rewire_graph: Mode degree distribution"
[1] "rewired_tf_network = 6117"
[1] "rewire_graph: num_iterations = 6117"
[1] "rewire_graph: Mode degree distribution"
[1] "rewired_kinase_network = 2259"
[1] "rewire_graph: num_iterations = 2259"
[1] "rewire_graph: Mode degree distribution"
[1] "rewired_ppi_network = 13301"
[1] "rewire_graph: num_iterations = 13292"
[1] "rewire_graph: Mode degree distribution"
Source: local data frame [1 x 1]

  count
  (int)
1 90405
Source: local data frame [1 x 1]

  count
  (int)
1 91248
[1] "rewire_genetic_interactions_network = 181590"
[1] "rewire_graph: num_iterations = 181590"
[1] "rewire_graph: Mode degree distribution"
[1] "rewired_tf_network = 6117"
[1] "rewire_graph: num_iterations = 6117"
[1] "rewire_graph: Mode degree distribution"
Source: local data frame [1 x 1]

  count
  (int)
1 90221
Source: local data frame [1 x 1]

  count
  (int)
1 91432
[1] "rewire_genetic_interactions_network = 181590"
[1] "rewire_graph: num_iterations = 181590"
[1] "rewire_graph: Mode degree distribution"
[1] "rewired_tf_network = 6117"
[1] "rewire_graph: num_iterations = 6117"
[1] "rewire_graph: Mode degree distribution"
[1] "rewired_tf_network = 6117"
[1] "rewire_graph: num_iterations = 6117"
[1] "rewire_graph: Mode degree distribution"
Source: local data frame [1 x 1]

  count
  (int)
1 90161
Source: local data frame [1 x 1]

  count
  (int)
1 91492
[1] "rewire_genetic_interactions_network = 181590"
[1] "rewire_graph: num_iterations = 181590"
[1] "rewire_graph: Mode degree distribution"
Source: local data frame [1 x 1]

  count
  (int)
1 90307
Source: local data frame [1 x 1]

  count
  (int)
1 91346
[1] "rewire_genetic_interactions_network = 181590"
[1] "rewire_graph: num_iterations = 181590"
[1] "rewire_graph: Mode degree distribution"
Source: local data frame [1 x 1]

  count
  (int)
1 90071
Source: local data frame [1 x 1]

  count
  (int)
1 91582
[1] "rewire_genetic_interactions_network = 181590"
[1] "rewire_graph: num_iterations = 181590"
[1] "rewire_graph: Mode degree distribution"
[1] "rewired_kinase_network = 2259"
[1] "rewire_graph: num_iterations = 2259"
[1] "rewire_graph: Mode degree distribution"
[1] "rewired_ppi_network = 13301"
[1] "rewire_graph: num_iterations = 13292"
[1] "rewire_graph: Mode degree distribution"
[1] "rewired_tf_network = 6117"
[1] "rewire_graph: num_iterations = 6117"
[1] "rewire_graph: Mode degree distribution"
[1] "rewired_kinase_network = 2259"
[1] "rewire_graph: num_iterations = 2259"
[1] "rewire_graph: Mode degree distribution"
[1] "rewired_ppi_network = 13301"
[1] "rewire_graph: num_iterations = 13292"
[1] "rewire_graph: Mode degree distribution"
Source: local data frame [1 x 1]

  count
  (int)
1 90097
Source: local data frame [1 x 1]

  count
  (int)
1 91556
[1] "rewire_genetic_interactions_network = 181590"
[1] "rewire_graph: num_iterations = 181590"
[1] "rewire_graph: Mode degree distribution"
[1] "rewired_tf_network = 6117"
[1] "rewire_graph: num_iterations = 6117"
[1] "rewire_graph: Mode degree distribution"
Source: local data frame [1 x 1]

  count
  (int)
1 90177
Source: local data frame [1 x 1]

  count
  (int)
1 91476
[1] "rewire_genetic_interactions_network = 181590"
[1] "rewire_graph: num_iterations = 181590"
[1] "rewire_graph: Mode degree distribution"
[1] "rewired_kinase_network = 2259"
[1] "rewire_graph: num_iterations = 2259"
[1] "rewire_graph: Mode degree distribution"
[1] "rewired_ppi_network = 13301"
[1] "rewire_graph: num_iterations = 13292"
[1] "rewire_graph: Mode degree distribution"
[1] "rewired_tf_network = 6117"
[1] "rewire_graph: num_iterations = 6117"
[1] "rewire_graph: Mode degree distribution"
Source: local data frame [1 x 1]

  count
  (int)
1 90087
Source: local data frame [1 x 1]

  count
  (int)
1 91566
[1] "rewire_genetic_interactions_network = 181590"
[1] "rewire_graph: num_iterations = 181590"
[1] "rewire_graph: Mode degree distribution"
[1] "rewired_kinase_network = 2259"
[1] "rewire_graph: num_iterations = 2259"
[1] "rewire_graph: Mode degree distribution"
[1] "rewired_ppi_network = 13301"
[1] "rewire_graph: num_iterations = 13292"
[1] "rewire_graph: Mode degree distribution"
[1] "rewired_kinase_network = 2259"
[1] "rewire_graph: num_iterations = 2259"
[1] "rewire_graph: Mode degree distribution"
[1] "rewired_ppi_network = 13301"
[1] "rewire_graph: num_iterations = 13292"
[1] "rewire_graph: Mode degree distribution"
[1] "rewired_tf_network = 6117"
[1] "rewire_graph: num_iterations = 6117"
[1] "rewire_graph: Mode degree distribution"
[1] "rewired_tf_network = 6117"
[1] "rewire_graph: num_iterations = 6117"
[1] "rewire_graph: Mode degree distribution"
Source: local data frame [1 x 1]

  count
  (int)
1 90017
Source: local data frame [1 x 1]

  count
  (int)
1 91636
[1] "rewire_genetic_interactions_network = 181590"
[1] "rewire_graph: num_iterations = 181590"
[1] "rewire_graph: Mode degree distribution"
Source: local data frame [1 x 1]

  count
  (int)
1 90467
Source: local data frame [1 x 1]

  count
  (int)
1 91186
[1] "rewire_genetic_interactions_network = 181590"
[1] "rewire_graph: num_iterations = 181590"
[1] "rewire_graph: Mode degree distribution"
[1] "rewired_kinase_network = 2259"
[1] "rewire_graph: num_iterations = 2259"
[1] "rewire_graph: Mode degree distribution"
[1] "rewired_ppi_network = 13301"
[1] "rewire_graph: num_iterations = 13292"
[1] "rewire_graph: Mode degree distribution"
[1] "rewired_kinase_network = 2259"
[1] "rewire_graph: num_iterations = 2259"
[1] "rewire_graph: Mode degree distribution"
[1] "rewired_ppi_network = 13301"
[1] "rewire_graph: num_iterations = 13292"
[1] "rewire_graph: Mode degree distribution"
[1] "rewired_tf_network = 6117"
[1] "rewire_graph: num_iterations = 6117"
[1] "rewire_graph: Mode degree distribution"
[1] "rewired_kinase_network = 2259"
[1] "rewire_graph: num_iterations = 2259"
[1] "rewire_graph: Mode degree distribution"
[1] "rewired_ppi_network = 13301"
[1] "rewire_graph: num_iterations = 13292"
[1] "rewire_graph: Mode degree distribution"
Source: local data frame [1 x 1]

  count
  (int)
1 90216
Source: local data frame [1 x 1]

  count
  (int)
1 91437
[1] "rewire_genetic_interactions_network = 181590"
[1] "rewire_graph: num_iterations = 181590"
[1] "rewire_graph: Mode degree distribution"
[1] "rewired_tf_network = 6117"
[1] "rewire_graph: num_iterations = 6117"
[1] "rewire_graph: Mode degree distribution"
[1] "rewired_tf_network = 6117"
[1] "rewire_graph: num_iterations = 6117"
[1] "rewire_graph: Mode degree distribution"
Source: local data frame [1 x 1]

  count
  (int)
1 90251
Source: local data frame [1 x 1]

  count
  (int)
1 91402
[1] "rewire_genetic_interactions_network = 181590"
[1] "rewire_graph: num_iterations = 181590"
[1] "rewire_graph: Mode degree distribution"
[1] "rewired_kinase_network = 2259"
[1] "rewire_graph: num_iterations = 2259"
[1] "rewire_graph: Mode degree distribution"
Source: local data frame [1 x 1]

  count
  (int)
1 90332
Source: local data frame [1 x 1]

  count
  (int)
1 91321
[1] "rewired_ppi_network = 13301"
[1] "rewire_graph: num_iterations = 13292"
[1] "rewire_graph: Mode degree distribution"
[1] "rewire_genetic_interactions_network = 181590"
[1] "rewire_graph: num_iterations = 181590"
[1] "rewire_graph: Mode degree distribution"
[1] "rewired_tf_network = 6117"
[1] "rewire_graph: num_iterations = 6117"
[1] "rewire_graph: Mode degree distribution"
Source: local data frame [1 x 1]

  count
  (int)
1 90108
Source: local data frame [1 x 1]

  count
  (int)
1 91545
[1] "rewire_genetic_interactions_network = 181590"
[1] "rewire_graph: num_iterations = 181590"
[1] "rewire_graph: Mode degree distribution"
[1] "rewired_kinase_network = 2259"
[1] "rewire_graph: num_iterations = 2259"
[1] "rewire_graph: Mode degree distribution"
[1] "rewired_ppi_network = 13301"
[1] "rewire_graph: num_iterations = 13292"
[1] "rewire_graph: Mode degree distribution"
[1] "rewired_kinase_network = 2259"
[1] "rewire_graph: num_iterations = 2259"
[1] "rewire_graph: Mode degree distribution"
[1] "rewired_ppi_network = 13301"
[1] "rewire_graph: num_iterations = 13292"
[1] "rewire_graph: Mode degree distribution"
[1] "rewired_tf_network = 6117"
[1] "rewire_graph: num_iterations = 6117"
[1] "rewire_graph: Mode degree distribution"
[1] "rewired_kinase_network = 2259"
[1] "rewire_graph: num_iterations = 2259"
[1] "rewire_graph: Mode degree distribution"
[1] "rewired_ppi_network = 13301"
[1] "rewire_graph: num_iterations = 13292"
[1] "rewire_graph: Mode degree distribution"
Source: local data frame [1 x 1]

  count
  (int)
1 90160
Source: local data frame [1 x 1]

  count
  (int)
1 91493
[1] "rewire_genetic_interactions_network = 181590"
[1] "rewire_graph: num_iterations = 181590"
[1] "rewire_graph: Mode degree distribution"
[1] "rewired_kinase_network = 2259"
[1] "rewire_graph: num_iterations = 2259"
[1] "rewire_graph: Mode degree distribution"
[1] "rewired_ppi_network = 13301"
[1] "rewire_graph: num_iterations = 13292"
[1] "rewire_graph: Mode degree distribution"
[1] "rewired_tf_network = 6117"
[1] "rewire_graph: num_iterations = 6117"
[1] "rewire_graph: Mode degree distribution"
[1] "rewired_tf_network = 6117"
[1] "rewire_graph: num_iterations = 6117"
[1] "rewire_graph: Mode degree distribution"
Source: local data frame [1 x 1]

  count
  (int)
1 90147
Source: local data frame [1 x 1]

  count
  (int)
1 91506
[1] "rewire_genetic_interactions_network = 181590"
[1] "rewire_graph: num_iterations = 181590"
[1] "rewire_graph: Mode degree distribution"
[1] "rewired_tf_network = 6117"
[1] "rewire_graph: num_iterations = 6117"
[1] "rewire_graph: Mode degree distribution"
Source: local data frame [1 x 1]

  count
  (int)
1 90245
Source: local data frame [1 x 1]

  count
  (int)
1 91408
[1] "rewire_genetic_interactions_network = 181590"
[1] "rewire_graph: num_iterations = 181590"
[1] "rewire_graph: Mode degree distribution"
Source: local data frame [1 x 1]

  count
  (int)
1 90356
Source: local data frame [1 x 1]

  count
  (int)
1 91297
[1] "rewire_genetic_interactions_network = 181590"
[1] "rewire_graph: num_iterations = 181590"
[1] "rewire_graph: Mode degree distribution"
[1] "rewired_kinase_network = 2259"
[1] "rewire_graph: num_iterations = 2259"
[1] "rewire_graph: Mode degree distribution"
[1] "rewired_ppi_network = 13301"
[1] "rewire_graph: num_iterations = 13292"
[1] "rewire_graph: Mode degree distribution"
[1] "rewired_tf_network = 6117"
[1] "rewire_graph: num_iterations = 6117"
[1] "rewire_graph: Mode degree distribution"
Source: local data frame [1 x 1]

  count
  (int)
1 90256
Source: local data frame [1 x 1]

  count
  (int)
1 91397
[1] "rewire_genetic_interactions_network = 181590"
[1] "rewire_graph: num_iterations = 181590"
[1] "rewire_graph: Mode degree distribution"
[1] "rewired_kinase_network = 2259"
[1] "rewire_graph: num_iterations = 2259"
[1] "rewire_graph: Mode degree distribution"
[1] "rewired_ppi_network = 13301"
[1] "rewire_graph: num_iterations = 13292"
[1] "rewire_graph: Mode degree distribution"
[1] "rewired_tf_network = 6117"
[1] "rewire_graph: num_iterations = 6117"
[1] "rewire_graph: Mode degree distribution"
Source: local data frame [1 x 1]

  count
  (int)
1 90278
Source: local data frame [1 x 1]

  count
  (int)
1 91375
[1] "rewire_genetic_interactions_network = 181590"
[1] "rewire_graph: num_iterations = 181590"
[1] "rewire_graph: Mode degree distribution"
[1] "rewired_kinase_network = 2259"
[1] "rewire_graph: num_iterations = 2259"
[1] "rewire_graph: Mode degree distribution"
[1] "rewired_ppi_network = 13301"
[1] "rewire_graph: num_iterations = 13292"
[1] "rewire_graph: Mode degree distribution"
[1] "rewired_tf_network = 6117"
[1] "rewire_graph: num_iterations = 6117"
[1] "rewire_graph: Mode degree distribution"
Source: local data frame [1 x 1]

  count
  (int)
1 90196
Source: local data frame [1 x 1]

  count
  (int)
1 91457
[1] "rewire_genetic_interactions_network = 181590"
[1] "rewire_graph: num_iterations = 181590"
[1] "rewire_graph: Mode degree distribution"
[1] "rewired_kinase_network = 2259"
[1] "rewire_graph: num_iterations = 2259"
[1] "rewire_graph: Mode degree distribution"
[1] "rewired_ppi_network = 13301"
[1] "rewire_graph: num_iterations = 13292"
[1] "rewire_graph: Mode degree distribution"
[1] "rewired_tf_network = 6117"
[1] "rewire_graph: num_iterations = 6117"
[1] "rewire_graph: Mode degree distribution"
Source: local data frame [1 x 1]

  count
  (int)
1 90182
Source: local data frame [1 x 1]

  count
  (int)
1 91471
[1] "rewire_genetic_interactions_network = 181590"
[1] "rewire_graph: num_iterations = 181590"
[1] "rewire_graph: Mode degree distribution"
[1] "rewired_kinase_network = 2259"
[1] "rewire_graph: num_iterations = 2259"
[1] "rewire_graph: Mode degree distribution"
[1] "rewired_ppi_network = 13301"
[1] "rewire_graph: num_iterations = 13292"
[1] "rewire_graph: Mode degree distribution"
[1] "rewired_tf_network = 6117"
[1] "rewire_graph: num_iterations = 6117"
[1] "rewire_graph: Mode degree distribution"
Source: local data frame [1 x 1]

  count
  (int)
1 90144
Source: local data frame [1 x 1]

  count
  (int)
1 91509
[1] "rewire_genetic_interactions_network = 181590"
[1] "rewire_graph: num_iterations = 181590"
[1] "rewire_graph: Mode degree distribution"
[1] "rewired_kinase_network = 2259"
[1] "rewire_graph: num_iterations = 2259"
[1] "rewire_graph: Mode degree distribution"
[1] "rewired_ppi_network = 13301"
[1] "rewire_graph: num_iterations = 13292"
[1] "rewire_graph: Mode degree distribution"
[1] "rewired_tf_network = 6117"
[1] "rewire_graph: num_iterations = 6117"
[1] "rewire_graph: Mode degree distribution"
Source: local data frame [1 x 1]

  count
  (int)
1 90452
Source: local data frame [1 x 1]

  count
  (int)
1 91201
[1] "rewire_genetic_interactions_network = 181590"
[1] "rewire_graph: num_iterations = 181590"
[1] "rewire_graph: Mode degree distribution"
[1] "rewired_kinase_network = 2259"
[1] "rewire_graph: num_iterations = 2259"
[1] "rewire_graph: Mode degree distribution"
[1] "rewired_ppi_network = 13301"
[1] "rewire_graph: num_iterations = 13292"
[1] "rewire_graph: Mode degree distribution"
[1] "rewired_tf_network = 6117"
[1] "rewire_graph: num_iterations = 6117"
[1] "rewire_graph: Mode degree distribution"
Source: local data frame [1 x 1]

  count
  (int)
1 90276
Source: local data frame [1 x 1]

  count
  (int)
1 91377
[1] "rewire_genetic_interactions_network = 181590"
[1] "rewire_graph: num_iterations = 181590"
[1] "rewire_graph: Mode degree distribution"
[1] "rewired_kinase_network = 2259"
[1] "rewire_graph: num_iterations = 2259"
[1] "rewire_graph: Mode degree distribution"
[1] "rewired_ppi_network = 13301"
[1] "rewire_graph: num_iterations = 13292"
[1] "rewire_graph: Mode degree distribution"
[1] "rewired_tf_network = 6117"
[1] "rewire_graph: num_iterations = 6117"
[1] "rewire_graph: Mode degree distribution"
Source: local data frame [1 x 1]

  count
  (int)
1 90404
Source: local data frame [1 x 1]

  count
  (int)
1 91249
[1] "rewire_genetic_interactions_network = 181590"
[1] "rewire_graph: num_iterations = 181590"
[1] "rewire_graph: Mode degree distribution"
[1] "rewired_kinase_network = 2259"
[1] "rewire_graph: num_iterations = 2259"
[1] "rewire_graph: Mode degree distribution"
[1] "rewired_ppi_network = 13301"
[1] "rewire_graph: num_iterations = 13292"
[1] "rewire_graph: Mode degree distribution"
[1] "rewired_tf_network = 6117"
[1] "rewire_graph: num_iterations = 6117"
[1] "rewire_graph: Mode degree distribution"
Source: local data frame [1 x 1]

  count
  (int)
1 90184
Source: local data frame [1 x 1]

  count
  (int)
1 91469
[1] "rewire_genetic_interactions_network = 181590"
[1] "rewire_graph: num_iterations = 181590"
[1] "rewire_graph: Mode degree distribution"
[1] "rewired_kinase_network = 2259"
[1] "rewire_graph: num_iterations = 2259"
[1] "rewire_graph: Mode degree distribution"
[1] "rewired_ppi_network = 13301"
[1] "rewire_graph: num_iterations = 13292"
[1] "rewire_graph: Mode degree distribution"
[1] "rewired_tf_network = 6117"
[1] "rewire_graph: num_iterations = 6117"
[1] "rewire_graph: Mode degree distribution"
Source: local data frame [1 x 1]

  count
  (int)
1 90154
Source: local data frame [1 x 1]

  count
  (int)
1 91499
[1] "rewire_genetic_interactions_network = 181590"
[1] "rewire_graph: num_iterations = 181590"
[1] "rewire_graph: Mode degree distribution"
[1] "rewired_kinase_network = 2259"
[1] "rewire_graph: num_iterations = 2259"
[1] "rewire_graph: Mode degree distribution"
[1] "rewired_ppi_network = 13301"
[1] "rewire_graph: num_iterations = 13292"
[1] "rewire_graph: Mode degree distribution"
[1] "rewired_tf_network = 6117"
[1] "rewire_graph: num_iterations = 6117"
[1] "rewire_graph: Mode degree distribution"
Source: local data frame [1 x 1]

  count
  (int)
1 90153
Source: local data frame [1 x 1]

  count
  (int)
1 91500
[1] "rewire_genetic_interactions_network = 181590"
[1] "rewire_graph: num_iterations = 181590"
[1] "rewire_graph: Mode degree distribution"
[1] "rewired_kinase_network = 2259"
[1] "rewire_graph: num_iterations = 2259"
[1] "rewire_graph: Mode degree distribution"
[1] "rewired_ppi_network = 13301"
[1] "rewire_graph: num_iterations = 13292"
[1] "rewire_graph: Mode degree distribution"
[1] "rewired_tf_network = 6117"
[1] "rewire_graph: num_iterations = 6117"
[1] "rewire_graph: Mode degree distribution"
Source: local data frame [1 x 1]

  count
  (int)
1 90247
Source: local data frame [1 x 1]

  count
  (int)
1 91406
[1] "rewire_genetic_interactions_network = 181590"
[1] "rewire_graph: num_iterations = 181590"
[1] "rewire_graph: Mode degree distribution"
[1] "rewired_kinase_network = 2259"
[1] "rewire_graph: num_iterations = 2259"
[1] "rewire_graph: Mode degree distribution"
[1] "rewired_ppi_network = 13301"
[1] "rewire_graph: num_iterations = 13292"
[1] "rewire_graph: Mode degree distribution"
[1] "rewired_tf_network = 6117"
[1] "rewire_graph: num_iterations = 6117"
[1] "rewire_graph: Mode degree distribution"
Source: local data frame [1 x 1]

  count
  (int)
1 90119
Source: local data frame [1 x 1]

  count
  (int)
1 91534
[1] "rewire_genetic_interactions_network = 181590"
[1] "rewire_graph: num_iterations = 181590"
[1] "rewire_graph: Mode degree distribution"
[1] "rewired_kinase_network = 2259"
[1] "rewire_graph: num_iterations = 2259"
[1] "rewire_graph: Mode degree distribution"
[1] "rewired_ppi_network = 13301"
[1] "rewire_graph: num_iterations = 13292"
[1] "rewire_graph: Mode degree distribution"
[1] "rewired_kinase_network = 2259"
[1] "rewire_graph: num_iterations = 2259"
[1] "rewire_graph: Mode degree distribution"
[1] "rewired_ppi_network = 13301"
[1] "rewire_graph: num_iterations = 13292"
[1] "rewire_graph: Mode degree distribution"
[1] "rewired_tf_network = 6117"
[1] "rewire_graph: num_iterations = 6117"
[1] "rewire_graph: Mode degree distribution"
Source: local data frame [1 x 1]

  count
  (int)
1 90389
Source: local data frame [1 x 1]

  count
  (int)
1 91264
[1] "rewire_genetic_interactions_network = 181590"
[1] "rewire_graph: num_iterations = 181590"
[1] "rewire_graph: Mode degree distribution"
[1] "rewired_tf_network = 6117"
[1] "rewire_graph: num_iterations = 6117"
[1] "rewire_graph: Mode degree distribution"
Source: local data frame [1 x 1]

  count
  (int)
1 90367
Source: local data frame [1 x 1]

  count
  (int)
1 91286
[1] "rewire_genetic_interactions_network = 181590"
[1] "rewire_graph: num_iterations = 181590"
[1] "rewire_graph: Mode degree distribution"
[1] "rewired_kinase_network = 2259"
[1] "rewire_graph: num_iterations = 2259"
[1] "rewire_graph: Mode degree distribution"
[1] "rewired_ppi_network = 13301"
[1] "rewire_graph: num_iterations = 13292"
[1] "rewire_graph: Mode degree distribution"
[1] "rewired_tf_network = 6117"
[1] "rewire_graph: num_iterations = 6117"
[1] "rewire_graph: Mode degree distribution"
Source: local data frame [1 x 1]

  count
  (int)
1 90282
Source: local data frame [1 x 1]

  count
  (int)
1 91371
[1] "rewire_genetic_interactions_network = 181590"
[1] "rewire_graph: num_iterations = 181590"
[1] "rewire_graph: Mode degree distribution"
[1] "rewired_kinase_network = 2259"
[1] "rewire_graph: num_iterations = 2259"
[1] "rewire_graph: Mode degree distribution"
[1] "rewired_ppi_network = 13301"
[1] "rewire_graph: num_iterations = 13292"
[1] "rewire_graph: Mode degree distribution"
[1] "rewired_tf_network = 6117"
[1] "rewire_graph: num_iterations = 6117"
[1] "rewire_graph: Mode degree distribution"
Source: local data frame [1 x 1]

  count
  (int)
1 90230
Source: local data frame [1 x 1]

  count
  (int)
1 91423
[1] "rewire_genetic_interactions_network = 181590"
[1] "rewire_graph: num_iterations = 181590"
[1] "rewire_graph: Mode degree distribution"
[1] "rewired_kinase_network = 2259"
[1] "rewire_graph: num_iterations = 2259"
[1] "rewire_graph: Mode degree distribution"
[1] "rewired_ppi_network = 13301"
[1] "rewire_graph: num_iterations = 13292"
[1] "rewire_graph: Mode degree distribution"
[1] "rewired_tf_network = 6117"
[1] "rewire_graph: num_iterations = 6117"
[1] "rewire_graph: Mode degree distribution"
Source: local data frame [1 x 1]

  count
  (int)
1 90178
Source: local data frame [1 x 1]

  count
  (int)
1 91475
[1] "rewire_genetic_interactions_network = 181590"
[1] "rewire_graph: num_iterations = 181590"
[1] "rewire_graph: Mode degree distribution"
[1] "rewired_kinase_network = 2259"
[1] "rewire_graph: num_iterations = 2259"
[1] "rewire_graph: Mode degree distribution"
[1] "rewired_ppi_network = 13301"
[1] "rewire_graph: num_iterations = 13292"
[1] "rewire_graph: Mode degree distribution"
[1] "rewired_tf_network = 6117"
[1] "rewire_graph: num_iterations = 6117"
[1] "rewire_graph: Mode degree distribution"
Source: local data frame [1 x 1]

  count
  (int)
1 90168
Source: local data frame [1 x 1]

  count
  (int)
1 91485
[1] "rewire_genetic_interactions_network = 181590"
[1] "rewire_graph: num_iterations = 181590"
[1] "rewire_graph: Mode degree distribution"
[1] "rewired_kinase_network = 2259"
[1] "rewire_graph: num_iterations = 2259"
[1] "rewire_graph: Mode degree distribution"
[1] "rewired_ppi_network = 13301"
[1] "rewire_graph: num_iterations = 13292"
[1] "rewire_graph: Mode degree distribution"
[1] "rewired_tf_network = 6117"
[1] "rewire_graph: num_iterations = 6117"
[1] "rewire_graph: Mode degree distribution"
Source: local data frame [1 x 1]

  count
  (int)
1 90379
Source: local data frame [1 x 1]

  count
  (int)
1 91274
[1] "rewire_genetic_interactions_network = 181590"
[1] "rewire_graph: num_iterations = 181590"
[1] "rewire_graph: Mode degree distribution"
[1] "rewired_kinase_network = 2259"
[1] "rewire_graph: num_iterations = 2259"
[1] "rewire_graph: Mode degree distribution"
[1] "rewired_ppi_network = 13301"
[1] "rewire_graph: num_iterations = 13292"
[1] "rewire_graph: Mode degree distribution"
[1] "rewired_tf_network = 6117"
[1] "rewire_graph: num_iterations = 6117"
[1] "rewire_graph: Mode degree distribution"
Source: local data frame [1 x 1]

  count
  (int)
1 90382
Source: local data frame [1 x 1]

  count
  (int)
1 91271
[1] "rewire_genetic_interactions_network = 181590"
[1] "rewire_graph: num_iterations = 181590"
[1] "rewire_graph: Mode degree distribution"
[1] "rewired_kinase_network = 2259"
[1] "rewire_graph: num_iterations = 2259"
[1] "rewire_graph: Mode degree distribution"
[1] "rewired_ppi_network = 13301"
[1] "rewire_graph: num_iterations = 13292"
[1] "rewire_graph: Mode degree distribution"
[1] "rewired_tf_network = 6117"
[1] "rewire_graph: num_iterations = 6117"
[1] "rewire_graph: Mode degree distribution"
Source: local data frame [1 x 1]

  count
  (int)
1 90339
Source: local data frame [1 x 1]

  count
  (int)
1 91314
[1] "rewire_genetic_interactions_network = 181590"
[1] "rewire_graph: num_iterations = 181590"
[1] "rewire_graph: Mode degree distribution"
[1] "rewired_kinase_network = 2259"
[1] "rewire_graph: num_iterations = 2259"
[1] "rewire_graph: Mode degree distribution"
[1] "rewired_ppi_network = 13301"
[1] "rewire_graph: num_iterations = 13292"
[1] "rewire_graph: Mode degree distribution"
[1] "rewired_tf_network = 6117"
[1] "rewire_graph: num_iterations = 6117"
[1] "rewire_graph: Mode degree distribution"
Source: local data frame [1 x 1]

  count
  (int)
1 90175
Source: local data frame [1 x 1]

  count
  (int)
1 91478
[1] "rewire_genetic_interactions_network = 181590"
[1] "rewire_graph: num_iterations = 181590"
[1] "rewire_graph: Mode degree distribution"
[1] "rewired_kinase_network = 2259"
[1] "rewire_graph: num_iterations = 2259"
[1] "rewire_graph: Mode degree distribution"
[1] "rewired_ppi_network = 13301"
[1] "rewire_graph: num_iterations = 13292"
[1] "rewire_graph: Mode degree distribution"
[1] "rewired_kinase_network = 2259"
[1] "rewire_graph: num_iterations = 2259"
[1] "rewire_graph: Mode degree distribution"
[1] "rewired_tf_network = 6117"
[1] "rewired_ppi_network = 13301"
[1] "rewire_graph: num_iterations = 6117"
[1] "rewire_graph: Mode degree distribution"
[1] "rewire_graph: num_iterations = 13292"
[1] "rewire_graph: Mode degree distribution"
Source: local data frame [1 x 1]

  count
  (int)
1 90197
Source: local data frame [1 x 1]

  count
  (int)
1 91456
[1] "rewire_genetic_interactions_network = 181590"
[1] "rewire_graph: num_iterations = 181590"
[1] "rewire_graph: Mode degree distribution"
[1] "rewired_tf_network = 6117"
[1] "rewire_graph: num_iterations = 6117"
[1] "rewire_graph: Mode degree distribution"
Source: local data frame [1 x 1]

  count
  (int)
1 90098
Source: local data frame [1 x 1]

  count
  (int)
1 91555
[1] "rewire_genetic_interactions_network = 181590"
[1] "rewire_graph: num_iterations = 181590"
[1] "rewire_graph: Mode degree distribution"
[1] "rewired_kinase_network = 2259"
[1] "rewire_graph: num_iterations = 2259"
[1] "rewire_graph: Mode degree distribution"
[1] "rewired_ppi_network = 13301"
[1] "rewire_graph: num_iterations = 13292"
[1] "rewire_graph: Mode degree distribution"
[1] "rewired_tf_network = 6117"
[1] "rewire_graph: num_iterations = 6117"
[1] "rewire_graph: Mode degree distribution"
Source: local data frame [1 x 1]

  count
  (int)
1 90378
Source: local data frame [1 x 1]

  count
  (int)
1 91275
[1] "rewire_genetic_interactions_network = 181590"
[1] "rewire_graph: num_iterations = 181590"
[1] "rewire_graph: Mode degree distribution"
[1] "rewired_kinase_network = 2259"
[1] "rewire_graph: num_iterations = 2259"
[1] "rewire_graph: Mode degree distribution"
[1] "rewired_ppi_network = 13301"
[1] "rewire_graph: num_iterations = 13292"
[1] "rewire_graph: Mode degree distribution"
[1] "rewired_tf_network = 6117"
[1] "rewire_graph: num_iterations = 6117"
[1] "rewire_graph: Mode degree distribution"
Source: local data frame [1 x 1]

  count
  (int)
1 90320
Source: local data frame [1 x 1]

  count
  (int)
1 91333
[1] "rewire_genetic_interactions_network = 181590"
[1] "rewire_graph: num_iterations = 181590"
[1] "rewire_graph: Mode degree distribution"
[1] "rewired_kinase_network = 2259"
[1] "rewire_graph: num_iterations = 2259"
[1] "rewire_graph: Mode degree distribution"
[1] "rewired_ppi_network = 13301"
[1] "rewire_graph: num_iterations = 13292"
[1] "rewire_graph: Mode degree distribution"
[1] "rewired_kinase_network = 2259"
[1] "rewire_graph: num_iterations = 2259"
[1] "rewire_graph: Mode degree distribution"
[1] "rewired_ppi_network = 13301"
[1] "rewire_graph: num_iterations = 13292"
[1] "rewire_graph: Mode degree distribution"
[1] "rewired_tf_network = 6117"
[1] "rewire_graph: num_iterations = 6117"
[1] "rewire_graph: Mode degree distribution"
[1] "rewired_tf_network = 6117"
[1] "rewire_graph: num_iterations = 6117"
[1] "rewire_graph: Mode degree distribution"
Source: local data frame [1 x 1]

  count
  (int)
1 90196
Source: local data frame [1 x 1]

  count
  (int)
1 91457
[1] "rewire_genetic_interactions_network = 181590"
[1] "rewire_graph: num_iterations = 181590"
[1] "rewire_graph: Mode degree distribution"
Source: local data frame [1 x 1]

  count
  (int)
1 90082
Source: local data frame [1 x 1]

  count
  (int)
1 91571
[1] "rewire_genetic_interactions_network = 181590"
[1] "rewire_graph: num_iterations = 181590"
[1] "rewire_graph: Mode degree distribution"
[1] "rewired_kinase_network = 2259"
[1] "rewire_graph: num_iterations = 2259"
[1] "rewire_graph: Mode degree distribution"
[1] "rewired_ppi_network = 13301"
[1] "rewire_graph: num_iterations = 13292"
[1] "rewire_graph: Mode degree distribution"
[1] "rewired_tf_network = 6117"
[1] "rewire_graph: num_iterations = 6117"
[1] "rewire_graph: Mode degree distribution"
Source: local data frame [1 x 1]

  count
  (int)
1 90333
Source: local data frame [1 x 1]

  count
  (int)
1 91320
[1] "rewire_genetic_interactions_network = 181590"
[1] "rewire_graph: num_iterations = 181590"
[1] "rewire_graph: Mode degree distribution"
[1] "rewired_kinase_network = 2259"
[1] "rewire_graph: num_iterations = 2259"
[1] "rewire_graph: Mode degree distribution"
[1] "rewired_ppi_network = 13301"
[1] "rewire_graph: num_iterations = 13292"
[1] "rewire_graph: Mode degree distribution"
[1] "rewired_tf_network = 6117"
[1] "rewire_graph: num_iterations = 6117"
[1] "rewire_graph: Mode degree distribution"
Source: local data frame [1 x 1]

  count
  (int)
1 90334
Source: local data frame [1 x 1]

  count
  (int)
1 91319
[1] "rewire_genetic_interactions_network = 181590"
[1] "rewire_graph: num_iterations = 181590"
[1] "rewire_graph: Mode degree distribution"
[1] "rewired_kinase_network = 2259"
[1] "rewire_graph: num_iterations = 2259"
[1] "rewire_graph: Mode degree distribution"
[1] "rewired_ppi_network = 13301"
[1] "rewire_graph: num_iterations = 13292"
[1] "rewire_graph: Mode degree distribution"
[1] "rewired_tf_network = 6117"
[1] "rewire_graph: num_iterations = 6117"
[1] "rewire_graph: Mode degree distribution"
Source: local data frame [1 x 1]

  count
  (int)
1 90248
Source: local data frame [1 x 1]

  count
  (int)
1 91405
[1] "rewire_genetic_interactions_network = 181590"
[1] "rewire_graph: num_iterations = 181590"
[1] "rewire_graph: Mode degree distribution"
[1] "rewired_kinase_network = 2259"
[1] "rewire_graph: num_iterations = 2259"
[1] "rewire_graph: Mode degree distribution"
[1] "rewired_ppi_network = 13301"
[1] "rewire_graph: num_iterations = 13292"
[1] "rewire_graph: Mode degree distribution"
[1] "rewired_tf_network = 6117"
[1] "rewire_graph: num_iterations = 6117"
[1] "rewire_graph: Mode degree distribution"
Source: local data frame [1 x 1]

  count
  (int)
1 90164
Source: local data frame [1 x 1]

  count
  (int)
1 91489
[1] "rewire_genetic_interactions_network = 181590"
[1] "rewire_graph: num_iterations = 181590"
[1] "rewire_graph: Mode degree distribution"
[1] "rewired_kinase_network = 2259"
[1] "rewire_graph: num_iterations = 2259"
[1] "rewire_graph: Mode degree distribution"
[1] "rewired_ppi_network = 13301"
[1] "rewire_graph: num_iterations = 13292"
[1] "rewire_graph: Mode degree distribution"
[1] "rewired_tf_network = 6117"
[1] "rewire_graph: num_iterations = 6117"
[1] "rewire_graph: Mode degree distribution"
Source: local data frame [1 x 1]

  count
  (int)
1 90389
Source: local data frame [1 x 1]

  count
  (int)
1 91264
[1] "rewire_genetic_interactions_network = 181590"
[1] "rewire_graph: num_iterations = 181590"
[1] "rewire_graph: Mode degree distribution"
[1] "rewired_kinase_network = 2259"
[1] "rewire_graph: num_iterations = 2259"
[1] "rewire_graph: Mode degree distribution"
[1] "rewired_ppi_network = 13301"
[1] "rewire_graph: num_iterations = 13292"
[1] "rewire_graph: Mode degree distribution"
[1] "rewired_tf_network = 6117"
[1] "rewire_graph: num_iterations = 6117"
[1] "rewire_graph: Mode degree distribution"
Source: local data frame [1 x 1]

  count
  (int)
1 90424
Source: local data frame [1 x 1]

  count
  (int)
1 91229
[1] "rewire_genetic_interactions_network = 181590"
[1] "rewire_graph: num_iterations = 181590"
[1] "rewire_graph: Mode degree distribution"
[1] "rewired_kinase_network = 2259"
[1] "rewire_graph: num_iterations = 2259"
[1] "rewire_graph: Mode degree distribution"
[1] "rewired_ppi_network = 13301"
[1] "rewire_graph: num_iterations = 13292"
[1] "rewire_graph: Mode degree distribution"
[1] "rewired_tf_network = 6117"
[1] "rewire_graph: num_iterations = 6117"
[1] "rewire_graph: Mode degree distribution"
Source: local data frame [1 x 1]

  count
  (int)
1 90238
Source: local data frame [1 x 1]

  count
  (int)
1 91415
[1] "rewire_genetic_interactions_network = 181590"
[1] "rewire_graph: num_iterations = 181590"
[1] "rewire_graph: Mode degree distribution"
[1] "rewired_kinase_network = 2259"
[1] "rewire_graph: num_iterations = 2259"
[1] "rewire_graph: Mode degree distribution"
[1] "rewired_ppi_network = 13301"
[1] "rewire_graph: num_iterations = 13292"
[1] "rewire_graph: Mode degree distribution"
[1] "rewired_tf_network = 6117"
[1] "rewire_graph: num_iterations = 6117"
[1] "rewire_graph: Mode degree distribution"
Source: local data frame [1 x 1]

  count
  (int)
1 90277
Source: local data frame [1 x 1]

  count
  (int)
1 91376
[1] "rewire_genetic_interactions_network = 181590"
[1] "rewire_graph: num_iterations = 181590"
[1] "rewire_graph: Mode degree distribution"
