Loading required package: methods

Attaching package: 'igraph'

The following objects are masked from 'package:stats':

    decompose, spectrum

The following object is masked from 'package:base':

    union


Attaching package: 'dplyr'

The following objects are masked from 'package:igraph':

    %>%, as_data_frame, groups, union

The following objects are masked from 'package:stats':

    filter, lag

The following objects are masked from 'package:base':

    intersect, setdiff, setequal, union

R version 3.2.2 (2015-08-14)
Platform: x86_64-pc-linux-gnu (64-bit)
Running under: CentOS release 6.3 (Final)

locale:
[1] C

attached base packages:
[1] parallel  methods   stats     graphics  grDevices utils     datasets 
[8] base     

other attached packages:
[1] lazyeval_0.1.10 dplyr_0.4.3     igraph_1.0.1   

loaded via a namespace (and not attached):
[1] R6_2.1.2       assertthat_0.1 magrittr_1.5   tools_3.2.2    DBI_0.4-1     
[6] Rcpp_0.12.0   
[1] "is_run_locally =  FALSE"
[1] "proportion_of_original_network_size_gi_network = 1.1"
Source: local data frame [1 x 1]

  count
  (int)
1 76241
Source: local data frame [1 x 1]

  count
  (int)
1 77485
[1] "rewire_genetic_interactions_network = 153663"
[1] "rewire_graph: num_iterations = 153663"
[1] "rewire_graph: Mode degree distribution"
Source: local data frame [1 x 1]

  count
  (int)
1 76285
Source: local data frame [1 x 1]

  count
  (int)
1 77441
Source: local data frame [1 x 1]

  count
  (int)
1 76319
Source: local data frame [1 x 1]

  count
  (int)
1 77407
Source: local data frame [1 x 1]

Source: local data frame [1 x 1]

  count
  (int)
1 76265
Source: local data frame [1 x 1]

  count
  (int)
1 76240
Source: local data frame [1 x 1]

  count
  (int)
1 76392
  count
  (int)
1 77486
Source: local data frame [1 x 1]

  count
  (int)
1 77334
Source: local data frame [1 x 1]

  count
  (int)
1 76268
Source: local data frame [1 x 1]

  count
  (int)
1 77458
Source: local data frame [1 x 1]

  count
  (int)
1 76326
Source: local data frame [1 x 1]

  count
  (int)
1 77400
Source: local data frame [1 x 1]

Source: local data frame [1 x 1]

  count
  (int)
1 76350
Source: local data frame [1 x 1]

  count
  (int)
1 77376
  count
  (int)
1 76197
Source: local data frame [1 x 1]

  count
  (int)
1 77529
Source: local data frame [1 x 1]

  count
  (int)
1 76225
Source: local data frame [1 x 1]

  count
  (int)
1 77501
Source: local data frame [1 x 1]

  count
  (int)
1 76118
Source: local data frame [1 x 1]

  count
  (int)
1 77608
S count
  (int)
1 76225
Source: local data frame [1 x 1]

  count
  (int)
1 77501
  count
  (int)
1 76259
Source: local data frame [1 x 1]

  count
  (int)
1 77467
[1] "rewire_genetic_interactions_network = 153663"
[1] "rewire_genetic_interactions_network = 153663"
[1] "rewire_genetic_interactions_network = 153663"
[1] "rewire_genetic_interactions_network = 153663"
[1] "rewire_graph: num_iterations = 153663"
[1] "rewire_graph: Mode degree distribution"
[1] "rewire_genetic_interactions_network = 153663"
[1] "rewire_genetic_interactions_network = 153663"
[1] "rewire_graph: num_iterations = 153663"
[1] "rewire_graph: Mode degree distribution"
[1] "rewire_genetic_interactions_network = 153663"
[1] "rewire_genetic_interactions_network = 153663"
[1] "rewire_genetic_interactions_network = 153663"
[1] "rewire_graph: num_iterations = 153663"
[1] "rewire_graph: Mode degree distribution"
[1] "rewire_genetic_interactions_network = 153663"
[1] "rewire_graph: num_iterations = 153663"
[1] "rewire_graph: Mode degree distribution"[1] "rewire_genetic_interactions_network = 153663"
[1] "rewire_graph: num_iterations = 153663"
[1] "rewire_graph: Mode degree distribution"
[1] "rewire_graph: num_iterations = 153663"
[1] "rewire_graph: Mode degree distribution"
[1] "rewire_graph: num_iterations = 153663"
[1] "rewire_graph: Mode degree distribution"
[1] "rewire_graph: num_iterations = 153663"
[1] "rewire_graph: Mode degree distribution"
[1] "rewire_graph: num_iterations = 153663"
[1] "rewire_graph: Mode degree distribution"
[1] "rewire_graph: num_iterations = 153663"
[1] "rewire_graph: Mode degree distribution"
[1] "rewire_graph: num_iterations = 153663"
[1] "rewire_graph: Mode degree distribution"
[1] "rewire_graph: num_iterations = 153663"
[1] "rewire_graph: Mode degree distribution"
Source: local data frame [1 x 1]

  count
  (int)
1 76288
Source: local data frame [1 x 1]

  count
  (int)
1 77438
Source: local data frame [1 x 1]

  count
  (int)
1 76256
Source: local data frame [1 x 1]

  count
  (int)
1 77470
[1] "rewire_genetic_interactions_network = 153663"
[1] "rewire_genetic_interactions_network = 153663"
[1] "rewire_graph: num_iterations = 153663"
[1] "rewire_graph: Mode degree distribution"
[1] "rewire_graph: num_iterations = 153663"
[1] "rewire_graph: Mode degree distribution"
[1] "rewired_kinase_network = 2259"
[1] "rewire_graph: num_iterations = 2259"
[1] "rewire_graph: Mode degree distribution"
[1] "rewired_kinase_network = 2259"
[1] "rewire_graph: num_iterations = 2259"
[1] "rewire_graph: Mode degree distribution"
[1] "rewired_ppi_network = 13301"
[1] "rewire_graph: num_iterations = 13292"
[1] "rewire_graph: Mode degree distribution"
[1] "rewired_ppi_network = 13301"
[1] "rewire_graph: num_iterations = 13292"
[1] "rewire_graph: Mode degree distribution"
[1] "rewired_kinase_network = 2259"
[1] "rewire_graph: num_iterations = 2259"
[1] "rewire_graph: Mode degree distribution"
[1] "rewired_ppi_network = 13301"
[1] "rewire_graph: num_iterations = 13292"
[1] "rewire_graph: Mode degree distribution"
[1] "rewired_kinase_network = 2259"
[1] "rewire_graph: num_iterations = 2259"
[1] "rewire_graph: Mode degree distribution"
[1] "rewired_ppi_network = 13301"
[1] "rewire_graph: num_iterations = 13292"
[1] "rewire_graph: Mode degree distribution"
[1] "rewired_kinase_network = 2259"
[1] "rewire_graph: num_iterations = 2259"
[1] "rewire_graph: Mode degree distribution"
[1] "rewired_ppi_network = 13301"
[1] "rewire_graph: num_iterations = 13292"
[1] "rewire_graph: Mode degree distribution"
[1] "rewired_tf_network = 6117"
[1] "rewire_graph: num_iterations = 6117"
[1] "rewire_graph: Mode degree distribution"
[1] "rewired_tf_network = 6117"
[1] "rewire_graph: num_iterations = 6117"
[1] "rewire_graph: Mode degree distribution"
[1] "rewired_kinase_network = 2259"
[1] "rewire_graph: num_iterations = 2259"
[1] "rewire_graph: Mode degree distribution"
[1] "rewired_ppi_network = 13301"
[1] "rewire_graph: num_iterations = 13292"
[1] "rewire_graph: Mode degree distribution"
[1] "rewired_tf_network = 6117"
[1] "rewire_graph: num_iterations = 6117"
[1] "rewire_graph: Mode degree distribution"
[1] "rewired_kinase_network = 2259"
[1] "rewire_graph: num_iterations = 2259"
[1] "rewire_graph: Mode degree distribution"
[1] "rewired_ppi_network = 13301"
[1] "rewire_graph: num_iterations = 13292"
[1] "rewire_graph: Mode degree distribution"
[1] "rewired_kinase_network = 2259"
[1] "rewire_graph: num_iterations = 2259"
[1] "rewire_graph: Mode degree distribution"
[1] "rewired_ppi_network = 13301"
[1] "rewire_graph: num_iterations = 13292"
[1] "rewire_graph: Mode degree distribution"
Source: local data frame [1 x 1]

  count
  (int)
1 76319
Source: local data frame [1 x 1]

  count
  (int)
1 77407
[1] "rewire_genetic_interactions_network = 153663"
[1] "rewire_graph: num_iterations = 153663"
[1] "rewire_graph: Mode degree distribution"
Source: local data frame [1 x 1]

  count
  (int)
1 76332
Source: local data frame [1 x 1]

  count
  (int)
1 77394
[1] "rewire_genetic_interactions_network = 153663"
[1] "rewire_graph: num_iterations = 153663"
[1] "rewire_graph: Mode degree distribution"
Source: local data frame [1 x 1]

  count
  (int)
1 76315
Source: local data frame [1 x 1]

  count
  (int)
1 77411
[1] "rewire_genetic_interactions_network = 153663"
[1] "rewire_graph: num_iterations = 153663"
[1] "rewire_graph: Mode degree distribution"
[1] "rewired_tf_network = 6117"
[1] "rewire_graph: num_iterations = 6117"
[1] "rewire_graph: Mode degree distribution"
[1] "rewired_tf_network = 6117"
[1] "rewire_graph: num_iterations = 6117"
[1] "rewire_graph: Mode degree distribution"
[1] "rewired_kinase_network = 2259"
[1] "rewire_graph: num_iterations = 2259"
[1] "rewire_graph: Mode degree distribution"
[1] "rewired_ppi_network = 13301"
[1] "rewire_graph: num_iterations = 13292"
[1] "rewire_graph: Mode degree distribution"
[1] "rewired_tf_network = 6117"
[1] "rewire_graph: num_iterations = 6117"
[1] "rewire_graph: Mode degree distribution"
[1] "rewired_tf_network = 6117"
[1] "rewire_graph: num_iterations = 6117"
[1] "rewire_graph: Mode degree distribution"
Source: local data frame [1 x 1]

  count
  (int)
1 76260
Source: local data frame [1 x 1]

  count
  (int)
1 77466
[1] "rewire_genetic_interactions_network = 153663"
[1] "rewire_graph: num_iterations = 153663"
[1] "rewire_graph: Mode degree distribution"
[1] "rewired_tf_network = 6117"
[1] "rewire_graph: num_iterations = 6117"
[1] "rewire_graph: Mode degree distribution"
Source: local data frame [1 x 1]

  count
  (int)
1 76241
Source: local data frame [1 x 1]

  count
  (int)
1 77485
[1] "rewire_genetic_interactions_network = 153663"
[1] "rewire_graph: num_iterations = 153663"
[1] "rewire_graph: Mode degree distribution"
Source: local data frame [1 x 1]

  count
  (int)
1 76242
Source: local data frame [1 x 1]

  count
  (int)
1 77484
[1] "rewired_kinase_network = 2259"
[1] "rewire_graph: num_iterations = 2259"
[1] "rewire_graph: Mode degree distribution"
[1] "rewire_genetic_interactions_network = 153663"
[1] "rewire_graph: num_iterations = 153663"
[1] "rewire_graph: Mode degree distribution"
[1] "rewired_ppi_network = 13301"
[1] "rewire_graph: num_iterations = 13292"
[1] "rewire_graph: Mode degree distribution"
Source: local data frame [1 x 1]

  count
  (int)
1 76293
Source: local data frame [1 x 1]

  count
  (int)
1 77433
[1] "rewire_genetic_interactions_network = 153663"
[1] "rewire_graph: num_iterations = 153663"
[1] "rewire_graph: Mode degree distribution"
[1] "rewired_tf_network = 6117"
[1] "rewire_graph: num_iterations = 6117"
[1] "rewire_graph: Mode degree distribution"
Source: local data frame [1 x 1]

  count
  (int)
1 76314
Source: local data frame [1 x 1]

  count
  (int)
1 77412
[1] "rewired_kinase_network = 2259"
[1] "rewire_graph: num_iterations = 2259"
[1] "rewire_graph: Mode degree distribution"
[1] "rewire_genetic_interactions_network = 153663"
[1] "rewire_graph: num_iterations = 153663"
[1] "rewire_graph: Mode degree distribution"
[1] "rewired_ppi_network = 13301"
[1] "rewire_graph: num_iterations = 13292"
[1] "rewire_graph: Mode degree distribution"
[1] "rewired_kinase_network = 2259"
[1] "rewire_graph: num_iterations = 2259"
[1] "rewire_graph: Mode degree distribution"
[1] "rewired_ppi_network = 13301"
[1] "rewire_graph: num_iterations = 13292"
[1] "rewire_graph: Mode degree distribution"
Source: local data frame [1 x 1]

  count
  (int)
1 76360
Source: local data frame [1 x 1]

  count
  (int)
1 77366
[1] "rewire_genetic_interactions_network = 153663"
[1] "rewire_graph: num_iterations = 153663"
[1] "rewire_graph: Mode degree distribution"
[1] "rewired_tf_network = 6117"
[1] "rewire_graph: num_iterations = 6117"
[1] "rewire_graph: Mode degree distribution"
[1] "rewired_tf_network = 6117"
[1] "rewire_graph: num_iterations = 6117"
[1] "rewire_graph: Mode degree distribution"
[1] "rewired_tf_network = 6117"
[1] "rewire_graph: num_iterations = 6117"
[1] "rewire_graph: Mode degree distribution"
Source: local data frame [1 x 1]

  count
  (int)
1 76322
Source: local data frame [1 x 1]

  count
  (int)
1 77404
[1] "rewire_genetic_interactions_network = 153663"
[1] "rewire_graph: num_iterations = 153663"
[1] "rewire_graph: Mode degree distribution"
Source: local data frame [1 x 1]

  count
  (int)
1 76277
Source: local data frame [1 x 1]

  count
  (int)
1 77449
[1] "rewire_genetic_interactions_network = 153663"
[1] "rewire_graph: num_iterations = 153663"
[1] "rewire_graph: Mode degree distribution"
Source: local data frame [1 x 1]

  count
  (int)
1 76212
Source: local data frame [1 x 1]

  count
  (int)
1 77514
[1] "rewire_genetic_interactions_network = 153663"
[1] "rewire_graph: num_iterations = 153663"
[1] "rewire_graph: Mode degree distribution"
[1] "rewired_kinase_network = 2259"
[1] "rewire_graph: num_iterations = 2259"
[1] "rewire_graph: Mode degree distribution"
[1] "rewired_ppi_network = 13301"
[1] "rewire_graph: num_iterations = 13292"
[1] "rewire_graph: Mode degree distribution"
[1] "rewired_kinase_network = 2259"
[1] "rewire_graph: num_iterations = 2259"
[1] "rewire_graph: Mode degree distribution"
[1] "rewired_ppi_network = 13301"
[1] "rewire_graph: num_iterations = 13292"
[1] "rewire_graph: Mode degree distribution"
[1] "rewired_kinase_network = 2259"
[1] "rewire_graph: num_iterations = 2259"
[1] "rewire_graph: Mode degree distribution"
[1] "rewired_ppi_network = 13301"
[1] "rewire_graph: num_iterations = 13292"
[1] "rewire_graph: Mode degree distribution"
[1] "rewired_kinase_network = 2259"
[1] "rewire_graph: num_iterations = 2259"
[1] "rewire_graph: Mode degree distribution"
[1] "rewired_ppi_network = 13301"
[1] "rewire_graph: num_iterations = 13292"
[1] "rewire_graph: Mode degree distribution"
[1] "rewired_tf_network = 6117"
[1] "rewire_graph: num_iterations = 6117"
[1] "rewire_graph: Mode degree distribution"
[1] "rewired_tf_network = 6117"
[1] "rewire_graph: num_iterations = 6117"
[1] "rewire_graph: Mode degree distribution"
[1] "rewired_tf_network = 6117"
[1] "rewire_graph: num_iterations = 6117"
[1] "rewire_graph: Mode degree distribution"
[1] "rewired_tf_network = 6117"
[1] "rewire_graph: num_iterations = 6117"
[1] "rewire_graph: Mode degree distribution"
Source: local data frame [1 x 1]

  count
  (int)
1 76269
Source: local data frame [1 x 1]

  count
  (int)
1 77457
[1] "rewire_genetic_interactions_network = 153663"
[1] "rewire_graph: num_iterations = 153663"
[1] "rewire_graph: Mode degree distribution"
Source: local data frame [1 x 1]

  count
  (int)
1 76276
Source: local data frame [1 x 1]

  count
  (int)
1 77450
[1] "rewire_genetic_interactions_network = 153663"
[1] "rewire_graph: num_iterations = 153663"
[1] "rewire_graph: Mode degree distribution"
Source: local data frame [1 x 1]

  count
  (int)
1 76182
Source: local data frame [1 x 1]

  count
  (int)
1 77544
[1] "rewire_genetic_interactions_network = 153663"
[1] "rewire_graph: num_iterations = 153663"
[1] "rewire_graph: Mode degree distribution"
Source: local data frame [1 x 1]

  count
  (int)
1 76301
Source: local data frame [1 x 1]

  count
  (int)
1 77425
[1] "rewire_genetic_interactions_network = 153663"
[1] "rewire_graph: num_iterations = 153663"
[1] "rewire_graph: Mode degree distribution"
[1] "rewired_kinase_network = 2259"
[1] "rewire_graph: num_iterations = 2259"
[1] "rewire_graph: Mode degree distribution"
[1] "rewired_ppi_network = 13301"
[1] "rewire_graph: num_iterations = 13292"
[1] "rewire_graph: Mode degree distribution"
[1] "rewired_kinase_network = 2259"
[1] "rewire_graph: num_iterations = 2259"
[1] "rewire_graph: Mode degree distribution"
[1] "rewired_tf_network = 6117"
[1] "rewire_graph: num_iterations = 6117"
[1] "rewire_graph: Mode degree distribution"
[1] "rewired_ppi_network = 13301"
[1] "rewire_graph: num_iterations = 13292"
[1] "rewire_graph: Mode degree distribution"
Source: local data frame [1 x 1]

  count
  (int)
1 76319
Source: local data frame [1 x 1]

  count
  (int)
1 77407
[1] "rewire_genetic_interactions_network = 153663"
[1] "rewire_graph: num_iterations = 153663"
[1] "rewire_graph: Mode degree distribution"
[1] "rewired_tf_network = 6117"
[1] "rewire_graph: num_iterations = 6117"
[1] "rewire_graph: Mode degree distribution"
Source: local data frame [1 x 1]

  count
  (int)
1 76254
Source: local data frame [1 x 1]

  count
  (int)
1 77472
[1] "rewire_genetic_interactions_network = 153663"
[1] "rewire_graph: num_iterations = 153663"
[1] "rewire_graph: Mode degree distribution"
[1] "rewired_kinase_network = 2259"
[1] "rewire_graph: num_iterations = 2259"
[1] "rewire_graph: Mode degree distribution"
[1] "rewired_ppi_network = 13301"
[1] "rewire_graph: num_iterations = 13292"
[1] "rewire_graph: Mode degree distribution"
[1] "rewired_tf_network = 6117"
[1] "rewire_graph: num_iterations = 6117"
[1] "rewire_graph: Mode degree distribution"
[1] "rewired_kinase_network = 2259"
[1] "rewire_graph: num_iterations = 2259"
[1] "rewire_graph: Mode degree distribution"
[1] "rewired_ppi_network = 13301"
[1] "rewire_graph: num_iterations = 13292"
[1] "rewire_graph: Mode degree distribution"
Source: local data frame [1 x 1]

  count
  (int)
1 76249
Source: local data frame [1 x 1]

  count
  (int)
1 77477
[1] "rewire_genetic_interactions_network = 153663"
[1] "rewire_graph: num_iterations = 153663"
[1] "rewire_graph: Mode degree distribution"
[1] "rewired_kinase_network = 2259"
[1] "rewire_graph: num_iterations = 2259"
[1] "rewire_graph: Mode degree distribution"
[1] "rewired_ppi_network = 13301"
[1] "rewire_graph: num_iterations = 13292"
[1] "rewire_graph: Mode degree distribution"
[1] "rewired_tf_network = 6117"
[1] "rewire_graph: num_iterations = 6117"
[1] "rewire_graph: Mode degree distribution"
Source: local data frame [1 x 1]

  count
  (int)
1 76170
Source: local data frame [1 x 1]

  count
  (int)
1 77556
[1] "rewire_genetic_interactions_network = 153663"
[1] "rewire_graph: num_iterations = 153663"
[1] "rewire_graph: Mode degree distribution"
[1] "rewired_kinase_network = 2259"
[1] "rewire_graph: num_iterations = 2259"
[1] "rewire_graph: Mode degree distribution"
[1] "rewired_ppi_network = 13301"
[1] "rewire_graph: num_iterations = 13292"
[1] "rewire_graph: Mode degree distribution"
[1] "rewired_tf_network = 6117"
[1] "rewire_graph: num_iterations = 6117"
[1] "rewire_graph: Mode degree distribution"
Source: local data frame [1 x 1]

  count
  (int)
1 76393
Source: local data frame [1 x 1]

  count
  (int)
1 77333
[1] "rewire_genetic_interactions_network = 153663"
[1] "rewire_graph: num_iterations = 153663"
[1] "rewire_graph: Mode degree distribution"
[1] "rewired_tf_network = 6117"
[1] "rewire_graph: num_iterations = 6117"
[1] "rewire_graph: Mode degree distribution"
Source: local data frame [1 x 1]

  count
  (int)
1 76328
Source: local data frame [1 x 1]

  count
  (int)
1 77398
[1] "rewire_genetic_interactions_network = 153663"
[1] "rewire_graph: num_iterations = 153663"
[1] "rewire_graph: Mode degree distribution"
[1] "rewired_kinase_network = 2259"
[1] "rewire_graph: num_iterations = 2259"
[1] "rewire_graph: Mode degree distribution"
[1] "rewired_ppi_network = 13301"
[1] "rewire_graph: num_iterations = 13292"
[1] "rewire_graph: Mode degree distribution"
[1] "rewired_kinase_network = 2259"
[1] "rewire_graph: num_iterations = 2259"
[1] "rewire_graph: Mode degree distribution"
[1] "rewired_ppi_network = 13301"
[1] "rewire_graph: num_iterations = 13292"
[1] "rewire_graph: Mode degree distribution"
[1] "rewired_tf_network = 6117"
[1] "rewire_graph: num_iterations = 6117"
[1] "rewire_graph: Mode degree distribution"
Source: local data frame [1 x 1]

  count
  (int)
1 76349
Source: local data frame [1 x 1]

  count
  (int)
1 77377
[1] "rewire_genetic_interactions_network = 153663"
[1] "rewire_graph: num_iterations = 153663"
[1] "rewire_graph: Mode degree distribution"
[1] "rewired_tf_network = 6117"
[1] "rewire_graph: num_iterations = 6117"
[1] "rewire_graph: Mode degree distribution"
[1] "rewired_kinase_network = 2259"
[1] "rewire_graph: num_iterations = 2259"
[1] "rewire_graph: Mode degree distribution"
[1] "rewired_ppi_network = 13301"
[1] "rewire_graph: num_iterations = 13292"
[1] "rewire_graph: Mode degree distribution"
Source: local data frame [1 x 1]

  count
  (int)
1 76293
Source: local data frame [1 x 1]

  count
  (int)
1 77433
[1] "rewire_genetic_interactions_network = 153663"
[1] "rewire_graph: num_iterations = 153663"
[1] "rewire_graph: Mode degree distribution"
[1] "rewired_tf_network = 6117"
[1] "rewire_graph: num_iterations = 6117"
[1] "rewire_graph: Mode degree distribution"
[1] "rewired_kinase_network = 2259"
[1] "rewire_graph: num_iterations = 2259"
[1] "rewire_graph: Mode degree distribution"
[1] "rewired_ppi_network = 13301"
[1] "rewire_graph: num_iterations = 13292"
[1] "rewire_graph: Mode degree distribution"
Source: local data frame [1 x 1]

  count
  (int)
1 76171
Source: local data frame [1 x 1]

  count
  (int)
1 77555
[1] "rewire_genetic_interactions_network = 153663"
[1] "rewire_graph: num_iterations = 153663"
[1] "rewire_graph: Mode degree distribution"
[1] "rewired_tf_network = 6117"
[1] "rewire_graph: num_iterations = 6117"
[1] "rewire_graph: Mode degree distribution"
Source: local data frame [1 x 1]

  count
  (int)
1 76408
Source: local data frame [1 x 1]

  count
  (int)
1 77318
[1] "rewire_genetic_interactions_network = 153663"
[1] "rewire_graph: num_iterations = 153663"
[1] "rewire_graph: Mode degree distribution"
[1] "rewired_kinase_network = 2259"
[1] "rewire_graph: num_iterations = 2259"
[1] "rewire_graph: Mode degree distribution"
[1] "rewired_ppi_network = 13301"
[1] "rewire_graph: num_iterations = 13292"
[1] "rewire_graph: Mode degree distribution"
[1] "rewired_tf_network = 6117"
[1] "rewire_graph: num_iterations = 6117"
[1] "rewire_graph: Mode degree distribution"
[1] "rewired_kinase_network = 2259"
[1] "rewire_graph: num_iterations = 2259"
[1] "rewire_graph: Mode degree distribution"
[1] "rewired_ppi_network = 13301"
[1] "rewire_graph: num_iterations = 13292"
[1] "rewire_graph: Mode degree distribution"
Source: local data frame [1 x 1]

  count
  (int)
1 76309
Source: local data frame [1 x 1]

  count
  (int)
1 77417
[1] "rewire_genetic_interactions_network = 153663"
[1] "rewire_graph: num_iterations = 153663"
[1] "rewire_graph: Mode degree distribution"
[1] "rewired_tf_network = 6117"
[1] "rewire_graph: num_iterations = 6117"
[1] "rewire_graph: Mode degree distribution"
[1] "rewired_kinase_network = 2259"
[1] "rewire_graph: num_iterations = 2259"
[1] "rewire_graph: Mode degree distribution"
[1] "rewired_ppi_network = 13301"
[1] "rewire_graph: num_iterations = 13292"
[1] "rewire_graph: Mode degree distribution"
Source: local data frame [1 x 1]

  count
  (int)
1 76162
Source: local data frame [1 x 1]

  count
  (int)
1 77564
[1] "rewire_genetic_interactions_network = 153663"
[1] "rewire_graph: num_iterations = 153663"
[1] "rewire_graph: Mode degree distribution"
[1] "rewired_tf_network = 6117"
[1] "rewire_graph: num_iterations = 6117"
[1] "rewire_graph: Mode degree distribution"
Source: local data frame [1 x 1]

  count
  (int)
1 76282
Source: local data frame [1 x 1]

  count
  (int)
1 77444
[1] "rewire_genetic_interactions_network = 153663"
[1] "rewire_graph: num_iterations = 153663"
[1] "rewire_graph: Mode degree distribution"
[1] "rewired_kinase_network = 2259"
[1] "rewire_graph: num_iterations = 2259"
[1] "rewire_graph: Mode degree distribution"
[1] "rewired_ppi_network = 13301"
[1] "rewire_graph: num_iterations = 13292"
[1] "rewire_graph: Mode degree distribution"
[1] "rewired_tf_network = 6117"
[1] "rewire_graph: num_iterations = 6117"
[1] "rewire_graph: Mode degree distribution"
Source: local data frame [1 x 1]

  count
  (int)
1 76301
Source: local data frame [1 x 1]

  count
  (int)
1 77425
[1] "rewire_genetic_interactions_network = 153663"
[1] "rewire_graph: num_iterations = 153663"
[1] "rewire_graph: Mode degree distribution"
[1] "rewired_kinase_network = 2259"
[1] "rewire_graph: num_iterations = 2259"
[1] "rewire_graph: Mode degree distribution"
[1] "rewired_ppi_network = 13301"
[1] "rewire_graph: num_iterations = 13292"
[1] "rewire_graph: Mode degree distribution"
[1] "rewired_tf_network = 6117"
[1] "rewire_graph: num_iterations = 6117"
[1] "rewire_graph: Mode degree distribution"
Source: local data frame [1 x 1]

  count
  (int)
1 76301
Source: local data frame [1 x 1]

  count
  (int)
1 77425
[1] "rewire_genetic_interactions_network = 153663"
[1] "rewire_graph: num_iterations = 153663"
[1] "rewire_graph: Mode degree distribution"
[1] "rewired_kinase_network = 2259"
[1] "rewire_graph: num_iterations = 2259"
[1] "rewire_graph: Mode degree distribution"
[1] "rewired_ppi_network = 13301"
[1] "rewire_graph: num_iterations = 13292"
[1] "rewire_graph: Mode degree distribution"
[1] "rewired_tf_network = 6117"
[1] "rewire_graph: num_iterations = 6117"
[1] "rewire_graph: Mode degree distribution"
Source: local data frame [1 x 1]

  count
  (int)
1 76252
Source: local data frame [1 x 1]

  count
  (int)
1 77474
[1] "rewire_genetic_interactions_network = 153663"
[1] "rewire_graph: num_iterations = 153663"
[1] "rewire_graph: Mode degree distribution"
[1] "rewired_kinase_network = 2259"
[1] "rewire_graph: num_iterations = 2259"
[1] "rewire_graph: Mode degree distribution"
[1] "rewired_ppi_network = 13301"
[1] "rewire_graph: num_iterations = 13292"
[1] "rewire_graph: Mode degree distribution"
[1] "rewired_tf_network = 6117"
[1] "rewire_graph: num_iterations = 6117"
[1] "rewire_graph: Mode degree distribution"
Source: local data frame [1 x 1]

  count
  (int)
1 76313
Source: local data frame [1 x 1]

  count
  (int)
1 77413
[1] "rewire_genetic_interactions_network = 153663"
[1] "rewire_graph: num_iterations = 153663"
[1] "rewire_graph: Mode degree distribution"
[1] "rewired_kinase_network = 2259"
[1] "rewire_graph: num_iterations = 2259"
[1] "rewire_graph: Mode degree distribution"
[1] "rewired_ppi_network = 13301"
[1] "rewire_graph: num_iterations = 13292"
[1] "rewire_graph: Mode degree distribution"
[1] "rewired_tf_network = 6117"
[1] "rewire_graph: num_iterations = 6117"
[1] "rewire_graph: Mode degree distribution"
Source: local data frame [1 x 1]

  count
  (int)
1 76362
Source: local data frame [1 x 1]

  count
  (int)
1 77364
[1] "rewire_genetic_interactions_network = 153663"
[1] "rewire_graph: num_iterations = 153663"
[1] "rewire_graph: Mode degree distribution"
[1] "rewired_kinase_network = 2259"
[1] "rewire_graph: num_iterations = 2259"
[1] "rewire_graph: Mode degree distribution"
[1] "rewired_ppi_network = 13301"
[1] "rewire_graph: num_iterations = 13292"
[1] "rewire_graph: Mode degree distribution"
[1] "rewired_tf_network = 6117"
[1] "rewire_graph: num_iterations = 6117"
[1] "rewire_graph: Mode degree distribution"
Source: local data frame [1 x 1]

  count
  (int)
1 76325
Source: local data frame [1 x 1]

  count
  (int)
1 77401
[1] "rewire_genetic_interactions_network = 153663"
[1] "rewire_graph: num_iterations = 153663"
[1] "rewire_graph: Mode degree distribution"
[1] "rewired_kinase_network = 2259"
[1] "rewire_graph: num_iterations = 2259"
[1] "rewire_graph: Mode degree distribution"
[1] "rewired_ppi_network = 13301"
[1] "rewire_graph: num_iterations = 13292"
[1] "rewire_graph: Mode degree distribution"
[1] "rewired_tf_network = 6117"
[1] "rewire_graph: num_iterations = 6117"
[1] "rewire_graph: Mode degree distribution"
Source: local data frame [1 x 1]

  count
  (int)
1 76190
Source: local data frame [1 x 1]

  count
  (int)
1 77536
[1] "rewire_genetic_interactions_network = 153663"
[1] "rewire_graph: num_iterations = 153663"
[1] "rewire_graph: Mode degree distribution"
[1] "rewired_kinase_network = 2259"
[1] "rewire_graph: num_iterations = 2259"
[1] "rewire_graph: Mode degree distribution"
[1] "rewired_ppi_network = 13301"
[1] "rewire_graph: num_iterations = 13292"
[1] "rewire_graph: Mode degree distribution"
[1] "rewired_tf_network = 6117"
[1] "rewire_graph: num_iterations = 6117"
[1] "rewire_graph: Mode degree distribution"
Source: local data frame [1 x 1]

  count
  (int)
1 76228
Source: local data frame [1 x 1]

  count
  (int)
1 77498
[1] "rewire_genetic_interactions_network = 153663"
[1] "rewire_graph: num_iterations = 153663"
[1] "rewire_graph: Mode degree distribution"
[1] "rewired_kinase_network = 2259"
[1] "rewire_graph: num_iterations = 2259"
[1] "rewire_graph: Mode degree distribution"
[1] "rewired_ppi_network = 13301"
[1] "rewire_graph: num_iterations = 13292"
[1] "rewire_graph: Mode degree distribution"
[1] "rewired_tf_network = 6117"
[1] "rewire_graph: num_iterations = 6117"
[1] "rewire_graph: Mode degree distribution"
Source: local data frame [1 x 1]

  count
  (int)
1 76434
Source: local data frame [1 x 1]

  count
  (int)
1 77292
[1] "rewire_genetic_interactions_network = 153663"
[1] "rewire_graph: num_iterations = 153663"
[1] "rewire_graph: Mode degree distribution"
[1] "rewired_kinase_network = 2259"
[1] "rewire_graph: num_iterations = 2259"
[1] "rewire_graph: Mode degree distribution"
[1] "rewired_ppi_network = 13301"
[1] "rewire_graph: num_iterations = 13292"
[1] "rewire_graph: Mode degree distribution"
[1] "rewired_tf_network = 6117"
[1] "rewire_graph: num_iterations = 6117"
[1] "rewire_graph: Mode degree distribution"
Source: local data frame [1 x 1]

  count
  (int)
1 76320
Source: local data frame [1 x 1]

  count
  (int)
1 77406
[1] "rewire_genetic_interactions_network = 153663"
[1] "rewire_graph: num_iterations = 153663"
[1] "rewire_graph: Mode degree distribution"
[1] "rewired_kinase_network = 2259"
[1] "rewire_graph: num_iterations = 2259"
[1] "rewire_graph: Mode degree distribution"
[1] "rewired_ppi_network = 13301"
[1] "rewire_graph: num_iterations = 13292"
[1] "rewire_graph: Mode degree distribution"
[1] "rewired_tf_network = 6117"
[1] "rewire_graph: num_iterations = 6117"
[1] "rewire_graph: Mode degree distribution"
Source: local data frame [1 x 1]

  count
  (int)
1 76335
Source: local data frame [1 x 1]

  count
  (int)
1 77391
[1] "rewire_genetic_interactions_network = 153663"
[1] "rewire_graph: num_iterations = 153663"
[1] "rewire_graph: Mode degree distribution"
[1] "rewired_kinase_network = 2259"
[1] "rewire_graph: num_iterations = 2259"
[1] "rewire_graph: Mode degree distribution"
[1] "rewired_ppi_network = 13301"
[1] "rewire_graph: num_iterations = 13292"
[1] "rewire_graph: Mode degree distribution"
[1] "rewired_tf_network = 6117"
[1] "rewire_graph: num_iterations = 6117"
[1] "rewire_graph: Mode degree distribution"
Source: local data frame [1 x 1]

  count
  (int)
1 76285
Source: local data frame [1 x 1]

  count
  (int)
1 77441
[1] "rewire_genetic_interactions_network = 153663"
[1] "rewire_graph: num_iterations = 153663"
[1] "rewire_graph: Mode degree distribution"
[1] "rewired_kinase_network = 2259"
[1] "rewire_graph: num_iterations = 2259"
[1] "rewire_graph: Mode degree distribution"
[1] "rewired_ppi_network = 13301"
[1] "rewire_graph: num_iterations = 13292"
[1] "rewire_graph: Mode degree distribution"
[1] "rewired_kinase_network = 2259"
[1] "rewire_graph: num_iterations = 2259"
[1] "rewire_graph: Mode degree distribution"
[1] "rewired_ppi_network = 13301"
[1] "rewire_graph: num_iterations = 13292"
[1] "rewire_graph: Mode degree distribution"
[1] "rewired_tf_network = 6117"
[1] "rewire_graph: num_iterations = 6117"
[1] "rewire_graph: Mode degree distribution"
[1] "rewired_kinase_network = 2259"
[1] "rewire_graph: num_iterations = 2259"
[1] "rewire_graph: Mode degree distribution"
[1] "rewired_ppi_network = 13301"
[1] "rewire_graph: num_iterations = 13292"
[1] "rewire_graph: Mode degree distribution"
[1] "rewired_tf_network = 6117"
[1] "rewire_graph: num_iterations = 6117"
[1] "rewire_graph: Mode degree distribution"
Source: local data frame [1 x 1]

  count
  (int)
1 76236
Source: local data frame [1 x 1]

  count
  (int)
1 77490
[1] "rewire_genetic_interactions_network = 153663"
[1] "rewire_graph: num_iterations = 153663"
[1] "rewire_graph: Mode degree distribution"
Source: local data frame [1 x 1]

  count
  (int)
1 76363
Source: local data frame [1 x 1]

  count
  (int)
1 77362
[1] "rewire_genetic_interactions_network = 153662"
[1] "rewire_graph: num_iterations = 153662"
[1] "rewire_graph: Mode degree distribution"
[1] "rewired_tf_network = 6117"
[1] "rewire_graph: num_iterations = 6117"
[1] "rewire_graph: Mode degree distribution"
Source: local data frame [1 x 1]

  count
  (int)
1 76221
Source: local data frame [1 x 1]

  count
  (int)
1 77505
[1] "rewire_genetic_interactions_network = 153663"
[1] "rewire_graph: num_iterations = 153663"
[1] "rewire_graph: Mode degree distribution"
[1] "rewired_kinase_network = 2259"
[1] "rewire_graph: num_iterations = 2259"
[1] "rewire_graph: Mode degree distribution"
[1] "rewired_ppi_network = 13301"
[1] "rewire_graph: num_iterations = 13292"
[1] "rewire_graph: Mode degree distribution"
[1] "rewired_tf_network = 6117"
[1] "rewire_graph: num_iterations = 6117"
[1] "rewire_graph: Mode degree distribution"
Source: local data frame [1 x 1]

  count
  (int)
1 76320
Source: local data frame [1 x 1]

  count
  (int)
1 77406
[1] "rewire_genetic_interactions_network = 153663"
[1] "rewire_graph: num_iterations = 153663"
[1] "rewire_graph: Mode degree distribution"
[1] "rewired_kinase_network = 2259"
[1] "rewire_graph: num_iterations = 2259"
[1] "rewire_graph: Mode degree distribution"
[1] "rewired_ppi_network = 13301"
[1] "rewire_graph: num_iterations = 13292"
[1] "rewire_graph: Mode degree distribution"
[1] "rewired_tf_network = 6117"
[1] "rewire_graph: num_iterations = 6117"
[1] "rewire_graph: Mode degree distribution"
Source: local data frame [1 x 1]

  count
  (int)
1 76214
Source: local data frame [1 x 1]

  count
  (int)
1 77512
[1] "rewire_genetic_interactions_network = 153663"
[1] "rewire_graph: num_iterations = 153663"
[1] "rewire_graph: Mode degree distribution"
[1] "rewired_kinase_network = 2259"
[1] "rewire_graph: num_iterations = 2259"
[1] "rewire_graph: Mode degree distribution"
[1] "rewired_ppi_network = 13301"
[1] "rewire_graph: num_iterations = 13292"
[1] "rewire_graph: Mode degree distribution"
[1] "rewired_tf_network = 6117"
[1] "rewire_graph: num_iterations = 6117"
[1] "rewire_graph: Mode degree distribution"
Source: local data frame [1 x 1]

  count
  (int)
1 76261
Source: local data frame [1 x 1]

  count
  (int)
1 77465
[1] "rewire_genetic_interactions_network = 153663"
[1] "rewire_graph: num_iterations = 153663"
[1] "rewire_graph: Mode degree distribution"
[1] "rewired_kinase_network = 2259"
[1] "rewire_graph: num_iterations = 2259"
[1] "rewire_graph: Mode degree distribution"
[1] "rewired_ppi_network = 13301"
[1] "rewire_graph: num_iterations = 13292"
[1] "rewire_graph: Mode degree distribution"
[1] "rewired_tf_network = 6117"
[1] "rewire_graph: num_iterations = 6117"
[1] "rewire_graph: Mode degree distribution"
Source: local data frame [1 x 1]

  count
  (int)
1 76224
Source: local data frame [1 x 1]

  count
  (int)
1 77502
[1] "rewire_genetic_interactions_network = 153663"
[1] "rewire_graph: num_iterations = 153663"
[1] "rewire_graph: Mode degree distribution"
[1] "rewired_kinase_network = 2259"
[1] "rewire_graph: num_iterations = 2259"
[1] "rewire_graph: Mode degree distribution"
[1] "rewired_ppi_network = 13301"
[1] "rewire_graph: num_iterations = 13292"
[1] "rewire_graph: Mode degree distribution"
[1] "rewired_tf_network = 6117"
[1] "rewire_graph: num_iterations = 6117"
[1] "rewire_graph: Mode degree distribution"
Source: local data frame [1 x 1]

  count
  (int)
1 76369
Source: local data frame [1 x 1]

  count
  (int)
1 77357
[1] "rewire_genetic_interactions_network = 153663"
[1] "rewire_graph: num_iterations = 153663"
[1] "rewire_graph: Mode degree distribution"
[1] "rewired_kinase_network = 2259"
[1] "rewire_graph: num_iterations = 2259"
[1] "rewire_graph: Mode degree distribution"
[1] "rewired_ppi_network = 13301"
[1] "rewire_graph: num_iterations = 13292"
[1] "rewire_graph: Mode degree distribution"
[1] "rewired_kinase_network = 2259"
[1] "rewire_graph: num_iterations = 2259"
[1] "rewire_graph: Mode degree distribution"
[1] "rewired_ppi_network = 13301"
[1] "rewire_graph: num_iterations = 13292"
[1] "rewire_graph: Mode degree distribution"
[1] "rewired_tf_network = 6117"
[1] "rewire_graph: num_iterations = 6117"
[1] "rewire_graph: Mode degree distribution"
[1] "rewired_tf_network = 6117"
[1] "rewire_graph: num_iterations = 6117"
[1] "rewire_graph: Mode degree distribution"
Source: local data frame [1 x 1]

  count
  (int)
1 76177
Source: local data frame [1 x 1]

  count
  (int)
1 77549
[1] "rewire_genetic_interactions_network = 153663"
[1] "rewire_graph: num_iterations = 153663"
[1] "rewire_graph: Mode degree distribution"
Source: local data frame [1 x 1]

  count
  (int)
1 76370
Source: local data frame [1 x 1]

  count
  (int)
1 77356
[1] "rewire_genetic_interactions_network = 153663"
[1] "rewire_graph: num_iterations = 153663"
[1] "rewire_graph: Mode degree distribution"
[1] "rewired_kinase_network = 2259"
[1] "rewire_graph: num_iterations = 2259"
[1] "rewire_graph: Mode degree distribution"
[1] "rewired_ppi_network = 13301"
[1] "rewire_graph: num_iterations = 13292"
[1] "rewire_graph: Mode degree distribution"
[1] "rewired_tf_network = 6117"
[1] "rewire_graph: num_iterations = 6117"
[1] "rewire_graph: Mode degree distribution"
Source: local data frame [1 x 1]

  count
  (int)
1 76255
Source: local data frame [1 x 1]

  count
  (int)
1 77471
[1] "rewire_genetic_interactions_network = 153663"
[1] "rewire_graph: num_iterations = 153663"
[1] "rewire_graph: Mode degree distribution"
[1] "rewired_kinase_network = 2259"
[1] "rewire_graph: num_iterations = 2259"
[1] "rewire_graph: Mode degree distribution"
[1] "rewired_ppi_network = 13301"
[1] "rewire_graph: num_iterations = 13292"
[1] "rewire_graph: Mode degree distribution"
[1] "rewired_tf_network = 6117"
[1] "rewire_graph: num_iterations = 6117"
[1] "rewire_graph: Mode degree distribution"
Source: local data frame [1 x 1]

  count
  (int)
1 76347
Source: local data frame [1 x 1]

  count
  (int)
1 77379
[1] "rewire_genetic_interactions_network = 153663"
[1] "rewire_graph: num_iterations = 153663"
[1] "rewire_graph: Mode degree distribution"
[1] "rewired_kinase_network = 2259"
[1] "rewire_graph: num_iterations = 2259"
[1] "rewire_graph: Mode degree distribution"
[1] "rewired_ppi_network = 13301"
[1] "rewire_graph: num_iterations = 13292"
[1] "rewire_graph: Mode degree distribution"
[1] "rewired_tf_network = 6117"
[1] "rewire_graph: num_iterations = 6117"
[1] "rewire_graph: Mode degree distribution"
Source: local data frame [1 x 1]

  count
  (int)
1 76329
Source: local data frame [1 x 1]

  count
  (int)
1 77397
[1] "rewire_genetic_interactions_network = 153663"
[1] "rewire_graph: num_iterations = 153663"
[1] "rewire_graph: Mode degree distribution"
[1] "rewired_kinase_network = 2259"
[1] "rewire_graph: num_iterations = 2259"
[1] "rewire_graph: Mode degree distribution"
[1] "rewired_ppi_network = 13301"
[1] "rewire_graph: num_iterations = 13292"
[1] "rewire_graph: Mode degree distribution"
[1] "rewired_kinase_network = 2259"
[1] "rewire_graph: num_iterations = 2259"
[1] "rewire_graph: Mode degree distribution"
[1] "rewired_ppi_network = 13301"
[1] "rewire_graph: num_iterations = 13292"
[1] "rewire_graph: Mode degree distribution"
[1] "rewired_kinase_network = 2259"
[1] "rewire_graph: num_iterations = 2259"
[1] "rewire_graph: Mode degree distribution"
[1] "rewired_ppi_network = 13301"
[1] "rewire_graph: num_iterations = 13292"
[1] "rewire_graph: Mode degree distribution"
[1] "rewired_tf_network = 6117"
[1] "rewire_graph: num_iterations = 6117"
[1] "rewire_graph: Mode degree distribution"
[1] "rewired_tf_network = 6117"
[1] "rewire_graph: num_iterations = 6117"
[1] "rewire_graph: Mode degree distribution"
[1] "rewired_tf_network = 6117"
[1] "rewire_graph: num_iterations = 6117"
[1] "rewire_graph: Mode degree distribution"
Source: local data frame [1 x 1]

  count
  (int)
1 76328
Source: local data frame [1 x 1]

  count
  (int)
1 77398
[1] "rewire_genetic_interactions_network = 153663"
[1] "rewire_graph: num_iterations = 153663"
[1] "rewire_graph: Mode degree distribution"
Source: local data frame [1 x 1]

  count
  (int)
1 76279
Source: local data frame [1 x 1]

  count
  (int)
1 77447
Source: local data frame [1 x 1]

  count
  (int)
1 76270
Source: local data frame [1 x 1]

  count
  (int)
1 77456
[1] "rewire_genetic_interactions_network = 153663"
[1] "rewire_genetic_interactions_network = 153663"
[1] "rewire_graph: num_iterations = 153663"
[1] "rewire_graph: Mode degree distribution"
[1] "rewire_graph: num_iterations = 153663"
[1] "rewire_graph: Mode degree distribution"
[1] "rewired_kinase_network = 2259"
[1] "rewire_graph: num_iterations = 2259"
[1] "rewire_graph: Mode degree distribution"
[1] "rewired_ppi_network = 13301"
[1] "rewire_graph: num_iterations = 13292"
[1] "rewire_graph: Mode degree distribution"
[1] "rewired_tf_network = 6117"
[1] "rewire_graph: num_iterations = 6117"
[1] "rewire_graph: Mode degree distribution"
Source: local data frame [1 x 1]

  count
  (int)
1 76275
Source: local data frame [1 x 1]

  count
  (int)
1 77451
[1] "rewire_genetic_interactions_network = 153663"
[1] "rewire_graph: num_iterations = 153663"
[1] "rewire_graph: Mode degree distribution"
[1] "rewired_kinase_network = 2259"
[1] "rewire_graph: num_iterations = 2259"
[1] "rewire_graph: Mode degree distribution"
[1] "rewired_ppi_network = 13301"
[1] "rewire_graph: num_iterations = 13292"
[1] "rewire_graph: Mode degree distribution"
[1] "rewired_tf_network = 6117"
[1] "rewire_graph: num_iterations = 6117"
[1] "rewire_graph: Mode degree distribution"
Source: local data frame [1 x 1]

  count
  (int)
1 76252
Source: local data frame [1 x 1]

  count
  (int)
1 77474
[1] "rewire_genetic_interactions_network = 153663"
[1] "rewire_graph: num_iterations = 153663"
[1] "rewire_graph: Mode degree distribution"
[1] "rewired_kinase_network = 2259"
[1] "rewire_graph: num_iterations = 2259"
[1] "rewire_graph: Mode degree distribution"
[1] "rewired_ppi_network = 13301"
[1] "rewire_graph: num_iterations = 13292"
[1] "rewire_graph: Mode degree distribution"
[1] "rewired_tf_network = 6117"
[1] "rewire_graph: num_iterations = 6117"
[1] "rewire_graph: Mode degree distribution"
Source: local data frame [1 x 1]

  count
  (int)
1 76277
Source: local data frame [1 x 1]

  count
  (int)
1 77449
[1] "rewire_genetic_interactions_network = 153663"
[1] "rewire_graph: num_iterations = 153663"
[1] "rewire_graph: Mode degree distribution"
[1] "rewired_kinase_network = 2259"
[1] "rewire_graph: num_iterations = 2259"
[1] "rewire_graph: Mode degree distribution"
[1] "rewired_ppi_network = 13301"
[1] "rewire_graph: num_iterations = 13292"
[1] "rewire_graph: Mode degree distribution"
[1] "rewired_tf_network = 6117"
[1] "rewire_graph: num_iterations = 6117"
[1] "rewire_graph: Mode degree distribution"
Source: local data frame [1 x 1]

  count
  (int)
1 76284
Source: local data frame [1 x 1]

  count
  (int)
1 77442
[1] "rewire_genetic_interactions_network = 153663"
[1] "rewire_graph: num_iterations = 153663"
[1] "rewire_graph: Mode degree distribution"
[1] "rewired_kinase_network = 2259"
[1] "rewire_graph: num_iterations = 2259"
[1] "rewire_graph: Mode degree distribution"
[1] "rewired_ppi_network = 13301"
[1] "rewire_graph: num_iterations = 13292"
[1] "rewire_graph: Mode degree distribution"
[1] "rewired_tf_network = 6117"
[1] "rewire_graph: num_iterations = 6117"
[1] "rewire_graph: Mode degree distribution"
Source: local data frame [1 x 1]

  count
  (int)
1 76181
Source: local data frame [1 x 1]

  count
  (int)
1 77545
[1] "rewire_genetic_interactions_network = 153663"
[1] "rewire_graph: num_iterations = 153663"
[1] "rewire_graph: Mode degree distribution"
[1] "rewired_kinase_network = 2259"
[1] "rewire_graph: num_iterations = 2259"
[1] "rewire_graph: Mode degree distribution"
[1] "rewired_ppi_network = 13301"
[1] "rewire_graph: num_iterations = 13292"
[1] "rewire_graph: Mode degree distribution"
[1] "rewired_tf_network = 6117"
[1] "rewire_graph: num_iterations = 6117"
[1] "rewire_graph: Mode degree distribution"
Source: local data frame [1 x 1]

  count
  (int)
1 76186
Source: local data frame [1 x 1]

  count
  (int)
1 77540
[1] "rewire_genetic_interactions_network = 153663"
[1] "rewire_graph: num_iterations = 153663"
[1] "rewire_graph: Mode degree distribution"
[1] "rewired_kinase_network = 2259"
[1] "rewire_graph: num_iterations = 2259"
[1] "rewire_graph: Mode degree distribution"
[1] "rewired_ppi_network = 13301"
[1] "rewire_graph: num_iterations = 13292"
[1] "rewire_graph: Mode degree distribution"
[1] "rewired_tf_network = 6117"
[1] "rewire_graph: num_iterations = 6117"
[1] "rewire_graph: Mode degree distribution"
Source: local data frame [1 x 1]

  count
  (int)
1 76226
Source: local data frame [1 x 1]

  count
  (int)
1 77500
[1] "rewire_genetic_interactions_network = 153663"
[1] "rewire_graph: num_iterations = 153663"
[1] "rewire_graph: Mode degree distribution"
[1] "rewired_kinase_network = 2259"
[1] "rewire_graph: num_iterations = 2259"
[1] "rewire_graph: Mode degree distribution"
[1] "rewired_ppi_network = 13301"
[1] "rewire_graph: num_iterations = 13292"
[1] "rewire_graph: Mode degree distribution"
[1] "rewired_tf_network = 6117"
[1] "rewire_graph: num_iterations = 6117"
[1] "rewire_graph: Mode degree distribution"
Source: local data frame [1 x 1]

  count
  (int)
1 76321
Source: local data frame [1 x 1]

  count
  (int)
1 77405
[1] "rewire_genetic_interactions_network = 153663"
[1] "rewire_graph: num_iterations = 153663"
[1] "rewire_graph: Mode degree distribution"
[1] "rewired_kinase_network = 2259"
[1] "rewire_graph: num_iterations = 2259"
[1] "rewire_graph: Mode degree distribution"
[1] "rewired_ppi_network = 13301"
[1] "rewire_graph: num_iterations = 13292"
[1] "rewire_graph: Mode degree distribution"
[1] "rewired_tf_network = 6117"
[1] "rewire_graph: num_iterations = 6117"
[1] "rewire_graph: Mode degree distribution"
Source: local data frame [1 x 1]

  count
  (int)
1 76264
Source: local data frame [1 x 1]

  count
  (int)
1 77462
[1] "rewire_genetic_interactions_network = 153663"
[1] "rewire_graph: num_iterations = 153663"
[1] "rewire_graph: Mode degree distribution"
[1] "rewired_kinase_network = 2259"
[1] "rewire_graph: num_iterations = 2259"
[1] "rewire_graph: Mode degree distribution"
[1] "rewired_ppi_network = 13301"
[1] "rewire_graph: num_iterations = 13292"
[1] "rewire_graph: Mode degree distribution"
[1] "rewired_tf_network = 6117"
[1] "rewire_graph: num_iterations = 6117"
[1] "rewire_graph: Mode degree distribution"
Source: local data frame [1 x 1]

  count
  (int)
1 76278
Source: local data frame [1 x 1]

  count
  (int)
1 77448
[1] "rewire_genetic_interactions_network = 153663"
[1] "rewire_graph: num_iterations = 153663"
[1] "rewire_graph: Mode degree distribution"
[1] "rewired_kinase_network = 2259"
[1] "rewire_graph: num_iterations = 2259"
[1] "rewire_graph: Mode degree distribution"
[1] "rewired_ppi_network = 13301"
[1] "rewire_graph: num_iterations = 13292"
[1] "rewire_graph: Mode degree distribution"
[1] "rewired_tf_network = 6117"
[1] "rewire_graph: num_iterations = 6117"
[1] "rewire_graph: Mode degree distribution"
Source: local data frame [1 x 1]

  count
  (int)
1 76249
Source: local data frame [1 x 1]

  count
  (int)
1 77477
[1] "rewire_genetic_interactions_network = 153663"
[1] "rewire_graph: num_iterations = 153663"
[1] "rewire_graph: Mode degree distribution"
[1] "rewired_kinase_network = 2259"
[1] "rewire_graph: num_iterations = 2259"
[1] "rewire_graph: Mode degree distribution"
[1] "rewired_ppi_network = 13301"
[1] "rewire_graph: num_iterations = 13292"
[1] "rewire_graph: Mode degree distribution"
[1] "rewired_kinase_network = 2259"
[1] "rewire_graph: num_iterations = 2259"
[1] "rewire_graph: Mode degree distribution"
[1] "rewired_ppi_network = 13301"
[1] "rewire_graph: num_iterations = 13292"
[1] "rewire_graph: Mode degree distribution"
[1] "rewired_tf_network = 6117"
[1] "rewire_graph: num_iterations = 6117"
[1] "rewire_graph: Mode degree distribution"
[1] "rewired_kinase_network = 2259"
[1] "rewire_graph: num_iterations = 2259"
[1] "rewire_graph: Mode degree distribution"
[1] "rewired_ppi_network = 13301"
[1] "rewire_graph: num_iterations = 13292"
[1] "rewire_graph: Mode degree distribution"
Source: local data frame [1 x 1]

  count
  (int)
1 76187
Source: local data frame [1 x 1]

  count
  (int)
1 77539
[1] "rewire_genetic_interactions_network = 153663"
[1] "rewire_graph: num_iterations = 153663"
[1] "rewire_graph: Mode degree distribution"
[1] "rewired_tf_network = 6117"
[1] "rewire_graph: num_iterations = 6117"
[1] "rewire_graph: Mode degree distribution"
[1] "rewired_tf_network = 6117"
[1] "rewire_graph: num_iterations = 6117"
[1] "rewire_graph: Mode degree distribution"
Source: local data frame [1 x 1]

  count
  (int)
1 76303
Source: local data frame [1 x 1]

  count
  (int)
1 77423
[1] "rewire_genetic_interactions_network = 153663"
[1] "rewire_graph: num_iterations = 153663"
[1] "rewire_graph: Mode degree distribution"
Source: local data frame [1 x 1]

  count
  (int)
1 76199
Source: local data frame [1 x 1]

  count
  (int)
1 77527
[1] "rewire_genetic_interactions_network = 153663"
[1] "rewire_graph: num_iterations = 153663"
[1] "rewire_graph: Mode degree distribution"
[1] "rewired_kinase_network = 2259"
[1] "rewire_graph: num_iterations = 2259"
[1] "rewire_graph: Mode degree distribution"
[1] "rewired_ppi_network = 13301"
[1] "rewire_graph: num_iterations = 13292"
[1] "rewire_graph: Mode degree distribution"
[1] "rewired_tf_network = 6117"
[1] "rewire_graph: num_iterations = 6117"
[1] "rewire_graph: Mode degree distribution"
[1] "rewired_kinase_network = 2259"
[1] "rewire_graph: num_iterations = 2259"
[1] "rewire_graph: Mode degree distribution"
[1] "rewired_ppi_network = 13301"
[1] "rewire_graph: num_iterations = 13292"
[1] "rewire_graph: Mode degree distribution"
Source: local data frame [1 x 1]

  count
  (int)
1 76358
Source: local data frame [1 x 1]

  count
  (int)
1 77368
[1] "rewire_genetic_interactions_network = 153663"
[1] "rewire_graph: num_iterations = 153663"
[1] "rewire_graph: Mode degree distribution"
[1] "rewired_tf_network = 6117"
[1] "rewire_graph: num_iterations = 6117"
[1] "rewire_graph: Mode degree distribution"
Source: local data frame [1 x 1]

  count
  (int)
1 76288
Source: local data frame [1 x 1]

  count
  (int)
1 77438
[1] "rewire_genetic_interactions_network = 153663"
[1] "rewire_graph: num_iterations = 153663"
[1] "rewire_graph: Mode degree distribution"
[1] "rewired_kinase_network = 2259"
[1] "rewire_graph: num_iterations = 2259"
[1] "rewire_graph: Mode degree distribution"
[1] "rewired_ppi_network = 13301"
[1] "rewire_graph: num_iterations = 13292"
[1] "rewire_graph: Mode degree distribution"
[1] "rewired_tf_network = 6117"
[1] "rewire_graph: num_iterations = 6117"
[1] "rewire_graph: Mode degree distribution"
Source: local data frame [1 x 1]

  count
  (int)
1 76326
Source: local data frame [1 x 1]

  count
  (int)
1 77400
[1] "rewire_genetic_interactions_network = 153663"
[1] "rewire_graph: num_iterations = 153663"
[1] "rewire_graph: Mode degree distribution"
[1] "rewired_kinase_network = 2259"
[1] "rewire_graph: num_iterations = 2259"
[1] "rewire_graph: Mode degree distribution"
[1] "rewired_ppi_network = 13301"
[1] "rewire_graph: num_iterations = 13292"
[1] "rewire_graph: Mode degree distribution"
[1] "rewired_tf_network = 6117"
[1] "rewire_graph: num_iterations = 6117"
[1] "rewire_graph: Mode degree distribution"
Source: local data frame [1 x 1]

  count
  (int)
1 76277
Source: local data frame [1 x 1]

  count
  (int)
1 77449
[1] "rewire_genetic_interactions_network = 153663"
[1] "rewire_graph: num_iterations = 153663"
[1] "rewire_graph: Mode degree distribution"
[1] "rewired_kinase_network = 2259"
[1] "rewire_graph: num_iterations = 2259"
[1] "rewire_graph: Mode degree distribution"
[1] "rewired_ppi_network = 13301"
[1] "rewire_graph: num_iterations = 13292"
[1] "rewire_graph: Mode degree distribution"
[1] "rewired_tf_network = 6117"
[1] "rewire_graph: num_iterations = 6117"
[1] "rewire_graph: Mode degree distribution"
Source: local data frame [1 x 1]

  count
  (int)
1 76346
Source: local data frame [1 x 1]

  count
  (int)
1 77380
[1] "rewire_genetic_interactions_network = 153663"
[1] "rewire_graph: num_iterations = 153663"
[1] "rewire_graph: Mode degree distribution"
[1] "rewired_kinase_network = 2259"
[1] "rewire_graph: num_iterations = 2259"
[1] "rewire_graph: Mode degree distribution"
[1] "rewired_ppi_network = 13301"
[1] "rewire_graph: num_iterations = 13292"
[1] "rewire_graph: Mode degree distribution"
[1] "rewired_tf_network = 6117"
[1] "rewire_graph: num_iterations = 6117"
[1] "rewire_graph: Mode degree distribution"
Source: local data frame [1 x 1]

  count
  (int)
1 76276
Source: local data frame [1 x 1]

  count
  (int)
1 77450
[1] "rewire_genetic_interactions_network = 153663"
[1] "rewire_graph: num_iterations = 153663"
[1] "rewire_graph: Mode degree distribution"
[1] "rewired_kinase_network = 2259"
[1] "rewire_graph: num_iterations = 2259"
[1] "rewire_graph: Mode degree distribution"
[1] "rewired_ppi_network = 13301"
[1] "rewire_graph: num_iterations = 13292"
[1] "rewire_graph: Mode degree distribution"
[1] "rewired_tf_network = 6117"
[1] "rewire_graph: num_iterations = 6117"
[1] "rewire_graph: Mode degree distribution"
Source: local data frame [1 x 1]

  count
  (int)
1 76242
Source: local data frame [1 x 1]

  count
  (int)
1 77484
[1] "rewire_genetic_interactions_network = 153663"
[1] "rewire_graph: num_iterations = 153663"
[1] "rewire_graph: Mode degree distribution"
[1] "rewired_kinase_network = 2259"
[1] "rewire_graph: num_iterations = 2259"
[1] "rewire_graph: Mode degree distribution"
[1] "rewired_ppi_network = 13301"
[1] "rewire_graph: num_iterations = 13292"
[1] "rewire_graph: Mode degree distribution"
[1] "rewired_tf_network = 6117"
[1] "rewire_graph: num_iterations = 6117"
[1] "rewire_graph: Mode degree distribution"
Source: local data frame [1 x 1]

  count
  (int)
1 76390
Source: local data frame [1 x 1]

  count
  (int)
1 77336
[1] "rewire_genetic_interactions_network = 153663"
[1] "rewire_graph: num_iterations = 153663"
[1] "rewire_graph: Mode degree distribution"
[1] "rewired_kinase_network = 2259"
[1] "rewire_graph: num_iterations = 2259"
[1] "rewire_graph: Mode degree distribution"
[1] "rewired_ppi_network = 13301"
[1] "rewire_graph: num_iterations = 13292"
[1] "rewire_graph: Mode degree distribution"
[1] "rewired_tf_network = 6117"
[1] "rewire_graph: num_iterations = 6117"
[1] "rewire_graph: Mode degree distribution"
Source: local data frame [1 x 1]

  count
  (int)
1 76294
Source: local data frame [1 x 1]

  count
  (int)
1 77432
[1] "rewire_genetic_interactions_network = 153663"
[1] "rewire_graph: num_iterations = 153663"
[1] "rewire_graph: Mode degree distribution"
[1] "rewired_kinase_network = 2259"
[1] "rewire_graph: num_iterations = 2259"
[1] "rewire_graph: Mode degree distribution"
[1] "rewired_ppi_network = 13301"
[1] "rewire_graph: num_iterations = 13292"
[1] "rewire_graph: Mode degree distribution"
[1] "rewired_tf_network = 6117"
[1] "rewire_graph: num_iterations = 6117"
[1] "rewire_graph: Mode degree distribution"
Source: local data frame [1 x 1]

  count
  (int)
1 76341
Source: local data frame [1 x 1]

  count
  (int)
1 77385
[1] "rewire_genetic_interactions_network = 153663"
[1] "rewire_graph: num_iterations = 153663"
[1] "rewire_graph: Mode degree distribution"
[1] "rewired_kinase_network = 2259"
[1] "rewire_graph: num_iterations = 2259"
[1] "rewire_graph: Mode degree distribution"
[1] "rewired_ppi_network = 13301"
[1] "rewire_graph: num_iterations = 13292"
[1] "rewire_graph: Mode degree distribution"
[1] "rewired_kinase_network = 2259"
[1] "rewire_graph: num_iterations = 2259"
[1] "rewire_graph: Mode degree distribution"
[1] "rewired_ppi_network = 13301"
[1] "rewire_graph: num_iterations = 13292"
[1] "rewire_graph: Mode degree distribution"
[1] "rewired_tf_network = 6117"
[1] "rewire_graph: num_iterations = 6117"
[1] "rewire_graph: Mode degree distribution"
[1] "rewired_tf_network = 6117"
[1] "rewire_graph: num_iterations = 6117"
[1] "rewire_graph: Mode degree distribution"
Source: local data frame [1 x 1]

  count
  (int)
1 76297
Source: local data frame [1 x 1]

  count
  (int)
1 77429
[1] "rewire_genetic_interactions_network = 153663"
[1] "rewire_graph: num_iterations = 153663"
[1] "rewire_graph: Mode degree distribution"
Source: local data frame [1 x 1]

  count
  (int)
1 76298
Source: local data frame [1 x 1]

  count
  (int)
1 77428
[1] "rewire_genetic_interactions_network = 153663"
[1] "rewire_graph: num_iterations = 153663"
[1] "rewire_graph: Mode degree distribution"
[1] "rewired_kinase_network = 2259"
[1] "rewire_graph: num_iterations = 2259"
[1] "rewire_graph: Mode degree distribution"
[1] "rewired_ppi_network = 13301"
[1] "rewire_graph: num_iterations = 13292"
[1] "rewire_graph: Mode degree distribution"
[1] "rewired_tf_network = 6117"
[1] "rewire_graph: num_iterations = 6117"
[1] "rewire_graph: Mode degree distribution"
Source: local data frame [1 x 1]

  count
  (int)
1 76276
Source: local data frame [1 x 1]

  count
  (int)
1 77450
[1] "rewire_genetic_interactions_network = 153663"
[1] "rewire_graph: num_iterations = 153663"
[1] "rewire_graph: Mode degree distribution"
[1] "rewired_kinase_network = 2259"
[1] "rewire_graph: num_iterations = 2259"
[1] "rewire_graph: Mode degree distribution"
[1] "rewired_ppi_network = 13301"
[1] "rewire_graph: num_iterations = 13292"
[1] "rewire_graph: Mode degree distribution"
[1] "rewired_tf_network = 6117"
[1] "rewire_graph: num_iterations = 6117"
[1] "rewire_graph: Mode degree distribution"
[1] "rewired_kinase_network = 2259"
[1] "rewire_graph: num_iterations = 2259"
[1] "rewire_graph: Mode degree distribution"
[1] "rewired_ppi_network = 13301"
[1] "rewire_graph: num_iterations = 13292"
[1] "rewire_graph: Mode degree distribution"
[1] "rewired_tf_network = 6117"
[1] "rewire_graph: num_iterations = 6117"
[1] "rewire_graph: Mode degree distribution"
[1] "rewired_kinase_network = 2259"
[1] "rewire_graph: num_iterations = 2259"
[1] "rewire_graph: Mode degree distribution"
[1] "rewired_ppi_network = 13301"
[1] "rewire_graph: num_iterations = 13292"
[1] "rewire_graph: Mode degree distribution"
[1] "rewired_tf_network = 6117"
[1] "rewire_graph: num_iterations = 6117"
[1] "rewire_graph: Mode degree distribution"
[1] "rewired_kinase_network = 2259"
[1] "rewire_graph: num_iterations = 2259"
[1] "rewire_graph: Mode degree distribution"
[1] "rewired_ppi_network = 13301"
[1] "rewire_graph: num_iterations = 13292"
[1] "rewire_graph: Mode degree distribution"
[1] "rewired_tf_network = 6117"
[1] "rewire_graph: num_iterations = 6117"
[1] "rewire_graph: Mode degree distribution"
[1] "rewired_kinase_network = 2259"
[1] "rewire_graph: num_iterations = 2259"
[1] "rewire_graph: Mode degree distribution"
[1] "rewired_ppi_network = 13301"
[1] "rewire_graph: num_iterations = 13292"
[1] "rewire_graph: Mode degree distribution"
[1] "rewired_tf_network = 6117"
[1] "rewire_graph: num_iterations = 6117"
[1] "rewire_graph: Mode degree distribution"
[1] "rewired_kinase_network = 2259"
[1] "rewire_graph: num_iterations = 2259"
[1] "rewire_graph: Mode degree distribution"
[1] "rewired_ppi_network = 13301"
[1] "rewire_graph: num_iterations = 13292"
[1] "rewire_graph: Mode degree distribution"
[1] "rewired_tf_network = 6117"
[1] "rewire_graph: num_iterations = 6117"
[1] "rewire_graph: Mode degree distribution"
[1] "rewired_kinase_network = 2259"
[1] "rewire_graph: num_iterations = 2259"
[1] "rewire_graph: Mode degree distribution"
[1] "rewired_ppi_network = 13301"
[1] "rewire_graph: num_iterations = 13292"
[1] "rewire_graph: Mode degree distribution"
[1] "rewired_tf_network = 6117"
[1] "rewire_graph: num_iterations = 6117"
[1] "rewire_graph: Mode degree distribution"
[1] "rewired_kinase_network = 2259"
[1] "rewire_graph: num_iterations = 2259"
[1] "rewire_graph: Mode degree distribution"
[1] "rewired_ppi_network = 13301"
[1] "rewire_graph: num_iterations = 13292"
[1] "rewire_graph: Mode degree distribution"
[1] "rewired_tf_network = 6117"
[1] "rewire_graph: num_iterations = 6117"
[1] "rewire_graph: Mode degree distribution"
[1] "rewired_kinase_network = 2259"
[1] "rewire_graph: num_iterations = 2259"
[1] "rewire_graph: Mode degree distribution"
[1] "rewired_ppi_network = 13301"
[1] "rewire_graph: num_iterations = 13292"
[1] "rewire_graph: Mode degree distribution"
[1] "rewired_tf_network = 6117"
[1] "rewire_graph: num_iterations = 6117"
[1] "rewire_graph: Mode degree distribution"
[1] "rewired_kinase_network = 2259"
[1] "rewire_graph: num_iterations = 2259"
[1] "rewire_graph: Mode degree distribution"
[1] "rewired_ppi_network = 13301"
[1] "rewire_graph: num_iterations = 13292"
[1] "rewire_graph: Mode degree distribution"
[1] "rewired_tf_network = 6117"
[1] "rewire_graph: num_iterations = 6117"
[1] "rewire_graph: Mode degree distribution"
[1] "rewired_kinase_network = 2259"
[1] "rewire_graph: num_iterations = 2259"
[1] "rewire_graph: Mode degree distribution"
[1] "rewired_ppi_network = 13301"
[1] "rewire_graph: num_iterations = 13292"
[1] "rewire_graph: Mode degree distribution"
[1] "rewired_tf_network = 6117"
[1] "rewire_graph: num_iterations = 6117"
[1] "rewire_graph: Mode degree distribution"
[1] "rewired_kinase_network = 2259"
[1] "rewire_graph: num_iterations = 2259"
[1] "rewire_graph: Mode degree distribution"
[1] "rewired_ppi_network = 13301"
[1] "rewire_graph: num_iterations = 13292"
[1] "rewire_graph: Mode degree distribution"
[1] "rewired_tf_network = 6117"
[1] "rewire_graph: num_iterations = 6117"
[1] "rewire_graph: Mode degree distribution"
[1] "rewired_kinase_network = 2259"
[1] "rewire_graph: num_iterations = 2259"
[1] "rewire_graph: Mode degree distribution"
[1] "rewired_ppi_network = 13301"
[1] "rewire_graph: num_iterations = 13292"
[1] "rewire_graph: Mode degree distribution"
[1] "rewired_tf_network = 6117"
[1] "rewire_graph: num_iterations = 6117"
[1] "rewire_graph: Mode degree distribution"
[1] "rewired_kinase_network = 2259"
[1] "rewire_graph: num_iterations = 2259"
[1] "rewire_graph: Mode degree distribution"
[1] "rewired_ppi_network = 13301"
[1] "rewire_graph: num_iterations = 13292"
[1] "rewire_graph: Mode degree distribution"
[1] "rewired_kinase_network = 2259"
[1] "rewire_graph: num_iterations = 2259"
[1] "rewire_graph: Mode degree distribution"
[1] "rewired_ppi_network = 13301"
[1] "rewire_graph: num_iterations = 13292"
[1] "rewire_graph: Mode degree distribution"
[1] "rewired_tf_network = 6117"
[1] "rewire_graph: num_iterations = 6117"
[1] "rewire_graph: Mode degree distribution"
[1] "rewired_tf_network = 6117"
[1] "rewire_graph: num_iterations = 6117"
[1] "rewire_graph: Mode degree distribution"
[1] "rewired_kinase_network = 2259"
[1] "rewire_graph: num_iterations = 2259"
[1] "rewire_graph: Mode degree distribution"
[1] "rewired_ppi_network = 13301"
[1] "rewire_graph: num_iterations = 13292"
[1] "rewire_graph: Mode degree distribution"
[1] "rewired_tf_network = 6117"
[1] "rewire_graph: num_iterations = 6117"
[1] "rewire_graph: Mode degree distribution"
