Loading required package: methods

Attaching package: 'igraph'

The following objects are masked from 'package:stats':

    decompose, spectrum

The following object is masked from 'package:base':

    union


Attaching package: 'dplyr'

The following objects are masked from 'package:igraph':

    %>%, as_data_frame, groups, union

The following objects are masked from 'package:stats':

    filter, lag

The following objects are masked from 'package:base':

    intersect, setdiff, setequal, union

R version 3.2.2 (2015-08-14)
Platform: x86_64-pc-linux-gnu (64-bit)
Running under: CentOS release 6.3 (Final)

locale:
[1] C

attached base packages:
[1] parallel  methods   stats     graphics  grDevices utils     datasets 
[8] base     

other attached packages:
[1] lazyeval_0.1.10 dplyr_0.4.3     igraph_1.0.1   

loaded via a namespace (and not attached):
[1] R6_2.1.2       assertthat_0.1 magrittr_1.5   tools_3.2.2    DBI_0.4-1     
[6] Rcpp_0.12.0   
[1] "is_run_locally =  FALSE"
[1] "proportion_of_original_network_size_gi_network = 0.9"
Source: local data frame [1 x 1]

  count
  (int)
1 62442
Source: local data frame [1 x 1]

  count
  (int)
1 63230
Source: local data frame [1 x 1]

  count
  (int)
1 62258
Source: local data frame [1 x 1]

  count
  (int)
1 63414
Source: local data frame [1 x 1]

Source: local data frame [1 x 1]

  count
  (int)
1 62336
Source: local data frame [1 x 1]

  count
  (int)
1 62325
  count
  (int)
1 63336
Source: local data frame [1 x 1]

  count
  (int)
1 63347
Source: local data frame [1 x 1]

Source: local data frame [1 x 1]

Source: local data frame [1 x 1]

  count
  (int)
1 62351
  count
  (int)
1 62358
Source: local data frame [1 x 1]

Source: local data frame [1 x 1]

  count
  (int)
1 63321  count
  (int)
1 62278  count
  (int)
1 62363
u
1So (in
Sou 63426Source: local data fram

[1 x 1]
S  count
  (int)
1 63363
  count
  (int)
1 62318
Source: local data frame [1 x 1]

Source: local data frame [1 x 1]

Source: local data frame [1 x 1]

  count
  (int)
1 63308
  count
  (int)
1 63354
  count
  (int)
1 62306
Source: local data frame [1 x 1]

  count
  (int)
1 63366
Source: local data frame [1 x 1]

  count
  (int)
1 62361
Source: local data frame [1 x 1]

  count
  (int)
1 63311
[1] "rewire_genetic_interactions_network = 125621"
[1] "rewire_genetic_interactions_network = 125624"
[1] "rewire_genetic_interactions_network = 125624"
[1] "rewire_genetic_interactions_network = 125618"
[1] "rewire_genetic_interactions_network = 125615"
[1] "rewire_genetic_interactions_network = 125620"
[1] "rewire_graph: num_iterations = 125621"
[1] "rewire_graph: Mode degree distribution"
[1] "rewire_genetic_interactions_network = 125620"
[1] "rewire_graph: num_iterations = 125624"
[1] "rewire_graph: Mode degree distribution"
[1] "rewire_genetic_interactions_network = 125618"
[1] "rewire_genetic_interactions_network = 125617"
[1] "rewire_genetic_interactions_network = 125623"
[1] "rewire_genetic_interactions_network = 125622"
[1] "rewire_genetic_interactions_network = 125623"
[1] "rewire_genetic_interactions_network = 125614"
[1] "rewire_genetic_interactions_network = 125622"
[1] "rewire_graph: num_iterations = 125625"
[1] "rewire_graph: Mode degree distribution"
[1] "rewire_graph: num_iterations = 125624"
[1] "rewire_graph: Mode degree distribution"
[1] "rewire_genetic_interactions_network = 125616"
[1] "rewire_graph: num_iterations = 125615"
[1] "rewire_graph: Mode degree distribution"
[1] "rewire_graph: num_iterations = 125620"
[1] "rewire_graph: Mode degree distribution"
[1] "rewire_graph: num_iterations = 125620"
[1] "rewire_graph: Mode degree distribution"
[1] "rewire_graph: num_iterations = 125618"
[1] "rewire_graph: Mode degree distribution"
[1] "rewire_graph: num_iterations = 125617"
[1] "rewire_graph: Mode degree distribution[[1  "rewire_graph: num_iterations = 125622"
[1] "rewire_graph: Mode degree distribution"
[1] "rewire_graph: num_iterations = 125614"
[1] "rewire_graph: Mode degree distribution"
[1] "rewire_graph: num_iterations = 125622"
[1] "rewire_graph: Mode degree distribution"
[1] "rewire_graph: num_iterations = 125616"
[1] "rewire_graph: Mode degree distribution"
[1] "rewired_kinase_network = 2259"
[1] "rewire_graph: num_iterations = 2259"
[1] "rewire_graph: Mode degree distribution"
[1] "rewired_ppi_network = 13301"
[1] "rewire_graph: num_iterations = 13292"
[1] "rewire_graph: Mode degree distribution"
[1] "rewired_kinase_network = 2259"
[1] "rewire_graph: num_iterations = 2259"
[1] "rewire_graph: Mode degree distribution"
[1] "rewired_ppi_network = 13301"
[1] "rewire_graph: num_iterations = 13292"
[1] "rewire_graph: Mode degree distribution"
[1] "rewired_kinase_network = 2259"
[1] "rewire_graph: num_iterations = 2259"
[1] "rewire_graph: Mode degree distribution"
[1] "rewired_ppi_network = 13301"
[1] "rewire_graph: num_iterations = 13292"
[1] "rewire_graph: Mode degree distribution"
[1] "rewired_kinase_network = 2259"
[1] "rewire_graph: num_iterations = 2259"
[1] "rewire_graph: Mode degree distribution"
[1] "rewired_ppi_network = 13301"
[1] "rewire_graph: num_iterations = 13292"
[1] "rewire_graph: Mode degree distribution"
[1] "rewired_kinase_network = 2259"
[1] "rewire_graph: num_iterations = 2259"
[1] "rewire_graph: Mode degree distribution"
[1] "rewired_ppi_network = 13301"
[1] "rewire_graph: num_iterations = 13292"
[1] "rewire_graph: Mode degree distribution"
[1] "rewired_tf_network = 6117"
[1] "rewire_graph: num_iterations = 6117"
[1] "rewire_graph: Mode degree distribution"
[1] "rewired_tf_network = 6117"
[1] "rewire_graph: num_iterations = 6117"
[1] "rewire_graph: Mode degree distribution"
[1] "rewired_tf_network = 6117"
[1] "rewire_graph: num_iterations = 6117"
[1] "rewire_graph: Mode degree distribution"
Source: local data frame [1 x 1]

  count
  (int)
1 62303
Source: local data frame [1 x 1]

  count
  (int)
1 63369
[1] "rewire_genetic_interactions_network = 125627"
[1] "rewire_graph: num_iterations = 125627"
[1] "rewire_graph: Mode degree distribution"
Source: local data frame [1 x 1]

  count
  (int)
1 62385
Source: local data frame [1 x 1]

  count
  (int)
1 63287
[1] "rewired_kinase_network = 2259"
[1] "rewire_graph: num_iterations = 2259"
[1] "rewire_graph: Mode degree distribution"
[1] "rewire_genetic_interactions_network = 125620"
[1] "rewire_graph: num_iterations = 125620"
[1] "rewire_graph: Mode degree distribution"
Source: local data frame [1 x 1]

  count
  (int)
1 62337
Source: local data frame [1 x 1]

  count
  (int)
1 63335
[1] "rewired_ppi_network = 13301"
[1] "rewired_kinase_network = 2259"
[1] "rewire_graph: num_iterations = 13292"
[1] "rewire_graph: Mode degree distribution"
[1] "rewire_graph: num_iterations = 2259"
[1] "rewire_graph: Mode degree distribution"
[1] "rewire_genetic_interactions_network = 125621"
[1] "rewire_graph: num_iterations = 125621"
[1] "rewire_graph: Mode degree distribution"
[1] "rewired_ppi_network = 13301"
[1] "rewire_graph: num_iterations = 13292"
[1] "rewire_graph: Mode degree distribution"
[1] "rewired_tf_network = 6117"
[1] "rewire_graph: num_iterations = 6117"
[1] "rewire_graph: Mode degree distribution"
[1] "rewired_tf_network = 6117"
[1] "rewire_graph: num_iterations = 6117"
[1] "rewire_graph: Mode degree distribution"
Source: local data frame [1 x 1]

  count
  (int)
1 62315
Source: local data frame [1 x 1]

  count
  (int)
1 63357
[1] "rewire_genetic_interactions_network = 125623"
[1] "rewire_graph: num_iterations = 125623"
[1] "rewire_graph: Mode degree distribution"
Source: local data frame [1 x 1]

  count
  (int)
1 62266
Source: local data frame [1 x 1]

  count
  (int)
1 63406
[1] "rewire_genetic_interactions_network = 125628"
[1] "rewire_graph: num_iterations = 125628"
[1] "rewire_graph: Mode degree distribution"
[1] "rewired_tf_network = 6117"
[1] "rewire_graph: num_iterations = 6117"
[1] "rewire_graph: Mode degree distribution"
[1] "rewired_tf_network = 6117"
[1] "rewire_graph: num_iterations = 6117"
[1] "rewire_graph: Mode degree distribution"
[1] "rewired_kinase_network = 2259"
[1] "rewire_graph: num_iterations = 2259"
[1] "rewire_graph: Mode degree distribution"
[1] "rewired_ppi_network = 13301"
[1] "rewire_graph: num_iterations = 13292"
[1] "rewire_graph: Mode degree distribution"
Source: local data frame [1 x 1]

  count
  (int)
1 62266
Source: local data frame [1 x 1]

  count
  (int)
1 63406
[1] "rewire_genetic_interactions_network = 125620"
[1] "rewire_graph: num_iterations = 125620"
[1] "rewire_graph: Mode degree distribution"
Source: local data frame [1 x 1]

  count
  (int)
1 62340
Source: local data frame [1 x 1]

  count
  (int)
1 63332
[1] "rewire_genetic_interactions_network = 125619"
[1] "rewire_graph: num_iterations = 125619"
[1] "rewire_graph: Mode degree distribution"
[1] "rewired_kinase_network = 2259"
[1] "rewire_graph: num_iterations = 2259"
[1] "rewire_graph: Mode degree distribution"
[1] "rewired_ppi_network = 13301"
[1] "rewire_graph: num_iterations = 13292"
[1] "rewire_graph: Mode degree distribution"
[1] "rewired_kinase_network = 2259"
[1] "rewire_graph: num_iterations = 2259"
[1] "rewire_graph: Mode degree distribution"
[1] "rewired_ppi_network = 13301"
[1] "rewire_graph: num_iterations = 13292"
[1] "rewire_graph: Mode degree distribution"
[1] "rewired_kinase_network = 2259"
[1] "rewire_graph: num_iterations = 2259"
[1] "rewire_graph: Mode degree distribution"
[1] "rewired_ppi_network = 13301"
[1] "rewire_graph: num_iterations = 13292"
[1] "rewire_graph: Mode degree distribution"
[1] "rewired_tf_network = 6117"
[1] "rewire_graph: num_iterations = 6117"
[1] "rewire_graph: Mode degree distribution"
[1] "rewired_kinase_network = 2259"
[1] "rewire_graph: num_iterations = 2259"
[1] "rewire_graph: Mode degree distribution"
[1] "rewired_ppi_network = 13301"
[1] "rewire_graph: num_iterations = 13292"
[1] "rewire_graph: Mode degree distribution"
Source: local data frame [1 x 1]

  count
  (int)
1 62344
Source: local data frame [1 x 1]

  count
  (int)
1 63328
[1] "rewire_genetic_interactions_network = 125621"
[1] "rewire_graph: num_iterations = 125621"
[1] "rewire_graph: Mode degree distribution"
[1] "rewired_tf_network = 6117"
[1] "rewire_graph: num_iterations = 6117"
[1] "rewire_graph: Mode degree distribution"
[1] "rewired_tf_network = 6117"
[1] "rewire_graph: num_iterations = 6117"
[1] "rewire_graph: Mode degree distribution"
[1] "rewired_tf_network = 6117"
[1] "rewire_graph: num_iterations = 6117"
[1] "rewire_graph: Mode degree distribution"
Source: local data frame [1 x 1]

  count
  (int)
1 62210
Source: local data frame [1 x 1]

  count
  (int)
1 63462
[1] "rewire_genetic_interactions_network = 125621"
[1] "rewire_graph: num_iterations = 125621"
[1] "rewire_graph: Mode degree distribution"
Source: local data frame [1 x 1]

  count
  (int)
1 62397
Source: local data frame [1 x 1]

  count
  (int)
1 63275
[1] "rewired_tf_network = 6117"
[1] "rewire_graph: num_iterations = 6117"
[1] "rewire_graph: Mode degree distribution"
[1] "rewire_genetic_interactions_network = 125617"
[1] "rewire_graph: num_iterations = 125617"
[1] "rewire_graph: Mode degree distribution"
Source: local data frame [1 x 1]

  count
  (int)
1 62306
Source: local data frame [1 x 1]

  count
  (int)
1 63366
[1] "rewire_genetic_interactions_network = 125624"
[1] "rewire_graph: num_iterations = 125624"
[1] "rewire_graph: Mode degree distribution"
[1] "rewired_kinase_network = 2259"
[1] "rewire_graph: num_iterations = 2259"
[1] "rewire_graph: Mode degree distribution"
[1] "rewired_ppi_network = 13301"
[1] "rewire_graph: num_iterations = 13292"
[1] "rewire_graph: Mode degree distribution"
[1] "rewired_kinase_network = 2259"
[1] "rewire_graph: num_iterations = 2259"
[1] "rewire_graph: Mode degree distribution"
[1] "rewired_ppi_network = 13301"
[1] "rewire_graph: num_iterations = 13292"
[1] "rewire_graph: Mode degree distribution"
Source: local data frame [1 x 1]

  count
  (int)
1 62423
Source: local data frame [1 x 1]

  count
  (int)
1 63249
[1] "rewire_genetic_interactions_network = 125627"
[1] "rewire_graph: num_iterations = 125627"
[1] "rewire_graph: Mode degree distribution"
[1] "rewired_tf_network = 6117"
[1] "rewire_graph: num_iterations = 6117"
[1] "rewire_graph: Mode degree distribution"
[1] "rewired_tf_network = 6117"
[1] "rewire_graph: num_iterations = 6117"
[1] "rewire_graph: Mode degree distribution"
[1] "rewired_kinase_network = 2259"
[1] "rewire_graph: num_iterations = 2259"
[1] "rewire_graph: Mode degree distribution"
[1] "rewired_ppi_network = 13301"
[1] "rewire_graph: num_iterations = 13292"
[1] "rewire_graph: Mode degree distribution"
Source: local data frame [1 x 1]

  count
  (int)
1 62361
Source: local data frame [1 x 1]

  count
  (int)
1 63311
[1] "rewire_genetic_interactions_network = 125619"
[1] "rewire_graph: num_iterations = 125619"
[1] "rewire_graph: Mode degree distribution"
Source: local data frame [1 x 1]

  count
  (int)
1 62256
Source: local data frame [1 x 1]

  count
  (int)
1 63416
[1] "rewire_genetic_interactions_network = 125627"
[1] "rewire_graph: num_iterations = 125627"
[1] "rewire_graph: Mode degree distribution"
[1] "rewired_kinase_network = 2259"
[1] "rewire_graph: num_iterations = 2259"
[1] "rewire_graph: Mode degree distribution"
[1] "rewired_ppi_network = 13301"
[1] "rewire_graph: num_iterations = 13292"
[1] "rewire_graph: Mode degree distribution"
[1] "rewired_tf_network = 6117"
[1] "rewire_graph: num_iterations = 6117"
[1] "rewire_graph: Mode degree distribution"
Source: local data frame [1 x 1]

  count
  (int)
1 62374
Source: local data frame [1 x 1]

  count
  (int)
1 63298
[1] "rewire_genetic_interactions_network = 125622"
[1] "rewire_graph: num_iterations = 125622"
[1] "rewire_graph: Mode degree distribution"
[1] "rewired_tf_network = 6117"
[1] "rewire_graph: num_iterations = 6117"
[1] "rewire_graph: Mode degree distribution"
Source: local data frame [1 x 1]

  count
  (int)
1 62419
Source: local data frame [1 x 1]

  count
  (int)
1 63253
[1] "rewire_genetic_interactions_network = 125616"
[1] "rewire_graph: num_iterations = 125616"
[1] "rewire_graph: Mode degree distribution"
[1] "rewired_kinase_network = 2259"
[1] "rewire_graph: num_iterations = 2259"
[1] "rewire_graph: Mode degree distribution"
[1] "rewired_ppi_network = 13301"
[1] "rewire_graph: num_iterations = 13292"
[1] "rewire_graph: Mode degree distribution"
[1] "rewired_tf_network = 6117"
[1] "rewire_graph: num_iterations = 6117"
[1] "rewire_graph: Mode degree distribution"
[1] "rewired_kinase_network = 2259"
[1] "rewire_graph: num_iterations = 2259"
[1] "rewire_graph: Mode degree distribution"
[1] "rewired_ppi_network = 13301"
[1] "rewire_graph: num_iterations = 13292"
[1] "rewire_graph: Mode degree distribution"
Source: local data frame [1 x 1]

  count
  (int)
1 62307
Source: local data frame [1 x 1]

  count
  (int)
1 63365
[1] "rewire_genetic_interactions_network = 125624"
[1] "rewire_graph: num_iterations = 125624"
[1] "rewire_graph: Mode degree distribution"
[1] "rewired_tf_network = 6117"
[1] "rewire_graph: num_iterations = 6117"
[1] "rewire_graph: Mode degree distribution"
[1] "rewired_kinase_network = 2259"
[1] "rewire_graph: num_iterations = 2259"
[1] "rewire_graph: Mode degree distribution"
[1] "rewired_ppi_network = 13301"
[1] "rewire_graph: num_iterations = 13292"
[1] "rewire_graph: Mode degree distribution"
Source: local data frame [1 x 1]

  count
  (int)
1 62292
Source: local data frame [1 x 1]

  count
  (int)
1 63380
[1] "rewire_genetic_interactions_network = 125620"
[1] "rewire_graph: num_iterations = 125620"
[1] "rewire_graph: Mode degree distribution"
[1] "rewired_tf_network = 6117"
[1] "rewire_graph: num_iterations = 6117"
[1] "rewire_graph: Mode degree distribution"
[1] "rewired_kinase_network = 2259"
[1] "rewire_graph: num_iterations = 2259"
[1] "rewire_graph: Mode degree distribution"
[1] "rewired_ppi_network = 13301"
[1] "rewire_graph: num_iterations = 13292"
[1] "rewire_graph: Mode degree distribution"
Source: local data frame [1 x 1]

  count
  (int)
1 62336
Source: local data frame [1 x 1]

  count
  (int)
1 63336
[1] "rewire_genetic_interactions_network = 125624"
[1] "rewire_graph: num_iterations = 125624"
[1] "rewire_graph: Mode degree distribution"
[1] "rewired_tf_network = 6117"
[1] "rewire_graph: num_iterations = 6117"
[1] "rewire_graph: Mode degree distribution"
Source: local data frame [1 x 1]

  count
  (int)
1 62330
Source: local data frame [1 x 1]

  count
  (int)
1 63342
[1] "rewire_genetic_interactions_network = 125620"
[1] "rewire_graph: num_iterations = 125620"
[1] "rewire_graph: Mode degree distribution"
[1] "rewired_kinase_network = 2259"
[1] "rewire_graph: num_iterations = 2259"
[1] "rewire_graph: Mode degree distribution"
[1] "rewired_ppi_network = 13301"
[1] "rewire_graph: num_iterations = 13292"
[1] "rewire_graph: Mode degree distribution"
[1] "rewired_kinase_network = 2259"
[1] "rewire_graph: num_iterations = 2259"
[1] "rewire_graph: Mode degree distribution"
[1] "rewired_ppi_network = 13301"
[1] "rewire_graph: num_iterations = 13292"
[1] "rewire_graph: Mode degree distribution"
[1] "rewired_tf_network = 6117"
[1] "rewire_graph: num_iterations = 6117"
[1] "rewire_graph: Mode degree distribution"
[1] "rewired_kinase_network = 2259"
[1] "rewire_graph: num_iterations = 2259"
[1] "rewire_graph: Mode degree distribution"
[1] "rewired_ppi_network = 13301"
[1] "rewire_graph: num_iterations = 13292"
[1] "rewire_graph: Mode degree distribution"
Source: local data frame [1 x 1]

  count
  (int)
1 62249
Source: local data frame [1 x 1]

  count
  (int)
1 63423
[1] "rewire_genetic_interactions_network = 125619"
[1] "rewire_graph: num_iterations = 125619"
[1] "rewire_graph: Mode degree distribution"
[1] "rewired_tf_network = 6117"
[1] "rewire_graph: num_iterations = 6117"
[1] "rewire_graph: Mode degree distribution"
Source: local data frame [1 x 1]

  count
  (int)
1 62312
Source: local data frame [1 x 1]

  count
  (int)
1 63360
[1] "rewire_genetic_interactions_network = 125623"
[1] "rewire_graph: num_iterations = 125623"
[1] "rewire_graph: Mode degree distribution"
[1] "rewired_tf_network = 6117"
[1] "rewire_graph: num_iterations = 6117"
[1] "rewire_graph: Mode degree distribution"
Source: local data frame [1 x 1]

  count
  (int)
1 62343
Source: local data frame [1 x 1]

  count
  (int)
1 63329
[1] "rewire_genetic_interactions_network = 125620"
[1] "rewire_graph: num_iterations = 125620"
[1] "rewire_graph: Mode degree distribution"
[1] "rewired_kinase_network = 2259"
[1] "rewire_graph: num_iterations = 2259"
[1] "rewire_graph: Mode degree distribution"
[1] "rewired_ppi_network = 13301"
[1] "rewire_graph: num_iterations = 13292"
[1] "rewire_graph: Mode degree distribution"
[1] "rewired_kinase_network = 2259"
[1] "rewire_graph: num_iterations = 2259"
[1] "rewire_graph: Mode degree distribution"
[1] "rewired_ppi_network = 13301"
[1] "rewire_graph: num_iterations = 13292"
[1] "rewire_graph: Mode degree distribution"
[1] "rewired_kinase_network = 2259"
[1] "rewire_graph: num_iterations = 2259"
[1] "rewire_graph: Mode degree distribution"
[1] "rewired_ppi_network = 13301"
[1] "rewire_graph: num_iterations = 13292"
[1] "rewire_graph: Mode degree distribution"
[1] "rewired_tf_network = 6117"
[1] "rewire_graph: num_iterations = 6117"
[1] "rewire_graph: Mode degree distribution"
Source: local data frame [1 x 1]

  count
  (int)
1 62274
Source: local data frame [1 x 1]

  count
  (int)
1 63398
[1] "rewired_tf_network = 6117"
[1] "rewire_graph: num_iterations = 6117"
[1] "rewire_graph: Mode degree distribution"
[1] "rewire_genetic_interactions_network = 125617"
[1] "rewire_graph: num_iterations = 125617"
[1] "rewire_graph: Mode degree distribution"
[1] "rewired_tf_network = 6117"
[1] "rewire_graph: num_iterations = 6117"
[1] "rewire_graph: Mode degree distribution"
Source: local data frame [1 x 1]

  count
  (int)
1 62425
Source: local data frame [1 x 1]

  count
  (int)
1 63247
[1] "rewire_genetic_interactions_network = 125621"
[1] "rewire_graph: num_iterations = 125621"
[1] "rewire_graph: Mode degree distribution"
Source: local data frame [1 x 1]

  count
  (int)
1 62305
Source: local data frame [1 x 1]

  count
  (int)
1 63367
[1] "rewire_genetic_interactions_network = 125618"
[1] "rewire_graph: num_iterations = 125618"
[1] "rewire_graph: Mode degree distribution"
[1] "rewired_kinase_network = 2259"
[1] "rewire_graph: num_iterations = 2259"
[1] "rewire_graph: Mode degree distribution"
[1] "rewired_ppi_network = 13301"
[1] "rewire_graph: num_iterations = 13292"
[1] "rewire_graph: Mode degree distribution"
[1] "rewired_tf_network = 6117"
[1] "rewire_graph: num_iterations = 6117"
[1] "rewire_graph: Mode degree distribution"
Source: local data frame [1 x 1]

  count
  (int)
1 62327
Source: local data frame [1 x 1]

  count
  (int)
1 63345
[1] "rewire_genetic_interactions_network = 125623"
[1] "rewire_graph: num_iterations = 125623"
[1] "rewire_graph: Mode degree distribution"
[1] "rewired_kinase_network = 2259"
[1] "rewire_graph: num_iterations = 2259"
[1] "rewire_graph: Mode degree distribution"
[1] "rewired_ppi_network = 13301"
[1] "rewire_graph: num_iterations = 13292"
[1] "rewire_graph: Mode degree distribution"
[1] "rewired_tf_network = 6117"
[1] "rewire_graph: num_iterations = 6117"
[1] "rewire_graph: Mode degree distribution"
Source: local data frame [1 x 1]

  count
  (int)
1 62393
Source: local data frame [1 x 1]

  count
  (int)
1 63279
[1] "rewire_genetic_interactions_network = 125618"
[1] "rewire_graph: num_iterations = 125618"
[1] "rewire_graph: Mode degree distribution"
[1] "rewired_kinase_network = 2259"
[1] "rewire_graph: num_iterations = 2259"
[1] "rewire_graph: Mode degree distribution"
[1] "rewired_ppi_network = 13301"
[1] "rewire_graph: num_iterations = 13292"
[1] "rewire_graph: Mode degree distribution"
[1] "rewired_tf_network = 6117"
[1] "rewire_graph: num_iterations = 6117"
[1] "rewire_graph: Mode degree distribution"
Source: local data frame [1 x 1]

  count
  (int)
1 62340
Source: local data frame [1 x 1]

  count
  (int)
1 63332
[1] "rewire_genetic_interactions_network = 125618"
[1] "rewire_graph: num_iterations = 125618"
[1] "rewire_graph: Mode degree distribution"
[1] "rewired_kinase_network = 2259"
[1] "rewire_graph: num_iterations = 2259"
[1] "rewire_graph: Mode degree distribution"
[1] "rewired_ppi_network = 13301"
[1] "rewire_graph: num_iterations = 13292"
[1] "rewire_graph: Mode degree distribution"
[1] "rewired_kinase_network = 2259"
[1] "rewire_graph: num_iterations = 2259"
[1] "rewire_graph: Mode degree distribution"
[1] "rewired_ppi_network = 13301"
[1] "rewire_graph: num_iterations = 13292"
[1] "rewire_graph: Mode degree distribution"
[1] "rewired_tf_network = 6117"
[1] "rewire_graph: num_iterations = 6117"
[1] "rewire_graph: Mode degree distribution"
[1] "rewired_tf_network = 6117"
[1] "rewire_graph: num_iterations = 6117"
[1] "rewire_graph: Mode degree distribution"
Source: local data frame [1 x 1]

  count
  (int)
1 62338
Source: local data frame [1 x 1]

  count
  (int)
1 63334
[1] "rewire_genetic_interactions_network = 125624"
[1] "rewire_graph: num_iterations = 125624"
[1] "rewire_graph: Mode degree distribution"
Source: local data frame [1 x 1]

  count
  (int)
1 62252
Source: local data frame [1 x 1]

  count
  (int)
1 63420
[1] "rewire_genetic_interactions_network = 125621"
[1] "rewire_graph: num_iterations = 125621"
[1] "rewire_graph: Mode degree distribution"
[1] "rewired_kinase_network = 2259"
[1] "rewire_graph: num_iterations = 2259"
[1] "rewire_graph: Mode degree distribution"
[1] "rewired_ppi_network = 13301"
[1] "rewire_graph: num_iterations = 13292"
[1] "rewire_graph: Mode degree distribution"
[1] "rewired_tf_network = 6117"
[1] "rewire_graph: num_iterations = 6117"
[1] "rewire_graph: Mode degree distribution"
Source: local data frame [1 x 1]

  count
  (int)
1 62272
Source: local data frame [1 x 1]

  count
  (int)
1 63400
[1] "rewire_genetic_interactions_network = 125625"
[1] "rewire_graph: num_iterations = 125625"
[1] "rewire_graph: Mode degree distribution"
[1] "rewired_kinase_network = 2259"
[1] "rewire_graph: num_iterations = 2259"
[1] "rewire_graph: Mode degree distribution"
[1] "rewired_ppi_network = 13301"
[1] "rewire_graph: num_iterations = 13292"
[1] "rewire_graph: Mode degree distribution"
[1] "rewired_tf_network = 6117"
[1] "rewire_graph: num_iterations = 6117"
[1] "rewire_graph: Mode degree distribution"
Source: local data frame [1 x 1]

  count
  (int)
1 62256
Source: local data frame [1 x 1]

  count
  (int)
1 63416
[1] "rewire_genetic_interactions_network = 125617"
[1] "rewire_graph: num_iterations = 125617"
[1] "rewire_graph: Mode degree distribution"
[1] "rewired_kinase_network = 2259"
[1] "rewire_graph: num_iterations = 2259"
[1] "rewire_graph: Mode degree distribution"
[1] "rewired_ppi_network = 13301"
[1] "rewire_graph: num_iterations = 13292"
[1] "rewire_graph: Mode degree distribution"
[1] "rewired_tf_network = 6117"
[1] "rewire_graph: num_iterations = 6117"
[1] "rewire_graph: Mode degree distribution"
Source: local data frame [1 x 1]

  count
  (int)
1 62330
Source: local data frame [1 x 1]

  count
  (int)
1 63342
[1] "rewire_genetic_interactions_network = 125617"
[1] "rewire_graph: num_iterations = 125617"
[1] "rewire_graph: Mode degree distribution"
[1] "rewired_kinase_network = 2259"
[1] "rewire_graph: num_iterations = 2259"
[1] "rewire_graph: Mode degree distribution"
[1] "rewired_ppi_network = 13301"
[1] "rewire_graph: num_iterations = 13292"
[1] "rewire_graph: Mode degree distribution"
[1] "rewired_tf_network = 6117"
[1] "rewire_graph: num_iterations = 6117"
[1] "rewire_graph: Mode degree distribution"
[1] "rewired_kinase_network = 2259"
[1] "rewire_graph: num_iterations = 2259"
[1] "rewire_graph: Mode degree distribution"
[1] "rewired_ppi_network = 13301"
[1] "rewire_graph: num_iterations = 13292"
[1] "rewire_graph: Mode degree distribution"
Source: local data frame [1 x 1]

  count
  (int)
1 62345
Source: local data frame [1 x 1]

  count
  (int)
1 63327
[1] "rewire_genetic_interactions_network = 125622"
[1] "rewire_graph: num_iterations = 125622"
[1] "rewire_graph: Mode degree distribution"
[1] "rewired_tf_network = 6117"
[1] "rewire_graph: num_iterations = 6117"
[1] "rewire_graph: Mode degree distribution"
Source: local data frame [1 x 1]

  count
  (int)
1 62237
Source: local data frame [1 x 1]

  count
  (int)
1 63435
[1] "rewire_genetic_interactions_network = 125620"
[1] "rewire_graph: num_iterations = 125620"
[1] "rewire_graph: Mode degree distribution"
[1] "rewired_kinase_network = 2259"
[1] "rewire_graph: num_iterations = 2259"
[1] "rewire_graph: Mode degree distribution"
[1] "rewired_ppi_network = 13301"
[1] "rewire_graph: num_iterations = 13292"
[1] "rewire_graph: Mode degree distribution"
[1] "rewired_kinase_network = 2259"
[1] "rewire_graph: num_iterations = 2259"
[1] "rewire_graph: Mode degree distribution"
[1] "rewired_ppi_network = 13301"
[1] "rewire_graph: num_iterations = 13292"
[1] "rewire_graph: Mode degree distribution"
[1] "rewired_kinase_network = 2259"
[1] "rewire_graph: num_iterations = 2259"
[1] "rewire_graph: Mode degree distribution"
[1] "rewired_ppi_network = 13301"
[1] "rewire_graph: num_iterations = 13292"
[1] "rewire_graph: Mode degree distribution"
[1] "rewired_tf_network = 6117"
[1] "rewire_graph: num_iterations = 6117"
[1] "rewire_graph: Mode degree distribution"
[1] "rewired_tf_network = 6117"
[1] "rewire_graph: num_iterations = 6117"
[1] "rewire_graph: Mode degree distribution"
Source: local data frame [1 x 1]

  count
  (int)
1 62202
Source: local data frame [1 x 1]

  count
  (int)
1 63470
[1] "rewire_genetic_interactions_network = 125620"
[1] "rewire_graph: num_iterations = 125620"
[1] "rewire_graph: Mode degree distribution"
[1] "rewired_tf_network = 6117"
[1] "rewire_graph: num_iterations = 6117"
[1] "rewire_graph: Mode degree distribution"
Source: local data frame [1 x 1]

  count
  (int)
1 62367
Source: local data frame [1 x 1]

  count
  (int)
1 63305
[1] "rewire_genetic_interactions_network = 125623"
[1] "rewire_graph: num_iterations = 125623"
[1] "rewire_graph: Mode degree distribution"
[1] "rewired_kinase_network = 2259"
[1] "rewire_graph: num_iterations = 2259"
[1] "rewire_graph: Mode degree distribution"
[1] "rewired_ppi_network = 13301"
[1] "rewire_graph: num_iterations = 13292"
[1] "rewire_graph: Mode degree distribution"
Source: local data frame [1 x 1]

  count
  (int)
1 62374
Source: local data frame [1 x 1]

  count
  (int)
1 63298
[1] "rewire_genetic_interactions_network = 125629"
[1] "rewire_graph: num_iterations = 125629"
[1] "rewire_graph: Mode degree distribution"
[1] "rewired_kinase_network = 2259"
[1] "rewire_graph: num_iterations = 2259"
[1] "rewire_graph: Mode degree distribution"
[1] "rewired_ppi_network = 13301"
[1] "rewire_graph: num_iterations = 13292"
[1] "rewire_graph: Mode degree distribution"
[1] "rewired_tf_network = 6117"
[1] "rewire_graph: num_iterations = 6117"
[1] "rewire_graph: Mode degree distribution"
[1] "rewired_tf_network = 6117"
[1] "rewire_graph: num_iterations = 6117"
[1] "rewire_graph: Mode degree distribution"
Source: local data frame [1 x 1]

  count
  (int)
1 62318
Source: local data frame [1 x 1]

  count
  (int)
1 63354
[1] "rewire_genetic_interactions_network = 125622"
[1] "rewire_graph: num_iterations = 125622"
[1] "rewire_graph: Mode degree distribution"
Source: local data frame [1 x 1]

  count
  (int)
1 62327
Source: local data frame [1 x 1]

  count
  (int)
1 63345
[1] "rewire_genetic_interactions_network = 125632"
[1] "rewire_graph: num_iterations = 125632"
[1] "rewire_graph: Mode degree distribution"
[1] "rewired_kinase_network = 2259"
[1] "rewire_graph: num_iterations = 2259"
[1] "rewire_graph: Mode degree distribution"
[1] "rewired_ppi_network = 13301"
[1] "rewire_graph: num_iterations = 13292"
[1] "rewire_graph: Mode degree distribution"
[1] "rewired_kinase_network = 2259"
[1] "rewire_graph: num_iterations = 2259"
[1] "rewire_graph: Mode degree distribution"
[1] "rewired_ppi_network = 13301"
[1] "rewire_graph: num_iterations = 13292"
[1] "rewire_graph: Mode degree distribution"
[1] "rewired_tf_network = 6117"
[1] "rewire_graph: num_iterations = 6117"
[1] "rewire_graph: Mode degree distribution"
Source: local data frame [1 x 1]

  count
  (int)
1 62304
Source: local data frame [1 x 1]

  count
  (int)
1 63368
[1] "rewire_genetic_interactions_network = 125619"
[1] "rewire_graph: num_iterations = 125619"
[1] "rewire_graph: Mode degree distribution"
[1] "rewired_tf_network = 6117"
[1] "rewire_graph: num_iterations = 6117"
[1] "rewire_graph: Mode degree distribution"
Source: local data frame [1 x 1]

  count
  (int)
1 62262
Source: local data frame [1 x 1]

  count
  (int)
1 63410
[1] "rewire_genetic_interactions_network = 125622"
[1] "rewire_graph: num_iterations = 125622"
[1] "rewire_graph: Mode degree distribution"
[1] "rewired_kinase_network = 2259"
[1] "rewire_graph: num_iterations = 2259"
[1] "rewire_graph: Mode degree distribution"
[1] "rewired_ppi_network = 13301"
[1] "rewire_graph: num_iterations = 13292"
[1] "rewire_graph: Mode degree distribution"
[1] "rewired_tf_network = 6117"
[1] "rewire_graph: num_iterations = 6117"
[1] "rewire_graph: Mode degree distribution"
Source: local data frame [1 x 1]

  count
  (int)
1 62337
Source: local data frame [1 x 1]

  count
  (int)
1 63335
[1] "rewire_genetic_interactions_network = 125621"
[1] "rewire_graph: num_iterations = 125621"
[1] "rewire_graph: Mode degree distribution"
[1] "rewired_kinase_network = 2259"
[1] "rewire_graph: num_iterations = 2259"
[1] "rewire_graph: Mode degree distribution"
[1] "rewired_ppi_network = 13301"
[1] "rewire_graph: num_iterations = 13292"
[1] "rewire_graph: Mode degree distribution"
[1] "rewired_tf_network = 6117"
[1] "rewire_graph: num_iterations = 6117"
[1] "rewire_graph: Mode degree distribution"
Source: local data frame [1 x 1]

  count
  (int)
1 62401
Source: local data frame [1 x 1]

  count
  (int)
1 63271
[1] "rewire_genetic_interactions_network = 125611"
[1] "rewire_graph: num_iterations = 125611"
[1] "rewire_graph: Mode degree distribution"
[1] "rewired_kinase_network = 2259"
[1] "rewire_graph: num_iterations = 2259"
[1] "rewire_graph: Mode degree distribution"
[1] "rewired_ppi_network = 13301"
[1] "rewire_graph: num_iterations = 13292"
[1] "rewire_graph: Mode degree distribution"
[1] "rewired_kinase_network = 2259"
[1] "rewire_graph: num_iterations = 2259"
[1] "rewire_graph: Mode degree distribution"
[1] "rewired_ppi_network = 13301"
[1] "rewire_graph: num_iterations = 13292"
[1] "rewire_graph: Mode degree distribution"
[1] "rewired_tf_network = 6117"
[1] "rewire_graph: num_iterations = 6117"
[1] "rewire_graph: Mode degree distribution"
[1] "rewired_kinase_network = 2259"
[1] "rewire_graph: num_iterations = 2259"
[1] "rewire_graph: Mode degree distribution"
[1] "rewired_ppi_network = 13301"
[1] "rewire_graph: num_iterations = 13292"
[1] "rewire_graph: Mode degree distribution"
Source: local data frame [1 x 1]

  count
  (int)
1 62349
Source: local data frame [1 x 1]

  count
  (int)
1 63323
[1] "rewire_genetic_interactions_network = 125620"
[1] "rewire_graph: num_iterations = 125620"
[1] "rewire_graph: Mode degree distribution"
[1] "rewired_tf_network = 6117"
[1] "rewire_graph: num_iterations = 6117"
[1] "rewire_graph: Mode degree distribution"
[1] "rewired_tf_network = 6117"
[1] "rewire_graph: num_iterations = 6117"
[1] "rewire_graph: Mode degree distribution"
Source: local data frame [1 x 1]

  count
  (int)
1 62299
Source: local data frame [1 x 1]

  count
  (int)
1 63373
[1] "rewire_genetic_interactions_network = 125619"
[1] "rewire_graph: num_iterations = 125619"
[1] "rewire_graph: Mode degree distribution"
Source: local data frame [1 x 1]

  count
  (int)
1 62280
Source: local data frame [1 x 1]

  count
  (int)
1 63392
[1] "rewire_genetic_interactions_network = 125621"
[1] "rewire_graph: num_iterations = 125621"
[1] "rewire_graph: Mode degree distribution"
[1] "rewired_kinase_network = 2259"
[1] "rewire_graph: num_iterations = 2259"
[1] "rewire_graph: Mode degree distribution"
[1] "rewired_ppi_network = 13301"
[1] "rewire_graph: num_iterations = 13292"
[1] "rewire_graph: Mode degree distribution"
[1] "rewired_tf_network = 6117"
[1] "rewire_graph: num_iterations = 6117"
[1] "rewire_graph: Mode degree distribution"
Source: local data frame [1 x 1]

  count
  (int)
1 62286
Source: local data frame [1 x 1]

  count
  (int)
1 63386
[1] "rewire_genetic_interactions_network = 125627"
[1] "rewire_graph: num_iterations = 125627"
[1] "rewire_graph: Mode degree distribution"
[1] "rewired_kinase_network = 2259"
[1] "rewire_graph: num_iterations = 2259"
[1] "rewire_graph: Mode degree distribution"
[1] "rewired_ppi_network = 13301"
[1] "rewire_graph: num_iterations = 13292"
[1] "rewire_graph: Mode degree distribution"
[1] "rewired_tf_network = 6117"
[1] "rewire_graph: num_iterations = 6117"
[1] "rewire_graph: Mode degree distribution"
Source: local data frame [1 x 1]

  count
  (int)
1 62332
Source: local data frame [1 x 1]

  count
  (int)
1 63340
[1] "rewire_genetic_interactions_network = 125621"
[1] "rewire_graph: num_iterations = 125621"
[1] "rewire_graph: Mode degree distribution"
[1] "rewired_kinase_network = 2259"
[1] "rewire_graph: num_iterations = 2259"
[1] "rewire_graph: Mode degree distribution"
[1] "rewired_ppi_network = 13301"
[1] "rewire_graph: num_iterations = 13292"
[1] "rewire_graph: Mode degree distribution"
[1] "rewired_kinase_network = 2259"
[1] "rewire_graph: num_iterations = 2259"
[1] "rewire_graph: Mode degree distribution"
[1] "rewired_ppi_network = 13301"
[1] "rewire_graph: num_iterations = 13292"
[1] "rewire_graph: Mode degree distribution"
[1] "rewired_tf_network = 6117"
[1] "rewire_graph: num_iterations = 6117"
[1] "rewire_graph: Mode degree distribution"
Source: local data frame [1 x 1]

  count
  (int)
1 62356
Source: local data frame [1 x 1]

  count
  (int)
1 63316
[1] "rewire_genetic_interactions_network = 125619"
[1] "rewire_graph: num_iterations = 125619"
[1] "rewire_graph: Mode degree distribution"
[1] "rewired_tf_network = 6117"
[1] "rewire_graph: num_iterations = 6117"
[1] "rewire_graph: Mode degree distribution"
Source: local data frame [1 x 1]

  count
  (int)
1 62264
Source: local data frame [1 x 1]

  count
  (int)
1 63408
[1] "rewire_genetic_interactions_network = 125618"
[1] "rewire_graph: num_iterations = 125618"
[1] "rewire_graph: Mode degree distribution"
[1] "rewired_kinase_network = 2259"
[1] "rewire_graph: num_iterations = 2259"
[1] "rewire_graph: Mode degree distribution"
[1] "rewired_ppi_network = 13301"
[1] "rewire_graph: num_iterations = 13292"
[1] "rewire_graph: Mode degree distribution"
[1] "rewired_kinase_network = 2259"
[1] "rewire_graph: num_iterations = 2259"
[1] "rewire_graph: Mode degree distribution"
[1] "rewired_ppi_network = 13301"
[1] "rewire_graph: num_iterations = 13292"
[1] "rewire_graph: Mode degree distribution"
[1] "rewired_tf_network = 6117"
[1] "rewire_graph: num_iterations = 6117"
[1] "rewire_graph: Mode degree distribution"
Source: local data frame [1 x 1]

  count
  (int)
1 62245
Source: local data frame [1 x 1]

  count
  (int)
1 63427
[1] "rewire_genetic_interactions_network = 125623"
[1] "rewire_graph: num_iterations = 125623"
[1] "rewire_graph: Mode degree distribution"
[1] "rewired_kinase_network = 2259"
[1] "rewire_graph: num_iterations = 2259"
[1] "rewire_graph: Mode degree distribution"
[1] "rewired_ppi_network = 13301"
[1] "rewire_graph: num_iterations = 13292"
[1] "rewire_graph: Mode degree distribution"
[1] "rewired_tf_network = 6117"
[1] "rewire_graph: num_iterations = 6117"
[1] "rewire_graph: Mode degree distribution"
Source: local data frame [1 x 1]

  count
  (int)
1 62386
Source: local data frame [1 x 1]

  count
  (int)
1 63286
[1] "rewire_genetic_interactions_network = 125621"
[1] "rewire_graph: num_iterations = 125621"
[1] "rewire_graph: Mode degree distribution"
[1] "rewired_tf_network = 6117"
[1] "rewire_graph: num_iterations = 6117"
[1] "rewire_graph: Mode degree distribution"
Source: local data frame [1 x 1]

  count
  (int)
1 62292
Source: local data frame [1 x 1]

  count
  (int)
1 63380
[1] "rewire_genetic_interactions_network = 125619"
[1] "rewire_graph: num_iterations = 125619"
[1] "rewire_graph: Mode degree distribution"
[1] "rewired_kinase_network = 2259"
[1] "rewire_graph: num_iterations = 2259"
[1] "rewire_graph: Mode degree distribution"
[1] "rewired_ppi_network = 13301"
[1] "rewire_graph: num_iterations = 13292"
[1] "rewire_graph: Mode degree distribution"
[1] "rewired_kinase_network = 2259"
[1] "rewire_graph: num_iterations = 2259"
[1] "rewire_graph: Mode degree distribution"
[1] "rewired_ppi_network = 13301"
[1] "rewire_graph: num_iterations = 13292"
[1] "rewire_graph: Mode degree distribution"
[1] "rewired_tf_network = 6117"
[1] "rewire_graph: num_iterations = 6117"
[1] "rewire_graph: Mode degree distribution"
[1] "rewired_tf_network = 6117"
[1] "rewire_graph: num_iterations = 6117"
[1] "rewire_graph: Mode degree distribution"
Source: local data frame [1 x 1]

  count
  (int)
1 62285
Source: local data frame [1 x 1]

  count
  (int)
1 63387
[1] "rewire_genetic_interactions_network = 125623"
[1] "rewire_graph: num_iterations = 125623"
[1] "rewire_graph: Mode degree distribution"
Source: local data frame [1 x 1]

  count
  (int)
1 62322
Source: local data frame [1 x 1]

  count
  (int)
1 63350
[1] "rewire_genetic_interactions_network = 125621"
[1] "rewire_graph: num_iterations = 125621"
[1] "rewire_graph: Mode degree distribution"
[1] "rewired_kinase_network = 2259"
[1] "rewire_graph: num_iterations = 2259"
[1] "rewire_graph: Mode degree distribution"
[1] "rewired_ppi_network = 13301"
[1] "rewire_graph: num_iterations = 13292"
[1] "rewire_graph: Mode degree distribution"
[1] "rewired_kinase_network = 2259"
[1] "rewire_graph: num_iterations = 2259"
[1] "rewire_graph: Mode degree distribution"
[1] "rewired_ppi_network = 13301"
[1] "rewire_graph: num_iterations = 13292"
[1] "rewire_graph: Mode degree distribution"
[1] "rewired_tf_network = 6117"
[1] "rewire_graph: num_iterations = 6117"
[1] "rewire_graph: Mode degree distribution"
Source: local data frame [1 x 1]

  count
  (int)
1 62238
Source: local data frame [1 x 1]

  count
  (int)
1 63434
[1] "rewire_genetic_interactions_network = 125621"
[1] "rewire_graph: num_iterations = 125621"
[1] "rewire_graph: Mode degree distribution"
[1] "rewired_tf_network = 6117"
[1] "rewire_graph: num_iterations = 6117"
[1] "rewire_graph: Mode degree distribution"
Source: local data frame [1 x 1]

  count
  (int)
1 62311
Source: local data frame [1 x 1]

  count
  (int)
1 63361
[1] "rewire_genetic_interactions_network = 125626"
[1] "rewire_graph: num_iterations = 125626"
[1] "rewire_graph: Mode degree distribution"
[1] "rewired_kinase_network = 2259"
[1] "rewire_graph: num_iterations = 2259"
[1] "rewire_graph: Mode degree distribution"
[1] "rewired_ppi_network = 13301"
[1] "rewire_graph: num_iterations = 13292"
[1] "rewire_graph: Mode degree distribution"
[1] "rewired_tf_network = 6117"
[1] "rewire_graph: num_iterations = 6117"
[1] "rewire_graph: Mode degree distribution"
Source: local data frame [1 x 1]

  count
  (int)
1 62392
Source: local data frame [1 x 1]

  count
  (int)
1 63280
[1] "rewire_genetic_interactions_network = 125620"
[1] "rewire_graph: num_iterations = 125620"
[1] "rewire_graph: Mode degree distribution"
[1] "rewired_kinase_network = 2259"
[1] "rewire_graph: num_iterations = 2259"
[1] "rewire_graph: Mode degree distribution"
[1] "rewired_ppi_network = 13301"
[1] "rewire_graph: num_iterations = 13292"
[1] "rewire_graph: Mode degree distribution"
[1] "rewired_tf_network = 6117"
[1] "rewire_graph: num_iterations = 6117"
[1] "rewire_graph: Mode degree distribution"
Source: local data frame [1 x 1]

  count
  (int)
1 62290
Source: local data frame [1 x 1]

  count
  (int)
1 63382
[1] "rewire_genetic_interactions_network = 125626"
[1] "rewire_graph: num_iterations = 125626"
[1] "rewire_graph: Mode degree distribution"
[1] "rewired_kinase_network = 2259"
[1] "rewire_graph: num_iterations = 2259"
[1] "rewire_graph: Mode degree distribution"
[1] "rewired_ppi_network = 13301"
[1] "rewire_graph: num_iterations = 13292"
[1] "rewire_graph: Mode degree distribution"
[1] "rewired_tf_network = 6117"
[1] "rewire_graph: num_iterations = 6117"
[1] "rewire_graph: Mode degree distribution"
Source: local data frame [1 x 1]

  count
  (int)
1 62320
Source: local data frame [1 x 1]

  count
  (int)
1 63352
[1] "rewire_genetic_interactions_network = 125619"
[1] "rewire_graph: num_iterations = 125619"
[1] "rewire_graph: Mode degree distribution"
[1] "rewired_kinase_network = 2259"
[1] "rewire_graph: num_iterations = 2259"
[1] "rewire_graph: Mode degree distribution"
[1] "rewired_ppi_network = 13301"
[1] "rewire_graph: num_iterations = 13292"
[1] "rewire_graph: Mode degree distribution"
[1] "rewired_kinase_network = 2259"
[1] "rewire_graph: num_iterations = 2259"
[1] "rewire_graph: Mode degree distribution"
[1] "rewired_ppi_network = 13301"
[1] "rewire_graph: num_iterations = 13292"
[1] "rewire_graph: Mode degree distribution"
[1] "rewired_tf_network = 6117"
[1] "rewire_graph: num_iterations = 6117"
[1] "rewire_graph: Mode degree distribution"
Source: local data frame [1 x 1]

  count
  (int)
1 62273
Source: local data frame [1 x 1]

  count
  (int)
1 63399
[1] "rewire_genetic_interactions_network = 125619"
[1] "rewire_graph: num_iterations = 125619"
[1] "rewire_graph: Mode degree distribution"
[1] "rewired_tf_network = 6117"
[1] "rewire_graph: num_iterations = 6117"
[1] "rewire_graph: Mode degree distribution"
Source: local data frame [1 x 1]

  count
  (int)
1 62300
Source: local data frame [1 x 1]

  count
  (int)
1 63372
[1] "rewire_genetic_interactions_network = 125622"
[1] "rewire_graph: num_iterations = 125622"
[1] "rewire_graph: Mode degree distribution"
[1] "rewired_kinase_network = 2259"
[1] "rewire_graph: num_iterations = 2259"
[1] "rewire_graph: Mode degree distribution"
[1] "rewired_ppi_network = 13301"
[1] "rewire_graph: num_iterations = 13292"
[1] "rewire_graph: Mode degree distribution"
[1] "rewired_tf_network = 6117"
[1] "rewire_graph: num_iterations = 6117"
[1] "rewire_graph: Mode degree distribution"
Source: local data frame [1 x 1]

  count
  (int)
1 62342
Source: local data frame [1 x 1]

  count
  (int)
1 63330
[1] "rewire_genetic_interactions_network = 125618"
[1] "rewire_graph: num_iterations = 125618"
[1] "rewire_graph: Mode degree distribution"
[1] "rewired_kinase_network = 2259"
[1] "rewire_graph: num_iterations = 2259"
[1] "rewire_graph: Mode degree distribution"
[1] "rewired_ppi_network = 13301"
[1] "rewire_graph: num_iterations = 13292"
[1] "rewire_graph: Mode degree distribution"
[1] "rewired_tf_network = 6117"
[1] "rewire_graph: num_iterations = 6117"
[1] "rewire_graph: Mode degree distribution"
Source: local data frame [1 x 1]

  count
  (int)
1 62466
Source: local data frame [1 x 1]

  count
  (int)
1 63206
[1] "rewire_genetic_interactions_network = 125620"
[1] "rewire_graph: num_iterations = 125620"
[1] "rewire_graph: Mode degree distribution"
[1] "rewired_kinase_network = 2259"
[1] "rewire_graph: num_iterations = 2259"
[1] "rewire_graph: Mode degree distribution"
[1] "rewired_ppi_network = 13301"
[1] "rewire_graph: num_iterations = 13292"
[1] "rewire_graph: Mode degree distribution"
[1] "rewired_tf_network = 6117"
[1] "rewire_graph: num_iterations = 6117"
[1] "rewire_graph: Mode degree distribution"
Source: local data frame [1 x 1]

  count
  (int)
1 62332
Source: local data frame [1 x 1]

  count
  (int)
1 63340
[1] "rewire_genetic_interactions_network = 125620"
[1] "rewire_graph: num_iterations = 125620"
[1] "rewire_graph: Mode degree distribution"
[1] "rewired_kinase_network = 2259"
[1] "rewire_graph: num_iterations = 2259"
[1] "rewire_graph: Mode degree distribution"
[1] "rewired_ppi_network = 13301"
[1] "rewire_graph: num_iterations = 13292"
[1] "rewire_graph: Mode degree distribution"
[1] "rewired_kinase_network = 2259"
[1] "rewire_graph: num_iterations = 2259"
[1] "rewire_graph: Mode degree distribution"
[1] "rewired_ppi_network = 13301"
[1] "rewire_graph: num_iterations = 13292"
[1] "rewire_graph: Mode degree distribution"
[1] "rewired_kinase_network = 2259"
[1] "rewire_graph: num_iterations = 2259"
[1] "rewire_graph: Mode degree distribution"
[1] "rewired_ppi_network = 13301"
[1] "rewire_graph: num_iterations = 13292"
[1] "rewire_graph: Mode degree distribution"
[1] "rewired_tf_network = 6117"
[1] "rewire_graph: num_iterations = 6117"
[1] "rewire_graph: Mode degree distribution"
Source: local data frame [1 x 1]

  count
  (int)
1 62287
Source: local data frame [1 x 1]

  count
  (int)
1 63385
[1] "rewire_genetic_interactions_network = 125620"
[1] "rewire_graph: num_iterations = 125620"
[1] "rewire_graph: Mode degree distribution"
[1] "rewired_tf_network = 6117"
[1] "rewire_graph: num_iterations = 6117"
[1] "rewire_graph: Mode degree distribution"
[1] "rewired_tf_network = 6117"
[1] "rewire_graph: num_iterations = 6117"
[1] "rewire_graph: Mode degree distribution"
Source: local data frame [1 x 1]

  count
  (int)
1 62292
Source: local data frame [1 x 1]

  count
  (int)
1 63380
[1] "rewire_genetic_interactions_network = 125623"
[1] "rewire_graph: num_iterations = 125623"
[1] "rewire_graph: Mode degree distribution"
Source: local data frame [1 x 1]

  count
  (int)
1 62285
Source: local data frame [1 x 1]

  count
  (int)
1 63387
[1] "rewire_genetic_interactions_network = 125615"
[1] "rewire_graph: num_iterations = 125615"
[1] "rewire_graph: Mode degree distribution"
[1] "rewired_kinase_network = 2259"
[1] "rewire_graph: num_iterations = 2259"
[1] "rewire_graph: Mode degree distribution"
[1] "rewired_ppi_network = 13301"
[1] "rewire_graph: num_iterations = 13292"
[1] "rewire_graph: Mode degree distribution"
[1] "rewired_tf_network = 6117"
[1] "rewire_graph: num_iterations = 6117"
[1] "rewire_graph: Mode degree distribution"
[1] "rewired_kinase_network = 2259"
[1] "rewire_graph: num_iterations = 2259"
[1] "rewire_graph: Mode degree distribution"
[1] "rewired_ppi_network = 13301"
[1] "rewire_graph: num_iterations = 13292"
[1] "rewire_graph: Mode degree distribution"
Source: local data frame [1 x 1]

  count
  (int)
1 62332
Source: local data frame [1 x 1]

  count
  (int)
1 63340
[1] "rewire_genetic_interactions_network = 125621"
[1] "rewire_graph: num_iterations = 125621"
[1] "rewire_graph: Mode degree distribution"
[1] "rewired_tf_network = 6117"
[1] "rewire_graph: num_iterations = 6117"
[1] "rewire_graph: Mode degree distribution"
Source: local data frame [1 x 1]

  count
  (int)
1 62278
Source: local data frame [1 x 1]

  count
  (int)
1 63394
[1] "rewire_genetic_interactions_network = 125619"
[1] "rewire_graph: num_iterations = 125619"
[1] "rewire_graph: Mode degree distribution"
[1] "rewired_kinase_network = 2259"
[1] "rewire_graph: num_iterations = 2259"
[1] "rewire_graph: Mode degree distribution"
[1] "rewired_ppi_network = 13301"
[1] "rewire_graph: num_iterations = 13292"
[1] "rewire_graph: Mode degree distribution"
[1] "rewired_tf_network = 6117"
[1] "rewire_graph: num_iterations = 6117"
[1] "rewire_graph: Mode degree distribution"
Source: local data frame [1 x 1]

  count
  (int)
1 62346
Source: local data frame [1 x 1]

  count
  (int)
1 63326
[1] "rewire_genetic_interactions_network = 125621"
[1] "rewire_graph: num_iterations = 125621"
[1] "rewire_graph: Mode degree distribution"
[1] "rewired_kinase_network = 2259"
[1] "rewire_graph: num_iterations = 2259"
[1] "rewire_graph: Mode degree distribution"
[1] "rewired_ppi_network = 13301"
[1] "rewire_graph: num_iterations = 13292"
[1] "rewire_graph: Mode degree distribution"
[1] "rewired_tf_network = 6117"
[1] "rewire_graph: num_iterations = 6117"
[1] "rewire_graph: Mode degree distribution"
Source: local data frame [1 x 1]

  count
  (int)
1 62437
Source: local data frame [1 x 1]

  count
  (int)
1 63235
[1] "rewire_genetic_interactions_network = 125620"
[1] "rewire_graph: num_iterations = 125620"
[1] "rewire_graph: Mode degree distribution"
[1] "rewired_kinase_network = 2259"
[1] "rewire_graph: num_iterations = 2259"
[1] "rewire_graph: Mode degree distribution"
[1] "rewired_ppi_network = 13301"
[1] "rewire_graph: num_iterations = 13292"
[1] "rewire_graph: Mode degree distribution"
[1] "rewired_tf_network = 6117"
[1] "rewire_graph: num_iterations = 6117"
[1] "rewire_graph: Mode degree distribution"
Source: local data frame [1 x 1]

  count
  (int)
1 62304
Source: local data frame [1 x 1]

  count
  (int)
1 63368
[1] "rewire_genetic_interactions_network = 125614"
[1] "rewire_graph: num_iterations = 125614"
[1] "rewire_graph: Mode degree distribution"
[1] "rewired_kinase_network = 2259"
[1] "rewire_graph: num_iterations = 2259"
[1] "rewire_graph: Mode degree distribution"
[1] "rewired_ppi_network = 13301"
[1] "rewire_graph: num_iterations = 13292"
[1] "rewire_graph: Mode degree distribution"
[1] "rewired_kinase_network = 2259"
[1] "rewire_graph: num_iterations = 2259"
[1] "rewire_graph: Mode degree distribution"
[1] "rewired_ppi_network = 13301"
[1] "rewire_graph: num_iterations = 13292"
[1] "rewire_graph: Mode degree distribution"
[1] "rewired_tf_network = 6117"
[1] "rewire_graph: num_iterations = 6117"
[1] "rewire_graph: Mode degree distribution"
Source: local data frame [1 x 1]

  count
  (int)
1 62331
Source: local data frame [1 x 1]

  count
  (int)
1 63341
[1] "rewire_graph: num_iterations = 6117"
[1] "rewire_graph: Mode degree distribution"
[1] "rewire_genetic_interactions_network = 125618"
[1] "rewire_graph: num_iterations = 125618"
[1] "rewire_graph: Mode degree distribution"
Source: local data frame [1 x 1]

  count
  (int)
1 62305
Source: local data frame [1 x 1]

  count
  (int)
1 63367
[1] "rewire_genetic_interactions_network = 125616"
[1] "rewire_graph: num_iterations = 125616"
[1] "rewire_graph: Mode degree distribution"
[1] "rewired_kinase_network = 2259"
[1] "rewire_graph: num_iterations = 2259"
[1] "rewire_graph: Mode degree distribution"
[1] "rewired_ppi_network = 13301"
[1] "rewire_graph: num_iterations = 13292"
[1] "rewire_graph: Mode degree distribution"
[1] "rewired_tf_network = 6117"
[1] "rewire_graph: num_iterations = 6117"
[1] "rewire_graph: Mode degree distribution"
Source: local data frame [1 x 1]

  count
  (int)
1 62410
Source: local data frame [1 x 1]

  count
  (int)
1 63262
[1] "rewire_genetic_interactions_network = 125619"
[1] "rewire_graph: num_iterations = 125619"
[1] "rewire_graph: Mode degree distribution"
[1] "rewired_kinase_network = 2259"
[1] "rewire_graph: num_iterations = 2259"
[1] "rewire_graph: Mode degree distribution"
[1] "rewired_ppi_network = 13301"
[1] "rewire_graph: num_iterations = 13292"
[1] "rewire_graph: Mode degree distribution"
[1] "rewired_tf_network = 6117"
[1] "rewire_graph: num_iterations = 6117"
[1] "rewire_graph: Mode degree distribution"
Source: local data frame [1 x 1]

  count
  (int)
1 62344
Source: local data frame [1 x 1]

  count
  (int)
1 63328
[1] "rewire_genetic_interactions_network = 125615"
[1] "rewire_graph: num_iterations = 125615"
[1] "rewire_graph: Mode degree distribution"
[1] "rewired_kinase_network = 2259"
[1] "rewire_graph: num_iterations = 2259"
[1] "rewire_graph: Mode degree distribution"
[1] "rewired_ppi_network = 13301"
[1] "rewire_graph: num_iterations = 13292"
[1] "rewire_graph: Mode degree distribution"
[1] "rewired_tf_network = 6117"
[1] "rewire_graph: num_iterations = 6117"
[1] "rewire_graph: Mode degree distribution"
Source: local data frame [1 x 1]

  count
  (int)
1 62312
Source: local data frame [1 x 1]

  count
  (int)
1 63360
[1] "rewire_genetic_interactions_network = 125624"
[1] "rewire_graph: num_iterations = 125624"
[1] "rewire_graph: Mode degree distribution"
[1] "rewired_kinase_network = 2259"
[1] "rewire_graph: num_iterations = 2259"
[1] "rewire_graph: Mode degree distribution"
[1] "rewired_ppi_network = 13301"
[1] "rewire_graph: num_iterations = 13292"
[1] "rewire_graph: Mode degree distribution"
[1] "rewired_tf_network = 6117"
[1] "rewire_graph: num_iterations = 6117"
[1] "rewire_graph: Mode degree distribution"
Source: local data frame [1 x 1]

  count
  (int)
1 62408
Source: local data frame [1 x 1]

  count
  (int)
1 63264
[1] "rewire_genetic_interactions_network = 125624"
[1] "rewire_graph: num_iterations = 125624"
[1] "rewire_graph: Mode degree distribution"
[1] "rewired_kinase_network = 2259"
[1] "rewire_graph: num_iterations = 2259"
[1] "rewire_graph: Mode degree distribution"
[1] "rewired_ppi_network = 13301"
[1] "rewire_graph: num_iterations = 13292"
[1] "rewire_graph: Mode degree distribution"
[1] "rewired_tf_network = 6117"
[1] "rewire_graph: num_iterations = 6117"
[1] "rewire_graph: Mode degree distribution"
Source: local data frame [1 x 1]

  count
  (int)
1 62267
Source: local data frame [1 x 1]

  count
  (int)
1 63405
[1] "rewire_genetic_interactions_network = 125622"
[1] "rewire_graph: num_iterations = 125622"
[1] "rewire_graph: Mode degree distribution"
[1] "rewired_kinase_network = 2259"
[1] "rewire_graph: num_iterations = 2259"
[1] "rewire_graph: Mode degree distribution"
[1] "rewired_kinase_network = 2259"
[1] "rewire_graph: num_iterations = 2259"
[1] "rewire_graph: Mode degree distribution"
[1] "rewired_ppi_network = 13301"
[1] "rewire_graph: num_iterations = 13292"
[1] "rewire_graph: Mode degree distribution"
[1] "rewired_ppi_network = 13301"
[1] "rewire_graph: num_iterations = 13292"
[1] "rewire_graph: Mode degree distribution"
[1] "rewired_tf_network = 6117"
[1] "rewire_graph: num_iterations = 6117"
[1] "rewire_graph: Mode degree distribution"
[1] "rewired_tf_network = 6117"
[1] "rewire_graph: num_iterations = 6117"
[1] "rewire_graph: Mode degree distribution"
Source: local data frame [1 x 1]

  count
  (int)
1 62352
Source: local data frame [1 x 1]

  count
  (int)
1 63320
[1] "rewire_genetic_interactions_network = 125619"
[1] "rewire_graph: num_iterations = 125619"
[1] "rewire_graph: Mode degree distribution"
Source: local data frame [1 x 1]

  count
  (int)
1 62309
Source: local data frame [1 x 1]

  count
  (int)
1 63363
[1] "rewire_genetic_interactions_network = 125622"
[1] "rewire_graph: num_iterations = 125622"
[1] "rewire_graph: Mode degree distribution"
[1] "rewired_kinase_network = 2259"
[1] "rewire_graph: num_iterations = 2259"
[1] "rewire_graph: Mode degree distribution"
[1] "rewired_ppi_network = 13301"
[1] "rewire_graph: num_iterations = 13292"
[1] "rewire_graph: Mode degree distribution"
[1] "rewired_tf_network = 6117"
[1] "rewire_graph: num_iterations = 6117"
[1] "rewire_graph: Mode degree distribution"
[1] "rewired_kinase_network = 2259"
[1] "rewire_graph: num_iterations = 2259"
[1] "rewire_graph: Mode degree distribution"
[1] "rewired_ppi_network = 13301"
[1] "rewire_graph: num_iterations = 13292"
[1] "rewire_graph: Mode degree distribution"
[1] "rewired_kinase_network = 2259"
[1] "rewire_graph: num_iterations = 2259"
[1] "rewire_graph: Mode degree distribution"
[1] "rewired_ppi_network = 13301"
[1] "rewire_graph: num_iterations = 13292"
[1] "rewire_graph: Mode degree distribution"
[1] "rewired_tf_network = 6117"
[1] "rewire_graph: num_iterations = 6117"
[1] "rewire_graph: Mode degree distribution"
[1] "rewired_tf_network = 6117"
[1] "rewire_graph: num_iterations = 6117"
[1] "rewire_graph: Mode degree distribution"
[1] "rewired_kinase_network = 2259"
[1] "rewire_graph: num_iterations = 2259"
[1] "rewire_graph: Mode degree distribution"
[1] "rewired_ppi_network = 13301"
[1] "rewire_graph: num_iterations = 13292"
[1] "rewire_graph: Mode degree distribution"
[1] "rewired_tf_network = 6117"
[1] "rewire_graph: num_iterations = 6117"
[1] "rewire_graph: Mode degree distribution"
[1] "rewired_kinase_network = 2259"
[1] "rewire_graph: num_iterations = 2259"
[1] "rewire_graph: Mode degree distribution"
[1] "rewired_ppi_network = 13301"
[1] "rewire_graph: num_iterations = 13292"
[1] "rewire_graph: Mode degree distribution"
[1] "rewired_tf_network = 6117"
[1] "rewire_graph: num_iterations = 6117"
[1] "rewire_graph: Mode degree distribution"
[1] "rewired_kinase_network = 2259"
[1] "rewire_graph: num_iterations = 2259"
[1] "rewire_graph: Mode degree distribution"
[1] "rewired_ppi_network = 13301"
[1] "rewire_graph: num_iterations = 13292"
[1] "rewire_graph: Mode degree distribution"
[1] "rewired_tf_network = 6117"
[1] "rewire_graph: num_iterations = 6117"
[1] "rewire_graph: Mode degree distribution"
[1] "rewired_kinase_network = 2259"
[1] "rewire_graph: num_iterations = 2259"
[1] "rewire_graph: Mode degree distribution"
[1] "rewired_ppi_network = 13301"
[1] "rewire_graph: num_iterations = 13292"
[1] "rewire_graph: Mode degree distribution"
[1] "rewired_tf_network = 6117"
[1] "rewire_graph: num_iterations = 6117"
[1] "rewire_graph: Mode degree distribution"
[1] "rewired_kinase_network = 2259"
[1] "rewire_graph: num_iterations = 2259"
[1] "rewire_graph: Mode degree distribution"
[1] "rewired_ppi_network = 13301"
[1] "rewire_graph: num_iterations = 13292"
[1] "rewire_graph: Mode degree distribution"
[1] "rewired_tf_network = 6117"
[1] "rewire_graph: num_iterations = 6117"
[1] "rewire_graph: Mode degree distribution"
[1] "rewired_kinase_network = 2259"
[1] "rewire_graph: num_iterations = 2259"
[1] "rewire_graph: Mode degree distribution"
[1] "rewired_ppi_network = 13301"
[1] "rewire_graph: num_iterations = 13292"
[1] "rewire_graph: Mode degree distribution"
[1] "rewired_tf_network = 6117"
[1] "rewire_graph: num_iterations = 6117"
[1] "rewire_graph: Mode degree distribution"
[1] "rewired_kinase_network = 2259"
[1] "rewire_graph: num_iterations = 2259"
[1] "rewire_graph: Mode degree distribution"
[1] "rewired_ppi_network = 13301"
[1] "rewire_graph: num_iterations = 13292"
[1] "rewire_graph: Mode degree distribution"
[1] "rewired_tf_network = 6117"
[1] "rewire_graph: num_iterations = 6117"
[1] "rewire_graph: Mode degree distribution"
[1] "rewired_kinase_network = 2259"
[1] "rewire_graph: num_iterations = 2259"
[1] "rewire_graph: Mode degree distribution"
[1] "rewired_ppi_network = 13301"
[1] "rewire_graph: num_iterations = 13292"
[1] "rewire_graph: Mode degree distribution"
[1] "rewired_tf_network = 6117"
[1] "rewire_graph: num_iterations = 6117"
[1] "rewire_graph: Mode degree distribution"
[1] "rewired_kinase_network = 2259"
[1] "rewire_graph: num_iterations = 2259"
[1] "rewire_graph: Mode degree distribution"
[1] "rewired_ppi_network = 13301"
[1] "rewire_graph: num_iterations = 13292"
[1] "rewire_graph: Mode degree distribution"
[1] "rewired_tf_network = 6117"
[1] "rewire_graph: num_iterations = 6117"
[1] "rewire_graph: Mode degree distribution"
[1] "rewired_kinase_network = 2259"
[1] "rewire_graph: num_iterations = 2259"
[1] "rewire_graph: Mode degree distribution"
[1] "rewired_ppi_network = 13301"
[1] "rewire_graph: num_iterations = 13292"
[1] "rewire_graph: Mode degree distribution"
[1] "rewired_tf_network = 6117"
[1] "rewire_graph: num_iterations = 6117"
[1] "rewire_graph: Mode degree distribution"
[1] "rewired_kinase_network = 2259"
[1] "rewire_graph: num_iterations = 2259"
[1] "rewire_graph: Mode degree distribution"
[1] "rewired_ppi_network = 13301"
[1] "rewire_graph: num_iterations = 13292"
[1] "rewire_graph: Mode degree distribution"
[1] "rewired_tf_network = 6117"
[1] "rewire_graph: num_iterations = 6117"
[1] "rewire_graph: Mode degree distribution"
[1] "rewired_kinase_network = 2259"
[1] "rewire_graph: num_iterations = 2259"
[1] "rewire_graph: Mode degree distribution"
[1] "rewired_ppi_network = 13301"
[1] "rewire_graph: num_iterations = 13292"
[1] "rewire_graph: Mode degree distribution"
[1] "rewired_tf_network = 6117"
[1] "rewire_graph: num_iterations = 6117"
[1] "rewire_graph: Mode degree distribution"
[1] "rewired_kinase_network = 2259"
[1] "rewire_graph: num_iterations = 2259"
[1] "rewire_graph: Mode degree distribution"
[1] "rewired_ppi_network = 13301"
[1] "rewire_graph: num_iterations = 13292"
[1] "rewire_graph: Mode degree distribution"
[1] "rewired_tf_network = 6117"
[1] "rewire_graph: num_iterations = 6117"
[1] "rewire_graph: Mode degree distribution"
