Loading required package: methods

Attaching package: 'igraph'

The following objects are masked from 'package:stats':

    decompose, spectrum

The following object is masked from 'package:base':

    union


Attaching package: 'dplyr'

The following objects are masked from 'package:igraph':

    %>%, as_data_frame, groups, union

The following objects are masked from 'package:stats':

    filter, lag

The following objects are masked from 'package:base':

    intersect, setdiff, setequal, union

R version 3.2.2 (2015-08-14)
Platform: x86_64-pc-linux-gnu (64-bit)
Running under: CentOS release 6.3 (Final)

locale:
[1] C

attached base packages:
[1] parallel  methods   stats     graphics  grDevices utils     datasets 
[8] base     

other attached packages:
[1] lazyeval_0.1.10 dplyr_0.4.3     igraph_1.0.1   

loaded via a namespace (and not attached):
[1] R6_2.1.2       assertthat_0.1 magrittr_1.5   tools_3.2.2    DBI_0.4-1     
[6] Rcpp_0.12.0   
[1] "is_run_locally =  FALSE"
[1] "proportion_of_original_network_size_gi_network = 1.3"
Source: local data frame [1 x 1]

  count
  (int)
1 90152
Source: local data frame [1 x 1]

  count
  (int)
1 91501
Source: local data frame [1 x 1]

  count
  (int)
1 90053
Source: local data frame [1 x 1]

  count
  (int)
1 91600
Source: local data frame [1 x 1]

  count
  (int)
1 90367
Source: local data frame [1 x 1]

Source: local data frame [1 x 1]

  count
  (int)
1 91286
  count
  (int)
1 90322
Source: local data frame [1 x 1]

  count
  (int)
1 91331
Source: local data frame [1 x 1]

  count
  (int)
1 90268
Source: local data frame [1 x 1]

Source: local data frame [1 x 1]

  count
  (int)
1 91385
  count
  (int)
1 90198
Source: local data frame [1 x 1]

  count
  (int)
1 91455
Source: local data frame [1 x 1]

  count
  (int)
1 90252
Source: local data frame [1 x 1]

  count
  (int)
1 91401
Source: local data frame [1 x 1]

Source: local data frame [1 x 1]

  count
  (int)
1 90366
Source: local data frame [1 x 1]

Source: local data frame [1 x 1]

  count
  (int)
1 90281
Source: local data frame [1 x 1]

  count
  (int)
1 91372
  count
  (int)
1 90386
Source: local data frame [1 x 1]

Source: local data frame [1 x 1]

  count
  (int)
1 91267
Source: local data frame [1 x 1]

  count
  (int)
1 90355
Source: local data frame [1 x 1]

  count
  (int)
1 91298
  count
  (int)
1 90159
Source: local data frame [1 x 1]

  count
  (int)
1 91494
Source: local data frame [1 x 1]

  count
  (int)
1 90277
Source: local data frame [1 x 1]

  count
  (int)
1 91376
Source: local data frame [1 x 1]

  count
  (int)
1 90476
Source: local data frame [1 x 1]

  count
  (int)
1 91177
[1] "rewire_genetic_interactions_network = 181590"
[1] "rewire_genetic_interactions_network = 181590"
[1] "rewire_genetic_interactions_network = 181590"
[1] "rewire_genetic_interactions_network = 181590"
[1] "rewire_genetic_interactions_network = 181590"
[1] "rewire_genetic_interactions_network = 181590"
[1] "rewire_genetic_interactions_network = 181590"
[1] "rewire_graph: num_iterations = 181590"
[1] "rewire_graph: Mode degree distribution"
[1] "rewire_genetic_interactions_network = 181590"
[1] "rewire_genetic_interactions_network = 181590"
[1] "rewire_genetic_interactions_network = 181590"
[1] "rewire_genetic_interactions_network = 181590"
[1] "rewire_genetic_interactions_network = 181590"
[1] "rewire_graph: num_iterations = 181590"
[1] "rewire_graph: Mode degree distribution"
[1] "rewire_graph: num_iterations = 181590"
[1] "rewire_graph: Mode degree distribution"
[1] "rewire_graph: num_iterations = 181590"
[1] "rewire_graph: Mode degree distribution"
[1] "rewire_graph: num_iterations = 181590"
[1] "rewire_graph: Mode degree distribution"
[1] "rewire_graph: num_iterations = 181590"
[1] "rewire_graph: Mode degree distribution"
[1] "rewire_genetic_interactions_network = 181590"
[1] "rewire_graph: num_iterations = 181590"
[1] "rewire_graph: Mode degree distribution"
[1] "rewire_genetic_interactions_network = 181590"
[1] "rewire_graph: num_iterations = 181590"
[1] "rewire_graph: Mode degree distribution"
[1] "rewire_graph: num_iterations = 181590"
[1] "rewire_graph: Mode degree distribution"
[1] "rewire_graph: num_iterations = 181590"
[1] "rewire_graph: Mode degree distribution"
[1] "rewire_graph: num_iterations = 181590"
[1] "rewire_graph: Mode degree distribution"
[1] "rewire_graph: num_iterations = 181590"
[1] "rewire_graph: Mode degree distribution"
[1] "rewire_graph: num_iterations = 181590"
[1] "rewire_graph: Mode degree distribution"
Source: local data frame [1 x 1]

  count
  (int)
1 90129
Source: local data frame [1 x 1]

  count
  (int)
1 91524
Source: local data frame [1 x 1]

  count
  (int)
1 90323
Source: local data frame [1 x 1]

  count
  (int)
1 91330
[1] "rewire_genetic_interactions_network = 181590"
[1] "rewire_genetic_interactions_network = 181590"
[1] "rewire_graph: num_iterations = 181590"
[1] "rewire_graph: Mode degree distribution"
[1] "rewire_graph: num_iterations = 181590"
[1] "rewire_graph: Mode degree distribution"
