Loading required package: methods

Attaching package: 'igraph'

The following objects are masked from 'package:stats':

    decompose, spectrum

The following object is masked from 'package:base':

    union


Attaching package: 'dplyr'

The following objects are masked from 'package:igraph':

    %>%, as_data_frame, groups, union

The following objects are masked from 'package:stats':

    filter, lag

The following objects are masked from 'package:base':

    intersect, setdiff, setequal, union

R version 3.2.2 (2015-08-14)
Platform: x86_64-pc-linux-gnu (64-bit)
Running under: CentOS release 6.3 (Final)

locale:
[1] C

attached base packages:
[1] parallel  methods   stats     graphics  grDevices utils     datasets 
[8] base     

other attached packages:
[1] lazyeval_0.1.10 dplyr_0.4.3     igraph_1.0.1   

loaded via a namespace (and not attached):
[1] R6_2.1.2       assertthat_0.1 magrittr_1.5   tools_3.2.2    DBI_0.4-1     
[6] Rcpp_0.12.0   
[1] "is_run_locally =  FALSE"
[1] "proportion_of_original_network_size_gi_network = 0.2"
Source: local data frame [1 x 1]

Source: local data frame [1 x 1]

  count
 Source
1 13809
ata frame [ count

  count
 13743

1 13956 S countSo (int)
1 14118
o (int)
1Source: local da count  count
  (
nt)
1 13854 SSource: local data fram
   coun

 13906

   count
  (int)
1 14104
1 13765
1  count
  (int)
1 14021
Sou "rewire_genetic_inter[1 x 1]

etwork = 27923"  count
  (int)
1 14104
  count
  (int)
1 14162
[1] "rewire_genetic_interactions_network = 27919"
[1] "rewire_genetic_interactions_network = 27926"
[1] "rewire_genetic_interactions_network = 27924"
[1] "rewire_genetic_interactions_network = 27925"
[1] "rewire_genetic_interactions_network = 27925"
[1] "rewire_graph: num_iterations = 27922"
[1] "rewire_graph: Mode degree distribution"
[1] "rewire_graph: num_iterations = 27925"
[1] "rewire_graph: Mode degree distribution"
[1] "rewire_genetic_interactions_network = 27925"
[1] "rewire_genetic_interactions_network = 27924"
[1] "rewire_genetic_interactions_network = 27927"
[1] "rewire_genetic_interactions_network = 27926"
[1] "rewire_graph: num_iterations = 27923"
[1] "rewire_graph: Mode degree distribution"
[1] "rewire_genetic_interactions_network = 27926"
[1] "rewire_genetic_interactions_network = 27925"
[1] "rewire_graph: num_iterations = 27919"
[1] "rewire_graph: Mode degree distribution"
[1] "rewire_graph: num_iterations = 27926"
[1] "rewire_graph: Mode degree distribution"
[1] "rewire_graph: num_iterations = 27924"
[1] "rewire_graph: Mode degree distribution"
[1] "rewire_graph: num_iterations = 27925"
[1] "rewire_graph: Mode degree distribution"
[1] "rewire_graph: num_iterations = 27925"
[1] "rewire_graph: Mode degree distribution"
[1] "r "rewire_graph: num_iterations = 279
[1] "r "rewire_graph: Mode degree distribut[
] "rewire_graph: Mode degree distribution"
[1] "rewire_graph: num_iterations = 27926"
[1] "rewire_graph: Mode degree distribution"
[1] "rewire_graph: num_iterations = 27925"
[1] "rewire_graph: Mode degree distribution"
[1] "rewired_kinase_network = 2259"
[1] "rewire_graph: num_iterations = 2259"
[1] "rewire_graph: Mode degree distribution"
[1] "rewired_kinase_network = 2259"
[1] "rewired_kinase_network = 2259"
[1] "rewire_graph: num_iterations = 2259"
[1] "rewire_graph: Mode degree distribution"
[1] "rewire_graph: num_iterations = 2259"
[1] "rewire_graph: Mode degree distribution"
[1] "rewired_kinase_network = 2259"
[1] "rewire_graph: num_iterations = 2259"
[1] "rewire_graph: Mode degree distribution"
[1] "rewired_kinase_network = 2259"
[1] "rewire_graph: num_iterations = 2259"
[1] "rewire_graph: Mode degree distribution"
[1] "rewired_ppi_network = 13301"
[1] "rewire_graph: num_iterations = 13292"
[1] "rewire_graph: Mode degree distribution"
[1] "rewired_kinase_network = 2259"
[1] "rewired_kinase_network = 2259"
[1] "rewired_ppi_network = 13301"
[1] "rewire_graph: num_iterations = 2259"
[1] "rewire_graph: Mode degree distribution"
[1] "rewire_graph: num_iterations = 2259"
[1] "rewire_graph: Mode degree distribution"
[1] "rewired_ppi_network = 13301"
[1] "rewire_graph: num_iterations = 13292"
[1] "rewire_graph: Mode degree distribution"
[1] "rewired_kinase_network = 2259"
[1] "rewire_graph: num_iterations = 13292"
[1] "rewire_graph: Mode degree distribution"
[1] "rewired_ppi_network = 13301"
[1] "rewire_graph: num_iterations = 2259"
[1] "rewire_graph: Mode degree distribution"
[1] "rewired_kinase_network = 2259"
[1] "rewire_graph: num_iterations = 13292"
[1] "rewire_graph: Mode degree distribution"
[1] "rewire_graph: num_iterations = 2259"
[1] "rewire_graph: Mode degree distribution"
[1] "rewired_kinase_network = 2259"
[1] "rewired_ppi_network = 13301"
[1] "rewire_graph: num_iterations = 2259"
[1] "rewire_graph: Mode degree distribution"
[1] "rewire_graph: num_iterations = 13292"
[1] "rewire_graph: Mode degree distribution"
[1] "rewired_ppi_network = 13301"
[1] "rewired_ppi_network = 13301"
[1] "rewired_kinase_network = 2259"
[1] "rewired_kinase_network = 2259"
[1] "rewire_graph: num_iterations = 2259"
[1] "rewire_graph: Mode degree distribution"
[1] "rewire_graph: num_iterations = 13292"
[1] "rewire_graph: Mode degree distribution"
[1] "rewire_graph: num_iterations = 2259"
[1] "rewire_graph: Mode degree distribution"
[1] "rewire_graph: num_iterations = 13292"
[1] "rewire_graph: Mode degree distribution"
[1] "rewired_ppi_network = 13301"
[1] "rewired_kinase_network = 2259"
[1] "rewire_graph: num_iterations = 13292"
[1] "rewire_graph: Mode degree distribution"
[1] "rewired_kinase_network = 2259"
[1] "rewired_ppi_network = 13301"
[1] "rewire_graph: num_iterations = 2259"
[1] "rewire_graph: Mode degree distribution"
[1] "rewire_graph: num_iterations = 2259"
[1] "rewire_graph: Mode degree distribution"
[1] "rewire_graph: num_iterations = 13292"
[1] "rewire_graph: Mode degree distribution"
[1] "rewired_ppi_network = 13301"
[1] "rewired_kinase_network = 2259"
[1] "rewire_graph: num_iterations = 13292"
[1] "rewire_graph: Mode degree distribution"
[1] "rewire_graph: num_iterations = 2259"
[1] "rewire_graph: Mode degree distribution"
[1] "rewired_ppi_network = 13301"
[1] "rewired_ppi_network = 13301"
[1] "rewired_kinase_network = 2259"
[1] "rewire_graph: num_iterations = 2259"
[1] "rewire_graph: Mode degree distribution"
[1] "rewire_graph: num_iterations = 13292"
[1] "rewire_graph: Mode degree distribution"
[1] "rewire_graph: num_iterations = 13292"
[1] "rewire_graph: Mode degree distribution"
[1] "rewired_ppi_network = 13301"
[1] "rewired_ppi_network = 13301"
[1] "rewire_graph: num_iterations = 13292"
[1] "rewire_graph: Mode degree distribution"
[1] "rewire_graph: num_iterations = 13292"
[1] "rewire_graph: Mode degree distribution"
[1] "rewired_ppi_network = 13301"
[1] "rewire_graph: num_iterations = 13292"
[1] "rewire_graph: Mode degree distribution"
[1] "rewired_ppi_network = 13301"
[1] "rewire_graph: num_iterations = 13292"
[1] "rewire_graph: Mode degree distribution"
[1] "rewired_tf_network = 6117"
[1] "rewire_graph: num_iterations = 6117"
[1] "rewire_graph: Mode degree distribution"
[1] "rewired_tf_network = 6117"
[1] "rewire_graph: num_iterations = 6117"
[1] "rewire_graph: Mode degree distribution"
[1] "rewired_tf_network = 6117"
[1] "rewired_tf_network = 6117"
[1] "rewired_tf_network = 6117"
[1] "rewire_graph: num_iterations = 6117"
[1] "rewire_graph: Mode degree distribution"
[1] "rewire_graph: num_iterations = 6117"
[1] "rewire_graph: Mode degree distribution"
[1] "rewire_graph: num_iterations = 6117"
[1] "rewire_graph: Mode degree distribution"
[1] "rewired_tf_network = 6117"
[1] "rewired_tf_network = 6117"
[1] "rewire_graph: num_iterations = 6117"
[1] "rewire_graph: Mode degree distribution"
[1] "rewire_graph: num_iterations = 6117"
[1] "rewire_graph: Mode degree distribution"
[1] "rewired_tf_network = 6117"
[1] "rewire_graph: num_iterations = 6117"
[1] "rewire_graph: Mode degree distribution"
[1] "rewired_tf_network = 6117"
[1] "rewire_graph: num_iterations = 6117"
[1] "rewire_graph: Mode degree distribution"
[1] "rewired_tf_network = 6117"
[1] "rewire_graph: num_iterations = 6117"
[1] "rewire_graph: Mode degree distribution"
[1] "rewired_tf_network = 6117"
[1] "rewired_tf_network = 6117"
[1] "rewire_graph: num_iterations = 6117"
[1] "rewire_graph: Mode degree distribution"
[1] "rewired_tf_network = 6117"
[1] "rewire_graph: num_iterations = 6117"
[1] "rewire_graph: Mode degree distribution"
[1] "rewire_graph: num_iterations = 6117"
[1] "rewire_graph: Mode degree distribution"
[1] "rewired_tf_network = 6117"
[1] "rewire_graph: num_iterations = 6117"
[1] "rewire_graph: Mode degree distribution"
[1] "rewired_tf_network = 6117"
[1] "rewired_tf_network = 6117"
[1] "rewire_graph: num_iterations = 6117"
[1] "rewire_graph: Mode degree distribution"
[1] "rewire_graph: num_iterations = 6117"
[1] "rewire_graph: Mode degree distribution"
Source: local data frame [1 x 1]

  count
  (int)
1 13780
Source: local data frame [1 x 1]

  count
  (int)
1 14147
[1] "rewire_genetic_interactions_network = 27925"
[1] "rewire_graph: num_iterations = 27925"
[1] "rewire_graph: Mode degree distribution"
Source: local data frame [1 x 1]

  count
  (int)
1 13892
Source: local data frame [1 x 1]

  count
  (int)
1 14035
Source: local data frame [1 x 1]

  count
  (int)
1 13714
Source: local data frame [1 x 1]

  count
  (int)
1 14213
[1] "rewire_genetic_interactions_network = 27925"
[1] "rewire_genetic_interactions_network = 27924"
Source: local data frame [1 x 1]

  count
  (int)
1 13679
Source: local data frame [1 x 1]

  count
  (int)
1 14248
[1] "rewire_graph: num_iterations = 27925"
[1] "rewire_graph: Mode degree distribution"
[1] "rewire_graph: num_iterations = 27924"
[1] "rewire_graph: Mode degree distribution"
Source: local data frame [1 x 1]

  count
  (int)
1 13927
Source: local data frame [1 x 1]

  count
  (int)
1 14000
[1] "rewire_genetic_interactions_network = 27923"
[1] "rewire_graph: num_iterations = 27923"
[1] "rewire_graph: Mode degree distribution"
[1] "rewire_genetic_interactions_network = 27924"
[1] "rewire_graph: num_iterations = 27924"
[1] "rewire_graph: Mode degree distribution"
Source: local data frame [1 x 1]

  count
  (int)
1 13783
Source: local data frame [1 x 1]

  count
  (int)
1 14144
Source: local data frame [1 x 1]

  count
  (int)
1 13893
Source: local data frame [1 x 1]

  count
  (int)
1 14034
[1] "rewire_genetic_interactions_network = 27926"
[1] "rewire_genetic_interactions_network = 27925"
[1] "rewire_graph: num_iterations = 27926"
[1] "rewire_graph: Mode degree distribution"
[1] "rewire_graph: num_iterations = 27925"
[1] "rewire_graph: Mode degree distribution"
Source: local data frame [1 x 1]

  count
  (int)
1 13761
Source: local data frame [1 x 1]

  count
  (int)
1 14166
[1] "rewire_genetic_interactions_network = 27924"
Source: local data frame [1 x 1]

  count
  (int)
1 13815
Source: local data frame [1 x 1]

  count
  (int)
1 14112
[1] "rewire_graph: num_iterations = 27924"
[1] "rewire_graph: Mode degree distribution"
Source: local data frame [1 x 1]

  count
  (int)
1 13851
Source: local data frame [1 x 1]

  count
  (int)
1 14076
[1] "rewire_genetic_interactions_network = 27927"
[1] "rewire_genetic_interactions_network = 27926"
[1] "rewire_graph: num_iterations = 27927"
[1] "rewire_graph: Mode degree distribution"
Source: local data frame [1 x 1]

  count
  (int)
1 13895
Source: local data frame [1 x 1]

  count
  (int)
1 14032
Source: local data frame [1 x 1]

  count
  (int)
1 14007
Source: local data frame [1 x 1]

  count
  (int)
1 13920
[1] "rewire_graph: num_iterations = 27926"
[1] "rewire_graph: Mode degree distribution"
[1] "rewire_genetic_interactions_network = 27925"
[1] "rewire_genetic_interactions_network = 27926"
[1] "rewire_graph: num_iterations = 27925"
[1] "rewire_graph: Mode degree distribution"
[1] "rewire_graph: num_iterations = 27926"
[1] "rewire_graph: Mode degree distribution"
Source: local data frame [1 x 1]

  count
  (int)
1 13937
Source: local data frame [1 x 1]

  count
  (int)
1 13990
[1] "rewire_genetic_interactions_network = 27925"
Source: local data frame [1 x 1]

  count
  (int)
1 13730
Source: local data frame [1 x 1]

  count
  (int)
1 14197
[1] "rewire_graph: num_iterations = 27925"
[1] "rewire_graph: Mode degree distribution"
Source: local data frame [1 x 1]

  count
  (int)
1 13770
Source: local data frame [1 x 1]

  count
  (int)
1 14157
[1] "rewire_genetic_interactions_network = 27922"
[1] "rewire_genetic_interactions_network = 27923"
Source: local data frame [1 x 1]

  count
  (int)
1 13773
Source: local data frame [1 x 1]

  count
  (int)
1 14154
[1] "rewire_graph: num_iterations = 27922"
[1] "rewire_graph: Mode degree distribution"
[1] "rewire_graph: num_iterations = 27923"
[1] "rewire_graph: Mode degree distribution"
[1] "rewire_genetic_interactions_network = 27924"
[1] "rewire_graph: num_iterations = 27924"
[1] "rewire_graph: Mode degree distribution"
[1] "rewired_kinase_network = 2259"
[1] "rewire_graph: num_iterations = 2259"
[1] "rewire_graph: Mode degree distribution"
[1] "rewired_kinase_network = 2259"
[1] "rewire_graph: num_iterations = 2259"
[1] "rewire_graph: Mode degree distribution"
[1] "rewired_ppi_network = 13301"
[1] "rewire_graph: num_iterations = 13292"
[1] "rewire_graph: Mode degree distribution"
[1] "rewired_kinase_network = 2259"
[1] "rewire_graph: num_iterations = 2259"
[1] "rewire_graph: Mode degree distribution"
[1] "rewired_kinase_network = 2259"
[1] "rewired_ppi_network = 13301"
[1] "rewire_graph: num_iterations = 2259"
[1] "rewire_graph: Mode degree distribution"
[1] "rewired_kinase_network = 2259"
[1] "rewire_graph: num_iterations = 13292"
[1] "rewire_graph: Mode degree distribution"
[1] "rewired_kinase_network = 2259"
[1] "rewire_graph: num_iterations = 2259"
[1] "rewire_graph: Mode degree distribution"
[1] "rewired_kinase_network = 2259"
[1] "rewire_graph: num_iterations = 2259"
[1] "rewire_graph: Mode degree distribution"
[1] "rewired_kinase_network = 2259"
[1] "rewire_graph: num_iterations = 2259"
[1] "rewire_graph: Mode degree distribution"
[1] "rewire_graph: num_iterations = 2259"
[1] "rewire_graph: Mode degree distribution"
[1] "rewired_kinase_network = 2259"
[1] "rewire_graph: num_iterations = 2259"
[1] "rewire_graph: Mode degree distribution"
[1] "rewired_ppi_network = 13301"
[1] "rewired_kinase_network = 2259"
[1] "rewire_graph: num_iterations = 2259"
[1] "rewire_graph: Mode degree distribution"
[1] "rewire_graph: num_iterations = 13292"
[1] "rewire_graph: Mode degree distribution"
[1] "rewired_ppi_network = 13301"
[1] "rewired_kinase_network = 2259"
[1] "rewired_ppi_network = 13301"
[1] "rewire_graph: num_iterations = 13292"
[1] "rewire_graph: Mode degree distribution"
[1] "rewire_graph: num_iterations = 2259"
[1] "rewire_graph: Mode degree distribution"
[1] "rewired_ppi_network = 13301"
[1] "rewire_graph: num_iterations = 13292"
[1] "rewire_graph: Mode degree distribution"
[1] "rewired_ppi_network = 13301"
[1] "rewired_ppi_network = 13301"
[1] "rewire_graph: num_iterations = 13292"
[1] "rewire_graph: Mode degree distribution"
[1] "rewire_graph: num_iterations = 13292"
[1] "rewire_graph: Mode degree distribution"
[1] "rewire_graph: num_iterations = 13292"
[1] "rewire_graph: Mode degree distribution"
[1] "rewired_kinase_network = 2259"
[1] "rewire_graph: num_iterations = 2259"
[1] "rewire_graph: Mode degree distribution"
[1] "rewired_ppi_network = 13301"
[1] "rewired_ppi_network = 13301"
[1] "rewire_graph: num_iterations = 13292"
[1] "rewire_graph: Mode degree distribution"
[1] "rewire_graph: num_iterations = 13292"
[1] "rewire_graph: Mode degree distribution"
[1] "rewired_ppi_network = 13301"
[1] "rewired_kinase_network = 2259"
[1] "rewire_graph: num_iterations = 13292"
[1] "rewire_graph: Mode degree distribution"
[1] "rewired_kinase_network = 2259"
[1] "rewire_graph: num_iterations = 2259"
[1] "rewire_graph: Mode degree distribution"
[1] "rewire_graph: num_iterations = 2259"
[1] "rewire_graph: Mode degree distribution"
[1] "rewired_ppi_network = 13301"
[1] "rewire_graph: num_iterations = 13292"
[1] "rewire_graph: Mode degree distribution"
[1] "rewired_ppi_network = 13301"
[1] "rewired_ppi_network = 13301"
[1] "rewire_graph: num_iterations = 13292"
[1] "rewire_graph: Mode degree distribution"
[1] "rewire_graph: num_iterations = 13292"
[1] "rewire_graph: Mode degree distribution"
[1] "rewired_kinase_network = 2259"
[1] "rewire_graph: num_iterations = 2259"
[1] "rewire_graph: Mode degree distribution"
[1] "rewired_ppi_network = 13301"
[1] "rewire_graph: num_iterations = 13292"
[1] "rewire_graph: Mode degree distribution"
[1] "rewired_kinase_network = 2259"
[1] "rewire_graph: num_iterations = 2259"
[1] "rewire_graph: Mode degree distribution"
[1] "rewired_ppi_network = 13301"
[1] "rewire_graph: num_iterations = 13292"
[1] "rewire_graph: Mode degree distribution"
[1] "rewired_tf_network = 6117"
[1] "rewire_graph: num_iterations = 6117"
[1] "rewire_graph: Mode degree distribution"
[1] "rewired_tf_network = 6117"
[1] "rewire_graph: num_iterations = 6117"
[1] "rewire_graph: Mode degree distribution"
[1] "rewired_tf_network = 6117"
[1] "rewire_graph: num_iterations = 6117"
[1] "rewire_graph: Mode degree distribution"
[1] "rewired_tf_network = 6117"
[1] "rewire_graph: num_iterations = 6117"
[1] "rewire_graph: Mode degree distribution"
[1] "rewired_tf_network = 6117"
[1] "rewired_tf_network = 6117"
[1] "rewire_graph: num_iterations = 6117"
[1] "rewire_graph: Mode degree distribution"
[1] "rewired_tf_network = 6117"
[1] "rewired_tf_network = 6117"
[1] "rewire_graph: num_iterations = 6117"
[1] "rewire_graph: Mode degree distribution"
[1] "rewire_graph: num_iterations = 6117"
[1] "rewire_graph: Mode degree distribution"
[1] "rewire_graph: num_iterations = 6117"
[1] "rewire_graph: Mode degree distribution"
[1] "rewired_tf_network = 6117"
[1] "rewired_tf_network = 6117"
[1] "rewire_graph: num_iterations = 6117"
[1] "rewire_graph: Mode degree distribution"
[1] "rewire_graph: num_iterations = 6117"
[1] "rewire_graph: Mode degree distribution"
[1] "rewired_tf_network = 6117"
[1] "rewire_graph: num_iterations = 6117"
[1] "rewire_graph: Mode degree distribution"
[1] "rewired_tf_network = 6117"
[1] "rewire_graph: num_iterations = 6117"
[1] "rewire_graph: Mode degree distribution"
[1] "rewired_tf_network = 6117"
[1] "rewired_tf_network = 6117"
[1] "rewire_graph: num_iterations = 6117"
[1] "rewire_graph: Mode degree distribution"
[1] "rewire_graph: num_iterations = 6117"
[1] "rewire_graph: Mode degree distribution"
[1] "rewired_tf_network = 6117"
[1] "rewire_graph: num_iterations = 6117"
[1] "rewire_graph: Mode degree distribution"
[1] "rewired_tf_network = 6117"
[1] "rewire_graph: num_iterations = 6117"
[1] "rewire_graph: Mode degree distribution"
Source: local data frame [1 x 1]

  count
  (int)
1 13931
Source: local data frame [1 x 1]

  count
  (int)
1 13996
[1] "rewire_genetic_interactions_network = 27927"
Source: local data frame [1 x 1]

  count
  (int)
1 13876
Source: local data frame [1 x 1]

  count
  (int)
1 14051
[1] "rewire_graph: num_iterations = 27927"
[1] "rewire_graph: Mode degree distribution"
[1] "rewire_genetic_interactions_network = 27926"
[1] "rewire_graph: num_iterations = 27926"
[1] "rewire_graph: Mode degree distribution"
Source: local data frame [1 x 1]

  count
  (int)
1 13810
Source: local data frame [1 x 1]

  count
  (int)
1 14117
[1] "rewire_genetic_interactions_network = 27925"
Source: local data frame [1 x 1]

  count
  (int)
1 13924
Source: local data frame [1 x 1]

  count
  (int)
1 14003
Source: local data frame [1 x 1]

[1] "rewire_graph: num_iterations = 27925"
[1] "rewire_graph: Mode degree distribution"
  count
  (int)
1 13922
Source: local data frame [1 x 1]

  count
  (int)
1 13848
Source: local data frame [1 x 1]

  count
  (int)
1 14079
  count
  (int)
1 14005
[1] "rewire_genetic_interactions_network = 27923"
[1] "rewire_genetic_interactions_network = 27927"
[1] "rewire_genetic_interactions_network = 27926"
[1] "rewire_graph: num_iterations = 27923"
[1] "rewire_graph: Mode degree distribution"
Source: local data frame [1 x 1]

  count
  (int)
1 13793
Source: local data frame [1 x 1]

  count
  (int)
1 14134
[1] "rewire_graph: num_iterations = 27927"
[1] "rewire_graph: Mode degree distribution"
Source: local data frame [1 x 1]

[1] "rewire_graph: num_iterations = 27926"
[1] "rewire_graph: Mode degree distribution"
  count
  (int)
1 13806
Source: local data frame [1 x 1]

  count
  (int)
1 14121
[1] "rewire_genetic_interactions_network = 27925"
[1] "rewire_genetic_interactions_network = 27927"
[1] "rewire_graph: num_iterations = 27925"
[1] "rewire_graph: Mode degree distribution"
[1] "rewire_graph: num_iterations = 27927"
[1] "rewire_graph: Mode degree distribution"
Source: local data frame [1 x 1]

  count
  (int)
1 13724
Source: local data frame [1 x 1]

  count
  (int)
1 14203
Source: local data frame [1 x 1]

  count
  (int)
1 13720
Source: local data frame [1 x 1]

  count
  (int)
1 14207
[1] "rewire_genetic_interactions_network = 27924"
[1] "rewire_genetic_interactions_network = 27927"
Source: local data frame [1 x 1]

  count
  (int)
1 13937
Source: local data frame [1 x 1]

  count
  (int)
1 13990
[1] "rewire_graph: num_iterations = 27924"
[1] "rewire_graph: Mode degree distribution"
[1] "rewire_graph: num_iterations = 27927"
[1] "rewire_graph: Mode degree distribution"
[1] "rewire_genetic_interactions_network = 27925"
[1] "rewire_graph: num_iterations = 27925"
[1] "rewire_graph: Mode degree distribution"
Source: local data frame [1 x 1]

  count
  (int)
1 13871
Source: local data frame [1 x 1]

  count
  (int)
1 14056
[1] "rewire_genetic_interactions_network = 27924"
[1] "rewire_graph: num_iterations = 27924"
[1] "rewire_graph: Mode degree distribution"
Source: local data frame [1 x 1]

  count
  (int)
1 13899
Source: local data frame [1 x 1]

  count
  (int)
1 14028
[1] "rewire_genetic_interactions_network = 27924"
[1] "rewire_graph: num_iterations = 27924"
[1] "rewire_graph: Mode degree distribution"
Source: local data frame [1 x 1]

  count
  (int)
1 13723
Source: local data frame [1 x 1]

  count
  (int)
1 14204
[1] "rewire_genetic_interactions_network = 27922"
[1] "rewire_graph: num_iterations = 27922"
[1] "rewire_graph: Mode degree distribution"
Source: local data frame [1 x 1]

  count
  (int)
1 13840
Source: local data frame [1 x 1]

  count
  (int)
1 14087
[1] "rewire_genetic_interactions_network = 27926"
[1] "rewire_graph: num_iterations = 27926"
[1] "rewire_graph: Mode degree distribution"
Source: local data frame [1 x 1]

  count
  (int)
1 13855
Source: local data frame [1 x 1]

  count
  (int)
1 14072
[1] "rewire_genetic_interactions_network = 27925"
[1] "rewire_graph: num_iterations = 27925"
[1] "rewire_graph: Mode degree distribution"
[1] "rewired_kinase_network = 2259"
[1] "rewire_graph: num_iterations = 2259"
[1] "rewire_graph: Mode degree distribution"
[1] "rewired_kinase_network = 2259"
[1] "rewire_graph: num_iterations = 2259"
[1] "rewire_graph: Mode degree distribution"
[1] "rewired_ppi_network = 13301"
[1] "rewire_graph: num_iterations = 13292"
[1] "rewire_graph: Mode degree distribution"
[1] "rewired_ppi_network = 13301"
[1] "rewired_kinase_network = 2259"
[1] "rewire_graph: num_iterations = 13292"
[1] "rewire_graph: Mode degree distribution"
[1] "rewired_kinase_network = 2259"
[1] "rewire_graph: num_iterations = 2259"
[1] "rewire_graph: Mode degree distribution"
[1] "rewire_graph: num_iterations = 2259"
[1] "rewire_graph: Mode degree distribution"
[1] "rewired_kinase_network = 2259"
[1] "rewired_ppi_network = 13301"
[1] "rewired_kinase_network = 2259"
[1] "rewired_kinase_network = 2259"
[1] "rewired_ppi_network = 13301"
[1] "rewire_graph: num_iterations = 2259"
[1] "rewire_graph: Mode degree distribution"
[1] "rewire_graph: num_iterations = 13292"
[1] "rewire_graph: Mode degree distribution"
[1] "rewire_graph: num_iterations = 2259"
[1] "rewire_graph: Mode degree distribution"
[1] "rewire_graph: num_iterations = 2259"
[1] "rewire_graph: Mode degree distribution"
[1] "rewire_graph: num_iterations = 13292"
[1] "rewire_graph: Mode degree distribution"
[1] "rewired_kinase_network = 2259"
[1] "rewire_graph: num_iterations = 2259"
[1] "rewire_graph: Mode degree distribution"
[1] "rewired_ppi_network = 13301"
[1] "rewired_ppi_network = 13301"
[1] "rewired_ppi_network = 13301"
[1] "rewire_graph: num_iterations = 13292"
[1] "rewire_graph: Mode degree distribution"
[1] "rewire_graph: num_iterations = 13292"
[1] "rewire_graph: Mode degree distribution"
[1] "rewire_graph: num_iterations = 13292"
[1] "rewire_graph: Mode degree distribution"
[1] "rewired_ppi_network = 13301"
[1] "rewired_kinase_network = 2259"
[1] "rewired_kinase_network = 2259"
[1] "rewire_graph: num_iterations = 13292"
[1] "rewire_graph: Mode degree distribution"
[1] "rewire_graph: num_iterations = 2259"
[1] "rewire_graph: Mode degree distribution"
[1] "rewire_graph: num_iterations = 2259"
[1] "rewire_graph: Mode degree distribution"
[1] "rewired_kinase_network = 2259"
[1] "rewire_graph: num_iterations = 2259"
[1] "rewire_graph: Mode degree distribution"
[1] "rewired_kinase_network = 2259"
[1] "rewire_graph: num_iterations = 2259"
[1] "rewire_graph: Mode degree distribution"
[1] "rewired_ppi_network = 13301"
[1] "rewired_ppi_network = 13301"
[1] "rewire_graph: num_iterations = 13292"
[1] "rewire_graph: Mode degree distribution"
[1] "rewire_graph: num_iterations = 13292"
[1] "rewire_graph: Mode degree distribution"
[1] "rewired_ppi_network = 13301"
[1] "rewired_ppi_network = 13301"
[1] "rewire_graph: num_iterations = 13292"
[1] "rewire_graph: Mode degree distribution"
[1] "rewire_graph: num_iterations = 13292"
[1] "rewire_graph: Mode degree distribution"
[1] "rewired_kinase_network = 2259"
[1] "rewire_graph: num_iterations = 2259"
[1] "rewire_graph: Mode degree distribution"
[1] "rewired_ppi_network = 13301"
[1] "rewire_graph: num_iterations = 13292"
[1] "rewire_graph: Mode degree distribution"
[1] "rewired_kinase_network = 2259"
[1] "rewire_graph: num_iterations = 2259"
[1] "rewire_graph: Mode degree distribution"
[1] "rewired_ppi_network = 13301"
[1] "rewire_graph: num_iterations = 13292"
[1] "rewire_graph: Mode degree distribution"
[1] "rewired_kinase_network = 2259"
[1] "rewire_graph: num_iterations = 2259"
[1] "rewire_graph: Mode degree distribution"
[1] "rewired_ppi_network = 13301"
[1] "rewire_graph: num_iterations = 13292"
[1] "rewire_graph: Mode degree distribution"
[1] "rewired_kinase_network = 2259"
[1] "rewire_graph: num_iterations = 2259"
[1] "rewire_graph: Mode degree distribution"
[1] "rewired_ppi_network = 13301"
[1] "rewire_graph: num_iterations = 13292"
[1] "rewire_graph: Mode degree distribution"
[1] "rewired_tf_network = 6117"
[1] "rewire_graph: num_iterations = 6117"
[1] "rewire_graph: Mode degree distribution"
[1] "rewired_tf_network = 6117"
[1] "rewire_graph: num_iterations = 6117"
[1] "rewire_graph: Mode degree distribution"
[1] "rewired_tf_network = 6117"
[1] "rewire_graph: num_iterations = 6117"
[1] "rewire_graph: Mode degree distribution"
[1] "rewired_tf_network = 6117"
[1] "rewired_tf_network = 6117"
[1] "rewire_graph: num_iterations = 6117"
[1] "rewire_graph: Mode degree distribution"
[1] "rewire_graph: num_iterations = 6117"
[1] "rewire_graph: Mode degree distribution"
[1] "rewired_tf_network = 6117"
[1] "rewire_graph: num_iterations = 6117"
[1] "rewire_graph: Mode degree distribution"
[1] "rewired_tf_network = 6117"
[1] "rewire_graph: num_iterations = 6117"
[1] "rewire_graph: Mode degree distribution"
[1] "rewired_tf_network = 6117"
[1] "rewire_graph: num_iterations = 6117"
[1] "rewire_graph: Mode degree distribution"
[1] "rewired_tf_network = 6117"
[1] "rewired_tf_network = 6117"
[1] "rewire_graph: num_iterations = 6117"
[1] "rewire_graph: Mode degree distribution"
[1] "rewire_graph: num_iterations = 6117"
[1] "rewire_graph: Mode degree distribution"
[1] "rewired_tf_network = 6117"
[1] "rewire_graph: num_iterations = 6117"
[1] "rewire_graph: Mode degree distribution"
[1] "rewired_tf_network = 6117"
[1] "rewire_graph: num_iterations = 6117"
[1] "rewire_graph: Mode degree distribution"
[1] "rewired_tf_network = 6117"
[1] "rewire_graph: num_iterations = 6117"
[1] "rewire_graph: Mode degree distribution"
[1] "rewired_tf_network = 6117"
[1] "rewire_graph: num_iterations = 6117"
[1] "rewire_graph: Mode degree distribution"
[1] "rewired_tf_network = 6117"
[1] "rewire_graph: num_iterations = 6117"
[1] "rewire_graph: Mode degree distribution"
[1] "rewired_tf_network = 6117"
[1] "rewire_graph: num_iterations = 6117"
[1] "rewire_graph: Mode degree distribution"
Source: local data frame [1 x 1]

  count
  (int)
1 13847
Source: local data frame [1 x 1]

  count
  (int)
1 14080
[1] "rewire_genetic_interactions_network = 27924"
[1] "rewire_graph: num_iterations = 27924"
[1] "rewire_graph: Mode degree distribution"
Source: local data frame [1 x 1]

  count
  (int)
1 13894
Source: local data frame [1 x 1]

  count
  (int)
1 14033
[1] "rewire_genetic_interactions_network = 27925"
[1] "rewire_graph: num_iterations = 27925"
[1] "rewire_graph: Mode degree distribution"
Source: local data frame [1 x 1]

  count
  (int)
1 13710
Source: local data frame [1 x 1]

  count
  (int)
1 14217
[1] "rewire_genetic_interactions_network = 27925"
[1] "rewire_graph: num_iterations = 27925"
[1] "rewire_graph: Mode degree distribution"
Source: local data frame [1 x 1]

  count
  (int)
1 13933
Source: local data frame [1 x 1]

  count
  (int)
1 13994
[1] "rewire_genetic_interactions_network = 27925"
Source: local data frame [1 x 1]

  count
  (int)
1 13915
Source: local data frame [1 x 1]

  count
  (int)
1 14012
[1] "rewire_genetic_interactions_network = 27925"
[1] "rewire_graph: num_iterations = 27925"
[1] "rewire_graph: Mode degree distribution"
Source: local data frame [1 x 1]

  count
  (int)
1 13831
Source: local data frame [1 x 1]

  count
  (int)
1 14096
[1] "rewire_genetic_interactions_network = 27924"
[1] "rewire_graph: num_iterations = 27924"
[1] "rewire_graph: Mode degree distribution"
Source: local data frame [1 x 1]

  count
  (int)
1 13730
Source: local data frame [1 x 1]

  count
  (int)
1 14197
[1] "rewire_genetic_interactions_network = 27925"
[1] "rewire_graph: num_iterations = 27925"
[1] "rewire_graph: Mode degree distribution"
Source: local data frame [1 x 1]

  count
  (int)
1 13796
Source: local data frame [1 x 1]

  count
  (int)
1 14131
[1] "rewire_genetic_interactions_network = 27923"
[1] "rewire_graph: num_iterations = 27923"
[1] "rewire_graph: Mode degree distribution"
Source: local data frame [1 x 1]

  count
  (int)
1 13968
Source: local data frame [1 x 1]

  count
  (int)
1 13959
[1] "rewire_genetic_interactions_network = 27925"
[1] "rewire_graph: num_iterations = 27925"
[1] "rewire_graph: Mode degree distribution"
Source: local data frame [1 x 1]

  count
  (int)
1 13750
Source: local data frame [1 x 1]

  count
  (int)
1 14177
[1] "rewire_genetic_interactions_network = 27924"
Source: local data frame [1 x 1]

  count
  (int)
1 13763
Source: local data frame [1 x 1]

  count
  (int)
1 14164
[1] "rewire_graph: num_iterations = 27924"
[1] "rewire_graph: Mode degree distribution"
[1] "rewire_genetic_interactions_network = 27925"
[1] "rewire_graph: num_iterations = 27925"
[1] "rewire_graph: Mode degree distribution"
Source: local data frame [1 x 1]

  count
  (int)
1 13958
Source: local data frame [1 x 1]

  count
  (int)
1 13969
[1] "rewire_genetic_interactions_network = 27925"
[1] "rewire_graph: num_iterations = 27925"
[1] "rewire_graph: Mode degree distribution"
Source: local data frame [1 x 1]

  count
  (int)
1 13960
Source: local data frame [1 x 1]

  count
  (int)
1 13967
[1] "rewire_genetic_interactions_network = 27927"
[1] "rewire_graph: num_iterations = 27927"
[1] "rewire_graph: Mode degree distribution"
Source: local data frame [1 x 1]

  count
  (int)
1 13831
Source: local data frame [1 x 1]

  count
  (int)
1 14096
[1] "rewire_genetic_interactions_network = 27922"
[1] "rewire_graph: num_iterations = 27922"
[1] "rewire_graph: Mode degree distribution"
Source: local data frame [1 x 1]

  count
  (int)
1 13824
Source: local data frame [1 x 1]

  count
  (int)
1 14103
[1] "rewire_genetic_interactions_network = 27923"
[1] "rewire_graph: num_iterations = 27923"
[1] "rewire_graph: Mode degree distribution"
Source: local data frame [1 x 1]

  count
  (int)
1 13871
Source: local data frame [1 x 1]

  count
  (int)
1 14056
[1] "rewire_genetic_interactions_network = 27925"
[1] "rewire_graph: num_iterations = 27925"
[1] "rewire_graph: Mode degree distribution"
[1] "rewired_kinase_network = 2259"
[1] "rewire_graph: num_iterations = 2259"
[1] "rewire_graph: Mode degree distribution"
[1] "rewired_ppi_network = 13301"
[1] "rewired_kinase_network = 2259"
[1] "rewire_graph: num_iterations = 13292"
[1] "rewire_graph: Mode degree distribution"
[1] "rewire_graph: num_iterations = 2259"
[1] "rewire_graph: Mode degree distribution"
[1] "rewired_kinase_network = 2259"
[1] "rewire_graph: num_iterations = 2259"
[1] "rewire_graph: Mode degree distribution"
[1] "rewired_ppi_network = 13301"
[1] "rewired_kinase_network = 2259"
[1] "rewire_graph: num_iterations = 13292"
[1] "rewire_graph: Mode degree distribution"
[1] "rewire_graph: num_iterations = 2259"
[1] "rewire_graph: Mode degree distribution"
[1] "rewired_kinase_network = 2259"
[1] "rewire_graph: num_iterations = 2259"
[1] "rewire_graph: Mode degree distribution"
[1] "rewired_ppi_network = 13301"
[1] "rewire_graph: num_iterations = 13292"
[1] "rewire_graph: Mode degree distribution"
[1] "rewired_ppi_network = 13301"
[1] "rewire_graph: num_iterations = 13292"
[1] "rewire_graph: Mode degree distribution"
[1] "rewired_ppi_network = 13301"
[1] "rewire_graph: num_iterations = 13292"
[1] "rewire_graph: Mode degree distribution"
[1] "rewired_kinase_network = 2259"
[1] "rewire_graph: num_iterations = 2259"
[1] "rewire_graph: Mode degree distribution"
[1] "rewired_kinase_network = 2259"
[1] "rewire_graph: num_iterations = 2259"
[1] "rewire_graph: Mode degree distribution"
[1] "rewired_kinase_network = 2259"
[1] "rewire_graph: num_iterations = 2259"
[1] "rewire_graph: Mode degree distribution"
[1] "rewired_ppi_network = 13301"
[1] "rewire_graph: num_iterations = 13292"
[1] "rewire_graph: Mode degree distribution"
[1] "rewired_kinase_network = 2259"
[1] "rewire_graph: num_iterations = 2259"
[1] "rewire_graph: Mode degree distribution"
[1] "rewired_ppi_network = 13301"
[1] "rewire_graph: num_iterations = 13292"
[1] "rewire_graph: Mode degree distribution"
[1] "rewired_kinase_network = 2259"
[1] "rewired_kinase_network = 2259"
[1] "rewired_ppi_network = 13301"
[1] "rewire_graph: num_iterations = 2259"
[1] "rewire_graph: Mode degree distribution"
[1] "rewire_graph: num_iterations = 2259"
[1] "rewire_graph: Mode degree distribution"
[1] "rewire_graph: num_iterations = 13292"
[1] "rewire_graph: Mode degree distribution"
[1] "rewired_ppi_network = 13301"
[1] "rewire_graph: num_iterations = 13292"
[1] "rewire_graph: Mode degree distribution"
[1] "rewired_ppi_network = 13301"
[1] "rewired_ppi_network = 13301"
[1] "rewire_graph: num_iterations = 13292"
[1] "rewire_graph: Mode degree distribution"
[1] "rewire_graph: num_iterations = 13292"
[1] "rewire_graph: Mode degree distribution"
[1] "rewired_kinase_network = 2259"
[1] "rewire_graph: num_iterations = 2259"
[1] "rewire_graph: Mode degree distribution"
[1] "rewired_kinase_network = 2259"
[1] "rewire_graph: num_iterations = 2259"
[1] "rewire_graph: Mode degree distribution"
[1] "rewired_ppi_network = 13301"
[1] "rewire_graph: num_iterations = 13292"
[1] "rewire_graph: Mode degree distribution"
[1] "rewired_kinase_network = 2259"
[1] "rewire_graph: num_iterations = 2259"
[1] "rewire_graph: Mode degree distribution"
[1] "rewired_kinase_network = 2259"
[1] "rewired_ppi_network = 13301"
[1] "rewire_graph: num_iterations = 2259"
[1] "rewire_graph: Mode degree distribution"
[1] "rewire_graph: num_iterations = 13292"
[1] "rewire_graph: Mode degree distribution"
[1] "rewired_ppi_network = 13301"
[1] "rewire_graph: num_iterations = 13292"
[1] "rewire_graph: Mode degree distribution"
[1] "rewired_ppi_network = 13301"
[1] "rewire_graph: num_iterations = 13292"
[1] "rewire_graph: Mode degree distribution"
[1] "rewired_kinase_network = 2259"
[1] "rewire_graph: num_iterations = 2259"
[1] "rewire_graph: Mode degree distribution"
[1] "rewired_ppi_network = 13301"
[1] "rewire_graph: num_iterations = 13292"
[1] "rewire_graph: Mode degree distribution"
[1] "rewired_tf_network = 6117"
[1] "rewire_graph: num_iterations = 6117"
[1] "rewire_graph: Mode degree distribution"
[1] "rewired_tf_network = 6117"
[1] "rewire_graph: num_iterations = 6117"
[1] "rewire_graph: Mode degree distribution"
[1] "rewired_tf_network = 6117"
[1] "rewire_graph: num_iterations = 6117"
[1] "rewire_graph: Mode degree distribution"
[1] "rewired_tf_network = 6117"
[1] "rewire_graph: num_iterations = 6117"
[1] "rewire_graph: Mode degree distribution"
[1] "rewired_tf_network = 6117"
[1] "rewire_graph: num_iterations = 6117"
[1] "rewire_graph: Mode degree distribution"
[1] "rewired_tf_network = 6117"
[1] "rewire_graph: num_iterations = 6117"
[1] "rewire_graph: Mode degree distribution"
[1] "rewired_tf_network = 6117"
[1] "rewire_graph: num_iterations = 6117"
[1] "rewire_graph: Mode degree distribution"
[1] "rewired_tf_network = 6117"
[1] "rewired_tf_network = 6117"
[1] "rewire_graph: num_iterations = 6117"
[1] "rewire_graph: Mode degree distribution"
[1] "rewire_graph: num_iterations = 6117"
[1] "rewire_graph: Mode degree distribution"
[1] "rewired_tf_network = 6117"
[1] "rewire_graph: num_iterations = 6117"
[1] "rewire_graph: Mode degree distribution"
[1] "rewired_tf_network = 6117"
[1] "rewire_graph: num_iterations = 6117"
[1] "rewire_graph: Mode degree distribution"
[1] "rewired_tf_network = 6117"
[1] "rewire_graph: num_iterations = 6117"
[1] "rewire_graph: Mode degree distribution"
[1] "rewired_tf_network = 6117"
[1] "rewire_graph: num_iterations = 6117"
[1] "rewire_graph: Mode degree distribution"
[1] "rewired_tf_network = 6117"
[1] "rewire_graph: num_iterations = 6117"
[1] "rewire_graph: Mode degree distribution"
[1] "rewired_tf_network = 6117"
[1] "rewire_graph: num_iterations = 6117"
[1] "rewire_graph: Mode degree distribution"
[1] "rewired_tf_network = 6117"
[1] "rewire_graph: num_iterations = 6117"
[1] "rewire_graph: Mode degree distribution"
Source: local data frame [1 x 1]

  count
  (int)
1 13806
Source: local data frame [1 x 1]

  count
  (int)
1 14121
[1] "rewire_genetic_interactions_network = 27925"
[1] "rewire_graph: num_iterations = 27925"
[1] "rewire_graph: Mode degree distribution"
Source: local data frame [1 x 1]

  count
  (int)
1 13818
Source: local data frame [1 x 1]

  count
  (int)
1 14109
[1] "rewire_genetic_interactions_network = 27923"
[1] "rewire_graph: num_iterations = 27923"
[1] "rewire_graph: Mode degree distribution"
Source: local data frame [1 x 1]

  count
  (int)
1 13911
Source: local data frame [1 x 1]

  count
  (int)
1 14016
[1] "rewire_genetic_interactions_network = 27926"
[1] "rewire_graph: num_iterations = 27926"
[1] "rewire_graph: Mode degree distribution"
Source: local data frame [1 x 1]

  count
  (int)
1 13799
Source: local data frame [1 x 1]

  count
  (int)
1 14128
[1] "rewire_genetic_interactions_network = 27927"
[1] "rewire_graph: num_iterations = 27927"
[1] "rewire_graph: Mode degree distribution"
Source: local data frame [1 x 1]

  count
  (int)
1 13839
Source: local data frame [1 x 1]

  count
  (int)
1 14088
[1] "rewire_genetic_interactions_network = 27926"
[1] "rewire_graph: num_iterations = 27926"
[1] "rewire_graph: Mode degree distribution"
Source: local data frame [1 x 1]

  count
  (int)
1 13783
Source: local data frame [1 x 1]

  count
  (int)
1 14144
Source: local data frame [1 x 1]

  count
  (int)
1 13830
Source: local data frame [1 x 1]

  count
  (int)
1 14097
[1] "rewire_genetic_interactions_network = 27926"
[1] "rewire_genetic_interactions_network = 27920"
[1] "rewire_graph: num_iterations = 27926"
[1] "rewire_graph: Mode degree distribution"
[1] "rewire_graph: num_iterations = 27920"
[1] "rewire_graph: Mode degree distribution"
Source: local data frame [1 x 1]

  count
  (int)
1 13910
Source: local data frame [1 x 1]

  count
  (int)
1 14017
Source: local data frame [1 x 1]

  count
  (int)
1 13855
Source: local data frame [1 x 1]

  count
  (int)
1 14072
[1] "rewire_genetic_interactions_network = 27925"
[1] "rewire_genetic_interactions_network = 27923"
[1] "rewire_graph: num_iterations = 27925"
[1] "rewire_graph: Mode degree distribution"
[1] "rewire_graph: num_iterations = 27923"
[1] "rewire_graph: Mode degree distribution"
Source: local data frame [1 x 1]

  count
  (int)
1 13928
Source: local data frame [1 x 1]

  count
  (int)
1 13999
Source: local data frame [1 x 1]

  count
  (int)
1 13819
Source: local data frame [1 x 1]

[1] "rewire_genetic_interactions_network = 27922"
  count
  (int)
1 14108
[1] "rewire_graph: num_iterations = 27922"
[1] "rewire_graph: Mode degree distribution"
[1] "rewire_genetic_interactions_network = 27926"
[1] "rewire_graph: num_iterations = 27926"
[1] "rewire_graph: Mode degree distribution"
Source: local data frame [1 x 1]

  count
  (int)
1 13990
Source: local data frame [1 x 1]

  count
  (int)
1 13937
[1] "rewire_genetic_interactions_network = 27927"
[1] "rewire_graph: num_iterations = 27927"
[1] "rewire_graph: Mode degree distribution"
Source: local data frame [1 x 1]

  count
  (int)
1 13877
Source: local data frame [1 x 1]

  count
  (int)
1 14050
Source: local data frame [1 x 1]

  count
  (int)
1 13862
Source: local data frame [1 x 1]

  count
  (int)
1 14065
[1] "rewire_genetic_interactions_network = 27924"
Source: local data frame [1 x 1]

[1] "rewire_genetic_interactions_network = 27926"
  count
  (int)
1 13818
Source: local data frame [1 x 1]

  count
  (int)
1 14109
[1] "rewire_graph: num_iterations = 27924"
[1] "rewire_graph: Mode degree distribution"
[1] "rewire_graph: num_iterations = 27926"
[1] "rewire_graph: Mode degree distribution"
[1] "rewire_genetic_interactions_network = 27926"
[1] "rewire_graph: num_iterations = 27926"
[1] "rewire_graph: Mode degree distribution"
Source: local data frame [1 x 1]

  count
  (int)
1 13774
Source: local data frame [1 x 1]

  count
  (int)
1 14153
[1] "rewire_genetic_interactions_network = 27925"
[1] "rewire_graph: num_iterations = 27925"
[1] "rewire_graph: Mode degree distribution"
[1] "rewired_kinase_network = 2259"
[1] "rewire_graph: num_iterations = 2259"
[1] "rewire_graph: Mode degree distribution"
[1] "rewired_ppi_network = 13301"
[1] "rewire_graph: num_iterations = 13292"
[1] "rewire_graph: Mode degree distribution"
[1] "rewired_kinase_network = 2259"
[1] "rewired_kinase_network = 2259"
[1] "rewire_graph: num_iterations = 2259"
[1] "rewire_graph: Mode degree distribution"
[1] "rewire_graph: num_iterations = 2259"
[1] "rewire_graph: Mode degree distribution"
[1] "rewired_ppi_network = 13301"
[1] "rewired_ppi_network = 13301"
[1] "rewire_graph: num_iterations = 13292"
[1] "rewire_graph: Mode degree distribution"
[1] "rewire_graph: num_iterations = 13292"
[1] "rewire_graph: Mode degree distribution"
[1] "rewired_kinase_network = 2259"
[1] "rewired_kinase_network = 2259"
[1] "rewire_graph: num_iterations = 2259"
[1] "rewire_graph: Mode degree distribution"
[1] "rewire_graph: num_iterations = 2259"
[1] "rewire_graph: Mode degree distribution"
[1] "rewired_kinase_network = 2259"
[1] "rewire_graph: num_iterations = 2259"
[1] "rewire_graph: Mode degree distribution"
[1] "rewired_kinase_network = 2259"
[1] "rewire_graph: num_iterations = 2259"
[1] "rewire_graph: Mode degree distribution"
[1] "rewired_kinase_network = 2259"
[1] "rewire_graph: num_iterations = 2259"
[1] "rewire_graph: Mode degree distribution"
[1] "rewired_ppi_network = 13301"
[1] "rewired_ppi_network = 13301"
[1] "rewire_graph: num_iterations = 13292"
[1] "rewire_graph: Mode degree distribution"
[1] "rewired_ppi_network = 13301"
= 13292"
[1] "rewire_graph: Mode degree distribution"
[1] "rewire_graph: num_iterations = 13292"
[1] "rewire_graph: Mode degree distribution"
[1] "rewired_ppi_network = 13301"
[1] "rewire_graph: num_iterations = 13292"
[1] "rewire_graph: Mode degree distribution"
[1] "rewired_ppi_network = 13301"
[1] "rewired_kinase_network = 2259"
[1] "rewire_graph: num_iterations = 13292"
[1] "rewire_graph: Mode degree distribution"
[1] "rewire_graph: num_iterations = 2259"
[1] "rewire_graph: Mode degree distribution"
[1] "rewired_ppi_network = 13301"
[1] "rewire_graph: num_iterations = 13292"
[1] "rewire_graph: Mode degree distribution"
[1] "rewired_kinase_network = 2259"
[1] "rewire_graph: num_iterations = 2259"
[1] "rewire_graph: Mode degree distribution"
[1] "rewired_kinase_network = 2259"
[1] "rewire_graph: num_iterations = 2259"
[1] "rewire_graph: Mode degree distribution"
[1] "rewired_kinase_network = 2259"
[1] "rewired_ppi_network = 13301"
[1] "rewire_graph: num_iterations = 2259"
[1] "rewire_graph: Mode degree distribution"
[1] "rewire_graph: num_iterations = 13292"
[1] "rewire_graph: Mode degree distribution"
[1] "rewired_ppi_network = 13301"
[1] "rewired_kinase_network = 2259"
[1] "rewire_graph: num_iterations = 13292"
[1] "rewire_graph: Mode degree distribution"
[1] "rewire_graph: num_iterations = 2259"
[1] "rewire_graph: Mode degree distribution"
[1] "rewired_ppi_network = 13301"
[1] "rewire_graph: num_iterations = 13292"
[1] "rewire_graph: Mode degree distribution"
[1] "rewired_kinase_network = 2259"
[1] "rewire_graph: num_iterations = 2259"
[1] "rewire_graph: Mode degree distribution"
[1] "rewired_ppi_network = 13301"
[1] "rewire_graph: num_iterations = 13292"
[1] "rewire_graph: Mode degree distribution"
[1] "rewired_ppi_network = 13301"
[1] "rewire_graph: num_iterations = 13292"
[1] "rewire_graph: Mode degree distribution"
[1] "rewired_kinase_network = 2259"
[1] "rewire_graph: num_iterations = 2259"
[1] "rewire_graph: Mode degree distribution"
[1] "rewired_ppi_network = 13301"
[1] "rewire_graph: num_iterations = 13292"
[1] "rewire_graph: Mode degree distribution"
[1] "rewired_kinase_network = 2259"
[1] "rewire_graph: num_iterations = 2259"
[1] "rewire_graph: Mode degree distribution"
[1] "rewired_ppi_network = 13301"
[1] "rewire_graph: num_iterations = 13292"
[1] "rewire_graph: Mode degree distribution"
[1] "rewired_tf_network = 6117"
[1] "rewire_graph: num_iterations = 6117"
[1] "rewire_graph: Mode degree distribution"
[1] "rewired_tf_network = 6117"
[1] "rewire_graph: num_iterations = 6117"
[1] "rewire_graph: Mode degree distribution"
[1] "rewired_tf_network = 6117"
[1] "rewire_graph: num_iterations = 6117"
[1] "rewire_graph: Mode degree distribution"
[1] "rewired_tf_network = 6117"
[1] "rewired_tf_network = 6117"
[1] "rewire_graph: num_iterations = 6117"
[1] "rewire_graph: Mode degree distribution"
[1] "rewire_graph: num_iterations = 6117"
[1] "rewire_graph: Mode degree distribution"
[1] "rewired_tf_network = 6117"
[1] "rewire_graph: num_iterations = 6117"
[1] "rewire_graph: Mode degree distribution"
[1] "rewired_tf_network = 6117"
[1] "rewire_graph: num_iterations = 6117"
[1] "rewire_graph: Mode degree distribution"
[1] "rewired_tf_network = 6117"
[1] "rewire_graph: num_iterations = 6117"
[1] "rewire_graph: Mode degree distribution"
[1] "rewired_tf_network = 6117"
[1] "rewire_graph: num_iterations = 6117"
[1] "rewire_graph: Mode degree distribution"
[1] "rewired_tf_network = 6117"
[1] "rewire_graph: num_iterations = 6117"
[1] "rewire_graph: Mode degree distribution"
[1] "rewired_tf_network = 6117"
[1] "rewire_graph: num_iterations = 6117"
[1] "rewire_graph: Mode degree distribution"
[1] "rewired_tf_network = 6117"
[1] "rewire_graph: num_iterations = 6117"
[1] "rewire_graph: Mode degree distribution"
[1] "rewired_tf_network = 6117"
[1] "rewire_graph: num_iterations = 6117"
[1] "rewire_graph: Mode degree distribution"
[1] "rewired_tf_network = 6117"
[1] "rewire_graph: num_iterations = 6117"
[1] "rewire_graph: Mode degree distribution"
[1] "rewired_tf_network = 6117"
[1] "rewire_graph: num_iterations = 6117"
[1] "rewire_graph: Mode degree distribution"
[1] "rewired_tf_network = 6117"
[1] "rewire_graph: num_iterations = 6117"
[1] "rewire_graph: Mode degree distribution"
Source: local data frame [1 x 1]

  count
  (int)
1 13805
Source: local data frame [1 x 1]

  count
  (int)
1 14122
[1] "rewire_genetic_interactions_network = 27926"
[1] "rewire_graph: num_iterations = 27926"
[1] "rewire_graph: Mode degree distribution"
Source: local data frame [1 x 1]

  count
  (int)
1 13830
Source: local data frame [1 x 1]

  count
  (int)
1 14097
[1] "rewire_genetic_interactions_network = 27924"
[1] "rewire_graph: num_iterations = 27924"
[1] "rewire_graph: Mode degree distribution"
Source: local data frame [1 x 1]

  count
  (int)
1 13835
Source: local data frame [1 x 1]

  count
  (int)
1 14092
[1] "rewire_genetic_interactions_network = 27923"
[1] "rewire_graph: num_iterations = 27923"
[1] "rewire_graph: Mode degree distribution"
Source: local data frame [1 x 1]

  count
  (int)
1 13848
Source: local data frame [1 x 1]

  count
  (int)
1 14079
Source: local data frame [1 x 1]

[1] "rewire_genetic_interactions_network = 27927"
Source: local data frame [1 x 1]

  count
  (int)
1 13835
Source: local data frame [1 x 1]

  count
  (int)
1 13866
Source: local data frame [1 x 1]

  count
  (int)
1 14061
[1] "rewire_graph: num_iterations = 27927"
[1] "rewire_graph: Mode degree distribution"
[1] "rewire_genetic_interactions_network = 27920"
[1] "rewire_genetic_interactions_network = 27925"
[1] "rewire_graph: num_iterations = 27920"
[1] "rewire_graph: Mode degree distribution"
[1] "rewire_graph: num_iterations = 27925"
[1] "rewire_graph: Mode degree distribution"
Source: local data frame [1 x 1]

  count
  (int)
1 13810
Source: local data frame [1 x 1]

  count
  (int)
1 14117
[1] "rewire_genetic_interactions_network = 27926"
[1] "rewire_graph: num_iterations = 27926"
[1] "rewire_graph: Mode degree distribution"
Source: local data frame [1 x 1]

  count
  (int)
1 13804
Source: local data frame [1 x 1]

  count
  (int)
1 14123
[1] "rewire_genetic_interactions_network = 27924"
[1] "rewire_graph: num_iterations = 27924"
[1] "rewire_graph: Mode degree distribution"
Source: local data frame [1 x 1]

  count
  (int)
1 13865
Source: local data frame [1 x 1]

  count
  (int)
1 14062
[1] "rewire_genetic_interactions_network = 27923"
[1] "rewire_graph: num_iterations = 27923"
[1] "rewire_graph: Mode degree distribution"
Source: local data frame [1 x 1]

  count
  (int)
1 13842
Source: local data frame [1 x 1]

  count
  (int)
1 14085
[1] "rewire_genetic_interactions_network = 27924"
[1] "rewire_graph: num_iterations = 27924"
[1] "rewire_graph: Mode degree distribution"
Source: local data frame [1 x 1]

  count
  (int)
1 13744
Source: local data frame [1 x 1]

  count
  (int)
1 14183
[1] "rewire_genetic_interactions_network = 27923"
[1] "rewire_graph: num_iterations = 27923"
[1] "rewire_graph: Mode degree distribution"
Source: local data frame [1 x 1]

  count
  (int)
1 13746
Source: local data frame [1 x 1]

  count
  (int)
1 14181
[1] "rewire_genetic_interactions_network = 27925"
Source: local data frame [1 x 1]

  count
  (int)
1 13885
Source: local data frame [1 x 1]

  count
  (int)
1 14042
[1] "rewire_graph: num_iterations = 27925"
[1] "rewire_graph: Mode degree distribution"
[1] "rewire_genetic_interactions_network = 27926"
[1] "rewire_graph: num_iterations = 27926"
[1] "rewire_graph: Mode degree distribution"
Source: local data frame [1 x 1]

  count
  (int)
1 13639
Source: local data frame [1 x 1]

  count
  (int)
1 14288
[1] "rewire_genetic_interactions_network = 27926"
[1] "rewire_graph: num_iterations = 27926"
[1] "rewire_graph: Mode degree distribution"
Source: local data frame [1 x 1]

  count
  (int)
1 13855
Source: local data frame [1 x 1]

  count
  (int)
1 14072
[1] "rewire_genetic_interactions_network = 27926"
[1] "rewire_graph: num_iterations = 27926"
[1] "rewire_graph: Mode degree distribution"
Source: local data frame [1 x 1]

  count
  (int)
1 13939
Source: local data frame [1 x 1]

  count
  (int)
1 13988
[1] "rewire_genetic_interactions_network = 27922"
[1] "rewire_graph: num_iterations = 27922"
[1] "rewire_graph: Mode degree distribution"
[1] "rewired_kinase_network = 2259"
[1] "rewire_graph: num_iterations = 2259"
[1] "rewire_graph: Mode degree distribution"
[1] "rewired_kinase_network = 2259"
[1] "rewire_graph: num_iterations = 2259"
[1] "rewire_graph: Mode degree distribution"
[1] "rewired_ppi_network = 13301"
[1] "rewired_kinase_network = 2259"
[1] "rewire_graph: num_iterations = 13292"
[1] "rewire_graph: Mode degree distribution"
[1] "rewire_graph: num_iterations = 2259"
[1] "rewire_graph: Mode degree distribution"
[1] "rewired_ppi_network = 13301"
[1] "rewired_kinase_network = 2259"
[1] "rewire_graph: num_iterations = 2259"
[1] "rewire_graph: Mode degree distribution"
[1] "rewire_graph: num_iterations = 13292"
[1] "rewire_graph: Mode degree distribution"
[1] "rewired_ppi_network = 13301"
[1] "rewired_kinase_network = 2259"
[1] "rewire_graph: num_iterations = 13292"
[1] "rewire_graph: Mode degree distribution"
[1] "rewire_graph: num_iterations = 2259"
[1] "rewire_graph: Mode degree distribution"
[1] "rewired_ppi_network = 13301"
[1] "rewire_graph: num_iterations = 13292"
[1] "rewire_graph: Mode degree distribution"
[1] "rewired_kinase_network = 2259"
[1] "rewire_graph: num_iterations = 2259"
[1] "rewire_graph: Mode degree distribution"
[1] "rewired_kinase_network = 2259"
[1] "rewire_graph: num_iterations = 2259"
[1] "rewire_graph: Mode degree distribution"
[1] "rewired_ppi_network = 13301"
[1] "rewire_graph: num_iterations = 13292"
[1] "rewire_graph: Mode degree distribution"
[1] "rewired_kinase_network = 2259"
[1] "rewire_graph: num_iterations = 2259"
[1] "rewire_graph: Mode degree distribution"
[1] "rewired_ppi_network = 13301"
[1] "rewire_graph: num_iterations = 13292"
[1] "rewire_graph: Mode degree distribution"
[1] "rewired_ppi_network = 13301"
[1] "rewire_graph: num_iterations = 13292"
[1] "rewire_graph: Mode degree distribution"
[1] "rewired_ppi_network = 13301"
[1] "rewire_graph: num_iterations = 13292"
[1] "rewire_graph: Mode degree distribution"
[1] "rewired_kinase_network = 2259"
[1] "rewired_kinase_network = 2259"
[1] "rewire_graph: num_iterations = 2259"
[1] "rewire_graph: Mode degree distribution"
[1] "rewire_graph: num_iterations = 2259"
[1] "rewire_graph: Mode degree distribution"
[1] "rewired_kinase_network = 2259"
[1] "rewire_graph: num_iterations = 2259"
[1] "rewire_graph: Mode degree distribution"
[1] "rewired_ppi_network = 13301"
[1] "rewired_ppi_network = 13301"
[1] "rewire_graph: num_iterations = 13292"
[1] "rewire_graph: Mode degree distribution"
[1] "rewire_graph: num_iterations = 13292"
[1] "rewire_graph: Mode degree distribution"
[1] "rewired_ppi_network = 13301"
[1] "rewire_graph: num_iterations = 13292"
[1] "rewire_graph: Mode degree distribution"
[1] "rewired_kinase_network = 2259"
[1] "rewire_graph: num_iterations = 2259"
[1] "rewire_graph: Mode degree distribution"
[1] "rewired_kinase_network = 2259"
[1] "rewire_graph: num_iterations = 2259"
[1] "rewire_graph: Mode degree distribution"
[1] "rewired_ppi_network = 13301"
[1] "rewire_graph: num_iterations = 13292"
[1] "rewire_graph: Mode degree distribution"
[1] "rewired_kinase_network = 2259"
[1] "rewire_graph: num_iterations = 2259"
[1] "rewire_graph: Mode degree distribution"
[1] "rewired_ppi_network = 13301"
[1] "rewire_graph: num_iterations = 13292"
[1] "rewire_graph: Mode degree distribution"
[1] "rewired_kinase_network = 2259"
[1] "rewire_graph: num_iterations = 2259"
[1] "rewire_graph: Mode degree distribution"
[1] "rewired_ppi_network = 13301"
[1] "rewire_graph: num_iterations = 13292"
[1] "rewire_graph: Mode degree distribution"
[1] "rewired_ppi_network = 13301"
[1] "rewire_graph: num_iterations = 13292"
[1] "rewire_graph: Mode degree distribution"
[1] "rewired_kinase_network = 2259"
[1] "rewire_graph: num_iterations = 2259"
[1] "rewire_graph: Mode degree distribution"
[1] "rewired_ppi_network = 13301"
[1] "rewire_graph: num_iterations = 13292"
[1] "rewire_graph: Mode degree distribution"
[1] "rewired_tf_network = 6117"
[1] "rewire_graph: num_iterations = 6117"
[1] "rewire_graph: Mode degree distribution"
[1] "rewired_tf_network = 6117"
[1] "rewire_graph: num_iterations = 6117"
[1] "rewire_graph: Mode degree distribution"
[1] "rewired_tf_network = 6117"
[1] "rewire_graph: num_iterations = 6117"
[1] "rewire_graph: Mode degree distribution"
[1] "rewired_tf_network = 6117"
[1] "rewired_tf_network = 6117"
[1] "rewire_graph: num_iterations = 6117"
[1] "rewire_graph: Mode degree distribution"
[1] "rewire_graph: num_iterations = 6117"
[1] "rewire_graph: Mode degree distribution"
[1] "rewired_tf_network = 6117"
[1] "rewire_graph: num_iterations = 6117"
[1] "rewire_graph: Mode degree distribution"
[1] "rewired_tf_network = 6117"
[1] "rewired_tf_network = 6117"
[1] "rewire_graph: num_iterations = 6117"
[1] "rewire_graph: Mode degree distribution"
[1] "rewire_graph: num_iterations = 6117"
[1] "rewire_graph: Mode degree distribution"
[1] "rewired_tf_network = 6117"
[1] "rewire_graph: num_iterations = 6117"
[1] "rewire_graph: Mode degree distribution"
[1] "rewired_tf_network = 6117"
[1] "rewire_graph: num_iterations = 6117"
[1] "rewire_graph: Mode degree distribution"
[1] "rewired_tf_network = 6117"
[1] "rewire_graph: num_iterations = 6117"
[1] "rewire_graph: Mode degree distribution"
[1] "rewired_tf_network = 6117"
[1] "rewire_graph: num_iterations = 6117"
[1] "rewire_graph: Mode degree distribution"
[1] "rewired_tf_network = 6117"
[1] "rewire_graph: num_iterations = 6117"
[1] "rewire_graph: Mode degree distribution"
[1] "rewired_tf_network = 6117"
[1] "rewire_graph: num_iterations = 6117"
[1] "rewire_graph: Mode degree distribution"
[1] "rewired_tf_network = 6117"
[1] "rewire_graph: num_iterations = 6117"
[1] "rewire_graph: Mode degree distribution"
Source: local data frame [1 x 1]

  count
  (int)
1 13819
Source: local data frame [1 x 1]

  count
  (int)
1 14108
[1] "rewire_genetic_interactions_network = 27925"
[1] "rewire_graph: num_iterations = 27925"
[1] "rewire_graph: Mode degree distribution"
[1] "rewired_tf_network = 6117"
[1] "rewire_graph: num_iterations = 6117"
[1] "rewire_graph: Mode degree distribution"
Source: local data frame [1 x 1]

  count
  (int)
1 13804
Source: local data frame [1 x 1]

  count
  (int)
1 14123
[1] "rewire_genetic_interactions_network = 27922"
[1] "rewire_graph: num_iterations = 27922"
[1] "rewire_graph: Mode degree distribution"
Source: local data frame [1 x 1]

  count
  (int)
1 13775
Source: local data frame [1 x 1]

  count
  (int)
1 14152
[1] "rewire_genetic_interactions_network = 27924"
[1] "rewire_graph: num_iterations = 27924"
[1] "rewire_graph: Mode degree distribution"
Source: local data frame [1 x 1]

  count
  (int)
1 13770
Source: local data frame [1 x 1]

  count
  (int)
1 14157
[1] "rewire_genetic_interactions_network = 27925"
[1] "rewire_graph: num_iterations = 27925"
[1] "rewire_graph: Mode degree distribution"
[1] "rewired_kinase_network = 2259"
[1] "rewire_graph: num_iterations = 2259"
[1] "rewire_graph: Mode degree distribution"
[1] "rewired_kinase_network = 2259"
[1] "rewire_graph: num_iterations = 2259"
[1] "rewire_graph: Mode degree distribution"
[1] "rewired_ppi_network = 13301"
[1] "rewire_graph: num_iterations = 13292"
[1] "rewire_graph: Mode degree distribution"
[1] "rewired_ppi_network = 13301"
[1] "rewire_graph: num_iterations = 13292"
[1] "rewire_graph: Mode degree distribution"
[1] "rewired_kinase_network = 2259"
[1] "rewire_graph: num_iterations = 2259"
[1] "rewire_graph: Mode degree distribution"
[1] "rewired_kinase_network = 2259"
[1] "rewire_graph: num_iterations = 2259"
[1] "rewire_graph: Mode degree distribution"
[1] "rewired_ppi_network = 13301"
[1] "rewire_graph: num_iterations = 13292"
[1] "rewire_graph: Mode degree distribution"
[1] "rewired_ppi_network = 13301"
[1] "rewire_graph: num_iterations = 13292"
[1] "rewire_graph: Mode degree distribution"
[1] "rewired_tf_network = 6117"
[1] "rewire_graph: num_iterations = 6117"
[1] "rewire_graph: Mode degree distribution"
[1] "rewired_tf_network = 6117"
[1] "rewire_graph: num_iterations = 6117"
[1] "rewire_graph: Mode degree distribution"
[1] "rewired_tf_network = 6117"
[1] "rewire_graph: num_iterations = 6117"
[1] "rewire_graph: Mode degree distribution"
[1] "rewired_tf_network = 6117"
[1] "rewire_graph: num_iterations = 6117"
[1] "rewire_graph: Mode degree distribution"
