Loading required package: methods

Attaching package: 'igraph'

The following objects are masked from 'package:stats':

    decompose, spectrum

The following object is masked from 'package:base':

    union


Attaching package: 'dplyr'

The following objects are masked from 'package:igraph':

    %>%, as_data_frame, groups, union

The following objects are masked from 'package:stats':

    filter, lag

The following objects are masked from 'package:base':

    intersect, setdiff, setequal, union

R version 3.2.2 (2015-08-14)
Platform: x86_64-pc-linux-gnu (64-bit)
Running under: CentOS release 6.3 (Final)

locale:
[1] C

attached base packages:
[1] parallel  methods   stats     graphics  grDevices utils     datasets 
[8] base     

other attached packages:
[1] lazyeval_0.1.10 dplyr_0.4.3     igraph_1.0.1   

loaded via a namespace (and not attached):
[1] R6_2.1.2       assertthat_0.1 magrittr_1.5   tools_3.2.2    DBI_0.4-1     
[6] Rcpp_0.12.0   
[1] "is_run_locally =  FALSE"
[1] "proportion_of_original_network_size_gi_network = 0.7"
Source: local data frame [1 x 1]

  count
  (int)
1 48417
Source: local data frame [1 x 1]

  count
  (int)
1 49328
Source: local data frame [1 x 1]

  count
  (int)
1 48532
Source: local data frame [1 x 1]

  count
  (int)
1 49213
Source: local data frame [1 x 1]

Source: local data frame [1 x 1]

  count
  (int)
1 48542
Source: local data frame [1 x 1]

  count
  (int)
1 48460
Source: local data frame [1 x 1]

  count
  (int)
1 49203
  count
  (int)
1 49285
Source: local data frame [1 x 1]

  count
  (int)
1 48372
Source: local data frame [1 x 1]

Source: local data frame [1 x 1]

  count
  (int)
1 49373
Source: local data frame [1 x 1]

Source: local data frame [1 x 1]

Source: local data frame [1 x 1]

  count
  (int)
1 49467
  count
  (int)
1 48478
 [1 x 1]

Source: local data frame [1 x 1]

Source: local data frame [1 x 1]

  count
  (int)
1 49267
  count
  (int)
1 49236
  count
  (int)
1 48506
Source: local data frame [1 x 1]

  count
  (int)
1 49239
  count
  (int)
1 48610
Source: local data frame [1 x 1]

Source: local data frame [1 x 1]

  count
  (int)
1 49135
Source: local data frame [1 x 1]

  count
  (int)
1 48449
Source: local data frame [1 x 1]

  count
  (int)
1 48409
  count
  (int)
1 49296
 Source:

ocal data frame [1 x 1]

  count
  (int)
1 49336
  count
  (int)
1 48424
 [1 x 1]

Source: local data frame [1 x 1]

  count
  (int)
1 49321
Source: local data frame [1 x 1]

  count
  (int)
1 48490
Source: local data frame [1 x 1]

  count
  (int)
1 48486
  count
  (int)
1 49255
Source: local data frame [1 x 1]

  count
  (int)
1 49259
[1] "rewire_genetic_interactions_network = 97716"
[1] "rewire_genetic_interactions_network = 97714"
[1] "rewire_genetic_interactions_network = 97713"
[1] "rewire_genetic_interactions_network = 97711"
[1] "rewire_genetic_interactions_network = 97716"
[1] "rewire_genetic_interactions_network = 97715"
[1] "rewire_genetic_interactions_network = 97708"
[1] "rewire_genetic_interactions_network = 97720"
[1] "rewire_genetic_interactions_network = 97717"
[1] "rewire_genetic_interactions_network = 97714"
[1] "rewire_genetic_interactions_network = 97711"
[1] "rewire_genetic_interactions_network = 97710"
[1] "rewire_genetic_interactions_network = 97713"
[1] "rewire_genetic_interactions_network = 97715"
[1] "rewire_graph: num_iterations = 97716"
[1] "rewire_graph: Mode degree distribution"
[1] "rewire_genetic_interactions_network = 97712"
[1] "rewire_graph: num_iterations = 97714"
[1] "rewire_graph: Mode degree distribution"
[1] "rewire_graph: num_iterations = 97713"
[1] "rewire_graph: Mode degree distribution"
[1] "rewire_graph: num_iterations = 97711"
[1] "rewire_graph: Mode degree distribution"
[1] "rewire_graph: num_iterations = 97716"
[1] "rewire_graph: Mode degree distribution"
[1] "rewire_graph: num_iterations = 97715"
[1] "rewire_graph: Mode degree distribution"
[1] "rewire_graph: num_iterations = 97708"
[1] "rewire_graph: Mode degree distribution"
[1] "rewire_graph: num_iterations = 97720"
[1] "rewire_graph: Mode degree distribution"
[1] "rewire_graph: num_iterations = 97717"
[1] "rewire_graph: Mode degree distribution"
[1] "rewire_graph: num_iterations = 97714"
[1] "rewire_graph: Mode degree distribution"
[1] "rewire_graph: num_iterations = 97711"
[1] "rewire_graph: Mode degree distribution"
[1] "rewire_graph: num_iterations = 97710"
[1] "rewire_graph: Mode degree distribution"
[1] "rewire_graph: num_iterations = 97713"
[1] "rewire_graph: Mode degree distribution"
[1] "rewire_graph: num_iterations = 97715"
[1] "rewire_graph: Mode degree distribution"
[1] "rewire_graph: num_iterations = 97712"
[1] "rewire_graph: Mode degree distribution"
[1] "rewired_kinase_network = 2259"
[1] "rewire_graph: num_iterations = 2259"
[1] "rewire_graph: Mode degree distribution"
[1] "rewired_ppi_network = 13301"
[1] "rewire_graph: num_iterations = 13292"
[1] "rewire_graph: Mode degree distribution"
[1] "rewired_kinase_network = 2259"
[1] "rewire_graph: num_iterations = 2259"
[1] "rewire_graph: Mode degree distribution"
[1] "rewired_ppi_network = 13301"
[1] "rewire_graph: num_iterations = 13292"
[1] "rewire_graph: Mode degree distribution"
[1] "rewired_kinase_network = 2259"
[1] "rewire_graph: num_iterations = 2259"
[1] "rewire_graph: Mode degree distribution"
[1] "rewired_ppi_network = 13301"
[1] "rewire_graph: num_iterations = 13292"
[1] "rewire_graph: Mode degree distribution"
[1] "rewired_kinase_network = 2259"
[1] "rewire_graph: num_iterations = 2259"
[1] "rewire_graph: Mode degree distribution"
[1] "rewired_ppi_network = 13301"
[1] "rewire_graph: num_iterations = 13292"
[1] "rewire_graph: Mode degree distribution"
[1] "rewired_tf_network = 6117"
[1] "rewire_graph: num_iterations = 6117"
[1] "rewire_graph: Mode degree distribution"
[1] "rewired_tf_network = 6117"
[1] "rewire_graph: num_iterations = 6117"
[1] "rewire_graph: Mode degree distribution"
[1] "rewired_kinase_network = 2259"
[1] "rewire_graph: num_iterations = 2259"
[1] "rewire_graph: Mode degree distribution"
[1] "rewired_ppi_network = 13301"
[1] "rewire_graph: num_iterations = 13292"
[1] "rewire_graph: Mode degree distribution"
[1] "rewired_kinase_network = 2259"
[1] "rewire_graph: num_iterations = 2259"
[1] "rewire_graph: Mode degree distribution"
[1] "rewired_kinase_network = 2259"
[1] "rewire_graph: num_iterations = 2259"
[1] "rewire_graph: Mode degree distribution"
[1] "rewired_ppi_network = 13301"
[1] "rewire_graph: num_iterations = 13292"
[1] "rewire_graph: Mode degree distribution"
[1] "rewired_ppi_network = 13301"
[1] "rewire_graph: num_iterations = 13292"
[1] "rewire_graph: Mode degree distribution"
Source: local data frame [1 x 1]

  count
  (int)
1 48549
Source: local data frame [1 x 1]

  count
  (int)
1 49196
[1] "rewire_genetic_interactions_network = 97711"
[1] "rewire_graph: num_iterations = 97711"
[1] "rewire_graph: Mode degree distribution"
[1] "rewired_kinase_network = 2259"
[1] "rewire_graph: num_iterations = 2259"
[1] "rewire_graph: Mode degree distribution"
[1] "rewired_ppi_network = 13301"
[1] "rewire_graph: num_iterations = 13292"
[1] "rewire_graph: Mode degree distribution"
Source: local data frame [1 x 1]

  count
  (int)
1 48527
Source: local data frame [1 x 1]

  count
  (int)
1 49218
[1] "rewire_genetic_interactions_network = 97714"
[1] "rewire_graph: num_iterations = 97714"
[1] "rewire_graph: Mode degree distribution"
[1] "rewired_kinase_network = 2259"
[1] "rewire_graph: num_iterations = 2259"
[1] "rewire_graph: Mode degree distribution"
[1] "rewired_kinase_network = 2259"
[1] "rewired_ppi_network = 13301"
[1] "rewire_graph: num_iterations = 2259"
[1] "rewire_graph: Mode degree distribution"
[1] "rewire_graph: num_iterations = 13292"
[1] "rewire_graph: Mode degree distribution"
[1] "rewired_ppi_network = 13301"
[1] "rewire_graph: num_iterations = 13292"
[1] "rewire_graph: Mode degree distribution"
[1] "rewired_tf_network = 6117"
[1] "rewire_graph: num_iterations = 6117"
[1] "rewire_graph: Mode degree distribution"
[1] "rewired_kinase_network = 2259"
[1] "rewire_graph: num_iterations = 2259"
[1] "rewire_graph: Mode degree distribution"
[1] "rewired_ppi_network = 13301"
[1] "rewire_graph: num_iterations = 13292"
[1] "rewire_graph: Mode degree distribution"
[1] "rewired_kinase_network = 2259"
[1] "rewire_graph: num_iterations = 2259"
[1] "rewire_graph: Mode degree distribution"
[1] "rewired_ppi_network = 13301"
[1] "rewire_graph: num_iterations = 13292"
[1] "rewire_graph: Mode degree distribution"
[1] "rewired_kinase_network = 2259"
[1] "rewire_graph: num_iterations = 2259"
[1] "rewire_graph: Mode degree distribution"
[1] "rewired_ppi_network = 13301"
[1] "rewire_graph: num_iterations = 13292"
[1] "rewire_graph: Mode degree distribution"
[1] "rewired_tf_network = 6117"
[1] "rewire_graph: num_iterations = 6117"
[1] "rewire_graph: Mode degree distribution"
Source: local data frame [1 x 1]

  count
  (int)
1 48467
Source: local data frame [1 x 1]

  count
  (int)
1 49278
[1] "rewire_genetic_interactions_network = 97718"
[1] "rewire_graph: num_iterations = 97718"
[1] "rewire_graph: Mode degree distribution"
[1] "rewired_kinase_network = 2259"
[1] "rewire_graph: num_iterations = 2259"
[1] "rewire_graph: Mode degree distribution"
[1] "rewired_ppi_network = 13301"
[1] "rewire_graph: num_iterations = 13292"
[1] "rewire_graph: Mode degree distribution"
[1] "rewired_tf_network = 6117"
[1] "rewire_graph: num_iterations = 6117"
[1] "rewire_graph: Mode degree distribution"
Source: local data frame [1 x 1]

  count
  (int)
1 48425
Source: local data frame [1 x 1]

  count
  (int)
1 49320
[1] "rewire_genetic_interactions_network = 97715"
[1] "rewire_graph: num_iterations = 97715"
[1] "rewire_graph: Mode degree distribution"
[1] "rewired_tf_network = 6117"
[1] "rewire_graph: num_iterations = 6117"
[1] "rewire_graph: Mode degree distribution"
[1] "rewired_kinase_network = 2259"
[1] "rewire_graph: num_iterations = 2259"
[1] "rewire_graph: Mode degree distribution"
[1] "rewired_tf_network = 6117"
[1] "rewire_graph: num_iterations = 6117"
[1] "rewire_graph: Mode degree distribution"
[1] "rewired_ppi_network = 13301"
[1] "rewire_graph: num_iterations = 13292"
[1] "rewire_graph: Mode degree distribution"
[1] "rewired_tf_network = 6117"
[1] "rewire_graph: num_iterations = 6117"
[1] "rewire_graph: Mode degree distribution"
Source: local data frame [1 x 1]

  count
  (int)
1 48572
Source: local data frame [1 x 1]

  count
  (int)
1 49173
[1] "rewire_genetic_interactions_network = 97714"
[1] "rewire_graph: num_iterations = 97714"
[1] "rewire_graph: Mode degree distribution"
Source: local data frame [1 x 1]

  count
  (int)
1 48542
Source: local data frame [1 x 1]

  count
  (int)
1 49203
[1] "rewire_genetic_interactions_network = 97718"
[1] "rewire_graph: num_iterations = 97718"
[1] "rewire_graph: Mode degree distribution"
Source: local data frame [1 x 1]

  count
  (int)
1 48467
Source: local data frame [1 x 1]

  count
  (int)
1 49278
[1] "rewired_tf_network = 6117"
[1] "rewire_graph: num_iterations = 6117"
[1] "rewire_graph: Mode degree distribution"
[1] "rewired_tf_network = 6117"
[1] "rewire_genetic_interactions_network = 97716"
[1] "rewire_graph: num_iterations = 6117"
[1] "rewire_graph: Mode degree distribution"
[1] "rewire_graph: num_iterations = 97716"
[1] "rewire_graph: Mode degree distribution"
[1] "rewired_tf_network = 6117"
[1] "rewire_graph: num_iterations = 6117"
[1] "rewire_graph: Mode degree distribution"
Source: local data frame [1 x 1]

  count
  (int)
1 48430
Source: local data frame [1 x 1]

  count
  (int)
1 49315
[1] "rewire_genetic_interactions_network = 97711"
[1] "rewire_graph: num_iterations = 97711"
[1] "rewire_graph: Mode degree distribution"
[1] "rewired_tf_network = 6117"
[1] "rewire_graph: num_iterations = 6117"
[1] "rewire_graph: Mode degree distribution"
[1] "rewired_tf_network = 6117"
[1] "rewire_graph: num_iterations = 6117"
[1] "rewire_graph: Mode degree distribution"
[1] "rewired_kinase_network = 2259"
[1] "rewire_graph: num_iterations = 2259"
[1] "rewire_graph: Mode degree distribution"
[1] "rewired_ppi_network = 13301"
Source: local data frame [1 x 1]

  count
  (int)
1 48523
Source: local data frame [1 x 1]

  count
  (int)
1 49222
[1] "rewire_graph: num_iterations = 13292"
[1] "rewire_graph: Mode degree distribution"
Source: local data frame [1 x 1]

  count
  (int)
1 48475
Source: local data frame [1 x 1]

  count
  (int)
1 49270
[1] "rewire_genetic_interactions_network = 97713"
[1] "rewire_graph: num_iterations = 97713"
[1] "rewire_graph: Mode degree distribution"
[1] "rewire_genetic_interactions_network = 97711"
[1] "rewire_graph: num_iterations = 97711"
[1] "rewire_graph: Mode degree distribution"
Source: local data frame [1 x 1]

  count
  (int)
1 48333
Source: local data frame [1 x 1]

  count
  (int)
1 49412
[1] "rewire_genetic_interactions_network = 97715"
[1] "rewire_graph: num_iterations = 97715"
[1] "rewire_graph: Mode degree distribution"
[1] "rewired_tf_network = 6117"
[1] "rewire_graph: num_iterations = 6117"
[1] "rewire_graph: Mode degree distribution"
Source: local data frame [1 x 1]

  count
  (int)
1 48334
Source: local data frame [1 x 1]

  count
  (int)
1 49411
[1] "rewire_genetic_interactions_network = 97711"
[1] "rewire_graph: num_iterations = 97711"
[1] "rewire_graph: Mode degree distribution"
Source: local data frame [1 x 1]

  count
  (int)
1 48520
Source: local data frame [1 x 1]

  count
  (int)
1 49225
[1] "rewire_genetic_interactions_network = 97714"
[1] "rewire_graph: num_iterations = 97714"
[1] "rewire_graph: Mode degree distribution"
[1] "rewired_tf_network = 6117"
[1] "rewire_graph: num_iterations = 6117"
[1] "rewire_graph: Mode degree distribution"
Source: local data frame [1 x 1]

  count
  (int)
1 48532
Source: local data frame [1 x 1]

  count
  (int)
1 49213
[1] "rewire_genetic_interactions_network = 97715"
[1] "rewire_graph: num_iterations = 97715"
[1] "rewire_graph: Mode degree distribution"
Source: local data frame [1 x 1]

  count
  (int)
1 48446
Source: local data frame [1 x 1]

  count
  (int)
1 49299
[1] "rewire_genetic_interactions_network = 97723"
[1] "rewire_graph: num_iterations = 97723"
[1] "rewire_graph: Mode degree distribution"
[1] "rewired_tf_network = 6117"
[1] "rewire_graph: num_iterations = 6117"
[1] "rewire_graph: Mode degree distribution"
Source: local data frame [1 x 1]

  count
  (int)
1 48519
Source: local data frame [1 x 1]

  count
  (int)
1 49226
[1] "rewire_genetic_interactions_network = 97719"
[1] "rewire_graph: num_iterations = 97719"
[1] "rewire_graph: Mode degree distribution"
[1] "rewired_kinase_network = 2259"
[1] "rewire_graph: num_iterations = 2259"
[1] "rewire_graph: Mode degree distribution"
[1] "rewired_ppi_network = 13301"
[1] "rewire_graph: num_iterations = 13292"
[1] "rewire_graph: Mode degree distribution"
[1] "rewired_tf_network = 6117"
[1] "rewire_graph: num_iterations = 6117"
[1] "rewire_graph: Mode degree distribution"
Source: local data frame [1 x 1]

  count
  (int)
1 48529
Source: local data frame [1 x 1]

  count
  (int)
1 49216
[1] "rewire_genetic_interactions_network = 97714"
[1] "rewire_graph: num_iterations = 97714"
[1] "rewire_graph: Mode degree distribution"
[1] "rewired_kinase_network = 2259"
[1] "rewire_graph: num_iterations = 2259"
[1] "rewire_graph: Mode degree distribution"
[1] "rewired_ppi_network = 13301"
[1] "rewire_graph: num_iterations = 13292"
[1] "rewire_graph: Mode degree distribution"
[1] "rewired_kinase_network = 2259"
[1] "rewire_graph: num_iterations = 2259"
[1] "rewire_graph: Mode degree distribution"
[1] "rewired_ppi_network = 13301"
[1] "rewire_graph: num_iterations = 13292"
[1] "rewire_graph: Mode degree distribution"
[1] "rewired_tf_network = 6117"
[1] "rewire_graph: num_iterations = 6117"
[1] "rewire_graph: Mode degree distribution"
[1] "rewired_kinase_network = 2259"
[1] "rewire_graph: num_iterations = 2259"
[1] "rewire_graph: Mode degree distribution"
[1] "rewired_ppi_network = 13301"
[1] "rewire_graph: num_iterations = 13292"
[1] "rewire_graph: Mode degree distribution"
[1] "rewired_kinase_network = 2259"
[1] "rewire_graph: num_iterations = 2259"
[1] "rewire_graph: Mode degree distribution"
[1] "rewired_ppi_network = 13301"
[1] "rewire_graph: num_iterations = 13292"
[1] "rewire_graph: Mode degree distribution"
Source: local data frame [1 x 1]

  count
  (int)
1 48358
Source: local data frame [1 x 1]

  count
  (int)
1 49387
[1] "rewired_kinase_network = 2259"
[1] "rewire_graph: num_iterations = 2259"
[1] "rewire_graph: Mode degree distribution"
[1] "rewire_genetic_interactions_network = 97716"
[1] "rewire_graph: num_iterations = 97716"
[1] "rewire_graph: Mode degree distribution"
[1] "rewired_ppi_network = 13301"
[1] "rewire_graph: num_iterations = 13292"
[1] "rewire_graph: Mode degree distribution"
[1] "rewired_tf_network = 6117"
[1] "rewire_graph: num_iterations = 6117"
[1] "rewire_graph: Mode degree distribution"
[1] "rewired_kinase_network = 2259"
[1] "rewire_graph: num_iterations = 2259"
[1] "rewire_graph: Mode degree distribution"
[1] "rewired_ppi_network = 13301"
[1] "rewire_graph: num_iterations = 13292"
[1] "rewire_graph: Mode degree distribution"
Source: local data frame [1 x 1]

  count
  (int)
1 48559
Source: local data frame [1 x 1]

  count
  (int)
1 49186
[1] "rewire_genetic_interactions_network = 97713"
[1] "rewire_graph: num_iterations = 97713"
[1] "rewire_graph: Mode degree distribution"
[1] "rewired_tf_network = 6117"
[1] "rewire_graph: num_iterations = 6117"
[1] "rewire_graph: Mode degree distribution"
[1] "rewired_tf_network = 6117"
[1] "rewire_graph: num_iterations = 6117"
[1] "rewire_graph: Mode degree distribution"
[1] "rewired_kinase_network = 2259"
[1] "rewire_graph: num_iterations = 2259"
[1] "rewire_graph: Mode degree distribution"
[1] "rewired_ppi_network = 13301"
[1] "rewire_graph: num_iterations = 13292"
[1] "rewire_graph: Mode degree distribution"
[1] "rewired_kinase_network = 2259"
[1] "rewire_graph: num_iterations = 2259"
[1] "rewire_graph: Mode degree distribution"
[1] "rewired_ppi_network = 13301"
[1] "rewire_graph: num_iterations = 13292"
[1] "rewire_graph: Mode degree distribution"
[1] "rewired_tf_network = 6117"
[1] "rewire_graph: num_iterations = 6117"
[1] "rewire_graph: Mode degree distribution"
Source: local data frame [1 x 1]

  count
  (int)
1 48560
Source: local data frame [1 x 1]

  count
  (int)
1 49185
[1] "rewire_genetic_interactions_network = 97719"
[1] "rewire_graph: num_iterations = 97719"
[1] "rewire_graph: Mode degree distribution"
[1] "rewired_kinase_network = 2259"
[1] "rewire_graph: num_iterations = 2259"
[1] "rewire_graph: Mode degree distribution"
[1] "rewired_ppi_network = 13301"
[1] "rewire_graph: num_iterations = 13292"
[1] "rewire_graph: Mode degree distribution"
Source: local data frame [1 x 1]

  count
  (int)
1 48447
Source: local data frame [1 x 1]

  count
  (int)
1 49298
[1] "rewire_genetic_interactions_network = 97721"
[1] "rewire_graph: num_iterations = 97721"
[1] "rewire_graph: Mode degree distribution"
Source: local data frame [1 x 1]

  count
  (int)
1 48495
Source: local data frame [1 x 1]

  count
  (int)
1 49250
[1] "rewired_tf_network = 6117"
[1] "rewire_graph: num_iterations = 6117"
[1] "rewire_graph: Mode degree distribution"
[1] "rewire_genetic_interactions_network = 97709"
[1] "rewire_graph: num_iterations = 97709"
[1] "rewire_graph: Mode degree distribution"
[1] "rewired_kinase_network = 2259"
[1] "rewire_graph: num_iterations = 2259"
[1] "rewire_graph: Mode degree distribution"
[1] "rewired_ppi_network = 13301"
[1] "rewire_graph: num_iterations = 13292"
[1] "rewire_graph: Mode degree distribution"
[1] "rewired_kinase_network = 2259"
[1] "rewire_graph: num_iterations = 2259"
[1] "rewire_graph: Mode degree distribution"
Source: local data frame [1 x 1]

  count
  (int)
1 48480
Source: local data frame [1 x 1]

  count
  (int)
1 49265
[1] "rewired_ppi_network = 13301"
[1] "rewire_graph: num_iterations = 13292"
[1] "rewire_graph: Mode degree distribution"
[1] "rewire_genetic_interactions_network = 97715"
[1] "rewire_graph: num_iterations = 97715"
[1] "rewire_graph: Mode degree distribution"
[1] "rewired_tf_network = 6117"
[1] "rewire_graph: num_iterations = 6117"
[1] "rewire_graph: Mode degree distribution"
[1] "rewired_tf_network = 6117"
[1] "rewire_graph: num_iterations = 6117"
[1] "rewire_graph: Mode degree distribution"
[1] "rewired_tf_network = 6117"
[1] "rewire_graph: num_iterations = 6117"
[1] "rewire_graph: Mode degree distribution"
[1] "rewired_kinase_network = 2259"
[1] "rewire_graph: num_iterations = 2259"
[1] "rewire_graph: Mode degree distribution"
[1] "rewired_ppi_network = 13301"
[1] "rewire_graph: num_iterations = 13292"
[1] "rewire_graph: Mode degree distribution"
Source: local data frame [1 x 1]

  count
  (int)
1 48446
Source: local data frame [1 x 1]

  count
  (int)
1 49299
[1] "rewire_genetic_interactions_network = 97717"
[1] "rewire_graph: num_iterations = 97717"
[1] "rewire_graph: Mode degree distribution"
Source: local data frame [1 x 1]

  count
  (int)
1 48360
Source: local data frame [1 x 1]

  count
  (int)
1 49385
[1] "rewire_genetic_interactions_network = 97713"
[1] "rewire_graph: num_iterations = 97713"
[1] "rewire_graph: Mode degree distribution"
Source: local data frame [1 x 1]

  count
  (int)
1 48418
Source: local data frame [1 x 1]

  count
  (int)
1 49327
[1] "rewired_tf_network = 6117"
[1] "rewire_graph: num_iterations = 6117"
[1] "rewire_graph: Mode degree distribution"
[1] "rewire_genetic_interactions_network = 97715"
[1] "rewire_graph: num_iterations = 97715"
[1] "rewire_graph: Mode degree distribution"
[1] "rewired_tf_network = 6117"
[1] "rewire_graph: num_iterations = 6117"
[1] "rewire_graph: Mode degree distribution"
Source: local data frame [1 x 1]

  count
  (int)
1 48469
Source: local data frame [1 x 1]

  count
  (int)
1 49276
[1] "rewire_genetic_interactions_network = 97716"
[1] "rewire_graph: num_iterations = 97716"
[1] "rewire_graph: Mode degree distribution"
[1] "rewired_tf_network = 6117"
[1] "rewire_graph: num_iterations = 6117"
[1] "rewire_graph: Mode degree distribution"
Source: local data frame [1 x 1]

  count
  (int)
1 48529
Source: local data frame [1 x 1]

  count
  (int)
1 49216
[1] "rewire_genetic_interactions_network = 97716"
[1] "rewire_graph: num_iterations = 97716"
[1] "rewire_graph: Mode degree distribution"
Source: local data frame [1 x 1]

  count
  (int)
1 48499
Source: local data frame [1 x 1]

  count
  (int)
1 49246
[1] "rewire_genetic_interactions_network = 97722"
[1] "rewire_graph: num_iterations = 97722"
[1] "rewire_graph: Mode degree distribution"
[1] "rewired_kinase_network = 2259"
[1] "rewire_graph: num_iterations = 2259"
[1] "rewire_graph: Mode degree distribution"
[1] "rewired_ppi_network = 13301"
[1] "rewire_graph: num_iterations = 13292"
[1] "rewire_graph: Mode degree distribution"
[1] "rewired_tf_network = 6117"
[1] "rewire_graph: num_iterations = 6117"
[1] "rewire_graph: Mode degree distribution"
Source: local data frame [1 x 1]

  count
  (int)
1 48414
Source: local data frame [1 x 1]

  count
  (int)
1 49331
[1] "rewire_genetic_interactions_network = 97716"
[1] "rewire_graph: num_iterations = 97716"
[1] "rewire_graph: Mode degree distribution"
[1] "rewired_kinase_network = 2259"
[1] "rewire_graph: num_iterations = 2259"
[1] "rewire_graph: Mode degree distribution"
[1] "rewired_ppi_network = 13301"
[1] "rewire_graph: num_iterations = 13292"
[1] "rewire_graph: Mode degree distribution"
[1] "rewired_tf_network = 6117"
[1] "rewire_graph: num_iterations = 6117"
[1] "rewire_graph: Mode degree distribution"
[1] "rewired_kinase_network = 2259"
[1] "rewire_graph: num_iterations = 2259"
[1] "rewire_graph: Mode degree distribution"
[1] "rewired_ppi_network = 13301"
[1] "rewire_graph: num_iterations = 13292"
[1] "rewire_graph: Mode degree distribution"
Source: local data frame [1 x 1]

  count
  (int)
1 48515
Source: local data frame [1 x 1]

  count
  (int)
1 49230
[1] "rewire_genetic_interactions_network = 97718"
[1] "rewire_graph: num_iterations = 97718"
[1] "rewire_graph: Mode degree distribution"
[1] "rewired_tf_network = 6117"
[1] "rewire_graph: num_iterations = 6117"
[1] "rewire_graph: Mode degree distribution"
Source: local data frame [1 x 1]

  count
  (int)
1 48606
Source: local data frame [1 x 1]

  count
  (int)
1 49139
[1] "rewire_genetic_interactions_network = 97715"
[1] "rewire_graph: num_iterations = 97715"
[1] "rewire_graph: Mode degree distribution"
[1] "rewired_kinase_network = 2259"
[1] "rewire_graph: num_iterations = 2259"
[1] "rewire_graph: Mode degree distribution"
[1] "rewired_ppi_network = 13301"
[1] "rewire_graph: num_iterations = 13292"
[1] "rewire_graph: Mode degree distribution"
[1] "rewired_tf_network = 6117"
[1] "rewire_graph: num_iterations = 6117"
[1] "rewire_graph: Mode degree distribution"
Source: local data frame [1 x 1]

  count
  (int)
1 48611
Source: local data frame [1 x 1]

  count
  (int)
1 49134
[1] "rewire_genetic_interactions_network = 97708"
[1] "rewire_graph: num_iterations = 97708"
[1] "rewire_graph: Mode degree distribution"
[1] "rewired_kinase_network = 2259"
[1] "rewire_graph: num_iterations = 2259"
[1] "rewire_graph: Mode degree distribution"
[1] "rewired_ppi_network = 13301"
[1] "rewire_graph: num_iterations = 13292"
[1] "rewire_graph: Mode degree distribution"
[1] "rewired_tf_network = 6117"
[1] "rewire_graph: num_iterations = 6117"
[1] "rewire_graph: Mode degree distribution"
[1] "rewired_kinase_network = 2259"
[1] "rewire_graph: num_iterations = 2259"
[1] "rewire_graph: Mode degree distribution"
[1] "rewired_ppi_network = 13301"
[1] "rewire_graph: num_iterations = 13292"
[1] "rewire_graph: Mode degree distribution"
[1] "rewired_kinase_network = 2259"
[1] "rewire_graph: num_iterations = 2259"
[1] "rewire_graph: Mode degree distribution"
[1] "rewired_ppi_network = 13301"
[1] "rewire_graph: num_iterations = 13292"
[1] "rewire_graph: Mode degree distribution"
Source: local data frame [1 x 1]

  count
  (int)
1 48429
Source: local data frame [1 x 1]

  count
  (int)
1 49316
[1] "rewire_genetic_interactions_network = 97717"
[1] "rewire_graph: num_iterations = 97717"
[1] "rewire_graph: Mode degree distribution"
[1] "rewired_kinase_network = 2259"
[1] "rewire_graph: num_iterations = 2259"
[1] "rewire_graph: Mode degree distribution"
[1] "rewired_ppi_network = 13301"
[1] "rewire_graph: num_iterations = 13292"
[1] "rewire_graph: Mode degree distribution"
[1] "rewired_tf_network = 6117"
[1] "rewire_graph: num_iterations = 6117"
[1] "rewire_graph: Mode degree distribution"
[1] "rewired_tf_network = 6117"
[1] "rewire_graph: num_iterations = 6117"
[1] "rewire_graph: Mode degree distribution"
Source: local data frame [1 x 1]

  count
  (int)
1 48655
Source: local data frame [1 x 1]

  count
  (int)
1 49090
[1] "rewire_genetic_interactions_network = 97718"
[1] "rewired_tf_network = 6117"
[1] "rewire_graph: num_iterations = 6117"
[1] "rewire_graph: Mode degree distribution"
[1] "rewire_graph: num_iterations = 97718"
[1] "rewire_graph: Mode degree distribution"
Source: local data frame [1 x 1]

  count
  (int)
1 48492
Source: local data frame [1 x 1]

  count
  (int)
1 49253
[1] "rewire_genetic_interactions_network = 97713"
[1] "rewire_graph: num_iterations = 97713"
[1] "rewire_graph: Mode degree distribution"
[1] "rewired_kinase_network = 2259"
[1] "rewire_graph: num_iterations = 2259"
[1] "rewire_graph: Mode degree distribution"
[1] "rewired_ppi_network = 13301"
[1] "rewire_graph: num_iterations = 13292"
[1] "rewire_graph: Mode degree distribution"
Source: local data frame [1 x 1]

  count
  (int)
1 48464
Source: local data frame [1 x 1]

  count
  (int)
1 49281
[1] "rewire_genetic_interactions_network = 97715"
[1] "rewire_graph: num_iterations = 97715"
[1] "rewire_graph: Mode degree distribution"
[1] "rewired_kinase_network = 2259"
[1] "rewire_graph: num_iterations = 2259"
[1] "rewire_graph: Mode degree distribution"
[1] "rewired_ppi_network = 13301"
[1] "rewire_graph: num_iterations = 13292"
[1] "rewire_graph: Mode degree distribution"
[1] "rewired_kinase_network = 2259"
[1] "rewire_graph: num_iterations = 2259"
[1] "rewire_graph: Mode degree distribution"
[1] "rewired_ppi_network = 13301"
[1] "rewire_graph: num_iterations = 13292"
[1] "rewire_graph: Mode degree distribution"
[1] "rewired_kinase_network = 2259"
[1] "rewire_graph: num_iterations = 2259"
[1] "rewire_graph: Mode degree distribution"
[1] "rewired_ppi_network = 13301"
[1] "rewire_graph: num_iterations = 13292"
[1] "rewire_graph: Mode degree distribution"
[1] "rewired_tf_network = 6117"
[1] "rewire_graph: num_iterations = 6117"
[1] "rewire_graph: Mode degree distribution"
[1] "rewired_tf_network = 6117"
[1] "rewire_graph: num_iterations = 6117"
[1] "rewire_graph: Mode degree distribution"
[1] "rewired_tf_network = 6117"
[1] "rewire_graph: num_iterations = 6117"
[1] "rewire_graph: Mode degree distribution"
Source: local data frame [1 x 1]

  count
  (int)
1 48651
Source: local data frame [1 x 1]

  count
  (int)
1 49094
[1] "rewire_genetic_interactions_network = 97722"
[1] "rewire_graph: num_iterations = 97722"
[1] "rewire_graph: Mode degree distribution"
Source: local data frame [1 x 1]

  count
  (int)
1 48422
Source: local data frame [1 x 1]

  count
  (int)
1 49323
[1] "rewire_genetic_interactions_network = 97713"
[1] "rewire_graph: num_iterations = 97713"
[1] "rewire_graph: Mode degree distribution"
Source: local data frame [1 x 1]

  count
  (int)
1 48375
Source: local data frame [1 x 1]

  count
  (int)
1 49370
[1] "rewire_genetic_interactions_network = 97711"
[1] "rewire_graph: num_iterations = 97711"
[1] "rewire_graph: Mode degree distribution"
[1] "rewired_tf_network = 6117"
[1] "rewire_graph: num_iterations = 6117"
[1] "rewire_graph: Mode degree distribution"
[1] "rewired_kinase_network = 2259"
[1] "rewire_graph: num_iterations = 2259"
[1] "rewire_graph: Mode degree distribution"
[1] "rewired_ppi_network = 13301"
[1] "rewire_graph: num_iterations = 13292"
[1] "rewire_graph: Mode degree distribution"
[1] "rewired_kinase_network = 2259"
[1] "rewire_graph: num_iterations = 2259"
[1] "rewire_graph: Mode degree distribution"
[1] "rewired_ppi_network = 13301"
[1] "rewire_graph: num_iterations = 13292"
[1] "rewire_graph: Mode degree distribution"
Source: local data frame [1 x 1]

  count
  (int)
1 48405
Source: local data frame [1 x 1]

  count
  (int)
1 49340
[1] "rewire_genetic_interactions_network = 97707"
[1] "rewire_graph: num_iterations = 97707"
[1] "rewire_graph: Mode degree distribution"
[1] "rewired_tf_network = 6117"
[1] "rewire_graph: num_iterations = 6117"
[1] "rewire_graph: Mode degree distribution"
[1] "rewired_tf_network = 6117"
[1] "rewire_graph: num_iterations = 6117"
[1] "rewire_graph: Mode degree distribution"
[1] "rewired_kinase_network = 2259"
[1] "rewire_graph: num_iterations = 2259"
[1] "rewire_graph: Mode degree distribution"
[1] "rewired_ppi_network = 13301"
[1] "rewire_graph: num_iterations = 13292"
[1] "rewire_graph: Mode degree distribution"
Source: local data frame [1 x 1]

  count
  (int)
1 48374
Source: local data frame [1 x 1]

  count
  (int)
1 49371
[1] "rewire_genetic_interactions_network = 97714"
[1] "rewire_graph: num_iterations = 97714"
[1] "rewire_graph: Mode degree distribution"
Source: local data frame [1 x 1]

  count
  (int)
1 48468
Source: local data frame [1 x 1]

  count
  (int)
1 49277
[1] "rewire_genetic_interactions_network = 97711"
[1] "rewire_graph: num_iterations = 97711"
[1] "rewire_graph: Mode degree distribution"
[1] "rewired_tf_network = 6117"
[1] "rewire_graph: num_iterations = 6117"
[1] "rewire_graph: Mode degree distribution"
Source: local data frame [1 x 1]

  count
  (int)
1 48464
Source: local data frame [1 x 1]

  count
  (int)
1 49281
[1] "rewire_genetic_interactions_network = 97712"
[1] "rewire_graph: num_iterations = 97712"
[1] "rewire_graph: Mode degree distribution"
[1] "rewired_kinase_network = 2259"
[1] "rewire_graph: num_iterations = 2259"
[1] "rewire_graph: Mode degree distribution"
[1] "rewired_ppi_network = 13301"
[1] "rewire_graph: num_iterations = 13292"
[1] "rewire_graph: Mode degree distribution"
[1] "rewired_kinase_network = 2259"
[1] "rewire_graph: num_iterations = 2259"
[1] "rewire_graph: Mode degree distribution"
[1] "rewired_ppi_network = 13301"
[1] "rewire_graph: num_iterations = 13292"
[1] "rewire_graph: Mode degree distribution"
[1] "rewired_tf_network = 6117"
[1] "rewire_graph: num_iterations = 6117"
[1] "rewire_graph: Mode degree distribution"
Source: local data frame [1 x 1]

  count
  (int)
1 48574
Source: local data frame [1 x 1]

  count
  (int)
1 49171
[1] "rewire_genetic_interactions_network = 97718"
[1] "rewire_graph: num_iterations = 97718"
[1] "rewire_graph: Mode degree distribution"
[1] "rewired_kinase_network = 2259"
[1] "rewire_graph: num_iterations = 2259"
[1] "rewire_graph: Mode degree distribution"
[1] "rewired_ppi_network = 13301"
[1] "rewire_graph: num_iterations = 13292"
[1] "rewire_graph: Mode degree distribution"
[1] "rewired_tf_network = 6117"
[1] "rewire_graph: num_iterations = 6117"
[1] "rewire_graph: Mode degree distribution"
Source: local data frame [1 x 1]

  count
  (int)
1 48505
Source: local data frame [1 x 1]

  count
  (int)
1 49240
[1] "rewire_genetic_interactions_network = 97719"
[1] "rewire_graph: num_iterations = 97719"
[1] "rewire_graph: Mode degree distribution"
[1] "rewired_tf_network = 6117"
[1] "rewire_graph: num_iterations = 6117"
[1] "rewire_graph: Mode degree distribution"
Source: local data frame [1 x 1]

  count
  (int)
1 48495
Source: local data frame [1 x 1]

  count
  (int)
1 49250
[1] "rewire_genetic_interactions_network = 97716"
[1] "rewire_graph: num_iterations = 97716"
[1] "rewire_graph: Mode degree distribution"
[1] "rewired_kinase_network = 2259"
[1] "rewire_graph: num_iterations = 2259"
[1] "rewire_graph: Mode degree distribution"
[1] "rewired_ppi_network = 13301"
[1] "rewire_graph: num_iterations = 13292"
[1] "rewire_graph: Mode degree distribution"
[1] "rewired_tf_network = 6117"
[1] "rewire_graph: num_iterations = 6117"
[1] "rewire_graph: Mode degree distribution"
Source: local data frame [1 x 1]

  count
  (int)
1 48478
Source: local data frame [1 x 1]

  count
  (int)
1 49267
[1] "rewire_genetic_interactions_network = 97717"
[1] "rewire_graph: num_iterations = 97717"
[1] "rewire_graph: Mode degree distribution"
[1] "rewired_kinase_network = 2259"
[1] "rewire_graph: num_iterations = 2259"
[1] "rewire_graph: Mode degree distribution"
[1] "rewired_ppi_network = 13301"
[1] "rewire_graph: num_iterations = 13292"
[1] "rewire_graph: Mode degree distribution"
[1] "rewired_tf_network = 6117"
[1] "rewire_graph: num_iterations = 6117"
[1] "rewire_graph: Mode degree distribution"
Source: local data frame [1 x 1]

  count
  (int)
1 48462
Source: local data frame [1 x 1]

  count
  (int)
1 49283
[1] "rewire_genetic_interactions_network = 97713"
[1] "rewire_graph: num_iterations = 97713"
[1] "rewire_graph: Mode degree distribution"
[1] "rewired_kinase_network = 2259"
[1] "rewire_graph: num_iterations = 2259"
[1] "rewire_graph: Mode degree distribution"
[1] "rewired_ppi_network = 13301"
[1] "rewire_graph: num_iterations = 13292"
[1] "rewire_graph: Mode degree distribution"
[1] "rewired_kinase_network = 2259"
[1] "rewire_graph: num_iterations = 2259"
[1] "rewire_graph: Mode degree distribution"
[1] "rewired_ppi_network = 13301"
[1] "rewire_graph: num_iterations = 13292"
[1] "rewire_graph: Mode degree distribution"
[1] "rewired_tf_network = 6117"
[1] "rewire_graph: num_iterations = 6117"
[1] "rewire_graph: Mode degree distribution"
[1] "rewired_tf_network = 6117"
[1] "rewire_graph: num_iterations = 6117"
[1] "rewire_graph: Mode degree distribution"
Source: local data frame [1 x 1]

  count
  (int)
1 48535
Source: local data frame [1 x 1]

  count
  (int)
1 49210
[1] "rewire_genetic_interactions_network = 97713"
[1] "rewire_graph: num_iterations = 97713"
[1] "rewire_graph: Mode degree distribution"
Source: local data frame [1 x 1]

  count
  (int)
1 48499
Source: local data frame [1 x 1]

  count
  (int)
1 49246
[1] "rewire_genetic_interactions_network = 97716"
[1] "rewire_graph: num_iterations = 97716"
[1] "rewire_graph: Mode degree distribution"
[1] "rewired_kinase_network = 2259"
[1] "rewire_graph: num_iterations = 2259"
[1] "rewire_graph: Mode degree distribution"
[1] "rewired_ppi_network = 13301"
[1] "rewire_graph: num_iterations = 13292"
[1] "rewire_graph: Mode degree distribution"
[1] "rewired_kinase_network = 2259"
[1] "rewire_graph: num_iterations = 2259"
[1] "rewire_graph: Mode degree distribution"
[1] "rewired_ppi_network = 13301"
[1] "rewire_graph: num_iterations = 13292"
[1] "rewire_graph: Mode degree distribution"
[1] "rewired_tf_network = 6117"
[1] "rewire_graph: num_iterations = 6117"
[1] "rewire_graph: Mode degree distribution"
[1] "rewired_tf_network = 6117"
[1] "rewire_graph: num_iterations = 6117"
[1] "rewire_graph: Mode degree distribution"
Source: local data frame [1 x 1]

  count
  (int)
1 48480
Source: local data frame [1 x 1]

  count
  (int)
1 49265
[1] "rewire_genetic_interactions_network = 97712"
[1] "rewire_graph: num_iterations = 97712"
[1] "rewire_graph: Mode degree distribution"
[1] "rewired_kinase_network = 2259"
[1] "rewire_graph: num_iterations = 2259"
[1] "rewire_graph: Mode degree distribution"
[1] "rewired_ppi_network = 13301"
[1] "rewire_graph: num_iterations = 13292"
[1] "rewire_graph: Mode degree distribution"
Source: local data frame [1 x 1]

  count
  (int)
1 48513
Source: local data frame [1 x 1]

  count
  (int)
1 49232
[1] "rewire_genetic_interactions_network = 97716"
[1] "rewire_graph: num_iterations = 97716"
[1] "rewire_graph: Mode degree distribution"
[1] "rewired_kinase_network = 2259"
[1] "rewire_graph: num_iterations = 2259"
[1] "rewire_graph: Mode degree distribution"
[1] "rewired_ppi_network = 13301"
[1] "rewire_graph: num_iterations = 13292"
[1] "rewire_graph: Mode degree distribution"
[1] "rewired_kinase_network = 2259"
[1] "rewire_graph: num_iterations = 2259"
[1] "rewire_graph: Mode degree distribution"
[1] "rewired_ppi_network = 13301"
[1] "rewire_graph: num_iterations = 13292"
[1] "rewire_graph: Mode degree distribution"
[1] "rewired_tf_network = 6117"
[1] "rewire_graph: num_iterations = 6117"
[1] "rewire_graph: Mode degree distribution"
Source: local data frame [1 x 1]

  count
  (int)
1 48235
Source: local data frame [1 x 1]

  count
  (int)
1 49510
[1] "rewire_genetic_interactions_network = 97721"
[1] "rewire_graph: num_iterations = 97721"
[1] "rewire_graph: Mode degree distribution"
[1] "rewired_tf_network = 6117"
[1] "rewire_graph: num_iterations = 6117"
[1] "rewire_graph: Mode degree distribution"
[1] "rewired_tf_network = 6117"
[1] "rewire_graph: num_iterations = 6117"
[1] "rewire_graph: Mode degree distribution"
Source: local data frame [1 x 1]

  count
  (int)
1 48394
Source: local data frame [1 x 1]

  count
  (int)
1 49351
[1] "rewire_genetic_interactions_network = 97707"
[1] "rewire_graph: num_iterations = 97707"
[1] "rewire_graph: Mode degree distribution"
[1] "rewired_kinase_network = 2259"
[1] "rewire_graph: num_iterations = 2259"
[1] "rewire_graph: Mode degree distribution"
[1] "rewired_ppi_network = 13301"
[1] "rewire_graph: num_iterations = 13292"
[1] "rewire_graph: Mode degree distribution"
Source: local data frame [1 x 1]

  count
  (int)
1 48407
Source: local data frame [1 x 1]

  count
  (int)
1 49338
[1] "rewire_genetic_interactions_network = 97707"
[1] "rewire_graph: num_iterations = 97707"
[1] "rewire_graph: Mode degree distribution"
[1] "rewired_tf_network = 6117"
[1] "rewire_graph: num_iterations = 6117"
[1] "rewire_graph: Mode degree distribution"
Source: local data frame [1 x 1]

  count
  (int)
1 48316
Source: local data frame [1 x 1]

  count
  (int)
1 49429
[1] "rewire_genetic_interactions_network = 97722"
[1] "rewire_graph: num_iterations = 97722"
[1] "rewire_graph: Mode degree distribution"
[1] "rewired_kinase_network = 2259"
[1] "rewire_graph: num_iterations = 2259"
[1] "rewire_graph: Mode degree distribution"
[1] "rewired_ppi_network = 13301"
[1] "rewire_graph: num_iterations = 13292"
[1] "rewire_graph: Mode degree distribution"
[1] "rewired_tf_network = 6117"
[1] "rewire_graph: num_iterations = 6117"
[1] "rewire_graph: Mode degree distribution"
Source: local data frame [1 x 1]

  count
  (int)
1 48526
Source: local data frame [1 x 1]

  count
  (int)
1 49219
[1] "rewire_genetic_interactions_network = 97713"
[1] "rewire_graph: num_iterations = 97713"
[1] "rewire_graph: Mode degree distribution"
[1] "rewired_kinase_network = 2259"
[1] "rewire_graph: num_iterations = 2259"
[1] "rewire_graph: Mode degree distribution"
[1] "rewired_ppi_network = 13301"
[1] "rewire_graph: num_iterations = 13292"
[1] "rewire_graph: Mode degree distribution"
[1] "rewired_kinase_network = 2259"
[1] "rewire_graph: num_iterations = 2259"
[1] "rewire_graph: Mode degree distribution"
[1] "rewired_ppi_network = 13301"
[1] "rewire_graph: num_iterations = 13292"
[1] "rewire_graph: Mode degree distribution"
[1] "rewired_tf_network = 6117"
[1] "rewire_graph: num_iterations = 6117"
[1] "rewire_graph: Mode degree distribution"
[1] "rewired_kinase_network = 2259"
[1] "rewire_graph: num_iterations = 2259"
[1] "rewire_graph: Mode degree distribution"
[1] "rewired_ppi_network = 13301"
[1] "rewire_graph: num_iterations = 13292"
[1] "rewire_graph: Mode degree distribution"
Source: local data frame [1 x 1]

  count
  (int)
1 48548
Source: local data frame [1 x 1]

  count
  (int)
1 49197
[1] "rewire_genetic_interactions_network = 97711"
[1] "rewire_graph: num_iterations = 97711"
[1] "rewire_graph: Mode degree distribution"
[1] "rewired_kinase_network = 2259"
[1] "rewire_graph: num_iterations = 2259"
[1] "rewire_graph: Mode degree distribution"
[1] "rewired_ppi_network = 13301"
[1] "rewire_graph: num_iterations = 13292"
[1] "rewire_graph: Mode degree distribution"
[1] "rewired_tf_network = 6117"
[1] "rewire_graph: num_iterations = 6117"
[1] "rewire_graph: Mode degree distribution"
[1] "rewired_tf_network = 6117"
[1] "rewire_graph: num_iterations = 6117"
[1] "rewire_graph: Mode degree distribution"
Source: local data frame [1 x 1]

  count
  (int)
1 48402
Source: local data frame [1 x 1]

  count
  (int)
1 49343
[1] "rewire_genetic_interactions_network = 97708"
[1] "rewire_graph: num_iterations = 97708"
[1] "rewire_graph: Mode degree distribution"
Source: local data frame [1 x 1]

  count
  (int)
1 48416
Source: local data frame [1 x 1]

  count
  (int)
1 49329
[1] "rewire_genetic_interactions_network = 97709"
[1] "rewire_graph: num_iterations = 97709"
[1] "rewire_graph: Mode degree distribution"
[1] "rewired_tf_network = 6117"
[1] "rewire_graph: num_iterations = 6117"
[1] "rewire_graph: Mode degree distribution"
[1] "rewired_kinase_network = 2259"
[1] "rewire_graph: num_iterations = 2259"
[1] "rewire_graph: Mode degree distribution"
[1] "rewired_ppi_network = 13301"
[1] "rewire_graph: num_iterations = 13292"
[1] "rewire_graph: Mode degree distribution"
Source: local data frame [1 x 1]

  count
  (int)
1 48503
Source: local data frame [1 x 1]

  count
  (int)
1 49242
[1] "rewire_genetic_interactions_network = 97721"
[1] "rewire_graph: num_iterations = 97721"
[1] "rewire_graph: Mode degree distribution"
[1] "rewired_tf_network = 6117"
[1] "rewire_graph: num_iterations = 6117"
[1] "rewire_graph: Mode degree distribution"
Source: local data frame [1 x 1]

  count
  (int)
1 48363
Source: local data frame [1 x 1]

  count
  (int)
1 49382
[1] "rewire_genetic_interactions_network = 97718"
[1] "rewire_graph: num_iterations = 97718"
[1] "rewire_graph: Mode degree distribution"
[1] "rewired_kinase_network = 2259"
[1] "rewire_graph: num_iterations = 2259"
[1] "rewire_graph: Mode degree distribution"
[1] "rewired_ppi_network = 13301"
[1] "rewire_graph: num_iterations = 13292"
[1] "rewire_graph: Mode degree distribution"
[1] "rewired_tf_network = 6117"
[1] "rewire_graph: num_iterations = 6117"
[1] "rewire_graph: Mode degree distribution"
Source: local data frame [1 x 1]

  count
  (int)
1 48418
Source: local data frame [1 x 1]

  count
  (int)
1 49327
[1] "rewire_genetic_interactions_network = 97715"
[1] "rewire_graph: num_iterations = 97715"
[1] "rewire_graph: Mode degree distribution"
[1] "rewired_kinase_network = 2259"
[1] "rewire_graph: num_iterations = 2259"
[1] "rewire_graph: Mode degree distribution"
[1] "rewired_ppi_network = 13301"
[1] "rewire_graph: num_iterations = 13292"
[1] "rewire_graph: Mode degree distribution"
[1] "rewired_tf_network = 6117"
[1] "rewire_graph: num_iterations = 6117"
[1] "rewire_graph: Mode degree distribution"
Source: local data frame [1 x 1]

  count
  (int)
1 48319
Source: local data frame [1 x 1]

  count
  (int)
1 49426
[1] "rewire_genetic_interactions_network = 97709"
[1] "rewire_graph: num_iterations = 97709"
[1] "rewire_graph: Mode degree distribution"
[1] "rewired_kinase_network = 2259"
[1] "rewire_graph: num_iterations = 2259"
[1] "rewire_graph: Mode degree distribution"
[1] "rewired_ppi_network = 13301"
[1] "rewire_graph: num_iterations = 13292"
[1] "rewire_graph: Mode degree distribution"
[1] "rewired_tf_network = 6117"
[1] "rewire_graph: num_iterations = 6117"
[1] "rewire_graph: Mode degree distribution"
Source: local data frame [1 x 1]

  count
  (int)
1 48533
Source: local data frame [1 x 1]

  count
  (int)
1 49212
[1] "rewire_genetic_interactions_network = 97710"
[1] "rewire_graph: num_iterations = 97710"
[1] "rewire_graph: Mode degree distribution"
[1] "rewired_kinase_network = 2259"
[1] "rewire_graph: num_iterations = 2259"
[1] "rewire_graph: Mode degree distribution"
[1] "rewired_ppi_network = 13301"
[1] "rewire_graph: num_iterations = 13292"
[1] "rewire_graph: Mode degree distribution"
[1] "rewired_kinase_network = 2259"
[1] "rewire_graph: num_iterations = 2259"
[1] "rewire_graph: Mode degree distribution"
[1] "rewired_ppi_network = 13301"
[1] "rewire_graph: num_iterations = 13292"
[1] "rewire_graph: Mode degree distribution"
[1] "rewired_kinase_network = 2259"
[1] "rewire_graph: num_iterations = 2259"
[1] "rewire_graph: Mode degree distribution"
[1] "rewired_ppi_network = 13301"
[1] "rewire_graph: num_iterations = 13292"
[1] "rewire_graph: Mode degree distribution"
[1] "rewired_tf_network = 6117"
[1] "rewire_graph: num_iterations = 6117"
[1] "rewire_graph: Mode degree distribution"
[1] "rewired_kinase_network = 2259"
[1] "rewire_graph: num_iterations = 2259"
[1] "rewire_graph: Mode degree distribution"
[1] "rewired_ppi_network = 13301"
[1] "rewire_graph: num_iterations = 13292"
[1] "rewire_graph: Mode degree distribution"
[1] "rewired_tf_network = 6117"
[1] "rewire_graph: num_iterations = 6117"
[1] "rewire_graph: Mode degree distribution"
Source: local data frame [1 x 1]

  count
  (int)
1 48475
Source: local data frame [1 x 1]

  count
  (int)
1 49270
[1] "rewire_genetic_interactions_network = 97712"
[1] "rewire_graph: num_iterations = 97712"
[1] "rewire_graph: Mode degree distribution"
Source: local data frame [1 x 1]

  count
  (int)
1 48423
Source: local data frame [1 x 1]

  count
  (int)
1 49322
[1] "rewire_genetic_interactions_network = 97720"
[1] "rewire_graph: num_iterations = 97720"
[1] "rewire_graph: Mode degree distribution"
[1] "rewired_tf_network = 6117"
[1] "rewire_graph: num_iterations = 6117"
[1] "rewire_graph: Mode degree distribution"
Source: local data frame [1 x 1]

  count
  (int)
1 48407
Source: local data frame [1 x 1]

  count
  (int)
1 49338
[1] "rewire_genetic_interactions_network = 97712"
[1] "rewire_graph: num_iterations = 97712"
[1] "rewire_graph: Mode degree distribution"
[1] "rewired_tf_network = 6117"
[1] "rewire_graph: num_iterations = 6117"
[1] "rewire_graph: Mode degree distribution"
Source: local data frame [1 x 1]

  count
  (int)
1 48413
Source: local data frame [1 x 1]

  count
  (int)
1 49332
[1] "rewire_genetic_interactions_network = 97709"
[1] "rewire_graph: num_iterations = 97709"
[1] "rewire_graph: Mode degree distribution"
[1] "rewired_kinase_network = 2259"
[1] "rewire_graph: num_iterations = 2259"
[1] "rewire_graph: Mode degree distribution"
[1] "rewired_ppi_network = 13301"
[1] "rewire_graph: num_iterations = 13292"
[1] "rewire_graph: Mode degree distribution"
[1] "rewired_tf_network = 6117"
[1] "rewire_graph: num_iterations = 6117"
[1] "rewire_graph: Mode degree distribution"
Source: local data frame [1 x 1]

  count
  (int)
1 48453
Source: local data frame [1 x 1]

  count
  (int)
1 49292
[1] "rewire_genetic_interactions_network = 97718"
[1] "rewire_graph: num_iterations = 97718"
[1] "rewire_graph: Mode degree distribution"
[1] "rewired_kinase_network = 2259"
[1] "rewire_graph: num_iterations = 2259"
[1] "rewire_graph: Mode degree distribution"
[1] "rewired_ppi_network = 13301"
[1] "rewire_graph: num_iterations = 13292"
[1] "rewire_graph: Mode degree distribution"
[1] "rewired_kinase_network = 2259"
[1] "rewire_graph: num_iterations = 2259"
[1] "rewire_graph: Mode degree distribution"
[1] "rewired_ppi_network = 13301"
[1] "rewire_graph: num_iterations = 13292"
[1] "rewire_graph: Mode degree distribution"
[1] "rewired_tf_network = 6117"
[1] "rewire_graph: num_iterations = 6117"
[1] "rewire_graph: Mode degree distribution"
Source: local data frame [1 x 1]

  count
  (int)
1 48307
Source: local data frame [1 x 1]

  count
  (int)
1 49438
[1] "rewire_genetic_interactions_network = 97716"
[1] "rewire_graph: num_iterations = 97716"
[1] "rewire_graph: Mode degree distribution"
[1] "rewired_tf_network = 6117"
[1] "rewire_graph: num_iterations = 6117"
[1] "rewire_graph: Mode degree distribution"
Source: local data frame [1 x 1]

  count
  (int)
1 48365
Source: local data frame [1 x 1]

  count
  (int)
1 49380
[1] "rewire_genetic_interactions_network = 97718"
[1] "rewire_graph: num_iterations = 97718"
[1] "rewire_graph: Mode degree distribution"
[1] "rewired_kinase_network = 2259"
[1] "rewire_graph: num_iterations = 2259"
[1] "rewire_graph: Mode degree distribution"
[1] "rewired_ppi_network = 13301"
[1] "rewire_graph: num_iterations = 13292"
[1] "rewire_graph: Mode degree distribution"
[1] "rewired_kinase_network = 2259"
[1] "rewire_graph: num_iterations = 2259"
[1] "rewire_graph: Mode degree distribution"
[1] "rewired_ppi_network = 13301"
[1] "rewire_graph: num_iterations = 13292"
[1] "rewire_graph: Mode degree distribution"
[1] "rewired_tf_network = 6117"
[1] "rewire_graph: num_iterations = 6117"
[1] "rewire_graph: Mode degree distribution"
[1] "rewired_kinase_network = 2259"
[1] "rewire_graph: num_iterations = 2259"
[1] "rewire_graph: Mode degree distribution"
[1] "rewired_ppi_network = 13301"
[1] "rewire_graph: num_iterations = 13292"
[1] "rewire_graph: Mode degree distribution"
Source: local data frame [1 x 1]

  count
  (int)
1 48432
Source: local data frame [1 x 1]

  count
  (int)
1 49313
[1] "rewire_genetic_interactions_network = 97710"
[1] "rewire_graph: num_iterations = 97710"
[1] "rewire_graph: Mode degree distribution"
[1] "rewired_tf_network = 6117"
[1] "rewire_graph: num_iterations = 6117"
[1] "rewire_graph: Mode degree distribution"
Source: local data frame [1 x 1]

  count
  (int)
1 48495
Source: local data frame [1 x 1]

  count
  (int)
1 49250
[1] "rewire_genetic_interactions_network = 97713"
[1] "rewired_tf_network = 6117"
[1] "rewire_graph: num_iterations = 97713"
[1] "rewire_graph: Mode degree distribution"
[1] "rewire_graph: num_iterations = 6117"
[1] "rewire_graph: Mode degree distribution"
Source: local data frame [1 x 1]

  count
  (int)
1 48674
Source: local data frame [1 x 1]

  count
  (int)
1 49071
[1] "rewire_genetic_interactions_network = 97721"
[1] "rewire_graph: num_iterations = 97721"
[1] "rewire_graph: Mode degree distribution"
[1] "rewired_kinase_network = 2259"
[1] "rewire_graph: num_iterations = 2259"
[1] "rewire_graph: Mode degree distribution"
[1] "rewired_ppi_network = 13301"
[1] "rewire_graph: num_iterations = 13292"
[1] "rewire_graph: Mode degree distribution"
[1] "rewired_kinase_network = 2259"
[1] "rewire_graph: num_iterations = 2259"
[1] "rewire_graph: Mode degree distribution"
[1] "rewired_tf_network = 6117"
[1] "rewire_graph: num_iterations = 6117"
[1] "rewire_graph: Mode degree distribution"
[1] "rewired_ppi_network = 13301"
[1] "rewire_graph: num_iterations = 13292"
[1] "rewire_graph: Mode degree distribution"
[1] "rewired_kinase_network = 2259"
[1] "rewire_graph: num_iterations = 2259"
[1] "rewire_graph: Mode degree distribution"
Source: local data frame [1 x 1]

  count
  (int)
1 48555
Source: local data frame [1 x 1]

  count
  (int)
1 49190
[1] "rewired_ppi_network = 13301"
[1] "rewire_graph: num_iterations = 13292"
[1] "rewire_graph: Mode degree distribution"
[1] "rewire_genetic_interactions_network = 97708"
[1] "rewire_graph: num_iterations = 97708"
[1] "rewire_graph: Mode degree distribution"
[1] "rewired_kinase_network = 2259"
[1] "rewire_graph: num_iterations = 2259"
[1] "rewire_graph: Mode degree distribution"
[1] "rewired_ppi_network = 13301"
[1] "rewire_graph: num_iterations = 13292"
[1] "rewire_graph: Mode degree distribution"
[1] "rewired_tf_network = 6117"
[1] "rewire_graph: num_iterations = 6117"
[1] "rewire_graph: Mode degree distribution"
[1] "rewired_tf_network = 6117"
[1] "rewire_graph: num_iterations = 6117"
[1] "rewire_graph: Mode degree distribution"
Source: local data frame [1 x 1]

  count
  (int)
1 48389
Source: local data frame [1 x 1]

  count
  (int)
1 49356
[1] "rewire_genetic_interactions_network = 97712"
[1] "rewire_graph: num_iterations = 97712"
[1] "rewire_graph: Mode degree distribution"
Source: local data frame [1 x 1]

  count
  (int)
1 48318
Source: local data frame [1 x 1]

  count
  (int)
1 49427
[1] "rewire_genetic_interactions_network = 97714"
[1] "rewire_graph: num_iterations = 97714"
[1] "rewire_graph: Mode degree distribution"
[1] "rewired_tf_network = 6117"
[1] "rewire_graph: num_iterations = 6117"
[1] "rewire_graph: Mode degree distribution"
Source: local data frame [1 x 1]

  count
  (int)
1 48558
Source: local data frame [1 x 1]

  count
  (int)
1 49187
[1] "rewire_genetic_interactions_network = 97711"
[1] "rewire_graph: num_iterations = 97711"
[1] "rewire_graph: Mode degree distribution"
[1] "rewired_kinase_network = 2259"
[1] "rewire_graph: num_iterations = 2259"
[1] "rewire_graph: Mode degree distribution"
[1] "rewired_ppi_network = 13301"
[1] "rewire_graph: num_iterations = 13292"
[1] "rewire_graph: Mode degree distribution"
[1] "rewired_tf_network = 6117"
[1] "rewire_graph: num_iterations = 6117"
[1] "rewire_graph: Mode degree distribution"
Source: local data frame [1 x 1]

  count
  (int)
1 48480
Source: local data frame [1 x 1]

  count
  (int)
1 49265
[1] "rewire_genetic_interactions_network = 97716"
[1] "rewire_graph: num_iterations = 97716"
[1] "rewire_graph: Mode degree distribution"
[1] "rewired_kinase_network = 2259"
[1] "rewire_graph: num_iterations = 2259"
[1] "rewire_graph: Mode degree distribution"
[1] "rewired_ppi_network = 13301"
[1] "rewire_graph: num_iterations = 13292"
[1] "rewire_graph: Mode degree distribution"
[1] "rewired_tf_network = 6117"
[1] "rewire_graph: num_iterations = 6117"
[1] "rewire_graph: Mode degree distribution"
[1] "rewired_kinase_network = 2259"
[1] "rewire_graph: num_iterations = 2259"
[1] "rewire_graph: Mode degree distribution"
[1] "rewired_ppi_network = 13301"
[1] "rewire_graph: num_iterations = 13292"
[1] "rewire_graph: Mode degree distribution"
Source: local data frame [1 x 1]

  count
  (int)
1 48522
Source: local data frame [1 x 1]

  count
  (int)
1 49223
[1] "rewire_genetic_interactions_network = 97713"
[1] "rewire_graph: num_iterations = 97713"
[1] "rewire_graph: Mode degree distribution"
[1] "rewired_tf_network = 6117"
[1] "rewire_graph: num_iterations = 6117"
[1] "rewire_graph: Mode degree distribution"
Source: local data frame [1 x 1]

  count
  (int)
1 48503
Source: local data frame [1 x 1]

  count
  (int)
1 49242
[1] "rewire_genetic_interactions_network = 97715"
[1] "rewire_graph: num_iterations = 97715"
[1] "rewire_graph: Mode degree distribution"
[1] "rewired_kinase_network = 2259"
[1] "rewire_graph: num_iterations = 2259"
[1] "rewire_graph: Mode degree distribution"
[1] "rewired_ppi_network = 13301"
[1] "rewire_graph: num_iterations = 13292"
[1] "rewire_graph: Mode degree distribution"
[1] "rewired_tf_network = 6117"
[1] "rewire_graph: num_iterations = 6117"
[1] "rewire_graph: Mode degree distribution"
Source: local data frame [1 x 1]

  count
  (int)
1 48517
Source: local data frame [1 x 1]

  count
  (int)
1 49228
[1] "rewire_genetic_interactions_network = 97709"
[1] "rewire_graph: num_iterations = 97709"
[1] "rewire_graph: Mode degree distribution"
[1] "rewired_kinase_network = 2259"
[1] "rewire_graph: num_iterations = 2259"
[1] "rewire_graph: Mode degree distribution"
[1] "rewired_ppi_network = 13301"
[1] "rewire_graph: num_iterations = 13292"
[1] "rewire_graph: Mode degree distribution"
[1] "rewired_tf_network = 6117"
[1] "rewire_graph: num_iterations = 6117"
[1] "rewire_graph: Mode degree distribution"
[1] "rewired_kinase_network = 2259"
[1] "rewire_graph: num_iterations = 2259"
[1] "rewire_graph: Mode degree distribution"
[1] "rewired_ppi_network = 13301"
[1] "rewire_graph: num_iterations = 13292"
[1] "rewire_graph: Mode degree distribution"
[1] "rewired_tf_network = 6117"
[1] "rewire_graph: num_iterations = 6117"
[1] "rewire_graph: Mode degree distribution"
[1] "rewired_kinase_network = 2259"
[1] "rewire_graph: num_iterations = 2259"
[1] "rewire_graph: Mode degree distribution"
[1] "rewired_ppi_network = 13301"
[1] "rewire_graph: num_iterations = 13292"
[1] "rewire_graph: Mode degree distribution"
[1] "rewired_tf_network = 6117"
[1] "rewire_graph: num_iterations = 6117"
[1] "rewire_graph: Mode degree distribution"
[1] "rewired_kinase_network = 2259"
[1] "rewire_graph: num_iterations = 2259"
[1] "rewire_graph: Mode degree distribution"
[1] "rewired_ppi_network = 13301"
[1] "rewire_graph: num_iterations = 13292"
[1] "rewire_graph: Mode degree distribution"
[1] "rewired_kinase_network = 2259"
[1] "rewire_graph: num_iterations = 2259"
[1] "rewire_graph: Mode degree distribution"
[1] "rewired_ppi_network = 13301"
[1] "rewire_graph: num_iterations = 13292"
[1] "rewire_graph: Mode degree distribution"
[1] "rewired_kinase_network = 2259"
[1] "rewire_graph: num_iterations = 2259"
[1] "rewire_graph: Mode degree distribution"
[1] "rewired_ppi_network = 13301"
[1] "rewire_graph: num_iterations = 13292"
[1] "rewire_graph: Mode degree distribution"
[1] "rewired_tf_network = 6117"
[1] "rewire_graph: num_iterations = 6117"
[1] "rewire_graph: Mode degree distribution"
[1] "rewired_tf_network = 6117"
[1] "rewire_graph: num_iterations = 6117"
[1] "rewire_graph: Mode degree distribution"
[1] "rewired_kinase_network = 2259"
[1] "rewire_graph: num_iterations = 2259"
[1] "rewire_graph: Mode degree distribution"
[1] "rewired_ppi_network = 13301"
[1] "rewire_graph: num_iterations = 13292"
[1] "rewire_graph: Mode degree distribution"
[1] "rewired_tf_network = 6117"
[1] "rewire_graph: num_iterations = 6117"
[1] "rewire_graph: Mode degree distribution"
[1] "rewired_kinase_network = 2259"
[1] "rewire_graph: num_iterations = 2259"
[1] "rewire_graph: Mode degree distribution"
[1] "rewired_ppi_network = 13301"
[1] "rewire_graph: num_iterations = 13292"
[1] "rewire_graph: Mode degree distribution"
[1] "rewired_tf_network = 6117"
[1] "rewire_graph: num_iterations = 6117"
[1] "rewire_graph: Mode degree distribution"
[1] "rewired_tf_network = 6117"
[1] "rewire_graph: num_iterations = 6117"
[1] "rewire_graph: Mode degree distribution"
[1] "rewired_kinase_network = 2259"
[1] "rewire_graph: num_iterations = 2259"
[1] "rewire_graph: Mode degree distribution"
[1] "rewired_ppi_network = 13301"
[1] "rewire_graph: num_iterations = 13292"
[1] "rewire_graph: Mode degree distribution"
[1] "rewired_kinase_network = 2259"
[1] "rewire_graph: num_iterations = 2259"
[1] "rewire_graph: Mode degree distribution"
[1] "rewired_ppi_network = 13301"
[1] "rewire_graph: num_iterations = 13292"
[1] "rewire_graph: Mode degree distribution"
[1] "rewired_kinase_network = 2259"
[1] "rewire_graph: num_iterations = 2259"
[1] "rewire_graph: Mode degree distribution"
[1] "rewired_ppi_network = 13301"
[1] "rewire_graph: num_iterations = 13292"
[1] "rewire_graph: Mode degree distribution"
[1] "rewired_kinase_network = 2259"
[1] "rewire_graph: num_iterations = 2259"
[1] "rewire_graph: Mode degree distribution"
[1] "rewired_ppi_network = 13301"
[1] "rewire_graph: num_iterations = 13292"
[1] "rewire_graph: Mode degree distribution"
[1] "rewired_tf_network = 6117"
[1] "rewire_graph: num_iterations = 6117"
[1] "rewire_graph: Mode degree distribution"
[1] "rewired_tf_network = 6117"
[1] "rewire_graph: num_iterations = 6117"
[1] "rewire_graph: Mode degree distribution"
[1] "rewired_tf_network = 6117"
[1] "rewire_graph: num_iterations = 6117"
[1] "rewire_graph: Mode degree distribution"
[1] "rewired_tf_network = 6117"
[1] "rewire_graph: num_iterations = 6117"
[1] "rewire_graph: Mode degree distribution"
[1] "rewired_kinase_network = 2259"
[1] "rewire_graph: num_iterations = 2259"
[1] "rewire_graph: Mode degree distribution"
[1] "rewired_ppi_network = 13301"
[1] "rewire_graph: num_iterations = 13292"
[1] "rewire_graph: Mode degree distribution"
[1] "rewired_tf_network = 6117"
[1] "rewire_graph: num_iterations = 6117"
[1] "rewire_graph: Mode degree distribution"
[1] "rewired_kinase_network = 2259"
[1] "rewire_graph: num_iterations = 2259"
[1] "rewire_graph: Mode degree distribution"
[1] "rewired_ppi_network = 13301"
[1] "rewire_graph: num_iterations = 13292"
[1] "rewire_graph: Mode degree distribution"
[1] "rewired_tf_network = 6117"
[1] "rewire_graph: num_iterations = 6117"
[1] "rewire_graph: Mode degree distribution"
[1] "rewired_kinase_network = 2259"
[1] "rewire_graph: num_iterations = 2259"
[1] "rewire_graph: Mode degree distribution"
[1] "rewired_ppi_network = 13301"
[1] "rewire_graph: num_iterations = 13292"
[1] "rewire_graph: Mode degree distribution"
[1] "rewired_tf_network = 6117"
[1] "rewire_graph: num_iterations = 6117"
[1] "rewire_graph: Mode degree distribution"
[1] "rewired_kinase_network = 2259"
[1] "rewire_graph: num_iterations = 2259"
[1] "rewire_graph: Mode degree distribution"
[1] "rewired_ppi_network = 13301"
[1] "rewire_graph: num_iterations = 13292"
[1] "rewire_graph: Mode degree distribution"
[1] "rewired_tf_network = 6117"
[1] "rewire_graph: num_iterations = 6117"
[1] "rewire_graph: Mode degree distribution"
