Loading required package: methods

Attaching package: 'igraph'

The following objects are masked from 'package:stats':

    decompose, spectrum

The following object is masked from 'package:base':

    union


Attaching package: 'dplyr'

The following objects are masked from 'package:igraph':

    %>%, as_data_frame, groups, union

The following objects are masked from 'package:stats':

    filter, lag

The following objects are masked from 'package:base':

    intersect, setdiff, setequal, union

R version 3.2.2 (2015-08-14)
Platform: x86_64-pc-linux-gnu (64-bit)
Running under: CentOS release 6.3 (Final)

locale:
[1] C

attached base packages:
[1] parallel  methods   stats     graphics  grDevices utils     datasets 
[8] base     

other attached packages:
[1] lazyeval_0.1.10 dplyr_0.4.3     igraph_1.0.1   

loaded via a namespace (and not attached):
[1] R6_2.1.2       assertthat_0.1 magrittr_1.5   tools_3.2.2    DBI_0.4-1     
[6] Rcpp_0.12.0   
[1] "is_run_locally =  FALSE"
[1] "proportion_of_original_network_size_gi_network = 1.2"
Source: local data frame [1 x 1]

  count
  (int)
1 83130
Source: local data frame [1 x 1]

  count
  (int)
1 84560
Source: local data frame [1 x 1]

  count
  (int)
1 83311
Source: local data frame [1 x 1]

  count
  (int)
1 84379
Source: local data frame [1 x 1]

  count
  (int)
1 83416
Source: local data frame [1 x 1]

  count
  (int)
1 84274
Source: local data frame [1 x 1]

  count
  (int)
1 83293
Source: local data frame [1 x 1]

  count
  (int)
1 84397
Source: local data frame [1 x 1]

  count
  (int)
1 83338
Source: local data frame [1 x 1]

  count
  (int)
1 84352
Source: local data frame [1 x 1]

  count
  (int)
1 83431
Source: local data frame [1 x 1]

  count
  (int)
1 84259
Source: local data frame [1 x 1]

  count
  (int)
1 83303
Source: local data frame [1 x 1]

  count
  (int)
1 84387
  count
  (int)
1 83319
Source: local data frame [1 x 1]

  count
  (int)
1 84371
Source: local data frame [1 x 1]

Source: local data frame [1 x 1]

  count
  (int)
1 83178
Source: local data frame [1 x 1]

Source: local data frame [1 x 1]

  count
  (int)
1 84512
  count
  (int)
1 84268
Source: local data frame [1 x 1]

  count
  (int)
1 83444
Source: local data frame [1 x 1]

  count
  (int)
1 84246
[1] "rewire_genetic_interactions_network = 167627"
[1] "rewire_genetic_interactions_network = 167627"
[1] "rewire_genetic_interactions_network = 167627"
[1] "rewire_genetic_interactions_network = 167627"
[1] "rewire_genetic_interactions_network = 167627"
[1] "rewire_genetic_interactions_network = 167627"
[1] "rewire_graph: num_iterations = 167627"
[1] "rewire_graph: Mode degree distribution"
[1] "rewire_graph: num_iterations = 167627"
[1] "rewire_graph: Mode degree distribution"
[1] "rewire_genetic_interactions_network = 167627"
[1] "rewire_genetic_interactions_network = 167627"
[1] "rewire_graph: num_iterations = 167627"
[1] "rewire_graph: Mode degree distribution"
[1] "rewire_graph: num_iterations = 167627"
[1] "rewire_graph: Mode degree distribution"
[1] "rewire_genetic_interactions_network = 167627"
[1] "rewire_genetic_interactions_network = 167627"
[1] "rewire_genetic_interactions_network = 167627"
[1] "rewire_graph: num_iterations = 167627"
[1] "rewire_graph: Mode degree distribution"
[1] "rewire_graph: num_iterations = 167627"
[1] "rewire_graph: Mode degree distribution"
[1] "rewire_graph: num_iterations = 167627"
[1] "rewire_graph: Mode degree distribution"
[1] "rewire_graph: num_iterations = 167627"
[1] "rewire_graph: Mode degree distribution"
[1] "rewire_graph: num_iterations = 167627"
[1] "rewire_graph: Mode degree distribution"
[1] "rewire_graph: num_iterations = 167627"
[1] "rewire_graph: Mode degree distribution"
[1] "rewire_graph: num_iterations = 167627"
[1] "rewire_graph: Mode degree distribution"
Source: local data frame [1 x 1]

  count
  (int)
1 83368
Source: local data frame [1 x 1]

  count
  (int)
1 84322
Source: local data frame [1 x 1]

  count
  (int)
1 83160
Source: local data frame [1 x 1]

  count
  (int)
1 84530
Source: local data frame [1 x 1]

  count
  (int)
1 83146
Source: local data frame [1 x 1]

  count
  (int)
1 84544
Source: local data frame [1 x 1]

  count
  (int)
1 83320
Source: local data frame [1 x 1]

  count
  (int)
1 84370
[1] "rewire_genetic_interactions_network = 167627"
[1] "rewire_genetic_interactions_network = 167627"
[1] "rewire_genetic_interactions_network = 167627"
[1] "rewire_genetic_interactions_network = 167627"
[1] "rewire_graph: num_iterations = 167627"
[1] "rewire_graph: Mode degree distribution"
[1] "rewire_graph: num_iterations = 167627"
[1] "rewire_graph: Mode degree distribution"
[1] "rewire_graph: num_iterations = 167627"
[1] "rewire_graph: Mode degree distribution"
[1] "rewire_graph: num_iterations = 167627"
[1] "rewire_graph: Mode degree distribution"
Source: local data frame [1 x 1]

  count
  (int)
1 83179
Source: local data frame [1 x 1]

  count
  (int)
1 84511
[1] "rewire_genetic_interactions_network = 167627"
[1] "rewire_graph: num_iterations = 167627"
[1] "rewire_graph: Mode degree distribution"
[1] "rewired_kinase_network = 2259"
[1] "rewire_graph: num_iterations = 2259"
[1] "rewire_graph: Mode degree distribution"
[1] "rewired_ppi_network = 13301"
[1] "rewire_graph: num_iterations = 13292"
[1] "rewire_graph: Mode degree distribution"
[1] "rewired_kinase_network = 2259"
[1] "rewire_graph: num_iterations = 2259"
[1] "rewire_graph: Mode degree distribution"
[1] "rewired_ppi_network = 13301"
[1] "rewire_graph: num_iterations = 13292"
[1] "rewire_graph: Mode degree distribution"
[1] "rewired_kinase_network = 2259"
[1] "rewire_graph: num_iterations = 2259"
[1] "rewire_graph: Mode degree distribution"
[1] "rewired_ppi_network = 13301"
[1] "rewire_graph: num_iterations = 13292"
[1] "rewire_graph: Mode degree distribution"
[1] "rewired_kinase_network = 2259"
[1] "rewire_graph: num_iterations = 2259"
[1] "rewire_graph: Mode degree distribution"
[1] "rewired_ppi_network = 13301"
[1] "rewire_graph: num_iterations = 13292"
[1] "rewire_graph: Mode degree distribution"
[1] "rewired_tf_network = 6117"
[1] "rewire_graph: num_iterations = 6117"
[1] "rewire_graph: Mode degree distribution"
[1] "rewired_kinase_network = 2259"
[1] "rewire_graph: num_iterations = 2259"
[1] "rewire_graph: Mode degree distribution"
[1] "rewired_ppi_network = 13301"
[1] "rewire_graph: num_iterations = 13292"
[1] "rewire_graph: Mode degree distribution"
[1] "rewired_kinase_network = 2259"
[1] "rewire_graph: num_iterations = 2259"
[1] "rewire_graph: Mode degree distribution"
[1] "rewired_ppi_network = 13301"
[1] "rewire_graph: num_iterations = 13292"
[1] "rewire_graph: Mode degree distribution"
[1] "rewired_tf_network = 6117"
[1] "rewire_graph: num_iterations = 6117"
[1] "rewire_graph: Mode degree distribution"
Source: local data frame [1 x 1]

  count
  (int)
1 83195
Source: local data frame [1 x 1]

  count
  (int)
1 84495
[1] "rewire_genetic_interactions_network = 167627"
[1] "rewire_graph: num_iterations = 167627"
[1] "rewire_graph: Mode degree distribution"
[1] "rewired_tf_network = 6117"
[1] "rewire_graph: num_iterations = 6117"
[1] "rewire_graph: Mode degree distribution"
[1] "rewired_tf_network = 6117"
[1] "rewire_graph: num_iterations = 6117"
[1] "rewire_graph: Mode degree distribution"
[1] "rewired_tf_network = 6117"
[1] "rewire_graph: num_iterations = 6117"
[1] "rewire_graph: Mode degree distribution"
[1] "rewired_tf_network = 6117"
[1] "rewire_graph: num_iterations = 6117"
[1] "rewire_graph: Mode degree distribution"
Source: local data frame [1 x 1]

  count
  (int)
1 83102
Source: local data frame [1 x 1]

  count
  (int)
1 84588
[1] "rewire_genetic_interactions_network = 167627"
[1] "rewire_graph: num_iterations = 167627"
[1] "rewire_graph: Mode degree distribution"
Source: local data frame [1 x 1]

  count
  (int)
1 83310
Source: local data frame [1 x 1]

  count
  (int)
1 84380
[1] "rewire_genetic_interactions_network = 167627"
[1] "rewire_graph: num_iterations = 167627"
[1] "rewire_graph: Mode degree distribution"
[1] "rewired_kinase_network = 2259"
[1] "rewire_graph: num_iterations = 2259"
[1] "rewire_graph: Mode degree distribution"
[1] "rewired_ppi_network = 13301"
[1] "rewire_graph: num_iterations = 13292"
[1] "rewire_graph: Mode degree distribution"
[1] "rewired_kinase_network = 2259"
[1] "rewire_graph: num_iterations = 2259"
[1] "rewire_graph: Mode degree distribution"
[1] "rewired_ppi_network = 13301"
[1] "rewire_graph: num_iterations = 13292"
[1] "rewire_graph: Mode degree distribution"
Source: local data frame [1 x 1]

  count
  (int)
1 83134
Source: local data frame [1 x 1]

  count
  (int)
1 84556
[1] "rewire_genetic_interactions_network = 167627"
[1] "rewire_graph: num_iterations = 167627"
[1] "rewire_graph: Mode degree distribution"
Source: local data frame [1 x 1]

  count
  (int)
1 83349
Source: local data frame [1 x 1]

  count
  (int)
1 84341
[1] "rewire_genetic_interactions_network = 167627"
[1] "rewire_graph: num_iterations = 167627"
[1] "rewire_graph: Mode degree distribution"
Source: local data frame [1 x 1]

  count
  (int)
1 83403
Source: local data frame [1 x 1]

  count
  (int)
1 84287
[1] "rewire_genetic_interactions_network = 167627"
[1] "rewire_graph: num_iterations = 167627"
[1] "rewire_graph: Mode degree distribution"
[1] "rewired_kinase_network = 2259"
[1] "rewire_graph: num_iterations = 2259"
[1] "rewire_graph: Mode degree distribution"
[1] "rewired_ppi_network = 13301"
[1] "rewire_graph: num_iterations = 13292"
[1] "rewire_graph: Mode degree distribution"
[1] "rewired_kinase_network = 2259"
[1] "rewire_graph: num_iterations = 2259"
[1] "rewire_graph: Mode degree distribution"
[1] "rewired_ppi_network = 13301"
[1] "rewire_graph: num_iterations = 13292"
[1] "rewire_graph: Mode degree distribution"
[1] "rewired_kinase_network = 2259"
[1] "rewire_graph: num_iterations = 2259"
[1] "rewire_graph: Mode degree distribution"
[1] "rewired_ppi_network = 13301"
[1] "rewire_graph: num_iterations = 13292"
[1] "rewire_graph: Mode degree distribution"
[1] "rewired_tf_network = 6117"
[1] "rewire_graph: num_iterations = 6117"
[1] "rewire_graph: Mode degree distribution"
[1] "rewired_tf_network = 6117"
[1] "rewire_graph: num_iterations = 6117"
[1] "rewire_graph: Mode degree distribution"
[1] "rewired_tf_network = 6117"
[1] "rewire_graph: num_iterations = 6117"
[1] "rewire_graph: Mode degree distribution"
[1] "rewired_tf_network = 6117"
[1] "rewire_graph: num_iterations = 6117"
[1] "rewire_graph: Mode degree distribution"
[1] "rewired_kinase_network = 2259"
[1] "rewire_graph: num_iterations = 2259"
[1] "rewire_graph: Mode degree distribution"
[1] "rewired_ppi_network = 13301"
[1] "rewire_graph: num_iterations = 13292"
[1] "rewire_graph: Mode degree distribution"
Source: local data frame [1 x 1]

  count
  (int)
1 83401
Source: local data frame [1 x 1]

  count
  (int)
1 84289
Source: local data frame [1 x 1]

  count
  (int)
1 83297
Source: local data frame [1 x 1]

  count
  (int)
1 84393
[1] "rewire_genetic_interactions_network = 167627"
[1] "rewire_graph: num_iterations = 167627"
[1] "rewire_graph: Mode degree distribution"
[1] "rewire_genetic_interactions_network = 167627"
[1] "rewire_graph: num_iterations = 167627"
[1] "rewire_graph: Mode degree distribution"
[1] "rewired_tf_network = 6117"
[1] "rewire_graph: num_iterations = 6117"
[1] "rewire_graph: Mode degree distribution"
Source: local data frame [1 x 1]

  count
  (int)
1 83283
Source: local data frame [1 x 1]

  count
  (int)
1 84407
[1] "rewire_genetic_interactions_network = 167627"
[1] "rewire_graph: num_iterations = 167627"
[1] "rewire_graph: Mode degree distribution"
Source: local data frame [1 x 1]

  count
  (int)
1 83380
Source: local data frame [1 x 1]

  count
  (int)
1 84310
[1] "rewire_genetic_interactions_network = 167627"
[1] "rewire_graph: num_iterations = 167627"
[1] "rewire_graph: Mode degree distribution"
[1] "rewired_kinase_network = 2259"
[1] "rewire_graph: num_iterations = 2259"
[1] "rewire_graph: Mode degree distribution"
Source: local data frame [1 x 1]

  count
  (int)
1 83147
Source: local data frame [1 x 1]

  count
  (int)
1 84543
[1] "rewired_ppi_network = 13301"
[1] "rewire_graph: num_iterations = 13292"
[1] "rewire_graph: Mode degree distribution"
[1] "rewire_genetic_interactions_network = 167627"
[1] "rewire_graph: num_iterations = 167627"
[1] "rewire_graph: Mode degree distribution"
[1] "rewired_tf_network = 6117"
[1] "rewire_graph: num_iterations = 6117"
[1] "rewire_graph: Mode degree distribution"
Source: local data frame [1 x 1]

  count
  (int)
1 83265
Source: local data frame [1 x 1]

  count
  (int)
1 84425
[1] "rewire_genetic_interactions_network = 167627"
[1] "rewire_graph: num_iterations = 167627"
[1] "rewire_graph: Mode degree distribution"
[1] "rewired_tf_network = 6117"
[1] "rewire_graph: num_iterations = 6117"
[1] "rewire_graph: Mode degree distribution"
[1] "rewired_kinase_network = 2259"
[1] "rewire_graph: num_iterations = 2259"
[1] "rewire_graph: Mode degree distribution"
[1] "rewired_ppi_network = 13301"
[1] "rewire_graph: num_iterations = 13292"
[1] "rewire_graph: Mode degree distribution"
Source: local data frame [1 x 1]

  count
  (int)
1 83170
Source: local data frame [1 x 1]

  count
  (int)
1 84520
[1] "rewire_genetic_interactions_network = 167627"
[1] "rewire_graph: num_iterations = 167627"
[1] "rewire_graph: Mode degree distribution"
[1] "rewired_tf_network = 6117"
[1] "rewire_graph: num_iterations = 6117"
[1] "rewire_graph: Mode degree distribution"
Source: local data frame [1 x 1]

  count
  (int)
1 83185
Source: local data frame [1 x 1]

  count
  (int)
1 84505
[1] "rewired_kinase_network = 2259"
[1] "rewire_graph: num_iterations = 2259"
[1] "rewire_graph: Mode degree distribution"
[1] "rewire_genetic_interactions_network = 167627"
[1] "rewire_graph: num_iterations = 167627"
[1] "rewire_graph: Mode degree distribution"
[1] "rewired_ppi_network = 13301"
[1] "rewire_graph: num_iterations = 13292"
[1] "rewire_graph: Mode degree distribution"
[1] "rewired_kinase_network = 2259"
[1] "rewire_graph: num_iterations = 2259"
[1] "rewire_graph: Mode degree distribution"
[1] "rewired_ppi_network = 13301"
[1] "rewire_graph: num_iterations = 13292"
[1] "rewire_graph: Mode degree distribution"
[1] "rewired_tf_network = 6117"
[1] "rewire_graph: num_iterations = 6117"
[1] "rewire_graph: Mode degree distribution"
[1] "rewired_tf_network = 6117"
[1] "rewire_graph: num_iterations = 6117"
[1] "rewire_graph: Mode degree distribution"
Source: local data frame [1 x 1]

  count
  (int)
1 83408
Source: local data frame [1 x 1]

  count
  (int)
1 84282
[1] "rewire_genetic_interactions_network = 167627"
[1] "rewire_graph: num_iterations = 167627"
[1] "rewire_graph: Mode degree distribution"
Source: local data frame [1 x 1]

  count
  (int)
1 83309
Source: local data frame [1 x 1]

  count
  (int)
1 84381
[1] "rewire_genetic_interactions_network = 167627"
[1] "rewire_graph: num_iterations = 167627"
[1] "rewire_graph: Mode degree distribution"
[1] "rewired_kinase_network = 2259"
[1] "rewire_graph: num_iterations = 2259"
[1] "rewire_graph: Mode degree distribution"
[1] "rewired_ppi_network = 13301"
[1] "rewire_graph: num_iterations = 13292"
[1] "rewire_graph: Mode degree distribution"
[1] "rewired_tf_network = 6117"
[1] "rewire_graph: num_iterations = 6117"
[1] "rewire_graph: Mode degree distribution"
[1] "rewired_kinase_network = 2259"
[1] "rewire_graph: num_iterations = 2259"
[1] "rewire_graph: Mode degree distribution"
[1] "rewired_ppi_network = 13301"
[1] "rewire_graph: num_iterations = 13292"
[1] "rewire_graph: Mode degree distribution"
Source: local data frame [1 x 1]

  count
  (int)
1 83384
Source: local data frame [1 x 1]

  count
  (int)
1 84306
[1] "rewire_genetic_interactions_network = 167627"
[1] "rewire_graph: num_iterations = 167627"
[1] "rewire_graph: Mode degree distribution"
[1] "rewired_tf_network = 6117"
[1] "rewire_graph: num_iterations = 6117"
[1] "rewire_graph: Mode degree distribution"
[1] "rewired_kinase_network = 2259"
[1] "rewire_graph: num_iterations = 2259"
[1] "rewire_graph: Mode degree distribution"
[1] "rewired_ppi_network = 13301"
[1] "rewire_graph: num_iterations = 13292"
[1] "rewire_graph: Mode degree distribution"
Source: local data frame [1 x 1]

  count
  (int)
1 83262
Source: local data frame [1 x 1]

  count
  (int)
1 84428
[1] "rewire_genetic_interactions_network = 167627"
[1] "rewire_graph: num_iterations = 167627"
[1] "rewire_graph: Mode degree distribution"
[1] "rewired_tf_network = 6117"
[1] "rewire_graph: num_iterations = 6117"
[1] "rewire_graph: Mode degree distribution"
[1] "rewired_kinase_network = 2259"
[1] "rewire_graph: num_iterations = 2259"
[1] "rewire_graph: Mode degree distribution"
[1] "rewired_ppi_network = 13301"
[1] "rewire_graph: num_iterations = 13292"
[1] "rewire_graph: Mode degree distribution"
Source: local data frame [1 x 1]

  count
  (int)
1 83239
Source: local data frame [1 x 1]

  count
  (int)
1 84451
[1] "rewire_genetic_interactions_network = 167627"
[1] "rewire_graph: num_iterations = 167627"
[1] "rewire_graph: Mode degree distribution"
[1] "rewired_kinase_network = 2259"
[1] "rewire_graph: num_iterations = 2259"
[1] "rewire_graph: Mode degree distribution"
[1] "rewired_ppi_network = 13301"
[1] "rewire_graph: num_iterations = 13292"
[1] "rewire_graph: Mode degree distribution"
[1] "rewired_tf_network = 6117"
[1] "rewire_graph: num_iterations = 6117"
[1] "rewire_graph: Mode degree distribution"
[1] "rewired_kinase_network = 2259"
[1] "rewire_graph: num_iterations = 2259"
[1] "rewire_graph: Mode degree distribution"
[1] "rewired_ppi_network = 13301"
[1] "rewire_graph: num_iterations = 13292"
[1] "rewire_graph: Mode degree distribution"
[1] "rewired_tf_network = 6117"
[1] "rewire_graph: num_iterations = 6117"
[1] "rewire_graph: Mode degree distribution"
Source: local data frame [1 x 1]

  count
  (int)
1 83290
Source: local data frame [1 x 1]

  count
  (int)
1 84400
[1] "rewire_genetic_interactions_network = 167627"
[1] "rewire_graph: num_iterations = 167627"
[1] "rewire_graph: Mode degree distribution"
[1] "rewired_tf_network = 6117"
[1] "rewire_graph: num_iterations = 6117"
[1] "rewire_graph: Mode degree distribution"
Source: local data frame [1 x 1]

  count
  (int)
1 83373
Source: local data frame [1 x 1]

  count
  (int)
1 84317
[1] "rewire_genetic_interactions_network = 167627"
[1] "rewire_graph: num_iterations = 167627"
[1] "rewire_graph: Mode degree distribution"
Source: local data frame [1 x 1]

  count
  (int)
1 83209
Source: local data frame [1 x 1]

  count
  (int)
1 84481
[1] "rewire_genetic_interactions_network = 167627"
[1] "rewire_graph: num_iterations = 167627"
[1] "rewire_graph: Mode degree distribution"
[1] "rewired_kinase_network = 2259"
[1] "rewire_graph: num_iterations = 2259"
[1] "rewire_graph: Mode degree distribution"
[1] "rewired_ppi_network = 13301"
[1] "rewire_graph: num_iterations = 13292"
[1] "rewire_graph: Mode degree distribution"
[1] "rewired_kinase_network = 2259"
[1] "rewire_graph: num_iterations = 2259"
[1] "rewire_graph: Mode degree distribution"
[1] "rewired_ppi_network = 13301"
[1] "rewire_graph: num_iterations = 13292"
[1] "rewire_graph: Mode degree distribution"
[1] "rewired_tf_network = 6117"
[1] "rewire_graph: num_iterations = 6117"
[1] "rewire_graph: Mode degree distribution"
Source: local data frame [1 x 1]

  count
  (int)
1 83364
Source: local data frame [1 x 1]

  count
  (int)
1 84326
[1] "rewire_genetic_interactions_network = 167627"
[1] "rewire_graph: num_iterations = 167627"
[1] "rewire_graph: Mode degree distribution"
[1] "rewired_tf_network = 6117"
[1] "rewire_graph: num_iterations = 6117"
[1] "rewire_graph: Mode degree distribution"
[1] "rewired_kinase_network = 2259"
[1] "rewire_graph: num_iterations = 2259"
[1] "rewire_graph: Mode degree distribution"
[1] "rewired_ppi_network = 13301"
[1] "rewire_graph: num_iterations = 13292"
[1] "rewire_graph: Mode degree distribution"
Source: local data frame [1 x 1]

  count
  (int)
1 83246
Source: local data frame [1 x 1]

  count
  (int)
1 84444
[1] "rewire_genetic_interactions_network = 167627"
[1] "rewire_graph: num_iterations = 167627"
[1] "rewire_graph: Mode degree distribution"
[1] "rewired_tf_network = 6117"
[1] "rewire_graph: num_iterations = 6117"
[1] "rewire_graph: Mode degree distribution"
Source: local data frame [1 x 1]

  count
  (int)
1 83185
Source: local data frame [1 x 1]

  count
  (int)
1 84505
[1] "rewire_genetic_interactions_network = 167627"
[1] "rewire_graph: num_iterations = 167627"
[1] "rewire_graph: Mode degree distribution"
[1] "rewired_kinase_network = 2259"
[1] "rewire_graph: num_iterations = 2259"
[1] "rewire_graph: Mode degree distribution"
[1] "rewired_ppi_network = 13301"
[1] "rewire_graph: num_iterations = 13292"
[1] "rewire_graph: Mode degree distribution"
[1] "rewired_tf_network = 6117"
[1] "rewire_graph: num_iterations = 6117"
[1] "rewire_graph: Mode degree distribution"
Source: local data frame [1 x 1]

  count
  (int)
1 83195
Source: local data frame [1 x 1]

  count
  (int)
1 84495
[1] "rewire_genetic_interactions_network = 167627"
[1] "rewire_graph: num_iterations = 167627"
[1] "rewire_graph: Mode degree distribution"
[1] "rewired_kinase_network = 2259"
[1] "rewire_graph: num_iterations = 2259"
[1] "rewire_graph: Mode degree distribution"
[1] "rewired_ppi_network = 13301"
[1] "rewire_graph: num_iterations = 13292"
[1] "rewire_graph: Mode degree distribution"
[1] "rewired_tf_network = 6117"
[1] "rewire_graph: num_iterations = 6117"
[1] "rewire_graph: Mode degree distribution"
Source: local data frame [1 x 1]

  count
  (int)
1 83181
Source: local data frame [1 x 1]

  count
  (int)
1 84509
[1] "rewire_genetic_interactions_network = 167627"
[1] "rewire_graph: num_iterations = 167627"
[1] "rewire_graph: Mode degree distribution"
[1] "rewired_kinase_network = 2259"
[1] "rewire_graph: num_iterations = 2259"
[1] "rewire_graph: Mode degree distribution"
[1] "rewired_ppi_network = 13301"
[1] "rewire_graph: num_iterations = 13292"
[1] "rewire_graph: Mode degree distribution"
[1] "rewired_tf_network = 6117"
[1] "rewire_graph: num_iterations = 6117"
[1] "rewire_graph: Mode degree distribution"
Source: local data frame [1 x 1]

  count
  (int)
1 83258
Source: local data frame [1 x 1]

  count
  (int)
1 84432
[1] "rewire_genetic_interactions_network = 167627"
[1] "rewire_graph: num_iterations = 167627"
[1] "rewire_graph: Mode degree distribution"
[1] "rewired_kinase_network = 2259"
[1] "rewire_graph: num_iterations = 2259"
[1] "rewire_graph: Mode degree distribution"
[1] "rewired_ppi_network = 13301"
[1] "rewire_graph: num_iterations = 13292"
[1] "rewire_graph: Mode degree distribution"
[1] "rewired_kinase_network = 2259"
[1] "rewire_graph: num_iterations = 2259"
[1] "rewire_graph: Mode degree distribution"
[1] "rewired_ppi_network = 13301"
[1] "rewire_graph: num_iterations = 13292"
[1] "rewire_graph: Mode degree distribution"
[1] "rewired_tf_network = 6117"
[1] "rewire_graph: num_iterations = 6117"
[1] "rewire_graph: Mode degree distribution"
[1] "rewired_tf_network = 6117"
[1] "rewire_graph: num_iterations = 6117"
[1] "rewire_graph: Mode degree distribution"
Source: local data frame [1 x 1]

  count
  (int)
1 83355
Source: local data frame [1 x 1]

  count
  (int)
1 84335
[1] "rewire_genetic_interactions_network = 167627"
[1] "rewire_graph: num_iterations = 167627"
[1] "rewire_graph: Mode degree distribution"
Source: local data frame [1 x 1]

  count
  (int)
1 83209
Source: local data frame [1 x 1]

  count
  (int)
1 84481
[1] "rewire_genetic_interactions_network = 167627"
[1] "rewire_graph: num_iterations = 167627"
[1] "rewire_graph: Mode degree distribution"
[1] "rewired_kinase_network = 2259"
[1] "rewire_graph: num_iterations = 2259"
[1] "rewire_graph: Mode degree distribution"
[1] "rewired_ppi_network = 13301"
[1] "rewire_graph: num_iterations = 13292"
[1] "rewire_graph: Mode degree distribution"
[1] "rewired_tf_network = 6117"
[1] "rewire_graph: num_iterations = 6117"
[1] "rewire_graph: Mode degree distribution"
Source: local data frame [1 x 1]

  count
  (int)
1 83358
Source: local data frame [1 x 1]

  count
  (int)
1 84332
[1] "rewire_genetic_interactions_network = 167627"
[1] "rewire_graph: num_iterations = 167627"
[1] "rewire_graph: Mode degree distribution"
[1] "rewired_kinase_network = 2259"
[1] "rewire_graph: num_iterations = 2259"
[1] "rewire_graph: Mode degree distribution"
[1] "rewired_ppi_network = 13301"
[1] "rewire_graph: num_iterations = 13292"
[1] "rewire_graph: Mode degree distribution"
[1] "rewired_tf_network = 6117"
[1] "rewire_graph: num_iterations = 6117"
[1] "rewire_graph: Mode degree distribution"
Source: local data frame [1 x 1]

  count
  (int)
1 83319
Source: local data frame [1 x 1]

  count
  (int)
1 84371
[1] "rewire_genetic_interactions_network = 167627"
[1] "rewire_graph: num_iterations = 167627"
[1] "rewire_graph: Mode degree distribution"
[1] "rewired_kinase_network = 2259"
[1] "rewire_graph: num_iterations = 2259"
[1] "rewire_graph: Mode degree distribution"
[1] "rewired_ppi_network = 13301"
[1] "rewire_graph: num_iterations = 13292"
[1] "rewire_graph: Mode degree distribution"
[1] "rewired_kinase_network = 2259"
[1] "rewire_graph: num_iterations = 2259"
[1] "rewire_graph: Mode degree distribution"
[1] "rewired_ppi_network = 13301"
[1] "rewire_graph: num_iterations = 13292"
[1] "rewire_graph: Mode degree distribution"
[1] "rewired_tf_network = 6117"
[1] "rewire_graph: num_iterations = 6117"
[1] "rewire_graph: Mode degree distribution"
[1] "rewired_tf_network = 6117"
[1] "rewire_graph: num_iterations = 6117"
[1] "rewire_graph: Mode degree distribution"
Source: local data frame [1 x 1]

  count
  (int)
1 83235
Source: local data frame [1 x 1]

  count
  (int)
1 84455
[1] "rewire_genetic_interactions_network = 167627"
[1] "rewire_graph: num_iterations = 167627"
[1] "rewire_graph: Mode degree distribution"
Source: local data frame [1 x 1]

  count
  (int)
1 83344
Source: local data frame [1 x 1]

  count
  (int)
1 84346
[1] "rewire_genetic_interactions_network = 167627"
[1] "rewire_graph: num_iterations = 167627"
[1] "rewire_graph: Mode degree distribution"
[1] "rewired_kinase_network = 2259"
[1] "rewire_graph: num_iterations = 2259"
[1] "rewire_graph: Mode degree distribution"
[1] "rewired_ppi_network = 13301"
[1] "rewire_graph: num_iterations = 13292"
[1] "rewire_graph: Mode degree distribution"
[1] "rewired_kinase_network = 2259"
[1] "rewire_graph: num_iterations = 2259"
[1] "rewire_graph: Mode degree distribution"
[1] "rewired_ppi_network = 13301"
[1] "rewire_graph: num_iterations = 13292"
[1] "rewire_graph: Mode degree distribution"
[1] "rewired_tf_network = 6117"
[1] "rewire_graph: num_iterations = 6117"
[1] "rewire_graph: Mode degree distribution"
[1] "rewired_tf_network = 6117"
[1] "rewire_graph: num_iterations = 6117"
[1] "rewire_graph: Mode degree distribution"
Source: local data frame [1 x 1]

  count
  (int)
1 83136
Source: local data frame [1 x 1]

  count
  (int)
1 84554
[1] "rewire_genetic_interactions_network = 167627"
[1] "rewire_graph: num_iterations = 167627"
[1] "rewire_graph: Mode degree distribution"
Source: local data frame [1 x 1]

  count
  (int)
1 83245
Source: local data frame [1 x 1]

  count
  (int)
1 84445
[1] "rewire_genetic_interactions_network = 167627"
[1] "rewire_graph: num_iterations = 167627"
[1] "rewire_graph: Mode degree distribution"
[1] "rewired_kinase_network = 2259"
[1] "rewire_graph: num_iterations = 2259"
[1] "rewire_graph: Mode degree distribution"
[1] "rewired_ppi_network = 13301"
[1] "rewire_graph: num_iterations = 13292"
[1] "rewire_graph: Mode degree distribution"
[1] "rewired_tf_network = 6117"
[1] "rewire_graph: num_iterations = 6117"
[1] "rewire_graph: Mode degree distribution"
Source: local data frame [1 x 1]

  count
  (int)
1 83282
Source: local data frame [1 x 1]

  count
  (int)
1 84407
[1] "rewire_genetic_interactions_network = 167626"
[1] "rewire_graph: num_iterations = 167626"
[1] "rewire_graph: Mode degree distribution"
[1] "rewired_kinase_network = 2259"
[1] "rewire_graph: num_iterations = 2259"
[1] "rewire_graph: Mode degree distribution"
[1] "rewired_ppi_network = 13301"
[1] "rewire_graph: num_iterations = 13292"
[1] "rewire_graph: Mode degree distribution"
[1] "rewired_tf_network = 6117"
[1] "rewire_graph: num_iterations = 6117"
[1] "rewire_graph: Mode degree distribution"
Source: local data frame [1 x 1]

  count
  (int)
1 83348
Source: local data frame [1 x 1]

  count
  (int)
1 84342
[1] "rewire_genetic_interactions_network = 167627"
[1] "rewire_graph: num_iterations = 167627"
[1] "rewire_graph: Mode degree distribution"
[1] "rewired_kinase_network = 2259"
[1] "rewire_graph: num_iterations = 2259"
[1] "rewire_graph: Mode degree distribution"
[1] "rewired_ppi_network = 13301"
[1] "rewire_graph: num_iterations = 13292"
[1] "rewire_graph: Mode degree distribution"
[1] "rewired_kinase_network = 2259"
[1] "rewire_graph: num_iterations = 2259"
[1] "rewire_graph: Mode degree distribution"
[1] "rewired_ppi_network = 13301"
[1] "rewire_graph: num_iterations = 13292"
[1] "rewire_graph: Mode degree distribution"
[1] "rewired_tf_network = 6117"
[1] "rewire_graph: num_iterations = 6117"
[1] "rewire_graph: Mode degree distribution"
[1] "rewired_tf_network = 6117"
[1] "rewire_graph: num_iterations = 6117"
[1] "rewire_graph: Mode degree distribution"
Source: local data frame [1 x 1]

  count
  (int)
1 83283
Source: local data frame [1 x 1]

  count
  (int)
1 84407
[1] "rewire_genetic_interactions_network = 167627"
[1] "rewire_graph: num_iterations = 167627"
[1] "rewire_graph: Mode degree distribution"
Source: local data frame [1 x 1]

  count
  (int)
1 83381
Source: local data frame [1 x 1]

  count
  (int)
1 84309
[1] "rewire_genetic_interactions_network = 167627"
[1] "rewire_graph: num_iterations = 167627"
[1] "rewire_graph: Mode degree distribution"
[1] "rewired_kinase_network = 2259"
[1] "rewire_graph: num_iterations = 2259"
[1] "rewire_graph: Mode degree distribution"
[1] "rewired_ppi_network = 13301"
[1] "rewire_graph: num_iterations = 13292"
[1] "rewire_graph: Mode degree distribution"
[1] "rewired_tf_network = 6117"
[1] "rewire_graph: num_iterations = 6117"
[1] "rewire_graph: Mode degree distribution"
Source: local data frame [1 x 1]

  count
  (int)
1 83213
Source: local data frame [1 x 1]

  count
  (int)
1 84477
[1] "rewire_genetic_interactions_network = 167627"
[1] "rewire_graph: num_iterations = 167627"
[1] "rewire_graph: Mode degree distribution"
[1] "rewired_kinase_network = 2259"
[1] "rewire_graph: num_iterations = 2259"
[1] "rewire_graph: Mode degree distribution"
[1] "rewired_ppi_network = 13301"
[1] "rewire_graph: num_iterations = 13292"
[1] "rewire_graph: Mode degree distribution"
[1] "rewired_tf_network = 6117"
[1] "rewire_graph: num_iterations = 6117"
[1] "rewire_graph: Mode degree distribution"
Source: local data frame [1 x 1]

  count
  (int)
1 83182
Source: local data frame [1 x 1]

  count
  (int)
1 84508
[1] "rewire_genetic_interactions_network = 167627"
[1] "rewire_graph: num_iterations = 167627"
[1] "rewire_graph: Mode degree distribution"
[1] "rewired_kinase_network = 2259"
[1] "rewire_graph: num_iterations = 2259"
[1] "rewire_graph: Mode degree distribution"
[1] "rewired_ppi_network = 13301"
[1] "rewire_graph: num_iterations = 13292"
[1] "rewire_graph: Mode degree distribution"
[1] "rewired_tf_network = 6117"
[1] "rewire_graph: num_iterations = 6117"
[1] "rewire_graph: Mode degree distribution"
[1] "rewired_kinase_network = 2259"
[1] "rewire_graph: num_iterations = 2259"
[1] "rewire_graph: Mode degree distribution"
[1] "rewired_ppi_network = 13301"
[1] "rewire_graph: num_iterations = 13292"
[1] "rewire_graph: Mode degree distribution"
Source: local data frame [1 x 1]

  count
  (int)
1 83347
Source: local data frame [1 x 1]

  count
  (int)
1 84343
[1] "rewire_genetic_interactions_network = 167627"
[1] "rewire_graph: num_iterations = 167627"
[1] "rewire_graph: Mode degree distribution"
[1] "rewired_kinase_network = 2259"
[1] "rewire_graph: num_iterations = 2259"
[1] "rewire_graph: Mode degree distribution"
[1] "rewired_ppi_network = 13301"
[1] "rewire_graph: num_iterations = 13292"
[1] "rewire_graph: Mode degree distribution"
[1] "rewired_tf_network = 6117"
[1] "rewire_graph: num_iterations = 6117"
[1] "rewire_graph: Mode degree distribution"
[1] "rewired_tf_network = 6117"
[1] "rewire_graph: num_iterations = 6117"
[1] "rewire_graph: Mode degree distribution"
Source: local data frame [1 x 1]

  count
  (int)
1 83282
Source: local data frame [1 x 1]

  count
  (int)
1 84408
[1] "rewire_genetic_interactions_network = 167627"
[1] "rewire_graph: num_iterations = 167627"
[1] "rewire_graph: Mode degree distribution"
Source: local data frame [1 x 1]

  count
  (int)
1 83316
Source: local data frame [1 x 1]

  count
  (int)
1 84374
[1] "rewire_genetic_interactions_network = 167627"
[1] "rewire_graph: num_iterations = 167627"
[1] "rewire_graph: Mode degree distribution"
[1] "rewired_kinase_network = 2259"
[1] "rewire_graph: num_iterations = 2259"
[1] "rewire_graph: Mode degree distribution"
[1] "rewired_ppi_network = 13301"
[1] "rewire_graph: num_iterations = 13292"
[1] "rewire_graph: Mode degree distribution"
[1] "rewired_tf_network = 6117"
[1] "rewire_graph: num_iterations = 6117"
[1] "rewire_graph: Mode degree distribution"
Source: local data frame [1 x 1]

  count
  (int)
1 83235
Source: local data frame [1 x 1]

  count
  (int)
1 84455
[1] "rewire_genetic_interactions_network = 167627"
[1] "rewire_graph: num_iterations = 167627"
[1] "rewire_graph: Mode degree distribution"
[1] "rewired_kinase_network = 2259"
[1] "rewire_graph: num_iterations = 2259"
[1] "rewire_graph: Mode degree distribution"
[1] "rewired_ppi_network = 13301"
[1] "rewire_graph: num_iterations = 13292"
[1] "rewire_graph: Mode degree distribution"
[1] "rewired_tf_network = 6117"
[1] "rewire_graph: num_iterations = 6117"
[1] "rewire_graph: Mode degree distribution"
Source: local data frame [1 x 1]

  count
  (int)
1 83258
Source: local data frame [1 x 1]

  count
  (int)
1 84432
[1] "rewire_genetic_interactions_network = 167627"
[1] "rewire_graph: num_iterations = 167627"
[1] "rewire_graph: Mode degree distribution"
[1] "rewired_kinase_network = 2259"
[1] "rewire_graph: num_iterations = 2259"
[1] "rewire_graph: Mode degree distribution"
[1] "rewired_ppi_network = 13301"
[1] "rewire_graph: num_iterations = 13292"
[1] "rewire_graph: Mode degree distribution"
[1] "rewired_tf_network = 6117"
[1] "rewire_graph: num_iterations = 6117"
[1] "rewire_graph: Mode degree distribution"
Source: local data frame [1 x 1]

  count
  (int)
1 83278
Source: local data frame [1 x 1]

  count
  (int)
1 84412
[1] "rewire_genetic_interactions_network = 167627"
[1] "rewire_graph: num_iterations = 167627"
[1] "rewire_graph: Mode degree distribution"
[1] "rewired_kinase_network = 2259"
[1] "rewire_graph: num_iterations = 2259"
[1] "rewire_graph: Mode degree distribution"
[1] "rewired_ppi_network = 13301"
[1] "rewire_graph: num_iterations = 13292"
[1] "rewire_graph: Mode degree distribution"
[1] "rewired_tf_network = 6117"
[1] "rewire_graph: num_iterations = 6117"
[1] "rewire_graph: Mode degree distribution"
Source: local data frame [1 x 1]

  count
  (int)
1 83337
Source: local data frame [1 x 1]

  count
  (int)
1 84353
[1] "rewire_genetic_interactions_network = 167627"
[1] "rewire_graph: num_iterations = 167627"
[1] "rewire_graph: Mode degree distribution"
[1] "rewired_kinase_network = 2259"
[1] "rewire_graph: num_iterations = 2259"
[1] "rewire_graph: Mode degree distribution"
[1] "rewired_ppi_network = 13301"
[1] "rewire_graph: num_iterations = 13292"
[1] "rewire_graph: Mode degree distribution"
[1] "rewired_tf_network = 6117"
[1] "rewire_graph: num_iterations = 6117"
[1] "rewire_graph: Mode degree distribution"
Source: local data frame [1 x 1]

  count
  (int)
1 83263
Source: local data frame [1 x 1]

  count
  (int)
1 84427
[1] "rewire_genetic_interactions_network = 167627"
[1] "rewire_graph: num_iterations = 167627"
[1] "rewire_graph: Mode degree distribution"
[1] "rewired_kinase_network = 2259"
[1] "rewire_graph: num_iterations = 2259"
[1] "rewire_graph: Mode degree distribution"
[1] "rewired_ppi_network = 13301"
[1] "rewire_graph: num_iterations = 13292"
[1] "rewire_graph: Mode degree distribution"
[1] "rewired_tf_network = 6117"
[1] "rewire_graph: num_iterations = 6117"
[1] "rewire_graph: Mode degree distribution"
Source: local data frame [1 x 1]

  count
  (int)
1 83364
Source: local data frame [1 x 1]

  count
  (int)
1 84326
[1] "rewire_genetic_interactions_network = 167627"
[1] "rewire_graph: num_iterations = 167627"
[1] "rewire_graph: Mode degree distribution"
[1] "rewired_kinase_network = 2259"
[1] "rewire_graph: num_iterations = 2259"
[1] "rewire_graph: Mode degree distribution"
[1] "rewired_ppi_network = 13301"
[1] "rewire_graph: num_iterations = 13292"
[1] "rewire_graph: Mode degree distribution"
[1] "rewired_tf_network = 6117"
[1] "rewire_graph: num_iterations = 6117"
[1] "rewire_graph: Mode degree distribution"
Source: local data frame [1 x 1]

  count
  (int)
1 83226
Source: local data frame [1 x 1]

  count
  (int)
1 84464
[1] "rewire_genetic_interactions_network = 167627"
[1] "rewire_graph: num_iterations = 167627"
[1] "rewire_graph: Mode degree distribution"
