Loading required package: methods

Attaching package: 'igraph'

The following objects are masked from 'package:stats':

    decompose, spectrum

The following object is masked from 'package:base':

    union


Attaching package: 'dplyr'

The following objects are masked from 'package:igraph':

    %>%, as_data_frame, groups, union

The following objects are masked from 'package:stats':

    filter, lag

The following objects are masked from 'package:base':

    intersect, setdiff, setequal, union

R version 3.2.2 (2015-08-14)
Platform: x86_64-pc-linux-gnu (64-bit)
Running under: CentOS release 6.3 (Final)

locale:
[1] C

attached base packages:
[1] parallel  methods   stats     graphics  grDevices utils     datasets 
[8] base     

other attached packages:
[1] lazyeval_0.1.10 dplyr_0.4.3     igraph_1.0.1   

loaded via a namespace (and not attached):
[1] R6_2.1.2       assertthat_0.1 magrittr_1.5   tools_3.2.2    DBI_0.4-1     
[6] Rcpp_0.12.0   
[1] "is_run_locally =  FALSE"
[1] "proportion_of_original_network_size_gi_network = 1.2"
Source: local data frame [1 x 1]

  count
  (int)
1 83310
Source: local data frame [1 x 1]

Source: local data frame [1 x 1]

  count
  (int)
1 84380
  count
  (int)
1 83249
 [1 x 1]

Source: local data frame [1 x 1]

  count
  (int)
1 84441
  count
  (int)
1 83299
Source: local data frame [1 x 1]

  count
  (int)
1 83339
Source: local data frame [1 x 1]

  count
  (int)
1 84351
Source: local data frame [1 x 1]

  count
  (int)
1 83340
Source: local data frame [1 x 1]

  count
  (int)
1 84350
Source: local data frame [1 x 1]

Source: local data frame [1 x 1]

  count
  (int)
1 83584
Source: local data frame [1 x 1]

  count
  (int)
1 83384
Source: local data frame [1 x 1]

  count
  (int)
1 84306
Source: local data frame [1 x 1]

  count
  (int)
1 83297
Source: local data frame [1 x 1]

  count
  (int)
1 84393
Source: local data frame [1 x 1]

  count
  (int)
1 83271
Source: local data frame [1 x 1]

  count
  (int)
1 84419
Source: local data frame [1 x 1]

  count
  (int)
1 83284
Source: local data frame [1 x 1]

  count
  (int)
1 84406
Source: local data frame [1 x 1]

  count
  (int)
1 83389
Source: local data frame [1 x 1]

  count
  (int)
1 84301
Source: local data frame [1 x 1]

  count
  (int)
1 83359
Source: local data frame [1 x 1]

  count
  (int)
1 84331
Source: local data frame [1 x 1]

Source: local data frame [1 x 1]

  count
  (int)
1 83328
Source: local data frame [1 x 1]

Source: local data frame [1 x 1]

  count
  (int)
1 84362
  count
  (int)
1 84474
[1] "rewire_genetic_interactions_network = 167627"
[1] "rewire_genetic_interactions_network = 167627"
[1] "rewire_genetic_interactions_network = 167627"
[1] "rewire_genetic_interactions_network = 167627"
[1] "rewire_genetic_interactions_network = 167627"
[1] "rewire_genetic_interactions_network = 167627"
[1] "rewire_genetic_interactions_network = 167627"
[1] "rewire_genetic_interactions_network = 167627"
[1] "rewire_genetic_interactions_network = 167627"
[1] "rewire_genetic_interactions_network = 167627"
[1] "rewire_graph: num_iterations = 167627"
[1] "rewire_graph: Mode degree distribution"
[1] "rewire_graph: num_iterations = 167627"
[1] "rewire_graph: Mode degree distribution"
[1] "rewire_graph: num_iterations = 167627"
[1] "rewire_graph: Mode degree distribution"
[1] "rewire_genetic_interactions_network = 167627"
[1] "rewire_graph: num_iterations = 167627"
[1] "rewire_graph: Mode degree distribution"
[1] "rewire_genetic_interactions_network = 167627"
[1] "rewire_graph: num_iterations = 167627"
[1] "rewire_graph: Mode degree distribution"
[1] "rewire_graph: num_iterations = 167627"
[1] "rewire_graph: Mode degree distribution"
[1] "rewire_graph: num_iterations = 167627"
[1] "rewire_graph: Mode degree distribution"
[1] "rewire_genetic_interactions_network = 167627"
[1] "rewire_graph: num_iterations = 167627"
[1] "rewire_graph: Mode degree distribution"
[1] "rewire_graph: num_iterations = 167627"
[1] "rewire_graph: Mode degree distribution"
[1] "rewire_graph: num_iterations = 167627"
[1] "rewire_graph: Mode degree distribution"
[1] "rewire_graph: num_iterations = 167627"
[1] "rewire_graph: Mode degree distribution"
[1] "rewire_graph: num_iterations = 167627"
[1] "rewire_graph: Mode degree distribution"
[1] "rewire_graph: num_iterations = 167627"
[1] "rewire_graph: Mode degree distribution"
Source: local data frame [1 x 1]

  count
  (int)
1 83146
Source: local data frame [1 x 1]

  count
  (int)
1 84544
Source: local data frame [1 x 1]

  count
  (int)
1 83287
Source: local data frame [1 x 1]

  count
  (int)
1 84403
[1] "rewire_genetic_interactions_network = 167627"
[1] "rewire_genetic_interactions_network = 167627"
[1] "rewire_graph: num_iterations = 167627"
[1] "rewire_graph: Mode degree distribution"
[1] "rewire_graph: num_iterations = 167627"
[1] "rewire_graph: Mode degree distribution"
[1] "rewired_kinase_network = 2259"
[1] "rewire_graph: num_iterations = 2259"
[1] "rewire_graph: Mode degree distribution"
[1] "rewired_ppi_network = 13301"
[1] "rewire_graph: num_iterations = 13292"
[1] "rewire_graph: Mode degree distribution"
[1] "rewired_kinase_network = 2259"
[1] "rewired_kinase_network = 2259"
[1] "rewire_graph: num_iterations = 2259"
[1] "rewire_graph: Mode degree distribution"
[1] "rewire_graph: num_iterations = 2259"
[1] "rewire_graph: Mode degree distribution"
[1] "rewired_ppi_network = 13301"
[1] "rewired_ppi_network = 13301"
[1] "rewire_graph: num_iterations = 13292"
[1] "rewire_graph: Mode degree distribution"
[1] "rewire_graph: num_iterations = 13292"
[1] "rewire_graph: Mode degree distribution"
[1] "rewired_kinase_network = 2259"
[1] "rewire_graph: num_iterations = 2259"
[1] "rewire_graph: Mode degree distribution"
[1] "rewired_ppi_network = 13301"
[1] "rewire_graph: num_iterations = 13292"
[1] "rewire_graph: Mode degree distribution"
[1] "rewired_kinase_network = 2259"
[1] "rewire_graph: num_iterations = 2259"
[1] "rewire_graph: Mode degree distribution"
[1] "rewired_kinase_network = 2259"
[1] "rewired_ppi_network = 13301"
[1] "rewire_graph: num_iterations = 2259"
[1] "rewire_graph: Mode degree distribution"
[1] "rewire_graph: num_iterations = 13292"
[1] "rewire_graph: Mode degree distribution"
[1] "rewired_ppi_network = 13301"
[1] "rewire_graph: num_iterations = 13292"
[1] "rewire_graph: Mode degree distribution"
[1] "rewired_kinase_network = 2259"
[1] "rewire_graph: num_iterations = 2259"
[1] "rewire_graph: Mode degree distribution"
[1] "rewired_ppi_network = 13301"
[1] "rewire_graph: num_iterations = 13292"
[1] "rewire_graph: Mode degree distribution"
[1] "rewired_tf_network = 6117"
[1] "rewire_graph: num_iterations = 6117"
[1] "rewire_graph: Mode degree distribution"
[1] "rewired_kinase_network = 2259"
[1] "rewire_graph: num_iterations = 2259"
[1] "rewire_graph: Mode degree distribution"
[1] "rewired_ppi_network = 13301"
[1] "rewire_graph: num_iterations = 13292"
[1] "rewire_graph: Mode degree distribution"
[1] "rewired_kinase_network = 2259"
[1] "rewire_graph: num_iterations = 2259"
[1] "rewire_graph: Mode degree distribution"
[1] "rewired_ppi_network = 13301"
[1] "rewire_graph: num_iterations = 13292"
[1] "rewire_graph: Mode degree distribution"
[1] "rewired_tf_network = 6117"
[1] "rewire_graph: num_iterations = 6117"
[1] "rewire_graph: Mode degree distribution"
[1] "rewired_tf_network = 6117"
[1] "rewire_graph: num_iterations = 6117"
[1] "rewire_graph: Mode degree distribution"
[1] "rewired_tf_network = 6117"
[1] "rewire_graph: num_iterations = 6117"
[1] "rewire_graph: Mode degree distribution"
[1] "rewired_kinase_network = 2259"
[1] "rewire_graph: num_iterations = 2259"
[1] "rewire_graph: Mode degree distribution"
[1] "rewired_ppi_network = 13301"
[1] "rewire_graph: num_iterations = 13292"
[1] "rewire_graph: Mode degree distribution"
Source: local data frame [1 x 1]

  count
  (int)
1 83127
Source: local data frame [1 x 1]

  count
  (int)
1 84563
[1] "rewire_genetic_interactions_network = 167627"
[1] "rewire_graph: num_iterations = 167627"
[1] "rewire_graph: Mode degree distribution"
[1] "rewired_tf_network = 6117"
[1] "rewire_graph: num_iterations = 6117"
[1] "rewire_graph: Mode degree distribution"
[1] "rewired_tf_network = 6117"
[1] "rewire_graph: num_iterations = 6117"
[1] "rewire_graph: Mode degree distribution"
[1] "rewired_tf_network = 6117"
[1] "rewire_graph: num_iterations = 6117"
[1] "rewire_graph: Mode degree distribution"
Source: local data frame [1 x 1]

  count
  (int)
1 83238
Source: local data frame [1 x 1]

  count
  (int)
1 84452
[1] "rewire_genetic_interactions_network = 167627"
[1] "rewire_graph: num_iterations = 167627"
[1] "rewire_graph: Mode degree distribution"
Source: local data frame [1 x 1]

  count
  (int)
1 83342
Source: local data frame [1 x 1]

  count
  (int)
1 84348
[1] "rewire_genetic_interactions_network = 167627"
[1] "rewire_graph: num_iterations = 167627"
[1] "rewire_graph: Mode degree distribution"
Source: local data frame [1 x 1]

  count
  (int)
1 83280
Source: local data frame [1 x 1]

  count
  (int)
1 84410
[1] "rewire_genetic_interactions_network = 167627"
[1] "rewire_graph: num_iterations = 167627"
[1] "rewire_graph: Mode degree distribution"
[1] "rewired_tf_network = 6117"
[1] "rewire_graph: num_iterations = 6117"
[1] "rewire_graph: Mode degree distribution"
[1] "rewired_kinase_network = 2259"
[1] "rewire_graph: num_iterations = 2259"
[1] "rewire_graph: Mode degree distribution"
[1] "rewired_ppi_network = 13301"
[1] "rewire_graph: num_iterations = 13292"
[1] "rewire_graph: Mode degree distribution"
[1] "rewired_tf_network = 6117"
[1] "rewire_graph: num_iterations = 6117"
[1] "rewire_graph: Mode degree distribution"
[1] "rewired_kinase_network = 2259"
[1] "rewire_graph: num_iterations = 2259"
[1] "rewire_graph: Mode degree distribution"
[1] "rewired_ppi_network = 13301"
[1] "rewire_graph: num_iterations = 13292"
[1] "rewire_graph: Mode degree distribution"
Source: local data frame [1 x 1]

  count
  (int)
1 83404
Source: local data frame [1 x 1]

  count
  (int)
1 84286
[1] "rewired_tf_network = 6117"
[1] "rewire_graph: num_iterations = 6117"
[1] "rewire_graph: Mode degree distribution"
[1] "rewire_genetic_interactions_network = 167627"
[1] "rewire_graph: num_iterations = 167627"
[1] "rewire_graph: Mode degree distribution"
Source: local data frame [1 x 1]

  count
  (int)
1 83192
Source: local data frame [1 x 1]

  count
  (int)
1 84498
Source: local data frame [1 x 1]

  count
  (int)
1 83285
Source: local data frame [1 x 1]

  count
  (int)
1 84405
[1] "rewire_genetic_interactions_network = 167627"
[1] "rewire_graph: num_iterations = 167627"
[1] "rewire_graph: Mode degree distribution"
[1] "rewire_genetic_interactions_network = 167627"
[1] "rewire_graph: num_iterations = 167627"
[1] "rewire_graph: Mode degree distribution"
Source: local data frame [1 x 1]

  count
  (int)
1 83298
Source: local data frame [1 x 1]

  count
  (int)
1 84392
Source: local data frame [1 x 1]

  count
  (int)
1 83127
Source: local data frame [1 x 1]

  count
  (int)
1 84563
[1] "rewire_genetic_interactions_network = 167627"
[1] "rewire_graph: num_iterations = 167627"
[1] "rewire_graph: Mode degree distribution"
[1] "rewire_genetic_interactions_network = 167627"
[1] "rewire_graph: num_iterations = 167627"
[1] "rewire_graph: Mode degree distribution"
[1] "rewired_kinase_network = 2259"
[1] "rewire_graph: num_iterations = 2259"
[1] "rewire_graph: Mode degree distribution"
[1] "rewired_ppi_network = 13301"
[1] "rewire_graph: num_iterations = 13292"
[1] "rewire_graph: Mode degree distribution"
[1] "rewired_tf_network = 6117"
[1] "rewire_graph: num_iterations = 6117"
[1] "rewire_graph: Mode degree distribution"
Source: local data frame [1 x 1]

  count
  (int)
1 83310
Source: local data frame [1 x 1]

  count
  (int)
1 84380
[1] "rewire_genetic_interactions_network = 167627"
[1] "rewire_graph: num_iterations = 167627"
[1] "rewire_graph: Mode degree distribution"
[1] "rewired_tf_network = 6117"
[1] "rewire_graph: num_iterations = 6117"
[1] "rewire_graph: Mode degree distribution"
Source: local data frame [1 x 1]

  count
  (int)
1 83276
Source: local data frame [1 x 1]

  count
  (int)
1 84414
[1] "rewire_genetic_interactions_network = 167627"
[1] "rewire_graph: num_iterations = 167627"
[1] "rewire_graph: Mode degree distribution"
[1] "rewired_kinase_network = 2259"
[1] "rewire_graph: num_iterations = 2259"
[1] "rewire_graph: Mode degree distribution"
[1] "rewired_ppi_network = 13301"
[1] "rewire_graph: num_iterations = 13292"
[1] "rewire_graph: Mode degree distribution"
Source: local data frame [1 x 1]

  count
  (int)
1 83294
Source: local data frame [1 x 1]

  count
  (int)
1 84396
[1] "rewired_tf_network = 6117"
[1] "rewire_genetic_interactions_network = 167627"
[1] "rewire_graph: num_iterations = 6117"
[1] "rewire_graph: Mode degree distribution"
[1] "rewire_graph: num_iterations = 167627"
[1] "rewire_graph: Mode degree distribution"
[1] "rewired_kinase_network = 2259"
[1] "rewire_graph: num_iterations = 2259"
[1] "rewire_graph: Mode degree distribution"
[1] "rewired_ppi_network = 13301"
[1] "rewire_graph: num_iterations = 13292"
[1] "rewire_graph: Mode degree distribution"
Source: local data frame [1 x 1]

  count
  (int)
1 83206
Source: local data frame [1 x 1]

  count
  (int)
1 84484
[1] "rewire_genetic_interactions_network = 167627"
[1] "rewire_graph: num_iterations = 167627"
[1] "rewire_graph: Mode degree distribution"
[1] "rewired_tf_network = 6117"
[1] "rewire_graph: num_iterations = 6117"
[1] "rewire_graph: Mode degree distribution"
[1] "rewired_tf_network = 6117"
[1] "rewire_graph: num_iterations = 6117"
[1] "rewire_graph: Mode degree distribution"
Source: local data frame [1 x 1]

  count
  (int)
1 83302
Source: local data frame [1 x 1]

  count
  (int)
1 84388
[1] "rewire_genetic_interactions_network = 167627"
[1] "rewire_graph: num_iterations = 167627"
[1] "rewire_graph: Mode degree distribution"
[1] "rewired_kinase_network = 2259"
[1] "rewire_graph: num_iterations = 2259"
[1] "rewire_graph: Mode degree distribution"
[1] "rewired_ppi_network = 13301"
[1] "rewire_graph: num_iterations = 13292"
[1] "rewire_graph: Mode degree distribution"
Source: local data frame [1 x 1]

  count
  (int)
1 83105
Source: local data frame [1 x 1]

  count
  (int)
1 84585
[1] "rewire_genetic_interactions_network = 167627"
[1] "rewire_graph: num_iterations = 167627"
[1] "rewire_graph: Mode degree distribution"
[1] "rewired_tf_network = 6117"
[1] "rewire_graph: num_iterations = 6117"
[1] "rewire_graph: Mode degree distribution"
Source: local data frame [1 x 1]

  count
  (int)
1 83287
Source: local data frame [1 x 1]

  count
  (int)
1 84403
[1] "rewire_genetic_interactions_network = 167627"
[1] "rewire_graph: num_iterations = 167627"
[1] "rewire_graph: Mode degree distribution"
[1] "rewired_kinase_network = 2259"
[1] "rewire_graph: num_iterations = 2259"
[1] "rewire_graph: Mode degree distribution"
[1] "rewired_ppi_network = 13301"
[1] "rewire_graph: num_iterations = 13292"
[1] "rewire_graph: Mode degree distribution"
[1] "rewired_kinase_network = 2259"
[1] "rewire_graph: num_iterations = 2259"
[1] "rewire_graph: Mode degree distribution"
[1] "rewired_ppi_network = 13301"
[1] "rewire_graph: num_iterations = 13292"
[1] "rewire_graph: Mode degree distribution"
[1] "rewired_tf_network = 6117"
[1] "rewire_graph: num_iterations = 6117"
[1] "rewire_graph: Mode degree distribution"
Source: local data frame [1 x 1]

  count
  (int)
1 83176
Source: local data frame [1 x 1]

  count
  (int)
1 84514
[1] "rewire_genetic_interactions_network = 167627"
[1] "rewire_graph: num_iterations = 167627"
[1] "rewire_graph: Mode degree distribution"
[1] "rewired_tf_network = 6117"
[1] "rewire_graph: num_iterations = 6117"
[1] "rewire_graph: Mode degree distribution"
[1] "rewired_kinase_network = 2259"
[1] "rewire_graph: num_iterations = 2259"
[1] "rewire_graph: Mode degree distribution"
[1] "rewired_ppi_network = 13301"
[1] "rewire_graph: num_iterations = 13292"
[1] "rewire_graph: Mode degree distribution"
Source: local data frame [1 x 1]

  count
  (int)
1 83407
Source: local data frame [1 x 1]

  count
  (int)
1 84283
[1] "rewire_genetic_interactions_network = 167627"
[1] "rewire_graph: num_iterations = 167627"
[1] "rewire_graph: Mode degree distribution"
[1] "rewired_tf_network = 6117"
[1] "rewire_graph: num_iterations = 6117"
[1] "rewire_graph: Mode degree distribution"
Source: local data frame [1 x 1]

  count
  (int)
1 83191
Source: local data frame [1 x 1]

  count
  (int)
1 84499
[1] "rewire_genetic_interactions_network = 167627"
[1] "rewire_graph: num_iterations = 167627"
[1] "rewire_graph: Mode degree distribution"
[1] "rewired_kinase_network = 2259"
[1] "rewire_graph: num_iterations = 2259"
[1] "rewire_graph: Mode degree distribution"
[1] "rewired_ppi_network = 13301"
[1] "rewire_graph: num_iterations = 13292"
[1] "rewire_graph: Mode degree distribution"
[1] "rewired_kinase_network = 2259"
[1] "rewire_graph: num_iterations = 2259"
[1] "rewire_graph: Mode degree distribution"
[1] "rewired_ppi_network = 13301"
[1] "rewire_graph: num_iterations = 13292"
[1] "rewire_graph: Mode degree distribution"
[1] "rewired_tf_network = 6117"
[1] "rewire_graph: num_iterations = 6117"
[1] "rewire_graph: Mode degree distribution"
[1] "rewired_tf_network = 6117"
[1] "rewire_graph: num_iterations = 6117"
[1] "rewire_graph: Mode degree distribution"
[1] "rewired_kinase_network = 2259"
[1] "rewire_graph: num_iterations = 2259"
[1] "rewire_graph: Mode degree distribution"
[1] "rewired_ppi_network = 13301"
[1] "rewire_graph: num_iterations = 13292"
[1] "rewire_graph: Mode degree distribution"
Source: local data frame [1 x 1]

  count
  (int)
1 83336
Source: local data frame [1 x 1]

  count
  (int)
1 84354
[1] "rewire_genetic_interactions_network = 167627"
[1] "rewire_graph: num_iterations = 167627"
[1] "rewire_graph: Mode degree distribution"
Source: local data frame [1 x 1]

  count
  (int)
1 83389
Source: local data frame [1 x 1]

  count
  (int)
1 84301
[1] "rewire_genetic_interactions_network = 167627"
[1] "rewire_graph: num_iterations = 167627"
[1] "rewire_graph: Mode degree distribution"
[1] "rewired_tf_network = 6117"
[1] "rewire_graph: num_iterations = 6117"
[1] "rewire_graph: Mode degree distribution"
Source: local data frame [1 x 1]

  count
  (int)
1 83217
Source: local data frame [1 x 1]

  count
  (int)
1 84473
[1] "rewire_genetic_interactions_network = 167627"
[1] "rewire_graph: num_iterations = 167627"
[1] "rewire_graph: Mode degree distribution"
[1] "rewired_kinase_network = 2259"
[1] "rewire_graph: num_iterations = 2259"
[1] "rewire_graph: Mode degree distribution"
[1] "rewired_ppi_network = 13301"
[1] "rewire_graph: num_iterations = 13292"
[1] "rewire_graph: Mode degree distribution"
[1] "rewired_kinase_network = 2259"
[1] "rewire_graph: num_iterations = 2259"
[1] "rewire_graph: Mode degree distribution"
[1] "rewired_ppi_network = 13301"
[1] "rewire_graph: num_iterations = 13292"
[1] "rewire_graph: Mode degree distribution"
[1] "rewired_tf_network = 6117"
[1] "rewire_graph: num_iterations = 6117"
[1] "rewire_graph: Mode degree distribution"
Source: local data frame [1 x 1]

  count
  (int)
1 83370
Source: local data frame [1 x 1]

  count
  (int)
1 84320
[1] "rewire_genetic_interactions_network = 167627"
[1] "rewire_graph: num_iterations = 167627"
[1] "rewire_graph: Mode degree distribution"
[1] "rewired_tf_network = 6117"
[1] "rewire_graph: num_iterations = 6117"
[1] "rewire_graph: Mode degree distribution"
[1] "rewired_kinase_network = 2259"
[1] "rewire_graph: num_iterations = 2259"
[1] "rewire_graph: Mode degree distribution"
[1] "rewired_ppi_network = 13301"
[1] "rewire_graph: num_iterations = 13292"
[1] "rewire_graph: Mode degree distribution"
Source: local data frame [1 x 1]

  count
  (int)
1 83394
Source: local data frame [1 x 1]

  count
  (int)
1 84296
[1] "rewire_genetic_interactions_network = 167627"
[1] "rewire_graph: num_iterations = 167627"
[1] "rewire_graph: Mode degree distribution"
[1] "rewired_tf_network = 6117"
[1] "rewire_graph: num_iterations = 6117"
[1] "rewire_graph: Mode degree distribution"
Source: local data frame [1 x 1]

  count
  (int)
1 83222
Source: local data frame [1 x 1]

  count
  (int)
1 84468
[1] "rewire_genetic_interactions_network = 167627"
[1] "rewire_graph: num_iterations = 167627"
[1] "rewire_graph: Mode degree distribution"
[1] "rewired_kinase_network = 2259"
[1] "rewire_graph: num_iterations = 2259"
[1] "rewire_graph: Mode degree distribution"
[1] "rewired_ppi_network = 13301"
[1] "rewire_graph: num_iterations = 13292"
[1] "rewire_graph: Mode degree distribution"
[1] "rewired_tf_network = 6117"
[1] "rewire_graph: num_iterations = 6117"
[1] "rewire_graph: Mode degree distribution"
[1] "rewired_kinase_network = 2259"
[1] "rewire_graph: num_iterations = 2259"
[1] "rewire_graph: Mode degree distribution"
[1] "rewired_ppi_network = 13301"
[1] "rewire_graph: num_iterations = 13292"
[1] "rewire_graph: Mode degree distribution"
Source: local data frame [1 x 1]

  count
  (int)
1 83305
Source: local data frame [1 x 1]

  count
  (int)
1 84385
[1] "rewire_genetic_interactions_network = 167627"
[1] "rewire_graph: num_iterations = 167627"
[1] "rewire_graph: Mode degree distribution"
[1] "rewired_tf_network = 6117"
[1] "rewire_graph: num_iterations = 6117"
[1] "rewire_graph: Mode degree distribution"
Source: local data frame [1 x 1]

  count
  (int)
1 83251
Source: local data frame [1 x 1]

  count
  (int)
1 84439
[1] "rewire_genetic_interactions_network = 167627"
[1] "rewire_graph: num_iterations = 167627"
[1] "rewire_graph: Mode degree distribution"
[1] "rewired_kinase_network = 2259"
[1] "rewire_graph: num_iterations = 2259"
[1] "rewire_graph: Mode degree distribution"
[1] "rewired_ppi_network = 13301"
[1] "rewire_graph: num_iterations = 13292"
[1] "rewire_graph: Mode degree distribution"
[1] "rewired_tf_network = 6117"
[1] "rewire_graph: num_iterations = 6117"
[1] "rewire_graph: Mode degree distribution"
Source: local data frame [1 x 1]

  count
  (int)
1 83090
Source: local data frame [1 x 1]

  count
  (int)
1 84600
[1] "rewire_genetic_interactions_network = 167627"
[1] "rewire_graph: num_iterations = 167627"
[1] "rewire_graph: Mode degree distribution"
[1] "rewired_kinase_network = 2259"
[1] "rewire_graph: num_iterations = 2259"
[1] "rewire_graph: Mode degree distribution"
[1] "rewired_ppi_network = 13301"
[1] "rewire_graph: num_iterations = 13292"
[1] "rewire_graph: Mode degree distribution"
[1] "rewired_tf_network = 6117"
[1] "rewire_graph: num_iterations = 6117"
[1] "rewire_graph: Mode degree distribution"
Source: local data frame [1 x 1]

  count
  (int)
1 83378
Source: local data frame [1 x 1]

  count
  (int)
1 84312
[1] "rewire_genetic_interactions_network = 167627"
[1] "rewire_graph: num_iterations = 167627"
[1] "rewire_graph: Mode degree distribution"
[1] "rewired_kinase_network = 2259"
[1] "rewire_graph: num_iterations = 2259"
[1] "rewire_graph: Mode degree distribution"
[1] "rewired_ppi_network = 13301"
[1] "rewire_graph: num_iterations = 13292"
[1] "rewire_graph: Mode degree distribution"
[1] "rewired_tf_network = 6117"
[1] "rewire_graph: num_iterations = 6117"
[1] "rewire_graph: Mode degree distribution"
Source: local data frame [1 x 1]

  count
  (int)
1 83261
Source: local data frame [1 x 1]

  count
  (int)
1 84429
[1] "rewire_genetic_interactions_network = 167627"
[1] "rewire_graph: num_iterations = 167627"
[1] "rewire_graph: Mode degree distribution"
[1] "rewired_kinase_network = 2259"
[1] "rewire_graph: num_iterations = 2259"
[1] "rewire_graph: Mode degree distribution"
[1] "rewired_ppi_network = 13301"
[1] "rewire_graph: num_iterations = 13292"
[1] "rewire_graph: Mode degree distribution"
[1] "rewired_tf_network = 6117"
[1] "rewire_graph: num_iterations = 6117"
[1] "rewire_graph: Mode degree distribution"
Source: local data frame [1 x 1]

  count
  (int)
1 83327
Source: local data frame [1 x 1]

  count
  (int)
1 84363
[1] "rewire_genetic_interactions_network = 167627"
[1] "rewire_graph: num_iterations = 167627"
[1] "rewire_graph: Mode degree distribution"
[1] "rewired_kinase_network = 2259"
[1] "rewire_graph: num_iterations = 2259"
[1] "rewire_graph: Mode degree distribution"
[1] "rewired_ppi_network = 13301"
[1] "rewire_graph: num_iterations = 13292"
[1] "rewire_graph: Mode degree distribution"
[1] "rewired_tf_network = 6117"
[1] "rewire_graph: num_iterations = 6117"
[1] "rewire_graph: Mode degree distribution"
Source: local data frame [1 x 1]

  count
  (int)
1 83304
Source: local data frame [1 x 1]

  count
  (int)
1 84386
[1] "rewire_genetic_interactions_network = 167627"
[1] "rewire_graph: num_iterations = 167627"
[1] "rewire_graph: Mode degree distribution"
[1] "rewired_kinase_network = 2259"
[1] "rewire_graph: num_iterations = 2259"
[1] "rewire_graph: Mode degree distribution"
[1] "rewired_ppi_network = 13301"
[1] "rewire_graph: num_iterations = 13292"
[1] "rewire_graph: Mode degree distribution"
[1] "rewired_tf_network = 6117"
[1] "rewire_graph: num_iterations = 6117"
[1] "rewire_graph: Mode degree distribution"
Source: local data frame [1 x 1]

  count
  (int)
1 83204
Source: local data frame [1 x 1]

  count
  (int)
1 84486
[1] "rewire_genetic_interactions_network = 167627"
[1] "rewire_graph: num_iterations = 167627"
[1] "rewire_graph: Mode degree distribution"
[1] "rewired_kinase_network = 2259"
[1] "rewire_graph: num_iterations = 2259"
[1] "rewire_graph: Mode degree distribution"
[1] "rewired_ppi_network = 13301"
[1] "rewire_graph: num_iterations = 13292"
[1] "rewire_graph: Mode degree distribution"
[1] "rewired_kinase_network = 2259"
[1] "rewire_graph: num_iterations = 2259"
[1] "rewire_graph: Mode degree distribution"
[1] "rewired_ppi_network = 13301"
[1] "rewire_graph: num_iterations = 13292"
[1] "rewire_graph: Mode degree distribution"
[1] "rewired_tf_network = 6117"
[1] "rewire_graph: num_iterations = 6117"
[1] "rewire_graph: Mode degree distribution"
[1] "rewired_tf_network = 6117"
[1] "rewire_graph: num_iterations = 6117"
[1] "rewire_graph: Mode degree distribution"
Source: local data frame [1 x 1]

  count
  (int)
1 83347
Source: local data frame [1 x 1]

  count
  (int)
1 84343
[1] "rewire_genetic_interactions_network = 167627"
[1] "rewire_graph: num_iterations = 167627"
[1] "rewire_graph: Mode degree distribution"
Source: local data frame [1 x 1]

  count
  (int)
1 83268
Source: local data frame [1 x 1]

  count
  (int)
1 84422
[1] "rewire_genetic_interactions_network = 167627"
[1] "rewire_graph: num_iterations = 167627"
[1] "rewire_graph: Mode degree distribution"
[1] "rewired_kinase_network = 2259"
[1] "rewire_graph: num_iterations = 2259"
[1] "rewire_graph: Mode degree distribution"
[1] "rewired_ppi_network = 13301"
[1] "rewire_graph: num_iterations = 13292"
[1] "rewire_graph: Mode degree distribution"
[1] "rewired_tf_network = 6117"
[1] "rewire_graph: num_iterations = 6117"
[1] "rewire_graph: Mode degree distribution"
Source: local data frame [1 x 1]

  count
  (int)
1 83388
Source: local data frame [1 x 1]

  count
  (int)
1 84302
[1] "rewire_genetic_interactions_network = 167627"
[1] "rewire_graph: num_iterations = 167627"
[1] "rewire_graph: Mode degree distribution"
[1] "rewired_kinase_network = 2259"
[1] "rewire_graph: num_iterations = 2259"
[1] "rewire_graph: Mode degree distribution"
[1] "rewired_ppi_network = 13301"
[1] "rewire_graph: num_iterations = 13292"
[1] "rewire_graph: Mode degree distribution"
[1] "rewired_tf_network = 6117"
[1] "rewire_graph: num_iterations = 6117"
[1] "rewire_graph: Mode degree distribution"
[1] "rewired_kinase_network = 2259"
[1] "rewire_graph: num_iterations = 2259"
[1] "rewire_graph: Mode degree distribution"
[1] "rewired_ppi_network = 13301"
[1] "rewire_graph: num_iterations = 13292"
[1] "rewire_graph: Mode degree distribution"
Source: local data frame [1 x 1]

  count
  (int)
1 83304
Source: local data frame [1 x 1]

  count
  (int)
1 84386
[1] "rewire_genetic_interactions_network = 167627"
[1] "rewire_graph: num_iterations = 167627"
[1] "rewire_graph: Mode degree distribution"
[1] "rewired_tf_network = 6117"
[1] "rewire_graph: num_iterations = 6117"
[1] "rewire_graph: Mode degree distribution"
Source: local data frame [1 x 1]

  count
  (int)
1 83150
Source: local data frame [1 x 1]

  count
  (int)
1 84540
[1] "rewire_genetic_interactions_network = 167627"
[1] "rewire_graph: num_iterations = 167627"
[1] "rewire_graph: Mode degree distribution"
[1] "rewired_kinase_network = 2259"
[1] "rewire_graph: num_iterations = 2259"
[1] "rewire_graph: Mode degree distribution"
[1] "rewired_ppi_network = 13301"
[1] "rewire_graph: num_iterations = 13292"
[1] "rewire_graph: Mode degree distribution"
[1] "rewired_tf_network = 6117"
[1] "rewire_graph: num_iterations = 6117"
[1] "rewire_graph: Mode degree distribution"
Source: local data frame [1 x 1]

  count
  (int)
1 83249
Source: local data frame [1 x 1]

  count
  (int)
1 84441
[1] "rewire_genetic_interactions_network = 167627"
[1] "rewire_graph: num_iterations = 167627"
[1] "rewire_graph: Mode degree distribution"
[1] "rewired_kinase_network = 2259"
[1] "rewire_graph: num_iterations = 2259"
[1] "rewire_graph: Mode degree distribution"
[1] "rewired_ppi_network = 13301"
[1] "rewire_graph: num_iterations = 13292"
[1] "rewire_graph: Mode degree distribution"
[1] "rewired_tf_network = 6117"
[1] "rewire_graph: num_iterations = 6117"
[1] "rewire_graph: Mode degree distribution"
Source: local data frame [1 x 1]

  count
  (int)
1 83284
Source: local data frame [1 x 1]

  count
  (int)
1 84406
[1] "rewire_genetic_interactions_network = 167627"
[1] "rewire_graph: num_iterations = 167627"
[1] "rewire_graph: Mode degree distribution"
[1] "rewired_kinase_network = 2259"
[1] "rewire_graph: num_iterations = 2259"
[1] "rewire_graph: Mode degree distribution"
[1] "rewired_ppi_network = 13301"
[1] "rewire_graph: num_iterations = 13292"
[1] "rewire_graph: Mode degree distribution"
[1] "rewired_kinase_network = 2259"
[1] "rewire_graph: num_iterations = 2259"
[1] "rewire_graph: Mode degree distribution"
[1] "rewired_ppi_network = 13301"
[1] "rewire_graph: num_iterations = 13292"
[1] "rewire_graph: Mode degree distribution"
[1] "rewired_tf_network = 6117"
[1] "rewire_graph: num_iterations = 6117"
[1] "rewire_graph: Mode degree distribution"
[1] "rewired_tf_network = 6117"
[1] "rewire_graph: num_iterations = 6117"
[1] "rewire_graph: Mode degree distribution"
Source: local data frame [1 x 1]

  count
  (int)
1 83196
Source: local data frame [1 x 1]

  count
  (int)
1 84494
[1] "rewire_genetic_interactions_network = 167627"
[1] "rewire_graph: num_iterations = 167627"
[1] "rewire_graph: Mode degree distribution"
Source: local data frame [1 x 1]

  count
  (int)
1 83316
Source: local data frame [1 x 1]

  count
  (int)
1 84374
[1] "rewire_genetic_interactions_network = 167627"
[1] "rewire_graph: num_iterations = 167627"
[1] "rewire_graph: Mode degree distribution"
[1] "rewired_kinase_network = 2259"
[1] "rewire_graph: num_iterations = 2259"
[1] "rewire_graph: Mode degree distribution"
[1] "rewired_ppi_network = 13301"
[1] "rewire_graph: num_iterations = 13292"
[1] "rewire_graph: Mode degree distribution"
[1] "rewired_tf_network = 6117"
[1] "rewire_graph: num_iterations = 6117"
[1] "rewire_graph: Mode degree distribution"
Source: local data frame [1 x 1]

  count
  (int)
1 83249
Source: local data frame [1 x 1]

  count
  (int)
1 84441
[1] "rewire_genetic_interactions_network = 167627"
[1] "rewire_graph: num_iterations = 167627"
[1] "rewire_graph: Mode degree distribution"
[1] "rewired_kinase_network = 2259"
[1] "rewire_graph: num_iterations = 2259"
[1] "rewire_graph: Mode degree distribution"
[1] "rewired_ppi_network = 13301"
[1] "rewire_graph: num_iterations = 13292"
[1] "rewire_graph: Mode degree distribution"
[1] "rewired_tf_network = 6117"
[1] "rewire_graph: num_iterations = 6117"
[1] "rewire_graph: Mode degree distribution"
Source: local data frame [1 x 1]

  count
  (int)
1 83320
Source: local data frame [1 x 1]

  count
  (int)
1 84370
[1] "rewire_genetic_interactions_network = 167627"
[1] "rewire_graph: num_iterations = 167627"
[1] "rewire_graph: Mode degree distribution"
[1] "rewired_kinase_network = 2259"
[1] "rewire_graph: num_iterations = 2259"
[1] "rewire_graph: Mode degree distribution"
[1] "rewired_ppi_network = 13301"
[1] "rewire_graph: num_iterations = 13292"
[1] "rewire_graph: Mode degree distribution"
[1] "rewired_tf_network = 6117"
[1] "rewire_graph: num_iterations = 6117"
[1] "rewire_graph: Mode degree distribution"
Source: local data frame [1 x 1]

  count
  (int)
1 83240
Source: local data frame [1 x 1]

  count
  (int)
1 84450
[1] "rewire_genetic_interactions_network = 167627"
[1] "rewire_graph: num_iterations = 167627"
[1] "rewire_graph: Mode degree distribution"
[1] "rewired_kinase_network = 2259"
[1] "rewire_graph: num_iterations = 2259"
[1] "rewire_graph: Mode degree distribution"
[1] "rewired_ppi_network = 13301"
[1] "rewire_graph: num_iterations = 13292"
[1] "rewire_graph: Mode degree distribution"
[1] "rewired_kinase_network = 2259"
[1] "rewire_graph: num_iterations = 2259"
[1] "rewire_graph: Mode degree distribution"
[1] "rewired_ppi_network = 13301"
[1] "rewire_graph: num_iterations = 13292"
[1] "rewire_graph: Mode degree distribution"
[1] "rewired_tf_network = 6117"
[1] "rewire_graph: num_iterations = 6117"
[1] "rewire_graph: Mode degree distribution"
[1] "rewired_tf_network = 6117"
[1] "rewire_graph: num_iterations = 6117"
[1] "rewire_graph: Mode degree distribution"
Source: local data frame [1 x 1]

  count
  (int)
1 83311
Source: local data frame [1 x 1]

  count
  (int)
1 84379
[1] "rewire_genetic_interactions_network = 167627"
[1] "rewire_graph: num_iterations = 167627"
[1] "rewire_graph: Mode degree distribution"
Source: local data frame [1 x 1]

  count
  (int)
1 83149
Source: local data frame [1 x 1]

  count
  (int)
1 84541
[1] "rewire_genetic_interactions_network = 167627"
[1] "rewire_graph: num_iterations = 167627"
[1] "rewire_graph: Mode degree distribution"
[1] "rewired_kinase_network = 2259"
[1] "rewire_graph: num_iterations = 2259"
[1] "rewire_graph: Mode degree distribution"
[1] "rewired_ppi_network = 13301"
[1] "rewire_graph: num_iterations = 13292"
[1] "rewire_graph: Mode degree distribution"
[1] "rewired_tf_network = 6117"
[1] "rewire_graph: num_iterations = 6117"
[1] "rewire_graph: Mode degree distribution"
Source: local data frame [1 x 1]

  count
  (int)
1 83303
Source: local data frame [1 x 1]

  count
  (int)
1 84387
[1] "rewire_genetic_interactions_network = 167627"
[1] "rewire_graph: num_iterations = 167627"
[1] "rewire_graph: Mode degree distribution"
[1] "rewired_kinase_network = 2259"
[1] "rewire_graph: num_iterations = 2259"
[1] "rewire_graph: Mode degree distribution"
[1] "rewired_ppi_network = 13301"
[1] "rewire_graph: num_iterations = 13292"
[1] "rewire_graph: Mode degree distribution"
[1] "rewired_tf_network = 6117"
[1] "rewire_graph: num_iterations = 6117"
[1] "rewire_graph: Mode degree distribution"
Source: local data frame [1 x 1]

  count
  (int)
1 83251
Source: local data frame [1 x 1]

  count
  (int)
1 84439
[1] "rewire_genetic_interactions_network = 167627"
[1] "rewire_graph: num_iterations = 167627"
[1] "rewire_graph: Mode degree distribution"
[1] "rewired_kinase_network = 2259"
[1] "rewire_graph: num_iterations = 2259"
[1] "rewire_graph: Mode degree distribution"
[1] "rewired_ppi_network = 13301"
[1] "rewire_graph: num_iterations = 13292"
[1] "rewire_graph: Mode degree distribution"
[1] "rewired_tf_network = 6117"
[1] "rewire_graph: num_iterations = 6117"
[1] "rewire_graph: Mode degree distribution"
Source: local data frame [1 x 1]

  count
  (int)
1 83242
Source: local data frame [1 x 1]

  count
  (int)
1 84448
[1] "rewire_genetic_interactions_network = 167627"
[1] "rewire_graph: num_iterations = 167627"
[1] "rewire_graph: Mode degree distribution"
[1] "rewired_kinase_network = 2259"
[1] "rewire_graph: num_iterations = 2259"
[1] "rewire_graph: Mode degree distribution"
[1] "rewired_ppi_network = 13301"
[1] "rewire_graph: num_iterations = 13292"
[1] "rewire_graph: Mode degree distribution"
[1] "rewired_tf_network = 6117"
[1] "rewire_graph: num_iterations = 6117"
[1] "rewire_graph: Mode degree distribution"
Source: local data frame [1 x 1]

  count
  (int)
1 83191
Source: local data frame [1 x 1]

  count
  (int)
1 84499
[1] "rewire_genetic_interactions_network = 167627"
[1] "rewire_graph: num_iterations = 167627"
[1] "rewire_graph: Mode degree distribution"
[1] "rewired_kinase_network = 2259"
[1] "rewire_graph: num_iterations = 2259"
[1] "rewire_graph: Mode degree distribution"
[1] "rewired_ppi_network = 13301"
[1] "rewire_graph: num_iterations = 13292"
[1] "rewire_graph: Mode degree distribution"
[1] "rewired_tf_network = 6117"
[1] "rewire_graph: num_iterations = 6117"
[1] "rewire_graph: Mode degree distribution"
Source: local data frame [1 x 1]

  count
  (int)
1 83177
Source: local data frame [1 x 1]

  count
  (int)
1 84513
[1] "rewire_genetic_interactions_network = 167627"
[1] "rewire_graph: num_iterations = 167627"
[1] "rewire_graph: Mode degree distribution"
[1] "rewired_kinase_network = 2259"
[1] "rewire_graph: num_iterations = 2259"
[1] "rewire_graph: Mode degree distribution"
[1] "rewired_ppi_network = 13301"
[1] "rewire_graph: num_iterations = 13292"
[1] "rewire_graph: Mode degree distribution"
[1] "rewired_tf_network = 6117"
[1] "rewire_graph: num_iterations = 6117"
[1] "rewire_graph: Mode degree distribution"
Source: local data frame [1 x 1]

  count
  (int)
1 83200
Source: local data frame [1 x 1]

  count
  (int)
1 84490
[1] "rewire_genetic_interactions_network = 167627"
[1] "rewire_graph: num_iterations = 167627"
[1] "rewire_graph: Mode degree distribution"
[1] "rewired_kinase_network = 2259"
[1] "rewire_graph: num_iterations = 2259"
[1] "rewire_graph: Mode degree distribution"
[1] "rewired_ppi_network = 13301"
[1] "rewire_graph: num_iterations = 13292"
[1] "rewire_graph: Mode degree distribution"
[1] "rewired_tf_network = 6117"
[1] "rewire_graph: num_iterations = 6117"
[1] "rewire_graph: Mode degree distribution"
Source: local data frame [1 x 1]

  count
  (int)
1 83192
Source: local data frame [1 x 1]

  count
  (int)
1 84498
[1] "rewire_genetic_interactions_network = 167627"
[1] "rewire_graph: num_iterations = 167627"
[1] "rewire_graph: Mode degree distribution"
[1] "rewired_kinase_network = 2259"
[1] "rewire_graph: num_iterations = 2259"
[1] "rewire_graph: Mode degree distribution"
[1] "rewired_ppi_network = 13301"
[1] "rewire_graph: num_iterations = 13292"
[1] "rewire_graph: Mode degree distribution"
[1] "rewired_tf_network = 6117"
[1] "rewire_graph: num_iterations = 6117"
[1] "rewire_graph: Mode degree distribution"
Source: local data frame [1 x 1]

  count
  (int)
1 83206
Source: local data frame [1 x 1]

  count
  (int)
1 84484
[1] "rewire_genetic_interactions_network = 167627"
[1] "rewire_graph: num_iterations = 167627"
[1] "rewire_graph: Mode degree distribution"
[1] "rewired_kinase_network = 2259"
[1] "rewire_graph: num_iterations = 2259"
[1] "rewire_graph: Mode degree distribution"
[1] "rewired_ppi_network = 13301"
[1] "rewire_graph: num_iterations = 13292"
[1] "rewire_graph: Mode degree distribution"
[1] "rewired_tf_network = 6117"
[1] "rewire_graph: num_iterations = 6117"
[1] "rewire_graph: Mode degree distribution"
Source: local data frame [1 x 1]

  count
  (int)
1 83208
Source: local data frame [1 x 1]

  count
  (int)
1 84482
[1] "rewire_genetic_interactions_network = 167627"
[1] "rewire_graph: num_iterations = 167627"
[1] "rewire_graph: Mode degree distribution"
[1] "rewired_kinase_network = 2259"
[1] "rewire_graph: num_iterations = 2259"
[1] "rewire_graph: Mode degree distribution"
[1] "rewired_ppi_network = 13301"
[1] "rewire_graph: num_iterations = 13292"
[1] "rewire_graph: Mode degree distribution"
[1] "rewired_tf_network = 6117"
[1] "rewire_graph: num_iterations = 6117"
[1] "rewire_graph: Mode degree distribution"
Source: local data frame [1 x 1]

  count
  (int)
1 83398
Source: local data frame [1 x 1]

  count
  (int)
1 84292
[1] "rewire_genetic_interactions_network = 167627"
[1] "rewire_graph: num_iterations = 167627"
[1] "rewire_graph: Mode degree distribution"
[1] "rewired_kinase_network = 2259"
[1] "rewire_graph: num_iterations = 2259"
[1] "rewire_graph: Mode degree distribution"
[1] "rewired_ppi_network = 13301"
[1] "rewire_graph: num_iterations = 13292"
[1] "rewire_graph: Mode degree distribution"
[1] "rewired_tf_network = 6117"
[1] "rewire_graph: num_iterations = 6117"
[1] "rewire_graph: Mode degree distribution"
Source: local data frame [1 x 1]

  count
  (int)
1 83470
Source: local data frame [1 x 1]

  count
  (int)
1 84220
[1] "rewire_genetic_interactions_network = 167627"
[1] "rewire_graph: num_iterations = 167627"
[1] "rewire_graph: Mode degree distribution"
