Loading required package: methods

Attaching package: 'igraph'

The following objects are masked from 'package:stats':

    decompose, spectrum

The following object is masked from 'package:base':

    union


Attaching package: 'dplyr'

The following objects are masked from 'package:igraph':

    %>%, as_data_frame, groups, union

The following objects are masked from 'package:stats':

    filter, lag

The following objects are masked from 'package:base':

    intersect, setdiff, setequal, union

R version 3.2.2 (2015-08-14)
Platform: x86_64-pc-linux-gnu (64-bit)
Running under: CentOS release 6.3 (Final)

locale:
[1] C

attached base packages:
[1] parallel  methods   stats     graphics  grDevices utils     datasets 
[8] base     

other attached packages:
[1] lazyeval_0.1.10 dplyr_0.4.3     igraph_1.0.1   

loaded via a namespace (and not attached):
[1] R6_2.1.2       assertthat_0.1 magrittr_1.5   tools_3.2.2    DBI_0.4-1     
[6] Rcpp_0.12.0   
[1] "is_run_locally =  FALSE"
[1] "proportion_of_original_network_size_gi_network = 1.3"
Source: local data frame [1 x 1]

  count
  (int)
1 90141
Source: local data frame [1 x 1]

  count
  (int)
1 91512
Source: local data frame [1 x 1]

Source: local data frame [1 x 1]

  count
  (int)
1 90264
Source: local data frame [1 x 1]

  count
  (int)
1 91389
  count
  (int)
1 90294
Source: local data frame [1 x 1]

  count
  (int)
1 91359
Source: local data frame [1 x 1]

  count
  (int)
1 90399
Source: local data frame [1 x 1]

  count
  (int)
1 91254
Source: local data frame [1 x 1]

  count
  (int)
1 90198
Source: local data frame [1 x 1]

  count
  (int)
1 91455
Source: local data frame [1 x 1]

  count
  (int)
1 90240
Source: local data frame [1 x 1]

  count
  (int)
1 91413
Source: local data frame [1 x 1]

  count
  (int)
1 90321
Source: local data frame [1 x 1]

  count
  (int)
1 91332
Source: local data frame [1 x 1]

Source: local data frame [1 x 1]

  count
  (int)
1 90492
S count
  (int)
1 90327
Source: local data frame [1 x 1]

  count
  (int)
1 91161
  count
  (int)
1 91326
Source: local data frame [1 x 1]

  count
  (int)
1 90423
Source: local data frame [1 x 1]

  count
  (int)
1 91230
[1] "rewire_genetic_interactions_network = 181590"
[1] "rewire_genetic_interactions_network = 181590"
[1] "rewire_genetic_interactions_network = 181590"
[1] "rewire_genetic_interactions_network = 181590"
[1] "rewire_genetic_interactions_network = 181590"
[1] "rewire_genetic_interactions_network = 181590"
[1] "rewire_graph: num_iterations = 181590"
[1] "rewire_graph: Mode degree distribution"
[1] "rewire_graph: num_iterations = 181590"
[1] "rewire_graph: Mode degree distribution"
[1] "rewire_genetic_interactions_network = 181590"
[1] "rewire_graph: num_iterations = 181590"
[1] "rewire_graph: Mode degree distribution"
[1] "rewire_genetic_interactions_network = 181590"
[1] "rewire_graph: num_iterations = 181590"
[1] "rewire_graph: Mode degree distribution"
[1] "rewire_graph: num_iterations = 181590"
[1] "rewire_graph: Mode degree distribution"
[1] "rewire_genetic_interactions_network = 181590"
[1] "rewire_graph: num_iterations = 181590"
[1] "rewire_graph: Mode degree distribution"
[1] "rewire_genetic_interactions_network = 181590"
[1] "rewire_graph: num_iterations = 181590"
[1] "rewire_graph: Mode degree distribution"
[1] "rewire_graph: num_iterations = 181590"
[1] "rewire_graph: Mode degree distribution"
[1] "rewire_graph: num_iterations = 181590"
[1] "rewire_graph: Mode degree distribution"
[1] "rewire_graph: num_iterations = 181590"
[1] "rewire_graph: Mode degree distribution"
Source: local data frame [1 x 1]

  count
  (int)
1 90201
Source: local data frame [1 x 1]

  count
  (int)
1 91452
Source: local data frame [1 x 1]

  count
  (int)
1 90379
Source: local data frame [1 x 1]

  count
  (int)
1 91274
Source: local data frame [1 x 1]

  count
  (int)
1 90315
Source: local data frame [1 x 1]

  count
  (int)
1 91338
Source: local data frame [1 x 1]

  count
  (int)
1 90282
Source: local data frame [1 x 1]

  count
  (int)
1 91371
Source: local data frame [1 x 1]

  count
  (int)
1 90180
Source: local data frame [1 x 1]

  count
  (int)
1 91473
[1] "rewire_genetic_interactions_network = 181590"
[1] "rewire_genetic_interactions_network = 181590"
[1] "rewire_genetic_interactions_network = 181590"
[1] "rewire_genetic_interactions_network = 181590"
[1] "rewire_graph: num_iterations = 181590"
[1] "rewire_graph: Mode degree distribution"
[1] "rewire_graph: num_iterations = 181590"
[1] "rewire_graph: Mode degree distribution"
[1] "rewire_graph: num_iterations = 181590"
[1] "rewire_graph: Mode degree distribution"
[1] "rewire_genetic_interactions_network = 181590"
[1] "rewire_graph: num_iterations = 181590"
[1] "rewire_graph: Mode degree distribution"
[1] "rewire_graph: num_iterations = 181590"
[1] "rewire_graph: Mode degree distribution"
Source: local data frame [1 x 1]

  count
  (int)
1 90104
Source: local data frame [1 x 1]

  count
  (int)
1 91549
[1] "rewire_genetic_interactions_network = 181590"
[1] "rewire_graph: num_iterations = 181590"
[1] "rewire_graph: Mode degree distribution"
